[I 2026-05-20 15:48:24,311] Trial 133 finished with value: 0.044982384191716004 and parameters: {'num_resblk': 20, 'batch_size': 512, 'learning_rate': 0.0002938330374581098, 'weight_decay': 1.2411198089968777e-05, 'num_features': 192, 'num_groups': 8, 'reduction': 16, 'res_scale': 0.3, 'alpha_domain': 0.000500824994977439, 'domain_hidden_dim': 64}. Best is trial 82 with value: 0.04289720636820196.
[I 2026-05-20 15:49:37,871] Trial 134 pruned. 
[I 2026-05-20 15:50:51,474] Trial 135 pruned. 
[I 2026-05-20 15:52:29,135] Trial 136 pruned. 
[I 2026-05-20 15:53:11,189] Trial 137 pruned. 
[I 2026-05-20 15:54:24,490] Trial 138 pruned. 
[I 2026-05-20 15:55:38,095] Trial 139 pruned. 
[I 2026-05-20 15:56:48,885] Trial 140 pruned. 
[I 2026-05-20 15:57:47,948] Trial 141 pruned. 
[I 2026-05-20 15:58:50,933] Trial 142 pruned. 
[I 2026-05-20 15:59:50,450] Trial 143 pruned. 
[I 2026-05-20 16:01:04,621] Trial 144 pruned. 
[I 2026-05-20 16:02:49,121] Trial 145 pruned. 
[I 2026-05-20 16:04:03,231] Trial 146 pruned. 
[I 2026-05-20 16:04:59,824] Trial 147 pruned. 
[I 2026-05-20 16:05:55,571] Trial 148 pruned. 
[I 2026-05-20 16:06:37,575] Trial 149 pruned. 
[I 2026-05-20 16:07:44,345] Trial 150 pruned. 
Early stopping trial 0151 at epoch 031; best epoch 021.
[I 2026-05-20 16:14:14,367] Trial 151 finished with value: 0.043197632516942384 and parameters: {'num_resblk': 20, 'batch_size': 512, 'learning_rate': 0.00029520983264134053, 'weight_decay': 5.513192105799237e-07, 'num_features': 192, 'num_groups': 8, 'reduction': 16, 'res_scale': 0.3, 'alpha_domain': 0.0002976769593514809, 'domain_hidden_dim': 64}. Best is trial 82 with value: 0.04289720636820196.
[I 2026-05-20 16:15:28,903] Trial 152 pruned. 
Early stopping trial 0153 at epoch 029; best epoch 019.
[I 2026-05-20 16:21:35,272] Trial 153 finished with value: 0.045286356183327645 and parameters: {'num_resblk': 20, 'batch_size': 512, 'learning_rate': 0.00029815322336315393, 'weight_decay': 3.3836354687442116e-06, 'num_features': 192, 'num_groups': 8, 'reduction': 16, 'res_scale': 0.3, 'alpha_domain': 0.0004651611851148313, 'domain_hidden_dim': 64}. Best is trial 82 with value: 0.04289720636820196.
[I 2026-05-20 16:22:49,307] Trial 154 pruned. 
[I 2026-05-20 16:24:52,049] Trial 155 pruned. 
[I 2026-05-20 16:26:05,730] Trial 156 pruned. 
Early stopping trial 0157 at epoch 024; best epoch 014.
[I 2026-05-20 16:30:58,523] Trial 157 finished with value: 0.04400707079439891 and parameters: {'num_resblk': 20, 'batch_size': 512, 'learning_rate': 0.0002703156660298252, 'weight_decay': 5.614316313891256e-07, 'num_features': 192, 'num_groups': 4, 'reduction': 16, 'res_scale': 0.3, 'alpha_domain': 0.000389070765085446, 'domain_hidden_dim': 64}. Best is trial 82 with value: 0.04289720636820196.
Early stopping trial 0158 at epoch 020; best epoch 010.
[I 2026-05-20 16:35:16,415] Trial 158 finished with value: 0.04485817232719558 and parameters: {'num_resblk': 20, 'batch_size': 512, 'learning_rate': 0.00027518004352328104, 'weight_decay': 8.136869644013947e-07, 'num_features': 192, 'num_groups': 8, 'reduction': 16, 'res_scale': 0.3, 'alpha_domain': 0.0002035819368573004, 'domain_hidden_dim': 64}. Best is trial 82 with value: 0.04289720636820196.
Early stopping trial 0159 at epoch 028; best epoch 018.
[I 2026-05-20 16:40:55,947] Trial 159 finished with value: 0.04498931216036423 and parameters: {'num_resblk': 20, 'batch_size': 512, 'learning_rate': 0.0002669179690915788, 'weight_decay': 1.1995125844506042e-06, 'num_features': 192, 'num_groups': 4, 'reduction': 16, 'res_scale': 0.3, 'alpha_domain': 0.00037005452853858706, 'domain_hidden_dim': 64}. Best is trial 82 with value: 0.04289720636820196.
[I 2026-05-20 16:42:22,882] Trial 160 pruned. 
Early stopping trial 0161 at epoch 020; best epoch 010.
[I 2026-05-20 16:46:30,395] Trial 161 finished with value: 0.043481393934816585 and parameters: {'num_resblk': 20, 'batch_size': 512, 'learning_rate': 0.0002853092373260198, 'weight_decay': 2.7781139365125864e-07, 'num_features': 192, 'num_groups': 4, 'reduction': 16, 'res_scale': 0.3, 'alpha_domain': 0.000392243727557598, 'domain_hidden_dim': 64}. Best is trial 82 with value: 0.04289720636820196.
Early stopping trial 0162 at epoch 023; best epoch 013.
[I 2026-05-20 16:51:15,291] Trial 162 finished with value: 0.04442379681264166 and parameters: {'num_resblk': 20, 'batch_size': 512, 'learning_rate': 0.0002849944288767046, 'weight_decay': 2.8831320587664686e-07, 'num_features': 192, 'num_groups': 4, 'reduction': 16, 'res_scale': 0.3, 'alpha_domain': 0.00039696308870389694, 'domain_hidden_dim': 64}. Best is trial 82 with value: 0.04289720636820196.
[I 2026-05-20 16:52:38,394] Trial 163 pruned. 
[I 2026-05-20 16:54:01,907] Trial 164 pruned. 
Early stopping trial 0165 at epoch 027; best epoch 017.
[I 2026-05-20 16:59:35,218] Trial 165 finished with value: 0.04471685385254964 and parameters: {'num_resblk': 20, 'batch_size': 512, 'learning_rate': 0.0002901759858412375, 'weight_decay': 1.1890269892033643e-07, 'num_features': 192, 'num_groups': 4, 'reduction': 16, 'res_scale': 0.3, 'alpha_domain': 0.0003146848681240395, 'domain_hidden_dim': 64}. Best is trial 82 with value: 0.04289720636820196.
Early stopping trial 0166 at epoch 023; best epoch 013.
[I 2026-05-20 17:04:32,072] Trial 166 finished with value: 0.043287773091076794 and parameters: {'num_resblk': 20, 'batch_size': 512, 'learning_rate': 0.00026043972712873413, 'weight_decay': 2.0016645185600024e-07, 'num_features': 192, 'num_groups': 8, 'reduction': 16, 'res_scale': 0.4, 'alpha_domain': 0.00023968337183387817, 'domain_hidden_dim': 64}. Best is trial 82 with value: 0.04289720636820196.
[I 2026-05-20 17:05:46,073] Trial 167 pruned. 
[I 2026-05-20 17:06:38,283] Trial 168 pruned. 
[I 2026-05-20 17:07:52,999] Trial 169 pruned. 
[I 2026-05-20 17:09:07,546] Trial 170 pruned. 
[I 2026-05-20 17:10:46,262] Trial 171 pruned. 
[I 2026-05-20 17:12:12,782] Trial 172 pruned. 
[I 2026-05-20 17:13:27,139] Trial 173 pruned. 
Early stopping trial 0174 at epoch 022; best epoch 012.
[I 2026-05-20 17:17:57,796] Trial 174 finished with value: 0.045187661614151116 and parameters: {'num_resblk': 20, 'batch_size': 512, 'learning_rate': 0.0002866147694935155, 'weight_decay': 1.8913745679525398e-07, 'num_features': 192, 'num_groups': 4, 'reduction': 16, 'res_scale': 0.3, 'alpha_domain': 0.000855375031487884, 'domain_hidden_dim': 64}. Best is trial 82 with value: 0.04289720636820196.
[I 2026-05-20 17:19:02,226] Trial 175 pruned. 
[I 2026-05-20 17:20:17,088] Trial 176 pruned. 
[I 2026-05-20 17:21:31,425] Trial 177 pruned. 
[I 2026-05-20 17:22:42,601] Trial 178 pruned. 
[I 2026-05-20 17:23:44,573] Trial 179 pruned. 
Early stopping trial 0180 at epoch 034; best epoch 024.
[I 2026-05-20 17:30:53,368] Trial 180 finished with value: 0.04368513320336434 and parameters: {'num_resblk': 20, 'batch_size': 512, 'learning_rate': 0.0002996056974399048, 'weight_decay': 0.0003009610025293652, 'num_features': 192, 'num_groups': 8, 'reduction': 16, 'res_scale': 0.4, 'alpha_domain': 0.0002980723483512622, 'domain_hidden_dim': 64}. Best is trial 82 with value: 0.04289720636820196.
Early stopping trial 0181 at epoch 024; best epoch 014.
[I 2026-05-20 17:35:59,742] Trial 181 finished with value: 0.04468559668129719 and parameters: {'num_resblk': 20, 'batch_size': 512, 'learning_rate': 0.00029306641690067666, 'weight_decay': 0.000249886982950361, 'num_features': 192, 'num_groups': 8, 'reduction': 16, 'res_scale': 0.4, 'alpha_domain': 0.00028374481626493927, 'domain_hidden_dim': 64}. Best is trial 82 with value: 0.04289720636820196.
Early stopping trial 0182 at epoch 021; best epoch 011.
[I 2026-05-20 17:40:30,537] Trial 182 finished with value: 0.04478109955442757 and parameters: {'num_resblk': 20, 'batch_size': 512, 'learning_rate': 0.00029985641168220843, 'weight_decay': 0.0003922674172529828, 'num_features': 192, 'num_groups': 8, 'reduction': 16, 'res_scale': 0.4, 'alpha_domain': 0.0003249483121793579, 'domain_hidden_dim': 64}. Best is trial 82 with value: 0.04289720636820196.
Early stopping trial 0183 at epoch 030; best epoch 020.
[I 2026-05-20 17:46:49,367] Trial 183 finished with value: 0.044167584831921854 and parameters: {'num_resblk': 20, 'batch_size': 512, 'learning_rate': 0.00028901971455138085, 'weight_decay': 0.0001008028597780371, 'num_features': 192, 'num_groups': 8, 'reduction': 16, 'res_scale': 0.4, 'alpha_domain': 0.00038851343764815155, 'domain_hidden_dim': 64}. Best is trial 82 with value: 0.04289720636820196.
[I 2026-05-20 17:48:04,024] Trial 184 pruned. 
Early stopping trial 0185 at epoch 026; best epoch 016.
[I 2026-05-20 17:53:35,349] Trial 185 finished with value: 0.044217909421344154 and parameters: {'num_resblk': 20, 'batch_size': 512, 'learning_rate': 0.0002795114574776913, 'weight_decay': 5.669076097945837e-05, 'num_features': 192, 'num_groups': 8, 'reduction': 16, 'res_scale': 0.4, 'alpha_domain': 0.0005397260405563105, 'domain_hidden_dim': 64}. Best is trial 82 with value: 0.04289720636820196.
Early stopping trial 0186 at epoch 030; best epoch 020.
[I 2026-05-20 17:59:54,513] Trial 186 finished with value: 0.04280424636309587 and parameters: {'num_resblk': 20, 'batch_size': 512, 'learning_rate': 0.00029341431008385007, 'weight_decay': 3.633804798919692e-05, 'num_features': 192, 'num_groups': 8, 'reduction': 16, 'res_scale': 0.4, 'alpha_domain': 0.0004875137294720763, 'domain_hidden_dim': 64}. Best is trial 186 with value: 0.04280424636309587.
Early stopping trial 0187 at epoch 026; best epoch 016.
[I 2026-05-20 18:05:25,249] Trial 187 finished with value: 0.044910345863186645 and parameters: {'num_resblk': 20, 'batch_size': 512, 'learning_rate': 0.00029362333060749593, 'weight_decay': 3.499827405591455e-05, 'num_features': 192, 'num_groups': 8, 'reduction': 16, 'res_scale': 0.4, 'alpha_domain': 0.0004824453639779356, 'domain_hidden_dim': 64}. Best is trial 186 with value: 0.04280424636309587.
[I 2026-05-20 18:06:09,643] Trial 188 pruned. 
[I 2026-05-20 18:07:23,881] Trial 189 pruned. 
Early stopping trial 0190 at epoch 025; best epoch 015.
[I 2026-05-20 18:12:42,024] Trial 190 finished with value: 0.043701836560053484 and parameters: {'num_resblk': 20, 'batch_size': 512, 'learning_rate': 0.0002999943797880104, 'weight_decay': 0.0003081744249702773, 'num_features': 192, 'num_groups': 8, 'reduction': 16, 'res_scale': 0.4, 'alpha_domain': 0.00029156454055513994, 'domain_hidden_dim': 64}. Best is trial 186 with value: 0.04280424636309587.
Early stopping trial 0191 at epoch 019; best epoch 009.
[I 2026-05-20 18:16:47,566] Trial 191 finished with value: 0.044917064367753466 and parameters: {'num_resblk': 20, 'batch_size': 512, 'learning_rate': 0.00029655695909175427, 'weight_decay': 0.0005359761305883887, 'num_features': 192, 'num_groups': 8, 'reduction': 16, 'res_scale': 0.4, 'alpha_domain': 0.0003079161388888726, 'domain_hidden_dim': 64}. Best is trial 186 with value: 0.04280424636309587.
[I 2026-05-20 18:18:01,612] Trial 192 pruned. 
[I 2026-05-20 18:20:16,818] Trial 193 pruned. 
Early stopping trial 0194 at epoch 022; best epoch 012.
[I 2026-05-20 18:25:00,974] Trial 194 finished with value: 0.044125076786324165 and parameters: {'num_resblk': 20, 'batch_size': 512, 'learning_rate': 0.00029998091996304686, 'weight_decay': 0.0003527337631027424, 'num_features': 192, 'num_groups': 8, 'reduction': 16, 'res_scale': 0.4, 'alpha_domain': 0.00027875304384649373, 'domain_hidden_dim': 64}. Best is trial 186 with value: 0.04280424636309587.
[I 2026-05-20 18:26:27,675] Trial 195 pruned. 
Early stopping trial 0196 at epoch 027; best epoch 017.
[I 2026-05-20 18:31:50,050] Trial 196 finished with value: 0.04450888361959566 and parameters: {'num_resblk': 20, 'batch_size': 512, 'learning_rate': 0.00029883868360208266, 'weight_decay': 0.00028705611873224723, 'num_features': 192, 'num_groups': 2, 'reduction': 32, 'res_scale': 0.4, 'alpha_domain': 0.0002575283980153144, 'domain_hidden_dim': 64}. Best is trial 186 with value: 0.04280424636309587.
[I 2026-05-20 18:33:04,276] Trial 197 pruned. 
[I 2026-05-20 18:34:30,516] Trial 198 pruned. 
Early stopping trial 0199 at epoch 025; best epoch 015.
[I 2026-05-20 18:39:51,054] Trial 199 finished with value: 0.04516728096797774 and parameters: {'num_resblk': 20, 'batch_size': 512, 'learning_rate': 0.0002997059844634361, 'weight_decay': 2.792745025779471e-05, 'num_features': 192, 'num_groups': 8, 'reduction': 16, 'res_scale': 0.4, 'alpha_domain': 0.00027604669349404545, 'domain_hidden_dim': 64}. Best is trial 186 with value: 0.04280424636309587.
[I 2026-05-20 18:41:30,040] Trial 200 pruned. 
[I 2026-05-20 18:42:44,785] Trial 201 pruned. 
[I 2026-05-20 18:43:59,050] Trial 202 pruned. 
Early stopping trial 0203 at epoch 026; best epoch 016.
[I 2026-05-20 18:49:32,142] Trial 203 finished with value: 0.04501730532904081 and parameters: {'num_resblk': 20, 'batch_size': 512, 'learning_rate': 0.00026579854255953607, 'weight_decay': 0.0006603897733674309, 'num_features': 192, 'num_groups': 8, 'reduction': 16, 'res_scale': 0.3, 'alpha_domain': 0.0005974952169434796, 'domain_hidden_dim': 64}. Best is trial 186 with value: 0.04280424636309587.
[I 2026-05-20 18:50:58,912] Trial 204 pruned. 
[I 2026-05-20 18:52:13,286] Trial 205 pruned. 
[I 2026-05-20 18:53:27,580] Trial 206 pruned. 
[I 2026-05-20 18:54:12,483] Trial 207 pruned. 
[I 2026-05-20 18:55:27,283] Trial 208 pruned. 
[I 2026-05-20 18:56:38,945] Trial 209 pruned. 
[I 2026-05-20 18:57:53,779] Trial 210 pruned. 
[I 2026-05-20 18:59:20,791] Trial 211 pruned. 
slurmstepd: error: *** JOB 6946083 ON d4055 CANCELLED AT 2026-05-20T18:59:28 DUE TO TIME LIMIT ***
