[I 2026-05-20 15:59:21,349] Trial 119 finished with value: 0.04230453157737919 and parameters: {'num_resblk': 20, 'batch_size': 512, 'learning_rate': 0.00029090045339113905, 'weight_decay': 1.6024128953135563e-06, 'num_features': 192, 'num_groups': 1, 'reduction': 16, 'res_scale': 0.4, 'alpha_domain': 0.0015275188315481568, 'domain_hidden_dim': 32}. Best is trial 92 with value: 0.040736160557972245.
[I 2026-05-20 16:03:30,787] Trial 120 pruned. 
[I 2026-05-20 16:05:25,084] Trial 121 pruned. 
Early stopping trial 0122 at epoch 041; best epoch 031.
[I 2026-05-20 16:13:22,427] Trial 122 finished with value: 0.04195185292529189 and parameters: {'num_resblk': 20, 'batch_size': 512, 'learning_rate': 0.00027716256675170764, 'weight_decay': 2.985489311508794e-06, 'num_features': 192, 'num_groups': 1, 'reduction': 16, 'res_scale': 0.4, 'alpha_domain': 0.0002730251430062198, 'domain_hidden_dim': 32}. Best is trial 92 with value: 0.040736160557972245.
[I 2026-05-20 16:14:31,104] Trial 123 pruned. 
[I 2026-05-20 16:16:25,435] Trial 124 pruned. 
Early stopping trial 0125 at epoch 038; best epoch 028.
[I 2026-05-20 16:23:46,610] Trial 125 finished with value: 0.041704416253931446 and parameters: {'num_resblk': 20, 'batch_size': 512, 'learning_rate': 0.00029946608294584694, 'weight_decay': 5.147869886785489e-06, 'num_features': 192, 'num_groups': 1, 'reduction': 16, 'res_scale': 0.4, 'alpha_domain': 0.0010795918425761959, 'domain_hidden_dim': 32}. Best is trial 92 with value: 0.040736160557972245.
[I 2026-05-20 16:24:55,639] Trial 126 pruned. 
[I 2026-05-20 16:26:27,276] Trial 127 pruned. 
[I 2026-05-20 16:27:59,871] Trial 128 pruned. 
Early stopping trial 0129 at epoch 028; best epoch 018.
[I 2026-05-20 16:33:41,779] Trial 129 finished with value: 0.041734058656240705 and parameters: {'num_resblk': 20, 'batch_size': 512, 'learning_rate': 0.00028414851184229654, 'weight_decay': 1.2599336550915194e-06, 'num_features': 192, 'num_groups': 4, 'reduction': 16, 'res_scale': 0.4, 'alpha_domain': 0.0004673751168663582, 'domain_hidden_dim': 32}. Best is trial 92 with value: 0.040736160557972245.
[I 2026-05-20 16:34:23,687] Trial 130 pruned. 
[I 2026-05-20 16:35:42,673] Trial 131 pruned. 
[I 2026-05-20 16:36:50,543] Trial 132 pruned. 
[I 2026-05-20 16:38:03,918] Trial 133 pruned. 
[I 2026-05-20 16:40:54,757] Trial 134 pruned. 
[I 2026-05-20 16:42:00,541] Trial 135 pruned. 
[I 2026-05-20 16:43:39,700] Trial 136 pruned. 
[I 2026-05-20 16:44:51,196] Trial 137 pruned. 
[I 2026-05-20 16:45:33,435] Trial 138 pruned. 
[I 2026-05-20 16:46:47,268] Trial 139 pruned. 
[I 2026-05-20 16:47:52,619] Trial 140 pruned. 
[I 2026-05-20 16:49:01,518] Trial 141 pruned. 
[I 2026-05-20 16:50:10,466] Trial 142 pruned. 
Early stopping trial 0143 at epoch 041; best epoch 031.
[I 2026-05-20 16:58:06,991] Trial 143 finished with value: 0.040920264107859844 and parameters: {'num_resblk': 20, 'batch_size': 512, 'learning_rate': 0.00028021386675634977, 'weight_decay': 2.6310218166487174e-06, 'num_features': 192, 'num_groups': 1, 'reduction': 16, 'res_scale': 0.4, 'alpha_domain': 0.0005418266548191909, 'domain_hidden_dim': 32}. Best is trial 92 with value: 0.040736160557972245.
[I 2026-05-20 16:59:16,004] Trial 144 pruned. 
[I 2026-05-20 17:00:36,495] Trial 145 pruned. 
[I 2026-05-20 17:01:45,444] Trial 146 pruned. 
[I 2026-05-20 17:03:00,170] Trial 147 pruned. 
[I 2026-05-20 17:04:03,031] Trial 148 pruned. 
[I 2026-05-20 17:06:55,880] Trial 149 pruned. 
[I 2026-05-20 17:07:35,042] Trial 150 pruned. 
[I 2026-05-20 17:10:03,108] Trial 151 pruned. 
[I 2026-05-20 17:11:12,347] Trial 152 pruned. 
[I 2026-05-20 17:12:21,367] Trial 153 pruned. 
[I 2026-05-20 17:13:41,492] Trial 154 pruned. 
[I 2026-05-20 17:14:50,858] Trial 155 pruned. 
[I 2026-05-20 17:16:05,087] Trial 156 pruned. 
[I 2026-05-20 17:17:14,212] Trial 157 pruned. 
[I 2026-05-20 17:18:37,898] Trial 158 pruned. 
[I 2026-05-20 17:21:18,891] Trial 159 pruned. 
Early stopping trial 0160 at epoch 046; best epoch 036.
[I 2026-05-20 17:30:13,921] Trial 160 finished with value: 0.041212072148578895 and parameters: {'num_resblk': 20, 'batch_size': 512, 'learning_rate': 0.00028848083099183717, 'weight_decay': 4.993132399482816e-07, 'num_features': 192, 'num_groups': 1, 'reduction': 16, 'res_scale': 0.4, 'alpha_domain': 0.000816937454244876, 'domain_hidden_dim': 64}. Best is trial 92 with value: 0.040736160557972245.
[I 2026-05-20 17:31:23,227] Trial 161 pruned. 
Early stopping trial 0162 at epoch 036; best epoch 026.
[I 2026-05-20 17:38:24,874] Trial 162 finished with value: 0.041142118122751856 and parameters: {'num_resblk': 20, 'batch_size': 512, 'learning_rate': 0.0002741618016913158, 'weight_decay': 6.540112448749792e-07, 'num_features': 192, 'num_groups': 1, 'reduction': 16, 'res_scale': 0.4, 'alpha_domain': 0.0008417427587902424, 'domain_hidden_dim': 64}. Best is trial 92 with value: 0.040736160557972245.
Early stopping trial 0163 at epoch 034; best epoch 024.
[I 2026-05-20 17:45:02,724] Trial 163 finished with value: 0.04230198016721908 and parameters: {'num_resblk': 20, 'batch_size': 512, 'learning_rate': 0.000273178493344161, 'weight_decay': 6.752704648449138e-07, 'num_features': 192, 'num_groups': 1, 'reduction': 16, 'res_scale': 0.4, 'alpha_domain': 0.0007781532085403695, 'domain_hidden_dim': 64}. Best is trial 92 with value: 0.040736160557972245.
Early stopping trial 0164 at epoch 040; best epoch 030.
[I 2026-05-20 17:52:49,181] Trial 164 finished with value: 0.04191398384092061 and parameters: {'num_resblk': 20, 'batch_size': 512, 'learning_rate': 0.000290094280435714, 'weight_decay': 5.441663714041192e-07, 'num_features': 192, 'num_groups': 1, 'reduction': 16, 'res_scale': 0.4, 'alpha_domain': 0.0006073599798515197, 'domain_hidden_dim': 64}. Best is trial 92 with value: 0.040736160557972245.
[I 2026-05-20 17:53:58,747] Trial 165 pruned. 
[I 2026-05-20 17:55:10,259] Trial 166 pruned. 
[I 2026-05-20 17:56:27,713] Trial 167 pruned. 
[I 2026-05-20 17:57:36,621] Trial 168 pruned. 
[I 2026-05-20 17:58:19,421] Trial 169 pruned. 
[I 2026-05-20 18:00:48,258] Trial 170 pruned. 
[I 2026-05-20 18:02:20,174] Trial 171 pruned. 
[I 2026-05-20 18:03:51,844] Trial 172 pruned. 
[I 2026-05-20 18:05:46,564] Trial 173 pruned. 
[I 2026-05-20 18:07:40,860] Trial 174 pruned. 
[I 2026-05-20 18:09:12,914] Trial 175 pruned. 
Early stopping trial 0176 at epoch 047; best epoch 037.
[I 2026-05-20 18:18:37,393] Trial 176 finished with value: 0.04126870528816088 and parameters: {'num_resblk': 20, 'batch_size': 512, 'learning_rate': 0.00028999571138647005, 'weight_decay': 3.357767458365886e-06, 'num_features': 192, 'num_groups': 4, 'reduction': 32, 'res_scale': 0.4, 'alpha_domain': 0.000575805440023601, 'domain_hidden_dim': 64}. Best is trial 92 with value: 0.040736160557972245.
[I 2026-05-20 18:19:42,764] Trial 177 pruned. 
Early stopping trial 0178 at epoch 034; best epoch 024.
[I 2026-05-20 18:26:36,225] Trial 178 finished with value: 0.04146972616717696 and parameters: {'num_resblk': 20, 'batch_size': 512, 'learning_rate': 0.00028357998277601606, 'weight_decay': 2.0005159044167396e-06, 'num_features': 192, 'num_groups': 4, 'reduction': 32, 'res_scale': 0.4, 'alpha_domain': 0.0005604037590315272, 'domain_hidden_dim': 64}. Best is trial 92 with value: 0.040736160557972245.
[I 2026-05-20 18:28:33,853] Trial 179 pruned. 
[I 2026-05-20 18:29:45,511] Trial 180 pruned. 
[I 2026-05-20 18:32:19,144] Trial 181 pruned. 
[I 2026-05-20 18:34:40,981] Trial 182 pruned. 
[I 2026-05-20 18:36:16,013] Trial 183 pruned. 
[I 2026-05-20 18:37:27,620] Trial 184 pruned. 
slurmstepd: error: *** JOB 6946081 ON d4052 CANCELLED AT 2026-05-20T18:37:28 DUE TO TIME LIMIT ***
