[I 2026-04-27 20:17:14,654] Trial 76 finished with value: 0.4199444394687126 and parameters: {'batch_size': 128, 'learning_rate': 0.00020215810423627293, 'num_resblk': 12, 'num_features': 96, 'weight_decay': 0.0005023243981257336, 'domain_hidden_dim': 128, 'alpha_domain': 0.01405863812805335}. Best is trial 64 with value: 0.3789905145250518.
Early stopping triggered for trial 077 at epoch 056 | best epoch: 026
[I 2026-04-27 20:23:39,398] Trial 77 finished with value: 0.4506945902931279 and parameters: {'batch_size': 128, 'learning_rate': 0.00017931613646785733, 'num_resblk': 14, 'num_features': 96, 'weight_decay': 0.0003730538333124155, 'domain_hidden_dim': 128, 'alpha_domain': 0.015763972073059244}. Best is trial 64 with value: 0.3789905145250518.
[I 2026-04-27 20:24:14,344] Trial 78 pruned. 
[I 2026-04-27 20:24:55,271] Trial 79 pruned. 
Early stopping triggered for trial 080 at epoch 078 | best epoch: 048
[I 2026-04-27 20:33:01,357] Trial 80 finished with value: 0.39188932858664416 and parameters: {'batch_size': 128, 'learning_rate': 0.00019616268830970957, 'num_resblk': 12, 'num_features': 96, 'weight_decay': 0.0002794910515855039, 'domain_hidden_dim': 128, 'alpha_domain': 0.010044610168312875}. Best is trial 64 with value: 0.3789905145250518.
[I 2026-04-27 20:33:44,952] Trial 81 pruned. 
[I 2026-04-27 20:34:18,389] Trial 82 pruned. 
Early stopping triggered for trial 083 at epoch 051 | best epoch: 021
[I 2026-04-27 20:39:37,771] Trial 83 finished with value: 0.41228713506254655 and parameters: {'batch_size': 128, 'learning_rate': 0.00019341964474025455, 'num_resblk': 12, 'num_features': 96, 'weight_decay': 0.0005637223973890385, 'domain_hidden_dim': 128, 'alpha_domain': 0.010086036104186721}. Best is trial 64 with value: 0.3789905145250518.
Early stopping triggered for trial 084 at epoch 084 | best epoch: 054
[I 2026-04-27 20:49:10,599] Trial 84 finished with value: 0.3929550997142134 and parameters: {'batch_size': 128, 'learning_rate': 0.00023453486192054286, 'num_resblk': 14, 'num_features': 96, 'weight_decay': 0.0006812970136151817, 'domain_hidden_dim': 128, 'alpha_domain': 0.015858731742911185}. Best is trial 64 with value: 0.3789905145250518.
Early stopping triggered for trial 085 at epoch 045 | best epoch: 015
[I 2026-04-27 20:54:21,452] Trial 85 finished with value: 0.42749029243814535 and parameters: {'batch_size': 128, 'learning_rate': 0.00020857960540772671, 'num_resblk': 14, 'num_features': 96, 'weight_decay': 0.0006510201926627415, 'domain_hidden_dim': 128, 'alpha_domain': 0.015834717349851223}. Best is trial 64 with value: 0.3789905145250518.
[I 2026-04-27 20:55:02,203] Trial 86 pruned. 
Early stopping triggered for trial 087 at epoch 067 | best epoch: 037
[I 2026-04-27 21:02:00,044] Trial 87 finished with value: 0.44368617596297427 and parameters: {'batch_size': 128, 'learning_rate': 0.00023431382902271941, 'num_resblk': 12, 'num_features': 96, 'weight_decay': 0.0004617035606932955, 'domain_hidden_dim': 128, 'alpha_domain': 0.013228289954986166}. Best is trial 64 with value: 0.3789905145250518.
[I 2026-04-27 21:02:33,560] Trial 88 pruned. 
[I 2026-04-27 21:03:17,900] Trial 89 pruned. 
[I 2026-04-27 21:03:52,894] Trial 90 pruned. 
[I 2026-04-27 21:04:14,771] Trial 91 pruned. 
[I 2026-04-27 21:04:47,673] Trial 92 pruned. 
[I 2026-04-27 21:05:21,360] Trial 93 pruned. 
Early stopping triggered for trial 094 at epoch 073 | best epoch: 043
[I 2026-04-27 21:12:56,095] Trial 94 finished with value: 0.39198017582811157 and parameters: {'batch_size': 128, 'learning_rate': 0.00018712540025822563, 'num_resblk': 12, 'num_features': 96, 'weight_decay': 0.0005248962178973695, 'domain_hidden_dim': 64, 'alpha_domain': 0.011105077070295514}. Best is trial 64 with value: 0.3789905145250518.
Early stopping triggered for trial 095 at epoch 048 | best epoch: 018
[I 2026-04-27 21:17:56,981] Trial 95 finished with value: 0.43145110843510465 and parameters: {'batch_size': 128, 'learning_rate': 0.00018742409378224307, 'num_resblk': 12, 'num_features': 96, 'weight_decay': 0.0005184878470317756, 'domain_hidden_dim': 64, 'alpha_domain': 0.011013745820669111}. Best is trial 64 with value: 0.3789905145250518.
Early stopping triggered for trial 096 at epoch 062 | best epoch: 032
[I 2026-04-27 21:24:23,511] Trial 96 finished with value: 0.41637978317408725 and parameters: {'batch_size': 128, 'learning_rate': 0.00018598116476630013, 'num_resblk': 12, 'num_features': 96, 'weight_decay': 0.0008123630442007578, 'domain_hidden_dim': 64, 'alpha_domain': 0.011084907095363706}. Best is trial 64 with value: 0.3789905145250518.
[I 2026-04-27 21:25:04,254] Trial 97 pruned. 
Early stopping triggered for trial 098 at epoch 087 | best epoch: 057
[I 2026-04-27 21:34:04,020] Trial 98 finished with value: 0.41134093701839447 and parameters: {'batch_size': 128, 'learning_rate': 0.0002028589044749115, 'num_resblk': 12, 'num_features': 96, 'weight_decay': 0.00047389897485944354, 'domain_hidden_dim': 64, 'alpha_domain': 0.013195257746325136}. Best is trial 64 with value: 0.3789905145250518.
Early stopping triggered for trial 099 at epoch 042 | best epoch: 012
[I 2026-04-27 21:38:53,775] Trial 99 finished with value: 0.433403001777057 and parameters: {'batch_size': 128, 'learning_rate': 0.00022790472338610302, 'num_resblk': 14, 'num_features': 96, 'weight_decay': 0.0007198252557952537, 'domain_hidden_dim': 64, 'alpha_domain': 0.017489684530676144}. Best is trial 64 with value: 0.3789905145250518.
Early stopping triggered for trial 100 at epoch 069 | best epoch: 039
[I 2026-04-27 21:47:26,949] Trial 100 finished with value: 0.40181032439758035 and parameters: {'batch_size': 128, 'learning_rate': 0.00020943192689102362, 'num_resblk': 16, 'num_features': 96, 'weight_decay': 0.0003757323679947036, 'domain_hidden_dim': 128, 'alpha_domain': 0.0123391797133786}. Best is trial 64 with value: 0.3789905145250518.
Early stopping triggered for trial 101 at epoch 055 | best epoch: 025
[I 2026-04-27 21:54:17,747] Trial 101 finished with value: 0.41281224838618574 and parameters: {'batch_size': 128, 'learning_rate': 0.0002080794335824131, 'num_resblk': 16, 'num_features': 96, 'weight_decay': 0.0005559403529021761, 'domain_hidden_dim': 128, 'alpha_domain': 0.012126353483443054}. Best is trial 64 with value: 0.3789905145250518.
Early stopping triggered for trial 102 at epoch 050 | best epoch: 020
[I 2026-04-27 22:00:32,495] Trial 102 finished with value: 0.4057696631242489 and parameters: {'batch_size': 128, 'learning_rate': 0.00019367333493993598, 'num_resblk': 16, 'num_features': 96, 'weight_decay': 0.00037043171510180297, 'domain_hidden_dim': 128, 'alpha_domain': 0.015314507845947524}. Best is trial 64 with value: 0.3789905145250518.
[I 2026-04-27 22:01:16,981] Trial 103 pruned. 
Early stopping triggered for trial 104 at epoch 040 | best epoch: 010
[I 2026-04-27 22:06:17,955] Trial 104 finished with value: 0.4360792976001213 and parameters: {'batch_size': 128, 'learning_rate': 0.00016784449311179443, 'num_resblk': 16, 'num_features': 96, 'weight_decay': 0.00031966552858968, 'domain_hidden_dim': 128, 'alpha_domain': 0.010668912829710652}. Best is trial 64 with value: 0.3789905145250518.
[I 2026-04-27 22:06:40,009] Trial 105 pruned. 
[I 2026-04-27 22:07:12,135] Trial 106 pruned. 
[I 2026-04-27 22:07:56,597] Trial 107 pruned. 
[I 2026-04-27 22:08:35,625] Trial 108 pruned. 
Early stopping triggered for trial 109 at epoch 045 | best epoch: 015
[I 2026-04-27 22:13:45,962] Trial 109 finished with value: 0.4335290363122677 and parameters: {'batch_size': 128, 'learning_rate': 0.000221048702701044, 'num_resblk': 14, 'num_features': 96, 'weight_decay': 0.000773939269033606, 'domain_hidden_dim': 128, 'alpha_domain': 0.013951231189131292}. Best is trial 64 with value: 0.3789905145250518.
[I 2026-04-27 22:14:21,226] Trial 110 pruned. 
Early stopping triggered for trial 111 at epoch 055 | best epoch: 025
[I 2026-04-27 22:21:12,332] Trial 111 finished with value: 0.3983359830132846 and parameters: {'batch_size': 128, 'learning_rate': 0.00019496093482860346, 'num_resblk': 16, 'num_features': 96, 'weight_decay': 0.00038196539515820293, 'domain_hidden_dim': 128, 'alpha_domain': 0.015801121366597465}. Best is trial 64 with value: 0.3789905145250518.
Early stopping triggered for trial 112 at epoch 070 | best epoch: 040
[I 2026-04-27 22:29:53,472] Trial 112 finished with value: 0.38990778244774915 and parameters: {'batch_size': 128, 'learning_rate': 0.0002112240245981346, 'num_resblk': 16, 'num_features': 96, 'weight_decay': 0.0003523772310546432, 'domain_hidden_dim': 128, 'alpha_domain': 0.010004288983168113}. Best is trial 64 with value: 0.3789905145250518.
[I 2026-04-27 22:30:37,786] Trial 113 pruned. 
Early stopping triggered for trial 114 at epoch 052 | best epoch: 022
[I 2026-04-27 22:37:06,472] Trial 114 finished with value: 0.4152312458589159 and parameters: {'batch_size': 128, 'learning_rate': 0.00021134429591373826, 'num_resblk': 16, 'num_features': 96, 'weight_decay': 0.000611303109586773, 'domain_hidden_dim': 128, 'alpha_domain': 0.012307151842576235}. Best is trial 64 with value: 0.3789905145250518.
[I 2026-04-27 22:37:50,900] Trial 115 pruned. 
[I 2026-04-27 22:38:35,444] Trial 116 pruned. 
Early stopping triggered for trial 117 at epoch 053 | best epoch: 023
[I 2026-04-27 22:45:12,152] Trial 117 finished with value: 0.4390129678208253 and parameters: {'batch_size': 128, 'learning_rate': 0.00019520185941074726, 'num_resblk': 16, 'num_features': 96, 'weight_decay': 0.0005444445752239708, 'domain_hidden_dim': 128, 'alpha_domain': 0.011395988839697389}. Best is trial 64 with value: 0.3789905145250518.
[I 2026-04-27 22:46:03,892] Trial 118 pruned. 
Early stopping triggered for trial 119 at epoch 058 | best epoch: 028
[I 2026-04-27 22:53:16,896] Trial 119 finished with value: 0.43064735778446855 and parameters: {'batch_size': 128, 'learning_rate': 0.00017450575403549166, 'num_resblk': 16, 'num_features': 96, 'weight_decay': 0.00046296714986024243, 'domain_hidden_dim': 128, 'alpha_domain': 0.014576505948123927}. Best is trial 64 with value: 0.3789905145250518.
[I 2026-04-27 22:53:50,291] Trial 120 pruned. 
Early stopping triggered for trial 121 at epoch 054 | best epoch: 024
[I 2026-04-27 23:00:34,309] Trial 121 finished with value: 0.42024981410338963 and parameters: {'batch_size': 128, 'learning_rate': 0.0002509594348760946, 'num_resblk': 16, 'num_features': 96, 'weight_decay': 0.00029003816693256847, 'domain_hidden_dim': 128, 'alpha_domain': 0.01139740167466612}. Best is trial 64 with value: 0.3789905145250518.
Early stopping triggered for trial 122 at epoch 053 | best epoch: 023
[I 2026-04-27 23:06:06,060] Trial 122 finished with value: 0.4467024792884958 and parameters: {'batch_size': 128, 'learning_rate': 0.00021641298757310118, 'num_resblk': 12, 'num_features': 96, 'weight_decay': 0.00022707704171494008, 'domain_hidden_dim': 128, 'alpha_domain': 0.012496670945799855}. Best is trial 64 with value: 0.3789905145250518.
[I 2026-04-27 23:06:46,921] Trial 123 pruned. 
Early stopping triggered for trial 124 at epoch 047 | best epoch: 017
[I 2026-04-27 23:12:10,750] Trial 124 finished with value: 0.41074711341282416 and parameters: {'batch_size': 128, 'learning_rate': 0.0002776655568944391, 'num_resblk': 14, 'num_features': 96, 'weight_decay': 0.0004107765291551813, 'domain_hidden_dim': 128, 'alpha_domain': 0.018229051151400933}. Best is trial 64 with value: 0.3789905145250518.
[I 2026-04-27 23:12:34,692] Trial 125 pruned. 
[I 2026-04-27 23:13:04,848] Trial 126 pruned. 
[I 2026-04-27 23:13:57,708] Trial 127 pruned. 
[I 2026-04-27 23:14:49,454] Trial 128 pruned. 
[I 2026-04-27 23:15:24,484] Trial 129 pruned. 
[I 2026-04-27 23:16:18,423] Trial 130 pruned. 
[I 2026-04-27 23:17:02,777] Trial 131 pruned. 
[I 2026-04-27 23:17:47,037] Trial 132 pruned. 
Early stopping triggered for trial 133 at epoch 047 | best epoch: 017
[I 2026-04-27 23:23:39,787] Trial 133 finished with value: 0.4009316183369735 and parameters: {'batch_size': 128, 'learning_rate': 0.00021380465149307124, 'num_resblk': 16, 'num_features': 96, 'weight_decay': 0.0005729868070808495, 'domain_hidden_dim': 128, 'alpha_domain': 0.014863787285391922}. Best is trial 64 with value: 0.3789905145250518.
[I 2026-04-27 23:24:24,287] Trial 134 pruned. 
Early stopping triggered for trial 135 at epoch 059 | best epoch: 029
[I 2026-04-27 23:31:09,796] Trial 135 finished with value: 0.39731705856734306 and parameters: {'batch_size': 128, 'learning_rate': 0.00020484995264923028, 'num_resblk': 14, 'num_features': 96, 'weight_decay': 0.0006733708424943141, 'domain_hidden_dim': 128, 'alpha_domain': 0.01829687645267821}. Best is trial 64 with value: 0.3789905145250518.
[I 2026-04-27 23:31:50,575] Trial 136 pruned. 
[I 2026-04-27 23:32:31,171] Trial 137 pruned. 
[I 2026-04-27 23:33:18,644] Trial 138 pruned. 
[I 2026-04-27 23:34:02,928] Trial 139 pruned. 
slurmstepd: error: *** JOB 6367549 ON d4052 CANCELLED AT 2026-04-27T23:40:08 DUE TO TIME LIMIT ***
