[I 2026-05-08 08:58:20,857] Trial 467 finished with value: 7.467086602200924 and parameters: {'batch_size': 256, 'learning_rate': 0.0002470346744228085, 'num_resblk': 10, 'num_features': 96, 'weight_decay': 0.0003529941354667217}. Best is trial 53 with value: 6.875694350335527.
[I 2026-05-08 08:58:33,571] Trial 468 pruned. 
Early stopping triggered for trial 469 at epoch 035 | best epoch: 005
[I 2026-05-08 08:59:47,100] Trial 469 finished with value: 7.8585604396950055 and parameters: {'batch_size': 256, 'learning_rate': 0.000264513349847881, 'num_resblk': 10, 'num_features': 96, 'weight_decay': 0.00021368405689914922}. Best is trial 53 with value: 6.875694350335527.
[I 2026-05-08 08:59:54,643] Trial 470 pruned. 
Early stopping triggered for trial 471 at epoch 034 | best epoch: 004
[I 2026-05-08 09:01:06,859] Trial 471 finished with value: 7.7897242211863436 and parameters: {'batch_size': 256, 'learning_rate': 0.00021457880585138746, 'num_resblk': 10, 'num_features': 96, 'weight_decay': 0.0002301252792053269}. Best is trial 53 with value: 6.875694350335527.
Early stopping triggered for trial 472 at epoch 033 | best epoch: 003
[I 2026-05-08 09:02:28,702] Trial 472 finished with value: 8.157899039952976 and parameters: {'batch_size': 256, 'learning_rate': 0.00029508699238871755, 'num_resblk': 10, 'num_features': 128, 'weight_decay': 0.0003211026725218852}. Best is trial 53 with value: 6.875694350335527.
[I 2026-05-08 09:02:41,935] Trial 473 pruned. 
Early stopping triggered for trial 474 at epoch 045 | best epoch: 015
[I 2026-05-08 09:03:53,585] Trial 474 finished with value: 7.735861960585825 and parameters: {'batch_size': 256, 'learning_rate': 0.0002814502455933106, 'num_resblk': 10, 'num_features': 64, 'weight_decay': 0.00026588950664272604}. Best is trial 53 with value: 6.875694350335527.
Early stopping triggered for trial 475 at epoch 033 | best epoch: 003
[I 2026-05-08 09:05:14,914] Trial 475 finished with value: 8.156628038924355 and parameters: {'batch_size': 256, 'learning_rate': 0.00022119878748292314, 'num_resblk': 10, 'num_features': 128, 'weight_decay': 0.00019857591187241188}. Best is trial 53 with value: 6.875694350335527.
Early stopping triggered for trial 476 at epoch 039 | best epoch: 009
[I 2026-05-08 09:06:36,636] Trial 476 finished with value: 7.764489046402272 and parameters: {'batch_size': 256, 'learning_rate': 0.0002566073479843069, 'num_resblk': 10, 'num_features': 96, 'weight_decay': 0.0001343666192405953}. Best is trial 53 with value: 6.875694350335527.
Early stopping triggered for trial 477 at epoch 043 | best epoch: 013
[I 2026-05-08 09:08:21,426] Trial 477 finished with value: 8.454503547112513 and parameters: {'batch_size': 256, 'learning_rate': 0.00026947334396204315, 'num_resblk': 10, 'num_features': 128, 'weight_decay': 9.079556640273193e-05}. Best is trial 53 with value: 6.875694350335527.
[I 2026-05-08 09:08:34,114] Trial 478 pruned. 
Early stopping triggered for trial 479 at epoch 032 | best epoch: 002
[I 2026-05-08 09:09:52,965] Trial 479 finished with value: 6.7841577954838606 and parameters: {'batch_size': 256, 'learning_rate': 0.00024674830269315535, 'num_resblk': 10, 'num_features': 128, 'weight_decay': 0.00017414278655604752}. Best is trial 479 with value: 6.7841577954838606.
Early stopping triggered for trial 480 at epoch 034 | best epoch: 004
[I 2026-05-08 09:11:03,815] Trial 480 finished with value: 7.682426904583082 and parameters: {'batch_size': 256, 'learning_rate': 0.00024098263081946239, 'num_resblk': 10, 'num_features': 96, 'weight_decay': 0.00018397379013442244}. Best is trial 479 with value: 6.7841577954838606.
Early stopping triggered for trial 481 at epoch 041 | best epoch: 011
[I 2026-05-08 09:12:44,437] Trial 481 finished with value: 7.964551324962855 and parameters: {'batch_size': 256, 'learning_rate': 0.0002337682464425416, 'num_resblk': 10, 'num_features': 128, 'weight_decay': 0.00015626461695852404}. Best is trial 479 with value: 6.7841577954838606.
Early stopping triggered for trial 482 at epoch 037 | best epoch: 007
[I 2026-05-08 09:13:44,387] Trial 482 finished with value: 8.045485227847895 and parameters: {'batch_size': 256, 'learning_rate': 0.0002455246532671883, 'num_resblk': 10, 'num_features': 64, 'weight_decay': 0.00016821371314091702}. Best is trial 479 with value: 6.7841577954838606.
Early stopping triggered for trial 483 at epoch 034 | best epoch: 004
[I 2026-05-08 09:14:55,073] Trial 483 finished with value: 8.428182727317257 and parameters: {'batch_size': 256, 'learning_rate': 0.00023447637184900003, 'num_resblk': 10, 'num_features': 96, 'weight_decay': 0.00021238797272709527}. Best is trial 479 with value: 6.7841577954838606.
Early stopping triggered for trial 484 at epoch 042 | best epoch: 012
[I 2026-05-08 09:16:37,788] Trial 484 finished with value: 7.780099821215733 and parameters: {'batch_size': 256, 'learning_rate': 0.0002502119136044808, 'num_resblk': 10, 'num_features': 128, 'weight_decay': 0.00013752548422623945}. Best is trial 479 with value: 6.7841577954838606.
Early stopping triggered for trial 485 at epoch 033 | best epoch: 003
[I 2026-05-08 09:17:47,113] Trial 485 finished with value: 7.651083767368197 and parameters: {'batch_size': 256, 'learning_rate': 0.0002410718715044963, 'num_resblk': 10, 'num_features': 96, 'weight_decay': 5.906728795510902e-06}. Best is trial 479 with value: 6.7841577954838606.
Early stopping triggered for trial 486 at epoch 033 | best epoch: 003
[I 2026-05-08 09:19:00,614] Trial 486 finished with value: 7.507524756314595 and parameters: {'batch_size': 256, 'learning_rate': 0.00022672602803496276, 'num_resblk': 8, 'num_features': 128, 'weight_decay': 0.00017575858573116586}. Best is trial 479 with value: 6.7841577954838606.
Early stopping triggered for trial 487 at epoch 041 | best epoch: 011
[I 2026-05-08 09:20:26,029] Trial 487 finished with value: 7.877008588175747 and parameters: {'batch_size': 256, 'learning_rate': 0.00023693217318290045, 'num_resblk': 10, 'num_features': 96, 'weight_decay': 0.00023127397597304304}. Best is trial 479 with value: 6.7841577954838606.
Early stopping triggered for trial 488 at epoch 045 | best epoch: 015
[I 2026-05-08 09:22:15,552] Trial 488 finished with value: 8.304069525854327 and parameters: {'batch_size': 256, 'learning_rate': 0.0002488765156751213, 'num_resblk': 10, 'num_features': 128, 'weight_decay': 0.000261609222782962}. Best is trial 479 with value: 6.7841577954838606.
[I 2026-05-08 09:22:28,245] Trial 489 pruned. 
Early stopping triggered for trial 490 at epoch 034 | best epoch: 004
[I 2026-05-08 09:23:23,715] Trial 490 finished with value: 8.168401942135942 and parameters: {'batch_size': 256, 'learning_rate': 0.00024461035585377844, 'num_resblk': 10, 'num_features': 64, 'weight_decay': 1.2707975749182127e-05}. Best is trial 479 with value: 6.7841577954838606.
[I 2026-05-08 09:23:39,045] Trial 491 pruned. 
[I 2026-05-08 09:23:51,874] Trial 492 pruned. 
Early stopping triggered for trial 493 at epoch 037 | best epoch: 007
[I 2026-05-08 09:25:22,821] Trial 493 finished with value: 7.473535377242967 and parameters: {'batch_size': 256, 'learning_rate': 0.00026139419170887363, 'num_resblk': 10, 'num_features': 128, 'weight_decay': 0.0003976319601780712}. Best is trial 479 with value: 6.7841577954838606.
[I 2026-05-08 09:25:31,486] Trial 494 pruned. 
Early stopping triggered for trial 495 at epoch 035 | best epoch: 005
[I 2026-05-08 09:26:44,857] Trial 495 finished with value: 7.459742824138325 and parameters: {'batch_size': 256, 'learning_rate': 0.00021143513717174718, 'num_resblk': 10, 'num_features': 96, 'weight_decay': 7.395437491756401e-05}. Best is trial 479 with value: 6.7841577954838606.
[I 2026-05-08 09:26:59,935] Trial 496 pruned. 
Early stopping triggered for trial 497 at epoch 038 | best epoch: 008
[I 2026-05-08 09:28:18,745] Trial 497 finished with value: 7.9016846131239085 and parameters: {'batch_size': 256, 'learning_rate': 0.00023048023768153383, 'num_resblk': 10, 'num_features': 96, 'weight_decay': 0.00015472258281988064}. Best is trial 479 with value: 6.7841577954838606.
Early stopping triggered for trial 498 at epoch 034 | best epoch: 004
[I 2026-05-08 09:29:34,109] Trial 498 finished with value: 7.4012526736003394 and parameters: {'batch_size': 256, 'learning_rate': 0.00028410797552323703, 'num_resblk': 8, 'num_features': 128, 'weight_decay': 0.0002659688873288692}. Best is trial 479 with value: 6.7841577954838606.
Early stopping triggered for trial 499 at epoch 036 | best epoch: 006
[I 2026-05-08 09:30:35,062] Trial 499 finished with value: 7.756304339396215 and parameters: {'batch_size': 256, 'learning_rate': 0.0002739875782993272, 'num_resblk': 6, 'num_features': 96, 'weight_decay': 0.00035594451384050256}. Best is trial 479 with value: 6.7841577954838606.
[I 2026-05-08 09:30:44,861] Trial 500 pruned. 
slurmstepd: error: *** JOB 6652314 ON d4052 CANCELLED AT 2026-05-08T09:32:13 DUE TO TIME LIMIT ***
