[I 2026-05-08 06:28:02,701] Trial 296 finished with value: 7.735489717863732 and parameters: {'batch_size': 256, 'learning_rate': 0.0002793465859625468, 'num_resblk': 4, 'num_features': 128, 'weight_decay': 0.0003121589817052674}. Best is trial 53 with value: 6.875694350335527.
[I 2026-05-08 06:28:09,751] Trial 297 pruned. 
Early stopping triggered for trial 298 at epoch 042 | best epoch: 012
[I 2026-05-08 06:29:22,447] Trial 298 finished with value: 8.148259486178915 and parameters: {'batch_size': 256, 'learning_rate': 0.0001466206624274043, 'num_resblk': 4, 'num_features': 128, 'weight_decay': 4.291102127186541e-05}. Best is trial 53 with value: 6.875694350335527.
Early stopping triggered for trial 299 at epoch 035 | best epoch: 005
[I 2026-05-08 06:30:34,680] Trial 299 finished with value: 7.680051676000457 and parameters: {'batch_size': 256, 'learning_rate': 0.00026131808589708824, 'num_resblk': 10, 'num_features': 96, 'weight_decay': 1.788025509692911e-05}. Best is trial 53 with value: 6.875694350335527.
Early stopping triggered for trial 300 at epoch 042 | best epoch: 012
[I 2026-05-08 06:31:47,080] Trial 300 finished with value: 7.603996889643574 and parameters: {'batch_size': 256, 'learning_rate': 0.00019856964601824593, 'num_resblk': 4, 'num_features': 128, 'weight_decay': 2.7212569037665014e-05}. Best is trial 53 with value: 6.875694350335527.
Early stopping triggered for trial 301 at epoch 036 | best epoch: 006
[I 2026-05-08 06:33:02,645] Trial 301 finished with value: 8.212143207014222 and parameters: {'batch_size': 256, 'learning_rate': 0.000286031769766163, 'num_resblk': 10, 'num_features': 96, 'weight_decay': 0.00010170790874427993}. Best is trial 53 with value: 6.875694350335527.
Early stopping triggered for trial 302 at epoch 045 | best epoch: 015
[I 2026-05-08 06:34:19,538] Trial 302 finished with value: 7.709765508922886 and parameters: {'batch_size': 256, 'learning_rate': 0.0002715944538200288, 'num_resblk': 4, 'num_features': 128, 'weight_decay': 5.0451602565599686e-05}. Best is trial 53 with value: 6.875694350335527.
Early stopping triggered for trial 303 at epoch 040 | best epoch: 010
[I 2026-05-08 06:35:28,668] Trial 303 finished with value: 7.97319254412461 and parameters: {'batch_size': 256, 'learning_rate': 0.0001880742852972323, 'num_resblk': 4, 'num_features': 128, 'weight_decay': 8.648982917212063e-05}. Best is trial 53 with value: 6.875694350335527.
Early stopping triggered for trial 304 at epoch 036 | best epoch: 006
[I 2026-05-08 06:36:22,390] Trial 304 finished with value: 7.601112625924535 and parameters: {'batch_size': 256, 'learning_rate': 0.00029672370947986883, 'num_resblk': 4, 'num_features': 96, 'weight_decay': 6.795042944916766e-05}. Best is trial 53 with value: 6.875694350335527.
Early stopping triggered for trial 305 at epoch 035 | best epoch: 005
[I 2026-05-08 06:37:23,344] Trial 305 finished with value: 7.697859395154048 and parameters: {'batch_size': 256, 'learning_rate': 0.00026751994368133037, 'num_resblk': 4, 'num_features': 128, 'weight_decay': 3.422448610620762e-05}. Best is trial 53 with value: 6.875694350335527.
Early stopping triggered for trial 306 at epoch 044 | best epoch: 014
[I 2026-05-08 06:38:27,487] Trial 306 finished with value: 8.065935556027235 and parameters: {'batch_size': 256, 'learning_rate': 0.000281156321456945, 'num_resblk': 8, 'num_features': 64, 'weight_decay': 4.190740482767263e-05}. Best is trial 53 with value: 6.875694350335527.
Early stopping triggered for trial 307 at epoch 040 | best epoch: 010
[I 2026-05-08 06:40:06,315] Trial 307 finished with value: 8.250711034826196 and parameters: {'batch_size': 256, 'learning_rate': 0.00021907384194171616, 'num_resblk': 14, 'num_features': 96, 'weight_decay': 0.0002648020456918259}. Best is trial 53 with value: 6.875694350335527.
Early stopping triggered for trial 308 at epoch 045 | best epoch: 015
[I 2026-05-08 06:41:34,809] Trial 308 finished with value: 7.607093153542214 and parameters: {'batch_size': 256, 'learning_rate': 0.00025676003808820173, 'num_resblk': 6, 'num_features': 128, 'weight_decay': 6.2666385420968715e-06}. Best is trial 53 with value: 6.875694350335527.
Early stopping triggered for trial 309 at epoch 033 | best epoch: 003
[I 2026-05-08 06:42:31,795] Trial 309 finished with value: 7.53259373928519 and parameters: {'batch_size': 256, 'learning_rate': 0.0002627744311717197, 'num_resblk': 4, 'num_features': 128, 'weight_decay': 2.178331894190529e-05}. Best is trial 53 with value: 6.875694350335527.
[I 2026-05-08 06:42:47,901] Trial 310 pruned. 
Early stopping triggered for trial 311 at epoch 043 | best epoch: 013
[I 2026-05-08 06:44:01,885] Trial 311 finished with value: 7.381027805443532 and parameters: {'batch_size': 256, 'learning_rate': 0.0002247291298703663, 'num_resblk': 4, 'num_features': 128, 'weight_decay': 4.7452112934491734e-05}. Best is trial 53 with value: 6.875694350335527.
[I 2026-05-08 06:44:12,240] Trial 312 pruned. 
[I 2026-05-08 06:44:23,017] Trial 313 pruned. 
Early stopping triggered for trial 314 at epoch 046 | best epoch: 016
[I 2026-05-08 06:45:42,497] Trial 314 finished with value: 8.045875859225758 and parameters: {'batch_size': 256, 'learning_rate': 0.00017060518399089825, 'num_resblk': 4, 'num_features': 128, 'weight_decay': 4.636667623419245e-05}. Best is trial 53 with value: 6.875694350335527.
Early stopping triggered for trial 315 at epoch 032 | best epoch: 002
[I 2026-05-08 06:46:37,924] Trial 315 finished with value: 7.654249289761131 and parameters: {'batch_size': 256, 'learning_rate': 0.00022649440416534663, 'num_resblk': 4, 'num_features': 128, 'weight_decay': 2.9518458349662455e-05}. Best is trial 53 with value: 6.875694350335527.
Early stopping triggered for trial 316 at epoch 048 | best epoch: 018
[I 2026-05-08 06:48:00,766] Trial 316 finished with value: 8.383644892811077 and parameters: {'batch_size': 256, 'learning_rate': 0.0002183182102052579, 'num_resblk': 4, 'num_features': 128, 'weight_decay': 7.452718056394701e-05}. Best is trial 53 with value: 6.875694350335527.
Early stopping triggered for trial 317 at epoch 035 | best epoch: 005
[I 2026-05-08 06:49:01,148] Trial 317 finished with value: 8.364015390549742 and parameters: {'batch_size': 256, 'learning_rate': 0.00017577548432233842, 'num_resblk': 4, 'num_features': 128, 'weight_decay': 0.0009712284672901306}. Best is trial 53 with value: 6.875694350335527.
[I 2026-05-08 06:49:11,928] Trial 318 pruned. 
Early stopping triggered for trial 319 at epoch 035 | best epoch: 005
[I 2026-05-08 06:50:12,636] Trial 319 finished with value: 8.487600229398991 and parameters: {'batch_size': 256, 'learning_rate': 0.00023034428521497314, 'num_resblk': 4, 'num_features': 128, 'weight_decay': 3.975948298120142e-05}. Best is trial 53 with value: 6.875694350335527.
[I 2026-05-08 06:50:19,600] Trial 320 pruned. 
[I 2026-05-08 06:50:25,547] Trial 321 pruned. 
Early stopping triggered for trial 322 at epoch 039 | best epoch: 009
[I 2026-05-08 06:51:33,630] Trial 322 finished with value: 7.600546485950332 and parameters: {'batch_size': 256, 'learning_rate': 0.00023220446771836026, 'num_resblk': 4, 'num_features': 128, 'weight_decay': 3.326796805986918e-05}. Best is trial 53 with value: 6.875694350335527.
Early stopping triggered for trial 323 at epoch 035 | best epoch: 005
[I 2026-05-08 06:52:34,372] Trial 323 finished with value: 8.217046722696622 and parameters: {'batch_size': 256, 'learning_rate': 0.0002535352788066192, 'num_resblk': 4, 'num_features': 128, 'weight_decay': 5.213724023418064e-05}. Best is trial 53 with value: 6.875694350335527.
Early stopping triggered for trial 324 at epoch 034 | best epoch: 004
[I 2026-05-08 06:53:33,764] Trial 324 finished with value: 8.060329934527406 and parameters: {'batch_size': 256, 'learning_rate': 0.0002698388699231944, 'num_resblk': 4, 'num_features': 128, 'weight_decay': 1.0199961844180323e-06}. Best is trial 53 with value: 6.875694350335527.
Early stopping triggered for trial 325 at epoch 039 | best epoch: 009
[I 2026-05-08 06:54:41,139] Trial 325 finished with value: 7.040502953205872 and parameters: {'batch_size': 256, 'learning_rate': 0.00018308805295775738, 'num_resblk': 4, 'num_features': 128, 'weight_decay': 4.3393604744581766e-05}. Best is trial 53 with value: 6.875694350335527.
Early stopping triggered for trial 326 at epoch 034 | best epoch: 004
[I 2026-05-08 06:55:39,834] Trial 326 finished with value: 8.058916518360084 and parameters: {'batch_size': 256, 'learning_rate': 0.000173878298232933, 'num_resblk': 4, 'num_features': 128, 'weight_decay': 4.4810552178190006e-05}. Best is trial 53 with value: 6.875694350335527.
Early stopping triggered for trial 327 at epoch 036 | best epoch: 006
[I 2026-05-08 06:56:42,547] Trial 327 finished with value: 7.333793185788692 and parameters: {'batch_size': 256, 'learning_rate': 0.00017839673360178326, 'num_resblk': 4, 'num_features': 128, 'weight_decay': 4.1024479029865524e-05}. Best is trial 53 with value: 6.875694350335527.
Early stopping triggered for trial 328 at epoch 038 | best epoch: 008
[I 2026-05-08 06:57:48,097] Trial 328 finished with value: 7.3946999648962395 and parameters: {'batch_size': 256, 'learning_rate': 0.00017872801187538304, 'num_resblk': 4, 'num_features': 128, 'weight_decay': 4.382013845211307e-05}. Best is trial 53 with value: 6.875694350335527.
Early stopping triggered for trial 329 at epoch 046 | best epoch: 016
[I 2026-05-08 06:59:06,864] Trial 329 finished with value: 8.213811227488693 and parameters: {'batch_size': 256, 'learning_rate': 0.00019215096048652474, 'num_resblk': 4, 'num_features': 128, 'weight_decay': 3.824920221753461e-05}. Best is trial 53 with value: 6.875694350335527.
Early stopping triggered for trial 330 at epoch 036 | best epoch: 006
[I 2026-05-08 07:00:09,411] Trial 330 finished with value: 7.520765343608667 and parameters: {'batch_size': 256, 'learning_rate': 0.00018603706913656633, 'num_resblk': 4, 'num_features': 128, 'weight_decay': 5.0061005615307306e-05}. Best is trial 53 with value: 6.875694350335527.
[I 2026-05-08 07:00:19,932] Trial 331 pruned. 
[I 2026-05-08 07:00:30,616] Trial 332 pruned. 
Early stopping triggered for trial 333 at epoch 043 | best epoch: 013
[I 2026-05-08 07:01:45,134] Trial 333 finished with value: 8.330455124332621 and parameters: {'batch_size': 256, 'learning_rate': 0.00016823122503250543, 'num_resblk': 4, 'num_features': 128, 'weight_decay': 3.9603035222827415e-05}. Best is trial 53 with value: 6.875694350335527.
[I 2026-05-08 07:01:52,137] Trial 334 pruned. 
Early stopping triggered for trial 335 at epoch 036 | best epoch: 006
[I 2026-05-08 07:02:54,740] Trial 335 finished with value: 8.009593673975868 and parameters: {'batch_size': 256, 'learning_rate': 0.00022072530455379477, 'num_resblk': 4, 'num_features': 128, 'weight_decay': 6.469474865623897e-05}. Best is trial 53 with value: 6.875694350335527.
Early stopping triggered for trial 336 at epoch 038 | best epoch: 008
[I 2026-05-08 07:04:00,585] Trial 336 finished with value: 7.937090469737293 and parameters: {'batch_size': 256, 'learning_rate': 0.0002236761255431997, 'num_resblk': 4, 'num_features': 128, 'weight_decay': 3.556502882569724e-05}. Best is trial 53 with value: 6.875694350335527.
[I 2026-05-08 07:04:12,768] Trial 337 pruned. 
Early stopping triggered for trial 338 at epoch 037 | best epoch: 007
[I 2026-05-08 07:05:17,125] Trial 338 finished with value: 7.601298716671837 and parameters: {'batch_size': 256, 'learning_rate': 0.00019071188081825805, 'num_resblk': 4, 'num_features': 128, 'weight_decay': 4.1503216010385494e-05}. Best is trial 53 with value: 6.875694350335527.
Early stopping triggered for trial 339 at epoch 043 | best epoch: 013
[I 2026-05-08 07:06:42,022] Trial 339 finished with value: 7.985018368246608 and parameters: {'batch_size': 256, 'learning_rate': 0.00017591506915934797, 'num_resblk': 6, 'num_features': 128, 'weight_decay': 8.374913512798827e-05}. Best is trial 53 with value: 6.875694350335527.
[I 2026-05-08 07:06:53,271] Trial 340 pruned. 
[I 2026-05-08 07:07:00,473] Trial 341 pruned. 
[I 2026-05-08 07:07:51,123] Trial 342 pruned. 
[I 2026-05-08 07:08:02,037] Trial 343 pruned. 
[I 2026-05-08 07:08:12,823] Trial 344 pruned. 
Early stopping triggered for trial 345 at epoch 039 | best epoch: 009
[I 2026-05-08 07:10:18,814] Trial 345 finished with value: 8.447445099351805 and parameters: {'batch_size': 256, 'learning_rate': 0.00022652828867567913, 'num_resblk': 8, 'num_features': 128, 'weight_decay': 3.7181607107597805e-05}. Best is trial 53 with value: 6.875694350335527.
[I 2026-05-08 07:10:24,729] Trial 346 pruned. 
Early stopping triggered for trial 347 at epoch 051 | best epoch: 021
[I 2026-05-08 07:12:03,394] Trial 347 finished with value: 7.749817337992065 and parameters: {'batch_size': 256, 'learning_rate': 0.0002752748581328561, 'num_resblk': 4, 'num_features': 64, 'weight_decay': 1.4960425471116024e-05}. Best is trial 53 with value: 6.875694350335527.
Early stopping triggered for trial 348 at epoch 037 | best epoch: 007
[I 2026-05-08 07:13:07,010] Trial 348 finished with value: 7.779557631394191 and parameters: {'batch_size': 256, 'learning_rate': 0.0001716232311118068, 'num_resblk': 4, 'num_features': 128, 'weight_decay': 9.283025698858238e-05}. Best is trial 53 with value: 6.875694350335527.
Early stopping triggered for trial 349 at epoch 034 | best epoch: 004
[I 2026-05-08 07:14:06,317] Trial 349 finished with value: 7.628823472986432 and parameters: {'batch_size': 256, 'learning_rate': 0.0002637777236909074, 'num_resblk': 4, 'num_features': 128, 'weight_decay': 4.952654324384392e-05}. Best is trial 53 with value: 6.875694350335527.
Early stopping triggered for trial 350 at epoch 039 | best epoch: 009
[I 2026-05-08 07:15:13,534] Trial 350 finished with value: 7.533812880630888 and parameters: {'batch_size': 256, 'learning_rate': 0.0002363530170537819, 'num_resblk': 4, 'num_features': 128, 'weight_decay': 6.768573990958449e-05}. Best is trial 53 with value: 6.875694350335527.
Early stopping triggered for trial 351 at epoch 032 | best epoch: 002
[I 2026-05-08 07:16:08,392] Trial 351 finished with value: 8.145872410077228 and parameters: {'batch_size': 256, 'learning_rate': 0.0002526974968967345, 'num_resblk': 4, 'num_features': 128, 'weight_decay': 4.0888033681376826e-05}. Best is trial 53 with value: 6.875694350335527.
Early stopping triggered for trial 352 at epoch 042 | best epoch: 012
[I 2026-05-08 07:17:11,249] Trial 352 finished with value: 8.266602394811175 and parameters: {'batch_size': 256, 'learning_rate': 0.0002587088089770979, 'num_resblk': 4, 'num_features': 96, 'weight_decay': 5.814102871981566e-05}. Best is trial 53 with value: 6.875694350335527.
Early stopping triggered for trial 353 at epoch 034 | best epoch: 004
[I 2026-05-08 07:18:10,053] Trial 353 finished with value: 8.044769254004278 and parameters: {'batch_size': 256, 'learning_rate': 0.00026431351253353684, 'num_resblk': 4, 'num_features': 128, 'weight_decay': 3.179165401059366e-05}. Best is trial 53 with value: 6.875694350335527.
[I 2026-05-08 07:18:17,145] Trial 354 pruned. 
Early stopping triggered for trial 355 at epoch 044 | best epoch: 014
[I 2026-05-08 07:19:32,833] Trial 355 finished with value: 8.030776670694074 and parameters: {'batch_size': 256, 'learning_rate': 0.000272154289437003, 'num_resblk': 4, 'num_features': 128, 'weight_decay': 5.090911323232394e-06}. Best is trial 53 with value: 6.875694350335527.
Early stopping triggered for trial 356 at epoch 035 | best epoch: 005
[I 2026-05-08 07:20:59,768] Trial 356 finished with value: 8.672938674547325 and parameters: {'batch_size': 256, 'learning_rate': 0.00021780074168006283, 'num_resblk': 14, 'num_features': 96, 'weight_decay': 0.000218629967082731}. Best is trial 53 with value: 6.875694350335527.
Early stopping triggered for trial 357 at epoch 039 | best epoch: 009
[I 2026-05-08 07:22:07,147] Trial 357 finished with value: 7.6605946413701895 and parameters: {'batch_size': 256, 'learning_rate': 0.000268295120879794, 'num_resblk': 4, 'num_features': 128, 'weight_decay': 4.4113318361032106e-05}. Best is trial 53 with value: 6.875694350335527.
[I 2026-05-08 07:22:18,048] Trial 358 pruned. 
Early stopping triggered for trial 359 at epoch 039 | best epoch: 009
[I 2026-05-08 07:23:15,843] Trial 359 finished with value: 6.977368483354287 and parameters: {'batch_size': 256, 'learning_rate': 0.0002328053296764758, 'num_resblk': 4, 'num_features': 96, 'weight_decay': 5.129068155882115e-05}. Best is trial 53 with value: 6.875694350335527.
Early stopping triggered for trial 360 at epoch 038 | best epoch: 008
[I 2026-05-08 07:24:34,694] Trial 360 finished with value: 7.908541663265139 and parameters: {'batch_size': 256, 'learning_rate': 0.00023250725314226585, 'num_resblk': 10, 'num_features': 96, 'weight_decay': 5.0666448155899814e-05}. Best is trial 53 with value: 6.875694350335527.
Early stopping triggered for trial 361 at epoch 035 | best epoch: 005
[I 2026-05-08 07:25:47,476] Trial 361 finished with value: 8.438482170555293 and parameters: {'batch_size': 256, 'learning_rate': 0.00022754517428633233, 'num_resblk': 10, 'num_features': 96, 'weight_decay': 4.0510410541115856e-05}. Best is trial 53 with value: 6.875694350335527.
[I 2026-05-08 07:25:56,447] Trial 362 pruned. 
Early stopping triggered for trial 363 at epoch 045 | best epoch: 015
[I 2026-05-08 07:27:43,435] Trial 363 finished with value: 7.883853637729195 and parameters: {'batch_size': 256, 'learning_rate': 0.00023268557677789164, 'num_resblk': 4, 'num_features': 96, 'weight_decay': 2.4802123303371823e-05}. Best is trial 53 with value: 6.875694350335527.
Early stopping triggered for trial 364 at epoch 040 | best epoch: 010
[I 2026-05-08 07:29:06,747] Trial 364 finished with value: 7.654428716916747 and parameters: {'batch_size': 256, 'learning_rate': 0.0002436079403772528, 'num_resblk': 10, 'num_features': 96, 'weight_decay': 4.503558499322463e-05}. Best is trial 53 with value: 6.875694350335527.
[I 2026-05-08 07:29:15,870] Trial 365 pruned. 
Early stopping triggered for trial 366 at epoch 044 | best epoch: 014
[I 2026-05-08 07:30:46,924] Trial 366 finished with value: 7.4966104462259375 and parameters: {'batch_size': 256, 'learning_rate': 0.0002571154406002542, 'num_resblk': 10, 'num_features': 96, 'weight_decay': 1.603319860032778e-06}. Best is trial 53 with value: 6.875694350335527.
Early stopping triggered for trial 367 at epoch 040 | best epoch: 010
[I 2026-05-08 07:31:46,500] Trial 367 finished with value: 7.368257935082535 and parameters: {'batch_size': 256, 'learning_rate': 0.00013748848604314097, 'num_resblk': 4, 'num_features': 96, 'weight_decay': 0.00023697446556859947}. Best is trial 53 with value: 6.875694350335527.
[I 2026-05-08 07:31:56,288] Trial 368 pruned. 
Early stopping triggered for trial 369 at epoch 039 | best epoch: 009
[I 2026-05-08 07:32:54,313] Trial 369 finished with value: 8.014972345584274 and parameters: {'batch_size': 256, 'learning_rate': 0.00014691375942920716, 'num_resblk': 4, 'num_features': 96, 'weight_decay': 0.0003107294981634671}. Best is trial 53 with value: 6.875694350335527.
[I 2026-05-08 07:33:03,382] Trial 370 pruned. 
[I 2026-05-08 07:33:12,656] Trial 371 pruned. 
Early stopping triggered for trial 372 at epoch 033 | best epoch: 003
[I 2026-05-08 07:34:21,278] Trial 372 finished with value: 7.180331893807043 and parameters: {'batch_size': 256, 'learning_rate': 0.000282347684119274, 'num_resblk': 10, 'num_features': 96, 'weight_decay': 0.00028265336221511587}. Best is trial 53 with value: 6.875694350335527.
Early stopping triggered for trial 373 at epoch 034 | best epoch: 004
[I 2026-05-08 07:35:31,542] Trial 373 finished with value: 7.31140698728101 and parameters: {'batch_size': 256, 'learning_rate': 0.0002743531310917417, 'num_resblk': 10, 'num_features': 96, 'weight_decay': 0.0003114099471797508}. Best is trial 53 with value: 6.875694350335527.
Early stopping triggered for trial 374 at epoch 039 | best epoch: 009
[I 2026-05-08 07:36:52,542] Trial 374 finished with value: 7.292059804970039 and parameters: {'batch_size': 256, 'learning_rate': 0.0002789809789730197, 'num_resblk': 10, 'num_features': 96, 'weight_decay': 0.00035912006402895265}. Best is trial 53 with value: 6.875694350335527.
[I 2026-05-08 07:37:05,281] Trial 375 pruned. 
Early stopping triggered for trial 376 at epoch 037 | best epoch: 007
[I 2026-05-08 07:38:22,257] Trial 376 finished with value: 7.549358927784218 and parameters: {'batch_size': 256, 'learning_rate': 0.00027930912495651225, 'num_resblk': 10, 'num_features': 96, 'weight_decay': 0.000355058534163667}. Best is trial 53 with value: 6.875694350335527.
[I 2026-05-08 07:38:35,017] Trial 377 pruned. 
Early stopping triggered for trial 378 at epoch 035 | best epoch: 005
[I 2026-05-08 07:39:47,777] Trial 378 finished with value: 8.485066125687789 and parameters: {'batch_size': 256, 'learning_rate': 0.000276990562898409, 'num_resblk': 10, 'num_features': 96, 'weight_decay': 0.0003550643466689145}. Best is trial 53 with value: 6.875694350335527.
Early stopping triggered for trial 379 at epoch 033 | best epoch: 003
[I 2026-05-08 07:40:56,831] Trial 379 finished with value: 7.956585516433458 and parameters: {'batch_size': 256, 'learning_rate': 0.00027750889985902235, 'num_resblk': 10, 'num_features': 96, 'weight_decay': 0.00048513532702457353}. Best is trial 53 with value: 6.875694350335527.
Early stopping triggered for trial 380 at epoch 042 | best epoch: 012
[I 2026-05-08 07:42:23,381] Trial 380 finished with value: 7.715386365862818 and parameters: {'batch_size': 256, 'learning_rate': 0.0002681100201980238, 'num_resblk': 10, 'num_features': 96, 'weight_decay': 0.0003147052158469459}. Best is trial 53 with value: 6.875694350335527.
Early stopping triggered for trial 381 at epoch 038 | best epoch: 008
