Running with:
rcm_var = tmean
gcm_name = CanESM2
rcm_name = CanRCM4
grid = NAM-44i
factor = 4
input_source = gcm
input_channels = 1
hr_aux_channels = None
hr_elevation_file = None
num_cbam_blocks = 3
num_bias_blocks = 4
alpha_coarse = None
alpha_bias = None
use_coarse_consistency = False
n_trials = 3000
epochs = 300
early_stopping_patience = 30
batch_size = 256
data_root = /projects/sds-lab/Shuochen/downscaling/CORDEX
save_dir = None
num_workers = 4
pin_memory = True
amp = True
grad_clip_norm = 1.0
deterministic = False
log_every = 5
study_name = srresnet_climate_only_tmean_CanESM2_CanRCM4_NAM44i_gcm
optuna_storage = None
resume_study = False
model_name = SRResNet
Using device: cuda
Input source: gcm
Input file: low_res.pth
Input mask file: None
Input elevation file: None
HR elevation file: None
Coarse consistency target file: None
Coarse consistency mask file: None
Input channels: 1
Loss setup: full_image_hr_loss_no_coarse_consistency
All trial checkpoints will be saved to: /projects/sds-lab/Shuochen/downscaling/CORDEX/tmean.CanESM2.CanRCM4.day.NAM-44i.GCM_to_HR_RCM/trained_models/SRResNet/GCM_low_res_climate_only/full_image_hr_loss_no_coarse_consistency
Loaded shapes:
X          : torch.Size([55115, 1, 13, 29])
y          : torch.Size([55115, 1, 52, 116])
mask_hr    : torch.Size([55115, 1, 52, 116])
After checks:
X          : torch.Size([55115, 1, 13, 29])
y          : torch.Size([55115, 1, 52, 116])
mask_hr    : torch.Size([55115, 1, 52, 116])
train_end_idx = 20440
val_start_idx = 47815
Total samples  = 55115
Train/Val shapes before model input construction:
X_train          : torch.Size([20440, 1, 13, 29])
y_train          : torch.Size([20440, 1, 52, 116])
mask_train       : torch.Size([20440, 1, 52, 116])
X_val            : torch.Size([7300, 1, 13, 29])
y_val            : torch.Size([7300, 1, 52, 116])
mask_val         : torch.Size([7300, 1, 52, 116])
Full-image normalization stats:
X_mean: 15.384552955627441
X_std : 11.16005802154541
X_max : 42.550724029541016
y_mean: 6.068472385406494
y_std : 9.728343963623047
y_max : 40.61493682861328
Train/Val shapes after model input construction:
X_train_in: torch.Size([20440, 1, 13, 29])
X_val_in  : torch.Size([7300, 1, 13, 29])
[I 2026-05-08 01:32:42,985] A new study created in memory with name: srresnet_climate_only_tmean_CanESM2_CanRCM4_NAM44i_gcm
/home/wang.shuoc/downscaling/train.py:1309: FutureWarning: `torch.cuda.amp.GradScaler(args...)` is deprecated. Please use `torch.amp.GradScaler('cuda', args...)` instead.
  scaler = torch.cuda.amp.GradScaler(enabled=USE_AMP and device.type == "cuda")
/home/wang.shuoc/downscaling/train.py:1387: FutureWarning: `torch.cuda.amp.autocast(args...)` is deprecated. Please use `torch.amp.autocast('cuda', args...)` instead.
  with torch.cuda.amp.autocast(enabled=USE_AMP and device.type == "cuda"):
/home/wang.shuoc/downscaling/train.py:1557: FutureWarning: `torch.cuda.amp.autocast(args...)` is deprecated. Please use `torch.amp.autocast('cuda', args...)` instead.
  with torch.cuda.amp.autocast(enabled=USE_AMP and device.type == "cuda"):
Early stopping triggered for trial 000 at epoch 048 | best epoch: 018
[I 2026-05-08 01:34:17,590] Trial 0 finished with value: 8.198251669469524 and parameters: {'batch_size': 256, 'learning_rate': 0.00015090410414033437, 'num_resblk': 16, 'num_features': 32, 'weight_decay': 1.493656855461763e-06}. Best is trial 0 with value: 8.198251669469524.
Early stopping triggered for trial 001 at epoch 033 | best epoch: 003
[I 2026-05-08 01:35:33,753] Trial 1 finished with value: 7.931710716443255 and parameters: {'batch_size': 256, 'learning_rate': 0.0002589828760528173, 'num_resblk': 12, 'num_features': 96, 'weight_decay': 4.335281794951567e-06}. Best is trial 1 with value: 7.931710716443255.
Early stopping triggered for trial 002 at epoch 051 | best epoch: 021
[I 2026-05-08 01:36:41,531] Trial 2 finished with value: 8.097641823272976 and parameters: {'batch_size': 256, 'learning_rate': 0.0001221103726196681, 'num_resblk': 6, 'num_features': 64, 'weight_decay': 6.847920095574779e-05}. Best is trial 1 with value: 7.931710716443255.
Early stopping triggered for trial 003 at epoch 049 | best epoch: 019
[I 2026-05-08 01:38:12,816] Trial 3 finished with value: 7.842134900484922 and parameters: {'batch_size': 256, 'learning_rate': 0.00011656159613778751, 'num_resblk': 8, 'num_features': 96, 'weight_decay': 3.489018845491386e-05}. Best is trial 3 with value: 7.842134900484922.
Early stopping triggered for trial 004 at epoch 044 | best epoch: 014
[I 2026-05-08 01:39:29,169] Trial 4 finished with value: 7.805407856711349 and parameters: {'batch_size': 256, 'learning_rate': 0.00019171389132957922, 'num_resblk': 4, 'num_features': 128, 'weight_decay': 0.0007886714129990489}. Best is trial 4 with value: 7.805407856711349.
Early stopping triggered for trial 005 at epoch 036 | best epoch: 006
[I 2026-05-08 01:40:22,259] Trial 5 finished with value: 7.676138739448462 and parameters: {'batch_size': 256, 'learning_rate': 0.00024305443892686977, 'num_resblk': 8, 'num_features': 64, 'weight_decay': 3.058656666978529e-05}. Best is trial 5 with value: 7.676138739448462.
[I 2026-05-08 01:40:37,095] Trial 6 pruned. 
[I 2026-05-08 01:41:22,231] Trial 7 pruned. 
Early stopping triggered for trial 008 at epoch 039 | best epoch: 009
[I 2026-05-08 01:42:28,719] Trial 8 finished with value: 8.287668518458046 and parameters: {'batch_size': 256, 'learning_rate': 0.00011021016525934313, 'num_resblk': 6, 'num_features': 96, 'weight_decay': 0.0003063462210622083}. Best is trial 5 with value: 7.676138739448462.
[I 2026-05-08 01:42:44,031] Trial 9 pruned. 
Early stopping triggered for trial 010 at epoch 039 | best epoch: 009
[I 2026-05-08 01:44:29,959] Trial 10 finished with value: 8.549114609695168 and parameters: {'batch_size': 256, 'learning_rate': 0.00029233045825686826, 'num_resblk': 12, 'num_features': 128, 'weight_decay': 8.678980601134959e-06}. Best is trial 5 with value: 7.676138739448462.
Early stopping triggered for trial 011 at epoch 041 | best epoch: 011
[I 2026-05-08 01:45:41,437] Trial 11 finished with value: 7.648909426175976 and parameters: {'batch_size': 256, 'learning_rate': 0.00021939292722589259, 'num_resblk': 4, 'num_features': 128, 'weight_decay': 0.0001591407084203535}. Best is trial 11 with value: 7.648909426175976.
Early stopping triggered for trial 012 at epoch 036 | best epoch: 006
[I 2026-05-08 01:47:10,411] Trial 12 finished with value: 7.8553163624340785 and parameters: {'batch_size': 256, 'learning_rate': 0.00022661755139838217, 'num_resblk': 10, 'num_features': 128, 'weight_decay': 0.0001632497665203416}. Best is trial 11 with value: 7.648909426175976.
[I 2026-05-08 01:47:16,324] Trial 13 pruned. 
[I 2026-05-08 01:47:25,341] Trial 14 pruned. 
Early stopping triggered for trial 015 at epoch 033 | best epoch: 003
[I 2026-05-08 01:48:47,321] Trial 15 finished with value: 8.486128626708247 and parameters: {'batch_size': 256, 'learning_rate': 0.00018055408264540601, 'num_resblk': 10, 'num_features': 128, 'weight_decay': 9.079116747274276e-05}. Best is trial 11 with value: 7.648909426175976.
[I 2026-05-08 01:48:57,841] Trial 16 pruned. 
Early stopping triggered for trial 017 at epoch 040 | best epoch: 010
[I 2026-05-08 01:50:36,708] Trial 17 finished with value: 8.0699794275638 and parameters: {'batch_size': 256, 'learning_rate': 0.00020446241062637368, 'num_resblk': 8, 'num_features': 64, 'weight_decay': 0.00026222830450193374}. Best is trial 11 with value: 7.648909426175976.
[I 2026-05-08 01:50:45,807] Trial 18 pruned. 
Early stopping triggered for trial 019 at epoch 033 | best epoch: 003
[I 2026-05-08 01:51:51,805] Trial 19 finished with value: 7.778544224615083 and parameters: {'batch_size': 256, 'learning_rate': 0.0002626407213138067, 'num_resblk': 6, 'num_features': 128, 'weight_decay': 4.278467963576832e-06}. Best is trial 11 with value: 7.648909426175976.
Early stopping triggered for trial 020 at epoch 041 | best epoch: 011
[I 2026-05-08 01:53:10,841] Trial 20 finished with value: 8.321625283687364 and parameters: {'batch_size': 256, 'learning_rate': 0.00022718086306537611, 'num_resblk': 14, 'num_features': 64, 'weight_decay': 7.737864789719586e-05}. Best is trial 11 with value: 7.648909426175976.
Early stopping triggered for trial 021 at epoch 036 | best epoch: 006
[I 2026-05-08 01:54:22,682] Trial 21 finished with value: 8.17672167616373 and parameters: {'batch_size': 256, 'learning_rate': 0.0002572033773916987, 'num_resblk': 6, 'num_features': 128, 'weight_decay': 1.1141755987884185e-06}. Best is trial 11 with value: 7.648909426175976.
Early stopping triggered for trial 022 at epoch 033 | best epoch: 003
[I 2026-05-08 01:55:37,231] Trial 22 finished with value: 7.219210144986693 and parameters: {'batch_size': 256, 'learning_rate': 0.00026173649515319675, 'num_resblk': 8, 'num_features': 128, 'weight_decay': 4.87691033679003e-06}. Best is trial 22 with value: 7.219210144986693.
Early stopping triggered for trial 023 at epoch 033 | best epoch: 003
[I 2026-05-08 01:56:51,645] Trial 23 finished with value: 8.139806408885333 and parameters: {'batch_size': 256, 'learning_rate': 0.00023073758382448752, 'num_resblk': 8, 'num_features': 128, 'weight_decay': 2.700226941086794e-06}. Best is trial 22 with value: 7.219210144986693.
Early stopping triggered for trial 024 at epoch 034 | best epoch: 004
[I 2026-05-08 01:58:15,782] Trial 24 finished with value: 7.648865679135304 and parameters: {'batch_size': 256, 'learning_rate': 0.000272888498869082, 'num_resblk': 10, 'num_features': 128, 'weight_decay': 8.022486845883506e-06}. Best is trial 22 with value: 7.219210144986693.
Early stopping triggered for trial 025 at epoch 033 | best epoch: 003
[I 2026-05-08 01:59:37,158] Trial 25 finished with value: 8.951120422224761 and parameters: {'batch_size': 256, 'learning_rate': 0.0002764759961452387, 'num_resblk': 10, 'num_features': 128, 'weight_decay': 6.6766536362043974e-06}. Best is trial 22 with value: 7.219210144986693.
Early stopping triggered for trial 026 at epoch 042 | best epoch: 012
[I 2026-05-08 02:01:40,719] Trial 26 finished with value: 7.839314476627426 and parameters: {'batch_size': 256, 'learning_rate': 0.00020764206572452935, 'num_resblk': 14, 'num_features': 128, 'weight_decay': 1.7675623453285423e-05}. Best is trial 22 with value: 7.219210144986693.
Early stopping triggered for trial 027 at epoch 033 | best epoch: 003
[I 2026-05-08 02:03:02,489] Trial 27 finished with value: 7.889617195536108 and parameters: {'batch_size': 256, 'learning_rate': 0.0002995874394377473, 'num_resblk': 10, 'num_features': 128, 'weight_decay': 3.3516226889861377e-06}. Best is trial 22 with value: 7.219210144986693.
Early stopping triggered for trial 028 at epoch 034 | best epoch: 004
[I 2026-05-08 02:04:01,897] Trial 28 finished with value: 7.735946597384362 and parameters: {'batch_size': 256, 'learning_rate': 0.00026792080554171666, 'num_resblk': 4, 'num_features': 128, 'weight_decay': 1.9934720625497576e-06}. Best is trial 22 with value: 7.219210144986693.
[I 2026-05-08 02:04:10,939] Trial 29 pruned. 
Early stopping triggered for trial 030 at epoch 033 | best epoch: 003
[I 2026-05-08 02:05:48,459] Trial 30 finished with value: 8.498801829069178 and parameters: {'batch_size': 256, 'learning_rate': 0.00018877226970452464, 'num_resblk': 14, 'num_features': 128, 'weight_decay': 1.5214720867607147e-06}. Best is trial 22 with value: 7.219210144986693.
[I 2026-05-08 02:05:57,297] Trial 31 pruned. 
Early stopping triggered for trial 032 at epoch 041 | best epoch: 011
[I 2026-05-08 02:07:37,729] Trial 32 finished with value: 7.739719741375088 and parameters: {'batch_size': 256, 'learning_rate': 0.0002465070983607258, 'num_resblk': 10, 'num_features': 128, 'weight_decay': 4.95538538409165e-05}. Best is trial 22 with value: 7.219210144986693.
[I 2026-05-08 02:07:45,333] Trial 33 pruned. 
Early stopping triggered for trial 034 at epoch 032 | best epoch: 002
[I 2026-05-08 02:08:39,632] Trial 34 finished with value: 8.789597439466423 and parameters: {'batch_size': 256, 'learning_rate': 0.0002750961725785751, 'num_resblk': 6, 'num_features': 96, 'weight_decay': 1.3950903205632624e-05}. Best is trial 22 with value: 7.219210144986693.
Early stopping triggered for trial 035 at epoch 038 | best epoch: 008
[I 2026-05-08 02:09:41,813] Trial 35 finished with value: 7.161507032997535 and parameters: {'batch_size': 256, 'learning_rate': 0.000212149832737503, 'num_resblk': 10, 'num_features': 64, 'weight_decay': 3.185901537967671e-05}. Best is trial 35 with value: 7.161507032997535.
Early stopping triggered for trial 036 at epoch 035 | best epoch: 005
[I 2026-05-08 02:11:15,248] Trial 36 finished with value: 7.880799396296961 and parameters: {'batch_size': 256, 'learning_rate': 0.00019761305680069386, 'num_resblk': 12, 'num_features': 128, 'weight_decay': 5.682671043537862e-06}. Best is trial 35 with value: 7.161507032997535.
Early stopping triggered for trial 037 at epoch 037 | best epoch: 007
[I 2026-05-08 02:12:16,422] Trial 37 finished with value: 7.91920146088788 and parameters: {'batch_size': 256, 'learning_rate': 0.00021475708002059626, 'num_resblk': 10, 'num_features': 64, 'weight_decay': 0.00010603617775716066}. Best is trial 35 with value: 7.161507032997535.
Early stopping triggered for trial 038 at epoch 043 | best epoch: 013
[I 2026-05-08 02:14:12,038] Trial 38 finished with value: 8.780575222051691 and parameters: {'batch_size': 256, 'learning_rate': 0.00016149988523545285, 'num_resblk': 12, 'num_features': 128, 'weight_decay': 5.132538134943009e-05}. Best is trial 35 with value: 7.161507032997535.
[I 2026-05-08 02:14:30,769] Trial 39 pruned. 
Early stopping triggered for trial 040 at epoch 040 | best epoch: 010
[I 2026-05-08 02:15:29,548] Trial 40 finished with value: 8.438811023397065 and parameters: {'batch_size': 256, 'learning_rate': 0.0002533163106029587, 'num_resblk': 8, 'num_features': 64, 'weight_decay': 2.7709873846851385e-06}. Best is trial 35 with value: 7.161507032997535.
[I 2026-05-08 02:15:38,434] Trial 41 pruned. 
Early stopping triggered for trial 042 at epoch 037 | best epoch: 007
[I 2026-05-08 02:16:27,375] Trial 42 finished with value: 8.217727092755563 and parameters: {'batch_size': 256, 'learning_rate': 0.00021725048069103192, 'num_resblk': 6, 'num_features': 64, 'weight_decay': 3.293600743047272e-05}. Best is trial 35 with value: 7.161507032997535.
Early stopping triggered for trial 043 at epoch 039 | best epoch: 009
[I 2026-05-08 02:17:31,057] Trial 43 finished with value: 8.359484811500971 and parameters: {'batch_size': 256, 'learning_rate': 0.0002841428755711015, 'num_resblk': 10, 'num_features': 64, 'weight_decay': 2.3071385490993842e-05}. Best is trial 35 with value: 7.161507032997535.
Early stopping triggered for trial 044 at epoch 052 | best epoch: 022
[I 2026-05-08 02:18:30,583] Trial 44 finished with value: 7.195731882786095 and parameters: {'batch_size': 256, 'learning_rate': 0.0002623802565600578, 'num_resblk': 4, 'num_features': 64, 'weight_decay': 6.0818842913994055e-05}. Best is trial 35 with value: 7.161507032997535.
Early stopping triggered for trial 045 at epoch 056 | best epoch: 026
[I 2026-05-08 02:19:34,771] Trial 45 finished with value: 7.896879061423417 and parameters: {'batch_size': 256, 'learning_rate': 0.0002639554039242907, 'num_resblk': 4, 'num_features': 64, 'weight_decay': 0.00013076170920950885}. Best is trial 35 with value: 7.161507032997535.
Early stopping triggered for trial 046 at epoch 048 | best epoch: 018
[I 2026-05-08 02:20:45,716] Trial 46 finished with value: 8.026908971051643 and parameters: {'batch_size': 256, 'learning_rate': 0.00027874532379157575, 'num_resblk': 4, 'num_features': 96, 'weight_decay': 5.950289799658668e-05}. Best is trial 35 with value: 7.161507032997535.
Early stopping triggered for trial 047 at epoch 046 | best epoch: 016
[I 2026-05-08 02:22:05,423] Trial 47 finished with value: 7.634914118242526 and parameters: {'batch_size': 256, 'learning_rate': 0.00019710398927680394, 'num_resblk': 4, 'num_features': 128, 'weight_decay': 4.1536702851727574e-05}. Best is trial 35 with value: 7.161507032997535.
Early stopping triggered for trial 048 at epoch 039 | best epoch: 009
[I 2026-05-08 02:22:56,600] Trial 48 finished with value: 7.9579361234019625 and parameters: {'batch_size': 256, 'learning_rate': 0.00017126583383257217, 'num_resblk': 6, 'num_features': 64, 'weight_decay': 4.07224820387881e-05}. Best is trial 35 with value: 7.161507032997535.
Early stopping triggered for trial 049 at epoch 034 | best epoch: 004
[I 2026-05-08 02:23:55,091] Trial 49 finished with value: 8.055694431972178 and parameters: {'batch_size': 256, 'learning_rate': 0.0001340908756917579, 'num_resblk': 4, 'num_features': 128, 'weight_decay': 1.0804909781031247e-05}. Best is trial 35 with value: 7.161507032997535.
[I 2026-05-08 02:24:00,951] Trial 50 pruned. 
Early stopping triggered for trial 051 at epoch 041 | best epoch: 011
[I 2026-05-08 02:25:12,604] Trial 51 finished with value: 8.568795318546215 and parameters: {'batch_size': 256, 'learning_rate': 0.0001938971988557117, 'num_resblk': 4, 'num_features': 128, 'weight_decay': 6.655134955754774e-05}. Best is trial 35 with value: 7.161507032997535.
Early stopping triggered for trial 052 at epoch 036 | best epoch: 006
[I 2026-05-08 02:26:24,014] Trial 52 finished with value: 8.775780630071678 and parameters: {'batch_size': 256, 'learning_rate': 0.00021879152962701333, 'num_resblk': 6, 'num_features': 128, 'weight_decay': 8.092201557296706e-05}. Best is trial 35 with value: 7.161507032997535.
Early stopping triggered for trial 053 at epoch 034 | best epoch: 004
[I 2026-05-08 02:27:22,941] Trial 53 finished with value: 6.875694350335527 and parameters: {'batch_size': 256, 'learning_rate': 0.00023628893824144883, 'num_resblk': 4, 'num_features': 128, 'weight_decay': 0.00021154422252527932}. Best is trial 53 with value: 6.875694350335527.
Early stopping triggered for trial 054 at epoch 041 | best epoch: 011
[I 2026-05-08 02:28:43,702] Trial 54 finished with value: 7.728786858948193 and parameters: {'batch_size': 256, 'learning_rate': 0.00025030610478136365, 'num_resblk': 6, 'num_features': 128, 'weight_decay': 1.756356829355815e-05}. Best is trial 53 with value: 6.875694350335527.
Early stopping triggered for trial 055 at epoch 035 | best epoch: 005
[I 2026-05-08 02:29:44,648] Trial 55 finished with value: 8.00211918542949 and parameters: {'batch_size': 256, 'learning_rate': 0.00023827706625494723, 'num_resblk': 4, 'num_features': 128, 'weight_decay': 0.0005659873748980009}. Best is trial 53 with value: 6.875694350335527.
Early stopping triggered for trial 056 at epoch 040 | best epoch: 010
[I 2026-05-08 02:30:54,345] Trial 56 finished with value: 7.529039810113148 and parameters: {'batch_size': 256, 'learning_rate': 0.0002679676289906306, 'num_resblk': 4, 'num_features': 128, 'weight_decay': 0.0002578021077709226}. Best is trial 53 with value: 6.875694350335527.
[I 2026-05-08 02:31:01,820] Trial 57 pruned. 
Early stopping triggered for trial 058 at epoch 037 | best epoch: 007
[I 2026-05-08 02:32:05,406] Trial 58 finished with value: 7.585327383382043 and parameters: {'batch_size': 256, 'learning_rate': 0.0002550901139052103, 'num_resblk': 4, 'num_features': 128, 'weight_decay': 0.0001874432759747276}. Best is trial 53 with value: 6.875694350335527.
Early stopping triggered for trial 059 at epoch 035 | best epoch: 005
[I 2026-05-08 02:33:04,415] Trial 59 finished with value: 7.589545243032312 and parameters: {'batch_size': 256, 'learning_rate': 0.0002596952555874919, 'num_resblk': 6, 'num_features': 96, 'weight_decay': 0.0002247183744595421}. Best is trial 53 with value: 6.875694350335527.
Early stopping triggered for trial 060 at epoch 036 | best epoch: 006
[I 2026-05-08 02:34:07,271] Trial 60 finished with value: 7.7274395888778225 and parameters: {'batch_size': 256, 'learning_rate': 0.00025226510114573203, 'num_resblk': 4, 'num_features': 128, 'weight_decay': 0.0003536173952009435}. Best is trial 53 with value: 6.875694350335527.
Early stopping triggered for trial 061 at epoch 038 | best epoch: 008
[I 2026-05-08 02:35:11,938] Trial 61 finished with value: 7.489087802259703 and parameters: {'batch_size': 256, 'learning_rate': 0.0002631385179815489, 'num_resblk': 6, 'num_features': 96, 'weight_decay': 0.00021281382846558017}. Best is trial 53 with value: 6.875694350335527.
Early stopping triggered for trial 062 at epoch 034 | best epoch: 004
[I 2026-05-08 02:36:02,613] Trial 62 finished with value: 7.248533836351168 and parameters: {'batch_size': 256, 'learning_rate': 0.0002671904717891986, 'num_resblk': 4, 'num_features': 96, 'weight_decay': 0.00011036710598243356}. Best is trial 53 with value: 6.875694350335527.
Early stopping triggered for trial 063 at epoch 037 | best epoch: 007
[I 2026-05-08 02:37:04,513] Trial 63 finished with value: 7.513292732705275 and parameters: {'batch_size': 256, 'learning_rate': 0.0002699516408701829, 'num_resblk': 6, 'num_features': 96, 'weight_decay': 0.0001431044570591872}. Best is trial 53 with value: 6.875694350335527.
Early stopping triggered for trial 064 at epoch 036 | best epoch: 006
[I 2026-05-08 02:38:05,622] Trial 64 finished with value: 8.208222586412395 and parameters: {'batch_size': 256, 'learning_rate': 0.0002971991432462978, 'num_resblk': 6, 'num_features': 96, 'weight_decay': 0.00012428959927884825}. Best is trial 53 with value: 6.875694350335527.
Early stopping triggered for trial 065 at epoch 037 | best epoch: 007
[I 2026-05-08 02:39:08,910] Trial 65 finished with value: 8.201163036556892 and parameters: {'batch_size': 256, 'learning_rate': 0.0002392801997503782, 'num_resblk': 6, 'num_features': 96, 'weight_decay': 0.00010034089326433047}. Best is trial 53 with value: 6.875694350335527.
Early stopping triggered for trial 066 at epoch 036 | best epoch: 006
