[I 2026-05-07 23:52:27,635] Trial 114 pruned. 
[I 2026-05-07 23:52:47,542] Trial 115 pruned. 
[I 2026-05-07 23:53:03,347] Trial 116 pruned. 
Early stopping triggered for trial 117 at epoch 038 | best epoch: 008
[I 2026-05-07 23:55:07,127] Trial 117 finished with value: 6.6498905048410535 and parameters: {'batch_size': 256, 'learning_rate': 0.00028101393285811664, 'num_features': 128, 'weight_decay': 0.0004032706937623928}. Best is trial 39 with value: 6.469092792300031.
[I 2026-05-07 23:55:13,690] Trial 118 pruned. 
[I 2026-05-07 23:55:33,587] Trial 119 pruned. 
[I 2026-05-07 23:55:53,528] Trial 120 pruned. 
[I 2026-05-07 23:56:13,648] Trial 121 pruned. 
Early stopping triggered for trial 122 at epoch 041 | best epoch: 011
[I 2026-05-07 23:59:06,380] Trial 122 finished with value: 6.773786328309958 and parameters: {'batch_size': 256, 'learning_rate': 0.0002629122804029723, 'num_features': 128, 'weight_decay': 0.0006746086487644945}. Best is trial 39 with value: 6.469092792300031.
[I 2026-05-07 23:59:26,317] Trial 123 pruned. 
Early stopping triggered for trial 124 at epoch 043 | best epoch: 013
[I 2026-05-08 00:01:45,300] Trial 124 finished with value: 7.06714552345421 and parameters: {'batch_size': 256, 'learning_rate': 0.0002616891899652104, 'num_features': 128, 'weight_decay': 0.0006549290836250915}. Best is trial 39 with value: 6.469092792300031.
