[I 2026-05-08 05:11:37,868] Trial 215 finished with value: 7.635685880532924 and parameters: {'batch_size': 256, 'learning_rate': 0.00020813331972995656, 'num_resblk': 4, 'num_features': 96, 'weight_decay': 0.00018666301370837563}. Best is trial 53 with value: 6.875694350335527.
[I 2026-05-08 05:11:47,097] Trial 216 pruned. 
Early stopping triggered for trial 217 at epoch 049 | best epoch: 019
[I 2026-05-08 05:13:01,272] Trial 217 finished with value: 8.3849852033569 and parameters: {'batch_size': 256, 'learning_rate': 0.00021749677697291295, 'num_resblk': 4, 'num_features': 96, 'weight_decay': 0.00028817619442917796}. Best is trial 53 with value: 6.875694350335527.
Early stopping triggered for trial 218 at epoch 037 | best epoch: 007
[I 2026-05-08 05:13:57,178] Trial 218 finished with value: 7.921487083040802 and parameters: {'batch_size': 256, 'learning_rate': 0.00022573294904516093, 'num_resblk': 4, 'num_features': 96, 'weight_decay': 0.00015336914983881262}. Best is trial 53 with value: 6.875694350335527.
Early stopping triggered for trial 219 at epoch 046 | best epoch: 016
[I 2026-05-08 05:15:06,243] Trial 219 finished with value: 8.371921685960128 and parameters: {'batch_size': 256, 'learning_rate': 0.00020260415733753073, 'num_resblk': 4, 'num_features': 96, 'weight_decay': 4.654359567075277e-06}. Best is trial 53 with value: 6.875694350335527.
Early stopping triggered for trial 220 at epoch 054 | best epoch: 024
[I 2026-05-08 05:16:07,943] Trial 220 finished with value: 7.765666318350287 and parameters: {'batch_size': 256, 'learning_rate': 0.0002931969560920487, 'num_resblk': 4, 'num_features': 64, 'weight_decay': 8.481251630823022e-05}. Best is trial 53 with value: 6.875694350335527.
Early stopping triggered for trial 221 at epoch 035 | best epoch: 005
[I 2026-05-08 05:17:09,135] Trial 221 finished with value: 7.597231956259082 and parameters: {'batch_size': 256, 'learning_rate': 0.0002541304898432996, 'num_resblk': 4, 'num_features': 128, 'weight_decay': 4.205255039044253e-05}. Best is trial 53 with value: 6.875694350335527.
Early stopping triggered for trial 222 at epoch 032 | best epoch: 002
[I 2026-05-08 05:18:20,008] Trial 222 finished with value: 7.540542016343657 and parameters: {'batch_size': 256, 'learning_rate': 0.0002628576283799669, 'num_resblk': 8, 'num_features': 128, 'weight_decay': 4.4072128287347875e-05}. Best is trial 53 with value: 6.875694350335527.
Early stopping triggered for trial 223 at epoch 040 | best epoch: 010
[I 2026-05-08 05:19:29,532] Trial 223 finished with value: 7.560702054794521 and parameters: {'batch_size': 256, 'learning_rate': 0.0002717397969636841, 'num_resblk': 4, 'num_features': 128, 'weight_decay': 3.3522972582776544e-05}. Best is trial 53 with value: 6.875694350335527.
Early stopping triggered for trial 224 at epoch 041 | best epoch: 011
[I 2026-05-08 05:20:31,386] Trial 224 finished with value: 7.848490599539569 and parameters: {'batch_size': 256, 'learning_rate': 0.00023326349816098584, 'num_resblk': 4, 'num_features': 96, 'weight_decay': 2.79179372709386e-05}. Best is trial 53 with value: 6.875694350335527.
Early stopping triggered for trial 225 at epoch 041 | best epoch: 011
[I 2026-05-08 05:21:42,590] Trial 225 finished with value: 7.660363160644603 and parameters: {'batch_size': 256, 'learning_rate': 0.00017952150804255736, 'num_resblk': 4, 'num_features': 128, 'weight_decay': 4.892550150580289e-05}. Best is trial 53 with value: 6.875694350335527.
Early stopping triggered for trial 226 at epoch 034 | best epoch: 004
[I 2026-05-08 05:22:42,465] Trial 226 finished with value: 7.986122891733473 and parameters: {'batch_size': 256, 'learning_rate': 0.00025002594880540584, 'num_resblk': 4, 'num_features': 128, 'weight_decay': 0.00022159303213245096}. Best is trial 53 with value: 6.875694350335527.
[I 2026-05-08 05:22:51,535] Trial 227 pruned. 
Early stopping triggered for trial 228 at epoch 042 | best epoch: 012
[I 2026-05-08 05:24:05,329] Trial 228 finished with value: 7.324650288993746 and parameters: {'batch_size': 256, 'learning_rate': 0.0002564423088068361, 'num_resblk': 4, 'num_features': 128, 'weight_decay': 3.84707454362496e-05}. Best is trial 53 with value: 6.875694350335527.
Early stopping triggered for trial 229 at epoch 039 | best epoch: 009
[I 2026-05-08 05:25:03,829] Trial 229 finished with value: 8.244378051169853 and parameters: {'batch_size': 256, 'learning_rate': 0.00027754286887984457, 'num_resblk': 4, 'num_features': 96, 'weight_decay': 0.00011266663570679002}. Best is trial 53 with value: 6.875694350335527.
[I 2026-05-08 05:25:10,970] Trial 230 pruned. 
Early stopping triggered for trial 231 at epoch 036 | best epoch: 006
[I 2026-05-08 05:26:39,539] Trial 231 finished with value: 8.203957948960765 and parameters: {'batch_size': 256, 'learning_rate': 0.00025480173972957737, 'num_resblk': 10, 'num_features': 128, 'weight_decay': 4.415485327127545e-05}. Best is trial 53 with value: 6.875694350335527.
Early stopping triggered for trial 232 at epoch 034 | best epoch: 004
[I 2026-05-08 05:28:03,380] Trial 232 finished with value: 8.05870836530769 and parameters: {'batch_size': 256, 'learning_rate': 0.00025587821755517783, 'num_resblk': 10, 'num_features': 128, 'weight_decay': 3.5805698086869764e-05}. Best is trial 53 with value: 6.875694350335527.
Early stopping triggered for trial 233 at epoch 035 | best epoch: 005
[I 2026-05-08 05:29:04,664] Trial 233 finished with value: 8.214764927261744 and parameters: {'batch_size': 256, 'learning_rate': 0.0002602878485913314, 'num_resblk': 4, 'num_features': 128, 'weight_decay': 2.2606046602559834e-05}. Best is trial 53 with value: 6.875694350335527.
Early stopping triggered for trial 234 at epoch 034 | best epoch: 004
[I 2026-05-08 05:30:29,038] Trial 234 finished with value: 8.160420102209088 and parameters: {'batch_size': 256, 'learning_rate': 0.00024991770969326374, 'num_resblk': 10, 'num_features': 128, 'weight_decay': 6.684952831753659e-05}. Best is trial 53 with value: 6.875694350335527.
Early stopping triggered for trial 235 at epoch 038 | best epoch: 008
[I 2026-05-08 05:31:35,374] Trial 235 finished with value: 7.794102721357781 and parameters: {'batch_size': 256, 'learning_rate': 0.0002693372582630376, 'num_resblk': 4, 'num_features': 128, 'weight_decay': 3.876985410709203e-05}. Best is trial 53 with value: 6.875694350335527.
Early stopping triggered for trial 236 at epoch 034 | best epoch: 004
[I 2026-05-08 05:32:58,936] Trial 236 finished with value: 7.075429592469836 and parameters: {'batch_size': 256, 'learning_rate': 0.00025760669369900136, 'num_resblk': 10, 'num_features': 128, 'weight_decay': 5.1476618419969097e-05}. Best is trial 53 with value: 6.875694350335527.
[I 2026-05-08 05:33:04,907] Trial 237 pruned. 
Early stopping triggered for trial 238 at epoch 034 | best epoch: 004
[I 2026-05-08 05:34:04,178] Trial 238 finished with value: 7.605123985664604 and parameters: {'batch_size': 256, 'learning_rate': 0.00021419446098853878, 'num_resblk': 4, 'num_features': 128, 'weight_decay': 0.00013142750374944747}. Best is trial 53 with value: 6.875694350335527.
[I 2026-05-08 05:34:13,192] Trial 239 pruned. 
[I 2026-05-08 05:34:23,840] Trial 240 pruned. 
[I 2026-05-08 05:34:38,672] Trial 241 pruned. 
[I 2026-05-08 05:34:53,832] Trial 242 pruned. 
Early stopping triggered for trial 243 at epoch 037 | best epoch: 007
[I 2026-05-08 05:36:24,893] Trial 243 finished with value: 7.47456608078763 and parameters: {'batch_size': 256, 'learning_rate': 0.0002451519140280912, 'num_resblk': 10, 'num_features': 128, 'weight_decay': 4.193815781289915e-05}. Best is trial 53 with value: 6.875694350335527.
Early stopping triggered for trial 244 at epoch 033 | best epoch: 003
[I 2026-05-08 05:37:45,621] Trial 244 finished with value: 7.248972755808448 and parameters: {'batch_size': 256, 'learning_rate': 0.00026284187056673105, 'num_resblk': 10, 'num_features': 128, 'weight_decay': 3.056248691002169e-05}. Best is trial 53 with value: 6.875694350335527.
[I 2026-05-08 05:38:00,481] Trial 245 pruned. 
Early stopping triggered for trial 246 at epoch 054 | best epoch: 024
[I 2026-05-08 05:39:19,834] Trial 246 finished with value: 7.568524111385047 and parameters: {'batch_size': 256, 'learning_rate': 0.00027385223286618076, 'num_resblk': 4, 'num_features': 96, 'weight_decay': 2.957938609306826e-05}. Best is trial 53 with value: 6.875694350335527.
Early stopping triggered for trial 247 at epoch 033 | best epoch: 003
[I 2026-05-08 05:40:41,725] Trial 247 finished with value: 7.497327695642236 and parameters: {'batch_size': 256, 'learning_rate': 0.00023711670801272521, 'num_resblk': 10, 'num_features': 128, 'weight_decay': 0.00016081543935173934}. Best is trial 53 with value: 6.875694350335527.
[I 2026-05-08 05:40:50,705] Trial 248 pruned. 
Early stopping triggered for trial 249 at epoch 038 | best epoch: 008
[I 2026-05-08 05:41:56,779] Trial 249 finished with value: 7.246950442470651 and parameters: {'batch_size': 256, 'learning_rate': 0.00015775654776470499, 'num_resblk': 4, 'num_features': 128, 'weight_decay': 2.4504555937945447e-05}. Best is trial 53 with value: 6.875694350335527.
Early stopping triggered for trial 250 at epoch 043 | best epoch: 013
[I 2026-05-08 05:43:11,190] Trial 250 finished with value: 8.29240999559162 and parameters: {'batch_size': 256, 'learning_rate': 0.00015770645915248152, 'num_resblk': 4, 'num_features': 128, 'weight_decay': 2.5318968451726962e-05}. Best is trial 53 with value: 6.875694350335527.
[I 2026-05-08 05:43:21,844] Trial 251 pruned. 
[I 2026-05-08 05:43:32,457] Trial 252 pruned. 
Early stopping triggered for trial 253 at epoch 037 | best epoch: 007
[I 2026-05-08 05:45:22,015] Trial 253 finished with value: 7.977384973957908 and parameters: {'batch_size': 256, 'learning_rate': 0.000229280531537775, 'num_resblk': 14, 'num_features': 128, 'weight_decay': 0.00021005114043677966}. Best is trial 53 with value: 6.875694350335527.
Early stopping triggered for trial 254 at epoch 034 | best epoch: 004
[I 2026-05-08 05:46:21,059] Trial 254 finished with value: 7.7195741934298825 and parameters: {'batch_size': 256, 'learning_rate': 0.0002596008448659636, 'num_resblk': 4, 'num_features': 128, 'weight_decay': 7.402797829425454e-05}. Best is trial 53 with value: 6.875694350335527.
Early stopping triggered for trial 255 at epoch 039 | best epoch: 009
[I 2026-05-08 05:47:06,533] Trial 255 finished with value: 7.955405101474358 and parameters: {'batch_size': 256, 'learning_rate': 0.00022256781044184526, 'num_resblk': 4, 'num_features': 64, 'weight_decay': 1.3221237068901733e-05}. Best is trial 53 with value: 6.875694350335527.
Early stopping triggered for trial 256 at epoch 049 | best epoch: 019
[I 2026-05-08 05:48:31,688] Trial 256 finished with value: 7.755537546736983 and parameters: {'batch_size': 256, 'learning_rate': 0.00016746405808410034, 'num_resblk': 4, 'num_features': 128, 'weight_decay': 0.00017955882495673621}. Best is trial 53 with value: 6.875694350335527.
Early stopping triggered for trial 257 at epoch 034 | best epoch: 004
[I 2026-05-08 05:49:47,583] Trial 257 finished with value: 7.8025346343494375 and parameters: {'batch_size': 256, 'learning_rate': 0.00014256436191966917, 'num_resblk': 8, 'num_features': 128, 'weight_decay': 0.00014868565689214614}. Best is trial 53 with value: 6.875694350335527.
Early stopping triggered for trial 258 at epoch 035 | best epoch: 005
[I 2026-05-08 05:50:57,788] Trial 258 finished with value: 7.942841618773165 and parameters: {'batch_size': 256, 'learning_rate': 0.00013249113486264854, 'num_resblk': 6, 'num_features': 128, 'weight_decay': 4.986159773420694e-05}. Best is trial 53 with value: 6.875694350335527.
Early stopping triggered for trial 259 at epoch 043 | best epoch: 013
[I 2026-05-08 05:52:12,978] Trial 259 finished with value: 7.900342302480121 and parameters: {'batch_size': 256, 'learning_rate': 0.00028063157552435614, 'num_resblk': 4, 'num_features': 128, 'weight_decay': 6.0511924398527204e-05}. Best is trial 53 with value: 6.875694350335527.
[I 2026-05-08 05:52:20,060] Trial 260 pruned. 
Early stopping triggered for trial 261 at epoch 048 | best epoch: 018
[I 2026-05-08 05:53:43,378] Trial 261 finished with value: 7.946145290789753 and parameters: {'batch_size': 256, 'learning_rate': 0.0002490205433574653, 'num_resblk': 4, 'num_features': 128, 'weight_decay': 9.928259655044868e-05}. Best is trial 53 with value: 6.875694350335527.
Early stopping triggered for trial 262 at epoch 041 | best epoch: 011
[I 2026-05-08 05:54:55,270] Trial 262 finished with value: 7.742700550639215 and parameters: {'batch_size': 256, 'learning_rate': 0.0001554040179130837, 'num_resblk': 4, 'num_features': 128, 'weight_decay': 3.8353423621332054e-05}. Best is trial 53 with value: 6.875694350335527.
Early stopping triggered for trial 263 at epoch 048 | best epoch: 018
[I 2026-05-08 05:56:18,198] Trial 263 finished with value: 8.256655713749245 and parameters: {'batch_size': 256, 'learning_rate': 0.00028750852610838647, 'num_resblk': 4, 'num_features': 128, 'weight_decay': 3.1386513271141824e-06}. Best is trial 53 with value: 6.875694350335527.
Early stopping triggered for trial 264 at epoch 045 | best epoch: 015
[I 2026-05-08 05:57:33,518] Trial 264 finished with value: 7.892073570950414 and parameters: {'batch_size': 256, 'learning_rate': 0.0001858530106937792, 'num_resblk': 6, 'num_features': 96, 'weight_decay': 0.00019260616999366263}. Best is trial 53 with value: 6.875694350335527.
[I 2026-05-08 05:57:44,214] Trial 265 pruned. 
[I 2026-05-08 05:57:54,067] Trial 266 pruned. 
[I 2026-05-08 05:58:03,276] Trial 267 pruned. 
[I 2026-05-08 05:58:10,450] Trial 268 pruned. 
Early stopping triggered for trial 269 at epoch 032 | best epoch: 002
[I 2026-05-08 05:59:06,774] Trial 269 finished with value: 7.815937392851895 and parameters: {'batch_size': 256, 'learning_rate': 0.00026786470917209413, 'num_resblk': 4, 'num_features': 128, 'weight_decay': 2.203124637758493e-06}. Best is trial 53 with value: 6.875694350335527.
Early stopping triggered for trial 270 at epoch 038 | best epoch: 008
[I 2026-05-08 06:00:03,779] Trial 270 finished with value: 7.492692356360312 and parameters: {'batch_size': 256, 'learning_rate': 0.00025426288108623246, 'num_resblk': 4, 'num_features': 96, 'weight_decay': 3.375527630306444e-05}. Best is trial 53 with value: 6.875694350335527.
Early stopping triggered for trial 271 at epoch 046 | best epoch: 016
[I 2026-05-08 06:01:24,273] Trial 271 finished with value: 7.865568497232518 and parameters: {'batch_size': 256, 'learning_rate': 0.00020581072985501487, 'num_resblk': 4, 'num_features': 128, 'weight_decay': 2.5498692678170334e-05}. Best is trial 53 with value: 6.875694350335527.
Early stopping triggered for trial 272 at epoch 042 | best epoch: 012
[I 2026-05-08 06:02:37,410] Trial 272 finished with value: 7.438301457622414 and parameters: {'batch_size': 256, 'learning_rate': 0.00024530995475752774, 'num_resblk': 4, 'num_features': 128, 'weight_decay': 0.00013885904491538282}. Best is trial 53 with value: 6.875694350335527.
Early stopping triggered for trial 273 at epoch 036 | best epoch: 006
[I 2026-05-08 06:03:53,164] Trial 273 finished with value: 7.316497869283394 and parameters: {'batch_size': 256, 'learning_rate': 0.00026257606920419645, 'num_resblk': 10, 'num_features': 96, 'weight_decay': 8.31097636618802e-05}. Best is trial 53 with value: 6.875694350335527.
Early stopping triggered for trial 274 at epoch 032 | best epoch: 002
[I 2026-05-08 06:05:12,794] Trial 274 finished with value: 7.439291587751237 and parameters: {'batch_size': 256, 'learning_rate': 0.00027104968132198964, 'num_resblk': 10, 'num_features': 128, 'weight_decay': 8.299283150888642e-05}. Best is trial 53 with value: 6.875694350335527.
[I 2026-05-08 06:05:25,335] Trial 275 pruned. 
Early stopping triggered for trial 276 at epoch 035 | best epoch: 005
[I 2026-05-08 06:06:52,085] Trial 276 finished with value: 7.909811480562313 and parameters: {'batch_size': 256, 'learning_rate': 0.00026117537586588864, 'num_resblk': 10, 'num_features': 128, 'weight_decay': 9.21499174916409e-05}. Best is trial 53 with value: 6.875694350335527.
Early stopping triggered for trial 277 at epoch 038 | best epoch: 008
[I 2026-05-08 06:08:11,144] Trial 277 finished with value: 8.626218008637158 and parameters: {'batch_size': 256, 'learning_rate': 0.00027674007746832563, 'num_resblk': 10, 'num_features': 96, 'weight_decay': 6.443476288085052e-05}. Best is trial 53 with value: 6.875694350335527.
Early stopping triggered for trial 278 at epoch 035 | best epoch: 005
[I 2026-05-08 06:09:03,232] Trial 278 finished with value: 7.7440584844972 and parameters: {'batch_size': 256, 'learning_rate': 0.00022693435927929293, 'num_resblk': 8, 'num_features': 64, 'weight_decay': 0.00024753660686326485}. Best is trial 53 with value: 6.875694350335527.
Early stopping triggered for trial 279 at epoch 035 | best epoch: 005
[I 2026-05-08 06:10:29,777] Trial 279 finished with value: 8.139668259261677 and parameters: {'batch_size': 256, 'learning_rate': 0.0002652875713636506, 'num_resblk': 10, 'num_features': 128, 'weight_decay': 5.781434733108997e-05}. Best is trial 53 with value: 6.875694350335527.
Early stopping triggered for trial 280 at epoch 035 | best epoch: 005
[I 2026-05-08 06:12:03,815] Trial 280 finished with value: 7.67969707699969 and parameters: {'batch_size': 256, 'learning_rate': 0.00023587761475644676, 'num_resblk': 16, 'num_features': 96, 'weight_decay': 8.000103160772288e-05}. Best is trial 53 with value: 6.875694350335527.
Early stopping triggered for trial 281 at epoch 036 | best epoch: 006
[I 2026-05-08 06:13:32,262] Trial 281 finished with value: 7.417657283213872 and parameters: {'batch_size': 256, 'learning_rate': 0.00029300213833602417, 'num_resblk': 10, 'num_features': 128, 'weight_decay': 4.5331107683948737e-05}. Best is trial 53 with value: 6.875694350335527.
Early stopping triggered for trial 282 at epoch 045 | best epoch: 015
[I 2026-05-08 06:15:22,990] Trial 282 finished with value: 7.612737256518686 and parameters: {'batch_size': 256, 'learning_rate': 0.0002206997516588882, 'num_resblk': 10, 'num_features': 128, 'weight_decay': 3.687753122788509e-05}. Best is trial 53 with value: 6.875694350335527.
Early stopping triggered for trial 283 at epoch 036 | best epoch: 006
[I 2026-05-08 06:16:18,034] Trial 283 finished with value: 7.669080505983967 and parameters: {'batch_size': 256, 'learning_rate': 0.0002518101936611502, 'num_resblk': 4, 'num_features': 96, 'weight_decay': 0.00020514598535099684}. Best is trial 53 with value: 6.875694350335527.
Early stopping triggered for trial 284 at epoch 034 | best epoch: 004
[I 2026-05-08 06:17:17,723] Trial 284 finished with value: 7.839986040132578 and parameters: {'batch_size': 256, 'learning_rate': 0.00025557306334632226, 'num_resblk': 4, 'num_features': 128, 'weight_decay': 8.322491486483411e-06}. Best is trial 53 with value: 6.875694350335527.
Early stopping triggered for trial 285 at epoch 039 | best epoch: 009
[I 2026-05-08 06:18:31,340] Trial 285 finished with value: 8.040886951605794 and parameters: {'batch_size': 256, 'learning_rate': 0.00026402706835295395, 'num_resblk': 8, 'num_features': 96, 'weight_decay': 6.977811576244868e-05}. Best is trial 53 with value: 6.875694350335527.
[I 2026-05-08 06:18:41,906] Trial 286 pruned. 
[I 2026-05-08 06:18:48,913] Trial 287 pruned. 
Early stopping triggered for trial 288 at epoch 040 | best epoch: 010
[I 2026-05-08 06:20:25,806] Trial 288 finished with value: 7.862521990873022 and parameters: {'batch_size': 256, 'learning_rate': 0.0002482102147076717, 'num_resblk': 10, 'num_features': 128, 'weight_decay': 3.065216518470862e-05}. Best is trial 53 with value: 6.875694350335527.
Early stopping triggered for trial 289 at epoch 037 | best epoch: 007
[I 2026-05-08 06:21:20,832] Trial 289 finished with value: 7.872869385439286 and parameters: {'batch_size': 256, 'learning_rate': 0.0002424302525455063, 'num_resblk': 4, 'num_features': 96, 'weight_decay': 0.00017678731777295376}. Best is trial 53 with value: 6.875694350335527.
Early stopping triggered for trial 290 at epoch 038 | best epoch: 008
[I 2026-05-08 06:22:26,483] Trial 290 finished with value: 7.29113660669094 and parameters: {'batch_size': 256, 'learning_rate': 0.0002823039322784356, 'num_resblk': 4, 'num_features': 128, 'weight_decay': 4.281279739308025e-05}. Best is trial 53 with value: 6.875694350335527.
Early stopping triggered for trial 291 at epoch 038 | best epoch: 008
[I 2026-05-08 06:23:31,948] Trial 291 finished with value: 7.877876049030973 and parameters: {'batch_size': 256, 'learning_rate': 0.00028469799745750634, 'num_resblk': 4, 'num_features': 128, 'weight_decay': 4.160434517721411e-05}. Best is trial 53 with value: 6.875694350335527.
[I 2026-05-08 06:23:41,728] Trial 292 pruned. 
Early stopping triggered for trial 293 at epoch 035 | best epoch: 005
[I 2026-05-08 06:24:54,831] Trial 293 finished with value: 8.011371332473427 and parameters: {'batch_size': 256, 'learning_rate': 0.0002881029121657998, 'num_resblk': 10, 'num_features': 96, 'weight_decay': 3.92044941090713e-05}. Best is trial 53 with value: 6.875694350335527.
Early stopping triggered for trial 294 at epoch 039 | best epoch: 009
[I 2026-05-08 06:26:01,920] Trial 294 finished with value: 7.901689531732166 and parameters: {'batch_size': 256, 'learning_rate': 0.00016117342126507962, 'num_resblk': 4, 'num_features': 128, 'weight_decay': 5.320479947652317e-05}. Best is trial 53 with value: 6.875694350335527.
Early stopping triggered for trial 295 at epoch 036 | best epoch: 006
[I 2026-05-08 06:27:02,183] Trial 295 finished with value: 7.713164277433997 and parameters: {'batch_size': 256, 'learning_rate': 0.00029462196277974504, 'num_resblk': 6, 'num_features': 96, 'weight_decay': 3.439079396111808e-05}. Best is trial 53 with value: 6.875694350335527.
Early stopping triggered for trial 296 at epoch 035 | best epoch: 005
