[I 2026-05-06 23:54:42,714] Trial 66 finished with value: 4.844684445514335 and parameters: {'batch_size': 256, 'learning_rate': 0.0002872577668343221, 'num_resblk': 14, 'num_features': 128, 'weight_decay': 5.582718197592674e-06, 'num_cbam_blocks': 2, 'swin_window_size': 3, 'swin_num_heads': 8, 'swin_num_groups': 2, 'swin_mlp_ratio': 1.5}. Best is trial 43 with value: 4.354922127647978.
[I 2026-05-06 23:55:38,182] Trial 67 pruned. 
Early stopping triggered for trial 068 at epoch 043 | best epoch: 013
[I 2026-05-07 00:01:06,916] Trial 68 finished with value: 4.710787858589804 and parameters: {'batch_size': 256, 'learning_rate': 0.0002752018794510134, 'num_resblk': 6, 'num_features': 128, 'weight_decay': 7.29361909914305e-05, 'num_cbam_blocks': 1, 'swin_window_size': 3, 'swin_num_heads': 8, 'swin_num_groups': 2, 'swin_mlp_ratio': 3.0}. Best is trial 43 with value: 4.354922127647978.
Early stopping triggered for trial 069 at epoch 047 | best epoch: 017
[I 2026-05-07 00:07:45,122] Trial 69 finished with value: 4.846188563960249 and parameters: {'batch_size': 256, 'learning_rate': 0.00020060053027080418, 'num_resblk': 8, 'num_features': 128, 'weight_decay': 0.0002725997562425486, 'num_cbam_blocks': 2, 'swin_window_size': 3, 'swin_num_heads': 2, 'swin_num_groups': 3, 'swin_mlp_ratio': 1.5}. Best is trial 43 with value: 4.354922127647978.
[I 2026-05-07 00:08:10,719] Trial 70 pruned. 
Early stopping triggered for trial 071 at epoch 056 | best epoch: 026
[I 2026-05-07 00:17:31,828] Trial 71 finished with value: 4.824792573171396 and parameters: {'batch_size': 256, 'learning_rate': 0.0002413438446209391, 'num_resblk': 10, 'num_features': 128, 'weight_decay': 0.00015078015572850815, 'num_cbam_blocks': 2, 'swin_window_size': 3, 'swin_num_heads': 8, 'swin_num_groups': 1, 'swin_mlp_ratio': 1.5}. Best is trial 43 with value: 4.354922127647978.
[I 2026-05-07 00:18:31,391] Trial 72 pruned. 
Early stopping triggered for trial 073 at epoch 044 | best epoch: 014
[I 2026-05-07 00:26:42,203] Trial 73 finished with value: 4.881027806039024 and parameters: {'batch_size': 256, 'learning_rate': 0.0002577926362387185, 'num_resblk': 12, 'num_features': 128, 'weight_decay': 0.0001375116096450847, 'num_cbam_blocks': 2, 'swin_window_size': 3, 'swin_num_heads': 8, 'swin_num_groups': 1, 'swin_mlp_ratio': 1.5}. Best is trial 43 with value: 4.354922127647978.
[I 2026-05-07 00:27:41,995] Trial 74 pruned. 
Early stopping triggered for trial 075 at epoch 047 | best epoch: 017
[I 2026-05-07 00:36:38,054] Trial 75 finished with value: 4.656359881999201 and parameters: {'batch_size': 256, 'learning_rate': 0.00027116995523474735, 'num_resblk': 12, 'num_features': 128, 'weight_decay': 8.704340008312658e-05, 'num_cbam_blocks': 3, 'swin_window_size': 3, 'swin_num_heads': 8, 'swin_num_groups': 1, 'swin_mlp_ratio': 2.0}. Best is trial 43 with value: 4.354922127647978.
[I 2026-05-07 00:37:41,430] Trial 76 pruned. 
[I 2026-05-07 00:38:28,153] Trial 77 pruned. 
Early stopping triggered for trial 078 at epoch 045 | best epoch: 015
[I 2026-05-07 00:47:51,436] Trial 78 finished with value: 4.9006802873260416 and parameters: {'batch_size': 256, 'learning_rate': 0.00021078014393961238, 'num_resblk': 14, 'num_features': 128, 'weight_decay': 0.00038513927584454545, 'num_cbam_blocks': 3, 'swin_window_size': 3, 'swin_num_heads': 8, 'swin_num_groups': 2, 'swin_mlp_ratio': 2.0}. Best is trial 43 with value: 4.354922127647978.
[I 2026-05-07 00:49:26,600] Trial 79 pruned. 
[I 2026-05-07 00:50:16,987] Trial 80 pruned. 
Early stopping triggered for trial 081 at epoch 041 | best epoch: 011
[I 2026-05-07 00:57:57,970] Trial 81 finished with value: 4.507859975109916 and parameters: {'batch_size': 256, 'learning_rate': 0.00022898930397661924, 'num_resblk': 12, 'num_features': 128, 'weight_decay': 2.9705852191042096e-05, 'num_cbam_blocks': 2, 'swin_window_size': 3, 'swin_num_heads': 8, 'swin_num_groups': 1, 'swin_mlp_ratio': 1.5}. Best is trial 43 with value: 4.354922127647978.
[I 2026-05-07 00:59:04,873] Trial 82 pruned. 
[I 2026-05-07 01:00:22,343] Trial 83 pruned. 
Early stopping triggered for trial 084 at epoch 036 | best epoch: 006
[I 2026-05-07 01:07:47,003] Trial 84 finished with value: 5.094341071363686 and parameters: {'batch_size': 256, 'learning_rate': 0.0002165331248132868, 'num_resblk': 14, 'num_features': 128, 'weight_decay': 2.2253983150655426e-05, 'num_cbam_blocks': 1, 'swin_window_size': 3, 'swin_num_heads': 8, 'swin_num_groups': 1, 'swin_mlp_ratio': 3.0}. Best is trial 43 with value: 4.354922127647978.
Early stopping triggered for trial 085 at epoch 047 | best epoch: 017
[I 2026-05-07 01:17:28,544] Trial 85 finished with value: 5.141853096271938 and parameters: {'batch_size': 256, 'learning_rate': 0.0002535555860571594, 'num_resblk': 14, 'num_features': 128, 'weight_decay': 1.3211414685847782e-05, 'num_cbam_blocks': 2, 'swin_window_size': 3, 'swin_num_heads': 8, 'swin_num_groups': 1, 'swin_mlp_ratio': 1.5}. Best is trial 43 with value: 4.354922127647978.
[I 2026-05-07 01:18:11,733] Trial 86 pruned. 
Early stopping triggered for trial 087 at epoch 036 | best epoch: 006
[I 2026-05-07 01:26:15,871] Trial 87 finished with value: 4.737203124432252 and parameters: {'batch_size': 256, 'learning_rate': 0.0002682737902605571, 'num_resblk': 16, 'num_features': 128, 'weight_decay': 4.851338956936845e-06, 'num_cbam_blocks': 1, 'swin_window_size': 3, 'swin_num_heads': 8, 'swin_num_groups': 2, 'swin_mlp_ratio': 1.5}. Best is trial 43 with value: 4.354922127647978.
[I 2026-05-07 01:27:09,514] Trial 88 pruned. 
[I 2026-05-07 01:27:53,985] Trial 89 pruned. 
Early stopping triggered for trial 090 at epoch 042 | best epoch: 012
[I 2026-05-07 01:33:20,297] Trial 90 finished with value: 5.07965240180226 and parameters: {'batch_size': 256, 'learning_rate': 0.0002463862582864972, 'num_resblk': 6, 'num_features': 128, 'weight_decay': 1.8195477845537727e-05, 'num_cbam_blocks': 2, 'swin_window_size': 3, 'swin_num_heads': 8, 'swin_num_groups': 2, 'swin_mlp_ratio': 2.0}. Best is trial 43 with value: 4.354922127647978.
Early stopping triggered for trial 091 at epoch 040 | best epoch: 010
[I 2026-05-07 01:40:04,325] Trial 91 finished with value: 4.816409770039243 and parameters: {'batch_size': 256, 'learning_rate': 0.00022386569099012524, 'num_resblk': 10, 'num_features': 128, 'weight_decay': 0.00012765700219297352, 'num_cbam_blocks': 2, 'swin_window_size': 3, 'swin_num_heads': 8, 'swin_num_groups': 1, 'swin_mlp_ratio': 1.5}. Best is trial 43 with value: 4.354922127647978.
[I 2026-05-07 01:41:06,116] Trial 92 pruned. 
Early stopping triggered for trial 093 at epoch 039 | best epoch: 009
[I 2026-05-07 01:47:39,635] Trial 93 finished with value: 4.7222687447767155 and parameters: {'batch_size': 256, 'learning_rate': 0.0002809043827784305, 'num_resblk': 10, 'num_features': 128, 'weight_decay': 0.0001832592667609423, 'num_cbam_blocks': 2, 'swin_window_size': 3, 'swin_num_heads': 8, 'swin_num_groups': 1, 'swin_mlp_ratio': 1.5}. Best is trial 43 with value: 4.354922127647978.
[I 2026-05-07 01:48:47,634] Trial 94 pruned. 
[I 2026-05-07 01:49:06,684] Trial 95 pruned. 
[I 2026-05-07 01:50:19,975] Trial 96 pruned. 
Early stopping triggered for trial 097 at epoch 043 | best epoch: 013
[I 2026-05-07 02:00:08,382] Trial 97 finished with value: 4.757772269357945 and parameters: {'batch_size': 256, 'learning_rate': 0.00022953157609775492, 'num_resblk': 16, 'num_features': 128, 'weight_decay': 0.0002573375253481447, 'num_cbam_blocks': 3, 'swin_window_size': 3, 'swin_num_heads': 8, 'swin_num_groups': 1, 'swin_mlp_ratio': 1.5}. Best is trial 43 with value: 4.354922127647978.
[I 2026-05-07 02:00:47,309] Trial 98 pruned. 
Early stopping triggered for trial 099 at epoch 041 | best epoch: 011
[I 2026-05-07 02:06:59,137] Trial 99 finished with value: 4.519869781257949 and parameters: {'batch_size': 256, 'learning_rate': 0.00029035657472736945, 'num_resblk': 8, 'num_features': 128, 'weight_decay': 3.894108681866424e-05, 'num_cbam_blocks': 2, 'swin_window_size': 3, 'swin_num_heads': 8, 'swin_num_groups': 2, 'swin_mlp_ratio': 3.0}. Best is trial 43 with value: 4.354922127647978.
Early stopping triggered for trial 100 at epoch 040 | best epoch: 010
[I 2026-05-07 02:12:36,442] Trial 100 finished with value: 4.4813525466916175 and parameters: {'batch_size': 256, 'learning_rate': 0.0002644743604439161, 'num_resblk': 8, 'num_features': 128, 'weight_decay': 3.593036803652655e-05, 'num_cbam_blocks': 1, 'swin_window_size': 3, 'swin_num_heads': 2, 'swin_num_groups': 2, 'swin_mlp_ratio': 3.0}. Best is trial 43 with value: 4.354922127647978.
Early stopping triggered for trial 101 at epoch 042 | best epoch: 012
[I 2026-05-07 02:18:30,572] Trial 101 finished with value: 4.661019891628211 and parameters: {'batch_size': 256, 'learning_rate': 0.0002868155799194561, 'num_resblk': 8, 'num_features': 128, 'weight_decay': 4.226818553723091e-05, 'num_cbam_blocks': 1, 'swin_window_size': 3, 'swin_num_heads': 2, 'swin_num_groups': 2, 'swin_mlp_ratio': 3.0}. Best is trial 43 with value: 4.354922127647978.
Early stopping triggered for trial 102 at epoch 038 | best epoch: 008
[I 2026-05-07 02:23:52,947] Trial 102 finished with value: 5.13855162307874 and parameters: {'batch_size': 256, 'learning_rate': 0.00029152800791124294, 'num_resblk': 8, 'num_features': 128, 'weight_decay': 3.728034301243096e-05, 'num_cbam_blocks': 1, 'swin_window_size': 3, 'swin_num_heads': 2, 'swin_num_groups': 2, 'swin_mlp_ratio': 3.0}. Best is trial 43 with value: 4.354922127647978.
Early stopping triggered for trial 103 at epoch 036 | best epoch: 006
[I 2026-05-07 02:28:58,714] Trial 103 finished with value: 5.289688601431634 and parameters: {'batch_size': 256, 'learning_rate': 0.00029642643929710317, 'num_resblk': 8, 'num_features': 128, 'weight_decay': 4.6042494784413606e-05, 'num_cbam_blocks': 1, 'swin_window_size': 3, 'swin_num_heads': 2, 'swin_num_groups': 2, 'swin_mlp_ratio': 3.0}. Best is trial 43 with value: 4.354922127647978.
Early stopping triggered for trial 104 at epoch 044 | best epoch: 014
[I 2026-05-07 02:35:10,015] Trial 104 finished with value: 4.7500827209222045 and parameters: {'batch_size': 256, 'learning_rate': 0.00028138043660673717, 'num_resblk': 8, 'num_features': 128, 'weight_decay': 3.386560900135733e-05, 'num_cbam_blocks': 1, 'swin_window_size': 3, 'swin_num_heads': 2, 'swin_num_groups': 2, 'swin_mlp_ratio': 3.0}. Best is trial 43 with value: 4.354922127647978.
Early stopping triggered for trial 105 at epoch 039 | best epoch: 009
[I 2026-05-07 02:40:40,204] Trial 105 finished with value: 5.067019878002252 and parameters: {'batch_size': 256, 'learning_rate': 0.00028750737938256567, 'num_resblk': 8, 'num_features': 128, 'weight_decay': 2.6301472774485313e-05, 'num_cbam_blocks': 1, 'swin_window_size': 3, 'swin_num_heads': 2, 'swin_num_groups': 2, 'swin_mlp_ratio': 3.0}. Best is trial 43 with value: 4.354922127647978.
[I 2026-05-07 02:41:46,953] Trial 106 pruned. 
[I 2026-05-07 02:42:19,254] Trial 107 pruned. 
Early stopping triggered for trial 108 at epoch 048 | best epoch: 018
[I 2026-05-07 02:49:12,028] Trial 108 finished with value: 5.058276622851641 and parameters: {'batch_size': 256, 'learning_rate': 0.0002931896799185067, 'num_resblk': 8, 'num_features': 128, 'weight_decay': 4.143190758959829e-05, 'num_cbam_blocks': 2, 'swin_window_size': 3, 'swin_num_heads': 2, 'swin_num_groups': 2, 'swin_mlp_ratio': 3.0}. Best is trial 43 with value: 4.354922127647978.
[I 2026-05-07 02:49:47,443] Trial 109 pruned. 
[I 2026-05-07 02:50:08,756] Trial 110 pruned. 
Early stopping triggered for trial 111 at epoch 055 | best epoch: 025
[I 2026-05-07 02:57:51,503] Trial 111 finished with value: 5.270168802914139 and parameters: {'batch_size': 256, 'learning_rate': 0.0002999581229661402, 'num_resblk': 8, 'num_features': 128, 'weight_decay': 7.026225741035952e-05, 'num_cbam_blocks': 1, 'swin_window_size': 3, 'swin_num_heads': 2, 'swin_num_groups': 2, 'swin_mlp_ratio': 3.0}. Best is trial 43 with value: 4.354922127647978.
[I 2026-05-07 02:58:36,916] Trial 112 pruned. 
[I 2026-05-07 02:59:22,368] Trial 113 pruned. 
slurmstepd: error: *** JOB 6594129 ON d4052 CANCELLED AT 2026-05-07T03:01:16 DUE TO TIME LIMIT ***
