[I 2026-05-08 07:43:41,694] Trial 381 finished with value: 7.8392198597482325 and parameters: {'batch_size': 256, 'learning_rate': 0.0002843587027982063, 'num_resblk': 10, 'num_features': 96, 'weight_decay': 0.0002838697573503166}. Best is trial 53 with value: 6.875694350335527.
Early stopping triggered for trial 382 at epoch 036 | best epoch: 006
[I 2026-05-08 07:44:55,207] Trial 382 finished with value: 7.95097186392803 and parameters: {'batch_size': 256, 'learning_rate': 0.0002732561383361654, 'num_resblk': 10, 'num_features': 96, 'weight_decay': 0.0003818161750759638}. Best is trial 53 with value: 6.875694350335527.
[I 2026-05-08 07:45:07,622] Trial 383 pruned. 
Early stopping triggered for trial 384 at epoch 035 | best epoch: 005
[I 2026-05-08 07:46:20,072] Trial 384 finished with value: 8.094157815893023 and parameters: {'batch_size': 256, 'learning_rate': 0.00027919758634648755, 'num_resblk': 10, 'num_features': 96, 'weight_decay': 0.0003034891657987099}. Best is trial 53 with value: 6.875694350335527.
Early stopping triggered for trial 385 at epoch 038 | best epoch: 008
[I 2026-05-08 07:47:38,836] Trial 385 finished with value: 8.24766966137117 and parameters: {'batch_size': 256, 'learning_rate': 0.00026098454394056183, 'num_resblk': 10, 'num_features': 96, 'weight_decay': 0.00039126707434776877}. Best is trial 53 with value: 6.875694350335527.
Early stopping triggered for trial 386 at epoch 040 | best epoch: 010
[I 2026-05-08 07:49:01,286] Trial 386 finished with value: 7.594986509543324 and parameters: {'batch_size': 256, 'learning_rate': 0.0002567579320575572, 'num_resblk': 10, 'num_features': 96, 'weight_decay': 0.00026437281085672483}. Best is trial 53 with value: 6.875694350335527.
Early stopping triggered for trial 387 at epoch 033 | best epoch: 003
[I 2026-05-08 07:50:10,071] Trial 387 finished with value: 8.048564501118422 and parameters: {'batch_size': 256, 'learning_rate': 0.00027066682379635706, 'num_resblk': 10, 'num_features': 96, 'weight_decay': 2.990415383858403e-05}. Best is trial 53 with value: 6.875694350335527.
Early stopping triggered for trial 388 at epoch 034 | best epoch: 004
[I 2026-05-08 07:51:05,095] Trial 388 finished with value: 8.601559433523274 and parameters: {'batch_size': 256, 'learning_rate': 0.0002643668386698689, 'num_resblk': 10, 'num_features': 64, 'weight_decay': 3.6235532936726475e-05}. Best is trial 53 with value: 6.875694350335527.
Early stopping triggered for trial 389 at epoch 034 | best epoch: 004
[I 2026-05-08 07:52:14,872] Trial 389 finished with value: 7.7453604666351 and parameters: {'batch_size': 256, 'learning_rate': 0.0002839261368456876, 'num_resblk': 10, 'num_features': 96, 'weight_decay': 4.19000549694502e-05}. Best is trial 53 with value: 6.875694350335527.
[I 2026-05-08 07:52:23,127] Trial 390 pruned. 
[I 2026-05-08 07:52:35,832] Trial 391 pruned. 
Early stopping triggered for trial 392 at epoch 033 | best epoch: 003
[I 2026-05-08 07:53:43,708] Trial 392 finished with value: 8.035875257155453 and parameters: {'batch_size': 256, 'learning_rate': 0.0002667484210022952, 'num_resblk': 10, 'num_features': 96, 'weight_decay': 7.183869835297561e-06}. Best is trial 53 with value: 6.875694350335527.
Early stopping triggered for trial 393 at epoch 035 | best epoch: 005
[I 2026-05-08 07:54:55,984] Trial 393 finished with value: 8.48143509069832 and parameters: {'batch_size': 256, 'learning_rate': 0.00020980748689222113, 'num_resblk': 10, 'num_features': 96, 'weight_decay': 0.0005396276913940736}. Best is trial 53 with value: 6.875694350335527.
Early stopping triggered for trial 394 at epoch 037 | best epoch: 007
[I 2026-05-08 07:55:55,050] Trial 394 finished with value: 7.829418012310807 and parameters: {'batch_size': 256, 'learning_rate': 0.00025972020689746727, 'num_resblk': 10, 'num_features': 64, 'weight_decay': 3.262040822222561e-05}. Best is trial 53 with value: 6.875694350335527.
Early stopping triggered for trial 395 at epoch 033 | best epoch: 003
[I 2026-05-08 07:57:03,119] Trial 395 finished with value: 8.219077036426274 and parameters: {'batch_size': 256, 'learning_rate': 0.0002815171069051089, 'num_resblk': 10, 'num_features': 96, 'weight_decay': 0.0004467037549508027}. Best is trial 53 with value: 6.875694350335527.
[I 2026-05-08 07:57:15,512] Trial 396 pruned. 
[I 2026-05-08 07:57:24,588] Trial 397 pruned. 
[I 2026-05-08 07:57:32,537] Trial 398 pruned. 
Early stopping triggered for trial 399 at epoch 041 | best epoch: 011
[I 2026-05-08 07:58:56,982] Trial 399 finished with value: 7.943572695397326 and parameters: {'batch_size': 256, 'learning_rate': 0.0002604475174709923, 'num_resblk': 10, 'num_features': 96, 'weight_decay': 5.215134997940477e-05}. Best is trial 53 with value: 6.875694350335527.
Early stopping triggered for trial 400 at epoch 047 | best epoch: 017
[I 2026-05-08 08:00:06,297] Trial 400 finished with value: 7.635421255326792 and parameters: {'batch_size': 256, 'learning_rate': 0.0002450846650232092, 'num_resblk': 4, 'num_features': 96, 'weight_decay': 0.00024681921312810654}. Best is trial 53 with value: 6.875694350335527.
[I 2026-05-08 08:00:15,275] Trial 401 pruned. 
[I 2026-05-08 08:00:24,302] Trial 402 pruned. 
[I 2026-05-08 08:00:31,344] Trial 403 pruned. 
[I 2026-05-08 08:01:19,654] Trial 404 pruned. 
[I 2026-05-08 08:01:28,887] Trial 405 pruned. 
Early stopping triggered for trial 406 at epoch 037 | best epoch: 007
[I 2026-05-08 08:02:23,560] Trial 406 finished with value: 7.520542700050615 and parameters: {'batch_size': 256, 'learning_rate': 0.00026990277314330456, 'num_resblk': 4, 'num_features': 96, 'weight_decay': 0.00011956354180048522}. Best is trial 53 with value: 6.875694350335527.
Early stopping triggered for trial 407 at epoch 038 | best epoch: 008
[I 2026-05-08 08:03:19,561] Trial 407 finished with value: 8.030528668751122 and parameters: {'batch_size': 256, 'learning_rate': 0.00023113459253766867, 'num_resblk': 4, 'num_features': 96, 'weight_decay': 0.0003128483777898777}. Best is trial 53 with value: 6.875694350335527.
[I 2026-05-08 08:03:32,446] Trial 408 pruned. 
[I 2026-05-08 08:03:41,830] Trial 409 pruned. 
Early stopping triggered for trial 410 at epoch 038 | best epoch: 008
[I 2026-05-08 08:05:22,056] Trial 410 finished with value: 7.895683339592143 and parameters: {'batch_size': 256, 'learning_rate': 0.0002508867060627455, 'num_resblk': 10, 'num_features': 64, 'weight_decay': 2.3958302163901064e-06}. Best is trial 53 with value: 6.875694350335527.
[I 2026-05-08 08:05:31,201] Trial 411 pruned. 
Early stopping triggered for trial 412 at epoch 034 | best epoch: 004
[I 2026-05-08 08:06:34,224] Trial 412 finished with value: 7.633146399007298 and parameters: {'batch_size': 256, 'learning_rate': 0.00021612083161682148, 'num_resblk': 8, 'num_features': 96, 'weight_decay': 9.322264752009278e-06}. Best is trial 53 with value: 6.875694350335527.
[I 2026-05-08 08:06:41,046] Trial 413 pruned. 
[I 2026-05-08 08:06:50,189] Trial 414 pruned. 
Early stopping triggered for trial 415 at epoch 044 | best epoch: 014
[I 2026-05-08 08:08:15,866] Trial 415 finished with value: 8.14342024915506 and parameters: {'batch_size': 256, 'learning_rate': 0.00026526091967511717, 'num_resblk': 6, 'num_features': 128, 'weight_decay': 3.382395013886049e-05}. Best is trial 53 with value: 6.875694350335527.
Early stopping triggered for trial 416 at epoch 032 | best epoch: 002
[I 2026-05-08 08:09:21,759] Trial 416 finished with value: 7.6374669371561055 and parameters: {'batch_size': 256, 'learning_rate': 0.0002593474528448675, 'num_resblk': 10, 'num_features': 96, 'weight_decay': 0.0003945250190158565}. Best is trial 53 with value: 6.875694350335527.
Early stopping triggered for trial 417 at epoch 038 | best epoch: 008
[I 2026-05-08 08:10:27,233] Trial 417 finished with value: 7.997225211030744 and parameters: {'batch_size': 256, 'learning_rate': 0.0002442104438779069, 'num_resblk': 4, 'num_features': 128, 'weight_decay': 0.00025604549481621084}. Best is trial 53 with value: 6.875694350335527.
Early stopping triggered for trial 418 at epoch 048 | best epoch: 018
[I 2026-05-08 08:11:37,319] Trial 418 finished with value: 7.779401440070534 and parameters: {'batch_size': 256, 'learning_rate': 0.00023534325262011054, 'num_resblk': 4, 'num_features': 96, 'weight_decay': 3.904887528724907e-05}. Best is trial 53 with value: 6.875694350335527.
Early stopping triggered for trial 419 at epoch 035 | best epoch: 005
[I 2026-05-08 08:12:37,845] Trial 419 finished with value: 7.787696540238706 and parameters: {'batch_size': 256, 'learning_rate': 0.0002704884159172859, 'num_resblk': 4, 'num_features': 128, 'weight_decay': 0.00015619508694199498}. Best is trial 53 with value: 6.875694350335527.
[I 2026-05-08 08:12:43,723] Trial 420 pruned. 
Early stopping triggered for trial 421 at epoch 032 | best epoch: 002
[I 2026-05-08 08:13:49,744] Trial 421 finished with value: 8.46236766698777 and parameters: {'batch_size': 256, 'learning_rate': 0.0002808534788650016, 'num_resblk': 10, 'num_features': 96, 'weight_decay': 2.997447373121572e-05}. Best is trial 53 with value: 6.875694350335527.
Early stopping triggered for trial 422 at epoch 034 | best epoch: 004
[I 2026-05-08 08:14:48,345] Trial 422 finished with value: 7.646088543112316 and parameters: {'batch_size': 256, 'learning_rate': 0.00025507172885686456, 'num_resblk': 4, 'num_features': 128, 'weight_decay': 6.019176949621799e-05}. Best is trial 53 with value: 6.875694350335527.
[I 2026-05-08 08:14:55,432] Trial 423 pruned. 
Early stopping triggered for trial 424 at epoch 042 | best epoch: 012
[I 2026-05-08 08:15:57,199] Trial 424 finished with value: 8.091439846033275 and parameters: {'batch_size': 256, 'learning_rate': 0.00024973105412069366, 'num_resblk': 4, 'num_features': 96, 'weight_decay': 0.00030077219531267184}. Best is trial 53 with value: 6.875694350335527.
Early stopping triggered for trial 425 at epoch 033 | best epoch: 003
[I 2026-05-08 08:17:17,695] Trial 425 finished with value: 7.913663281466848 and parameters: {'batch_size': 256, 'learning_rate': 0.00021334986428288736, 'num_resblk': 10, 'num_features': 128, 'weight_decay': 3.5075278366125667e-06}. Best is trial 53 with value: 6.875694350335527.
Early stopping triggered for trial 426 at epoch 038 | best epoch: 008
[I 2026-05-08 08:18:35,923] Trial 426 finished with value: 7.894639410909922 and parameters: {'batch_size': 256, 'learning_rate': 0.00010587303550322655, 'num_resblk': 10, 'num_features': 96, 'weight_decay': 4.023243693368864e-05}. Best is trial 53 with value: 6.875694350335527.
Early stopping triggered for trial 427 at epoch 033 | best epoch: 003
[I 2026-05-08 08:19:33,008] Trial 427 finished with value: 7.7770415183600825 and parameters: {'batch_size': 256, 'learning_rate': 0.00027158295306889895, 'num_resblk': 4, 'num_features': 128, 'weight_decay': 5.2369026964889786e-05}. Best is trial 53 with value: 6.875694350335527.
[I 2026-05-08 08:19:43,485] Trial 428 pruned. 
Early stopping triggered for trial 429 at epoch 034 | best epoch: 004
[I 2026-05-08 08:20:33,942] Trial 429 finished with value: 7.603628534867014 and parameters: {'batch_size': 256, 'learning_rate': 0.0002769245357500358, 'num_resblk': 4, 'num_features': 96, 'weight_decay': 2.4197260744858287e-05}. Best is trial 53 with value: 6.875694350335527.
Early stopping triggered for trial 430 at epoch 038 | best epoch: 008
[I 2026-05-08 08:21:39,867] Trial 430 finished with value: 7.755224582428527 and parameters: {'batch_size': 256, 'learning_rate': 0.0002584723601575751, 'num_resblk': 4, 'num_features': 128, 'weight_decay': 4.875906800756698e-05}. Best is trial 53 with value: 6.875694350335527.
Early stopping triggered for trial 431 at epoch 037 | best epoch: 007
[I 2026-05-08 08:22:42,264] Trial 431 finished with value: 7.3921223896680655 and parameters: {'batch_size': 256, 'learning_rate': 0.000266497809408413, 'num_resblk': 6, 'num_features': 96, 'weight_decay': 3.3115017261842276e-05}. Best is trial 53 with value: 6.875694350335527.
Early stopping triggered for trial 432 at epoch 035 | best epoch: 005
[I 2026-05-08 08:23:39,054] Trial 432 finished with value: 8.122725643704998 and parameters: {'batch_size': 256, 'learning_rate': 0.00019649745321298045, 'num_resblk': 10, 'num_features': 64, 'weight_decay': 0.00022067055928760526}. Best is trial 53 with value: 6.875694350335527.
Early stopping triggered for trial 433 at epoch 036 | best epoch: 006
[I 2026-05-08 08:24:41,550] Trial 433 finished with value: 8.082410424184042 and parameters: {'batch_size': 256, 'learning_rate': 0.000229858741541548, 'num_resblk': 4, 'num_features': 128, 'weight_decay': 0.00027466228459844914}. Best is trial 53 with value: 6.875694350335527.
[I 2026-05-08 08:24:51,062] Trial 434 pruned. 
Early stopping triggered for trial 435 at epoch 040 | best epoch: 010
[I 2026-05-08 08:26:39,822] Trial 435 finished with value: 7.652777023772593 and parameters: {'batch_size': 256, 'learning_rate': 0.00024083150218214366, 'num_resblk': 4, 'num_features': 128, 'weight_decay': 3.7044448107699e-05}. Best is trial 53 with value: 6.875694350335527.
Early stopping triggered for trial 436 at epoch 037 | best epoch: 007
[I 2026-05-08 08:27:56,085] Trial 436 finished with value: 8.160958648995052 and parameters: {'batch_size': 256, 'learning_rate': 0.00028961835631343595, 'num_resblk': 10, 'num_features': 96, 'weight_decay': 6.307256501845907e-05}. Best is trial 53 with value: 6.875694350335527.
Early stopping triggered for trial 437 at epoch 043 | best epoch: 013
[I 2026-05-08 08:29:10,106] Trial 437 finished with value: 8.127723643607034 and parameters: {'batch_size': 256, 'learning_rate': 0.00025274009996137576, 'num_resblk': 4, 'num_features': 128, 'weight_decay': 4.414347684433917e-05}. Best is trial 53 with value: 6.875694350335527.
[I 2026-05-08 08:29:19,149] Trial 438 pruned. 
Early stopping triggered for trial 439 at epoch 038 | best epoch: 008
[I 2026-05-08 08:30:51,661] Trial 439 finished with value: 7.559125732688948 and parameters: {'batch_size': 256, 'learning_rate': 0.00026077466828150264, 'num_resblk': 10, 'num_features': 128, 'weight_decay': 5.348736699200131e-05}. Best is trial 53 with value: 6.875694350335527.
Early stopping triggered for trial 440 at epoch 036 | best epoch: 006
[I 2026-05-08 08:31:58,846] Trial 440 finished with value: 7.910207397913367 and parameters: {'batch_size': 256, 'learning_rate': 0.0002811652538862751, 'num_resblk': 8, 'num_features': 96, 'weight_decay': 2.923233571436426e-05}. Best is trial 53 with value: 6.875694350335527.
Early stopping triggered for trial 441 at epoch 032 | best epoch: 002
[I 2026-05-08 08:32:53,988] Trial 441 finished with value: 8.041992505755385 and parameters: {'batch_size': 256, 'learning_rate': 0.0002693419289567935, 'num_resblk': 4, 'num_features': 128, 'weight_decay': 0.0001218481950094809}. Best is trial 53 with value: 6.875694350335527.
[I 2026-05-08 08:33:00,895] Trial 442 pruned. 
Early stopping triggered for trial 443 at epoch 041 | best epoch: 011
[I 2026-05-08 08:34:01,501] Trial 443 finished with value: 7.452004485934005 and parameters: {'batch_size': 256, 'learning_rate': 0.00024711718616881364, 'num_resblk': 4, 'num_features': 96, 'weight_decay': 0.0001039634810113802}. Best is trial 53 with value: 6.875694350335527.
Early stopping triggered for trial 444 at epoch 034 | best epoch: 004
[I 2026-05-08 08:35:24,038] Trial 444 finished with value: 7.28305231276634 and parameters: {'batch_size': 256, 'learning_rate': 0.00023526766734467436, 'num_resblk': 10, 'num_features': 128, 'weight_decay': 4.237130786961927e-05}. Best is trial 53 with value: 6.875694350335527.
Early stopping triggered for trial 445 at epoch 039 | best epoch: 009
[I 2026-05-08 08:36:16,179] Trial 445 finished with value: 8.005857041977567 and parameters: {'batch_size': 256, 'learning_rate': 0.0002426287524935774, 'num_resblk': 10, 'num_features': 32, 'weight_decay': 0.0002525425323511993}. Best is trial 53 with value: 6.875694350335527.
Early stopping triggered for trial 446 at epoch 033 | best epoch: 003
[I 2026-05-08 08:37:36,837] Trial 446 finished with value: 8.09951304757784 and parameters: {'batch_size': 256, 'learning_rate': 0.0002352952617952821, 'num_resblk': 10, 'num_features': 128, 'weight_decay': 0.00019784566133461057}. Best is trial 53 with value: 6.875694350335527.
Early stopping triggered for trial 447 at epoch 033 | best epoch: 003
[I 2026-05-08 08:38:45,650] Trial 447 finished with value: 7.914527262559798 and parameters: {'batch_size': 256, 'learning_rate': 0.00023097349272659784, 'num_resblk': 10, 'num_features': 96, 'weight_decay': 4.761297396988873e-05}. Best is trial 53 with value: 6.875694350335527.
[I 2026-05-08 08:39:00,552] Trial 448 pruned. 
Early stopping triggered for trial 449 at epoch 043 | best epoch: 013
[I 2026-05-08 08:40:29,284] Trial 449 finished with value: 8.261091053439353 and parameters: {'batch_size': 256, 'learning_rate': 0.00023750605452213668, 'num_resblk': 10, 'num_features': 96, 'weight_decay': 3.59471059182855e-05}. Best is trial 53 with value: 6.875694350335527.
[I 2026-05-08 08:40:44,297] Trial 450 pruned. 
Early stopping triggered for trial 451 at epoch 037 | best epoch: 007
[I 2026-05-08 08:42:01,392] Trial 451 finished with value: 7.093678823044394 and parameters: {'batch_size': 256, 'learning_rate': 0.00022565351096245743, 'num_resblk': 10, 'num_features': 96, 'weight_decay': 0.00032458196842976184}. Best is trial 53 with value: 6.875694350335527.
[I 2026-05-08 08:42:13,841] Trial 452 pruned. 
Early stopping triggered for trial 453 at epoch 037 | best epoch: 007
[I 2026-05-08 08:43:31,661] Trial 453 finished with value: 7.510643909089425 and parameters: {'batch_size': 256, 'learning_rate': 0.00023875613831446238, 'num_resblk': 10, 'num_features': 96, 'weight_decay': 0.0002884817903264538}. Best is trial 53 with value: 6.875694350335527.
Early stopping triggered for trial 454 at epoch 037 | best epoch: 007
[I 2026-05-08 08:44:49,472] Trial 454 finished with value: 8.14791914297843 and parameters: {'batch_size': 256, 'learning_rate': 0.00024771123112630105, 'num_resblk': 10, 'num_features': 96, 'weight_decay': 0.0003182925116449385}. Best is trial 53 with value: 6.875694350335527.
Early stopping triggered for trial 455 at epoch 035 | best epoch: 005
[I 2026-05-08 08:46:02,787] Trial 455 finished with value: 7.184825277156432 and parameters: {'batch_size': 256, 'learning_rate': 0.00022665908751035523, 'num_resblk': 10, 'num_features': 96, 'weight_decay': 0.0003220644644754912}. Best is trial 53 with value: 6.875694350335527.
Early stopping triggered for trial 456 at epoch 042 | best epoch: 012
[I 2026-05-08 08:47:30,064] Trial 456 finished with value: 8.235172661518115 and parameters: {'batch_size': 256, 'learning_rate': 0.00026407952705326666, 'num_resblk': 10, 'num_features': 96, 'weight_decay': 0.0003599761897079747}. Best is trial 53 with value: 6.875694350335527.
Early stopping triggered for trial 457 at epoch 036 | best epoch: 006
[I 2026-05-08 08:48:45,332] Trial 457 finished with value: 8.026790250951066 and parameters: {'batch_size': 256, 'learning_rate': 0.0002588359070751325, 'num_resblk': 10, 'num_features': 96, 'weight_decay': 0.0003474865010233456}. Best is trial 53 with value: 6.875694350335527.
Early stopping triggered for trial 458 at epoch 033 | best epoch: 003
[I 2026-05-08 08:49:54,818] Trial 458 finished with value: 8.626199609776805 and parameters: {'batch_size': 256, 'learning_rate': 0.000285875564789155, 'num_resblk': 10, 'num_features': 96, 'weight_decay': 0.00045819264110796306}. Best is trial 53 with value: 6.875694350335527.
Early stopping triggered for trial 459 at epoch 035 | best epoch: 005
[I 2026-05-08 08:51:08,772] Trial 459 finished with value: 8.164700924126896 and parameters: {'batch_size': 256, 'learning_rate': 0.0002763277155153221, 'num_resblk': 10, 'num_features': 96, 'weight_decay': 0.000395908822357409}. Best is trial 53 with value: 6.875694350335527.
[I 2026-05-08 08:51:21,442] Trial 460 pruned. 
Early stopping triggered for trial 461 at epoch 035 | best epoch: 005
[I 2026-05-08 08:52:17,991] Trial 461 finished with value: 8.316644447891326 and parameters: {'batch_size': 256, 'learning_rate': 0.00025270908112816755, 'num_resblk': 10, 'num_features': 64, 'weight_decay': 0.00025031652281813296}. Best is trial 53 with value: 6.875694350335527.
Early stopping triggered for trial 462 at epoch 035 | best epoch: 005
[I 2026-05-08 08:53:31,889] Trial 462 finished with value: 8.213321172873773 and parameters: {'batch_size': 256, 'learning_rate': 0.0002669400036818966, 'num_resblk': 10, 'num_features': 96, 'weight_decay': 0.00032187726171587904}. Best is trial 53 with value: 6.875694350335527.
Early stopping triggered for trial 463 at epoch 035 | best epoch: 005
[I 2026-05-08 08:54:45,455] Trial 463 finished with value: 7.872673018678466 and parameters: {'batch_size': 256, 'learning_rate': 0.00022701366443610081, 'num_resblk': 10, 'num_features': 96, 'weight_decay': 0.00027483745628076653}. Best is trial 53 with value: 6.875694350335527.
Early stopping triggered for trial 464 at epoch 032 | best epoch: 002
[I 2026-05-08 08:55:52,454] Trial 464 finished with value: 8.724437635720934 and parameters: {'batch_size': 256, 'learning_rate': 0.0002411773248298356, 'num_resblk': 10, 'num_features': 96, 'weight_decay': 0.0005114595547987906}. Best is trial 53 with value: 6.875694350335527.
Early stopping triggered for trial 465 at epoch 032 | best epoch: 002
[I 2026-05-08 08:56:59,553] Trial 465 finished with value: 8.119630634969877 and parameters: {'batch_size': 256, 'learning_rate': 0.00023379913970351715, 'num_resblk': 10, 'num_features': 96, 'weight_decay': 0.0004380410048411035}. Best is trial 53 with value: 6.875694350335527.
[I 2026-05-08 08:57:09,286] Trial 466 pruned. 
Early stopping triggered for trial 467 at epoch 034 | best epoch: 004
