[I 2026-05-08 03:55:51,590] Trial 143 finished with value: 8.068061088706386 and parameters: {'batch_size': 256, 'learning_rate': 0.00015899879438611872, 'num_resblk': 4, 'num_features': 128, 'weight_decay': 0.00011737157483188084}. Best is trial 53 with value: 6.875694350335527.
Early stopping triggered for trial 144 at epoch 041 | best epoch: 011
[I 2026-05-08 03:57:16,700] Trial 144 finished with value: 8.30892994758927 and parameters: {'batch_size': 256, 'learning_rate': 0.00026634398845114395, 'num_resblk': 16, 'num_features': 64, 'weight_decay': 0.0001377778410072396}. Best is trial 53 with value: 6.875694350335527.
Early stopping triggered for trial 145 at epoch 040 | best epoch: 010
[I 2026-05-08 03:58:25,897] Trial 145 finished with value: 7.576075358793084 and parameters: {'batch_size': 256, 'learning_rate': 0.0002483747650470368, 'num_resblk': 4, 'num_features': 128, 'weight_decay': 0.0002895045643707478}. Best is trial 53 with value: 6.875694350335527.
Early stopping triggered for trial 146 at epoch 043 | best epoch: 013
[I 2026-05-08 03:59:29,907] Trial 146 finished with value: 7.843719488301468 and parameters: {'batch_size': 256, 'learning_rate': 0.0002616899565565812, 'num_resblk': 4, 'num_features': 96, 'weight_decay': 0.00019741276403965086}. Best is trial 53 with value: 6.875694350335527.
Early stopping triggered for trial 147 at epoch 033 | best epoch: 003
[I 2026-05-08 04:00:27,090] Trial 147 finished with value: 7.794919312374484 and parameters: {'batch_size': 256, 'learning_rate': 0.00028002428359123353, 'num_resblk': 4, 'num_features': 128, 'weight_decay': 8.505955427823042e-05}. Best is trial 53 with value: 6.875694350335527.
Early stopping triggered for trial 148 at epoch 040 | best epoch: 010
[I 2026-05-08 04:01:27,683] Trial 148 finished with value: 7.612743889496628 and parameters: {'batch_size': 256, 'learning_rate': 0.00020049278954462155, 'num_resblk': 4, 'num_features': 96, 'weight_decay': 6.059805220956606e-05}. Best is trial 53 with value: 6.875694350335527.
Early stopping triggered for trial 149 at epoch 034 | best epoch: 004
[I 2026-05-08 04:02:17,419] Trial 149 finished with value: 8.138874924486098 and parameters: {'batch_size': 256, 'learning_rate': 0.00027297088102466515, 'num_resblk': 8, 'num_features': 64, 'weight_decay': 5.438318307222821e-05}. Best is trial 53 with value: 6.875694350335527.
Early stopping triggered for trial 150 at epoch 035 | best epoch: 005
[I 2026-05-08 04:03:18,626] Trial 150 finished with value: 7.96020833673486 and parameters: {'batch_size': 256, 'learning_rate': 0.00023794289476335474, 'num_resblk': 4, 'num_features': 128, 'weight_decay': 0.0002226358895132867}. Best is trial 53 with value: 6.875694350335527.
Early stopping triggered for trial 151 at epoch 043 | best epoch: 013
[I 2026-05-08 04:04:55,857] Trial 151 finished with value: 7.5896111034009826 and parameters: {'batch_size': 256, 'learning_rate': 0.00026560099746672294, 'num_resblk': 12, 'num_features': 96, 'weight_decay': 2.3678243642617863e-05}. Best is trial 53 with value: 6.875694350335527.
Early stopping triggered for trial 152 at epoch 035 | best epoch: 005
[I 2026-05-08 04:06:15,320] Trial 152 finished with value: 7.934945405489248 and parameters: {'batch_size': 256, 'learning_rate': 0.00027432317428421313, 'num_resblk': 12, 'num_features': 96, 'weight_decay': 1.8349099153238144e-05}. Best is trial 53 with value: 6.875694350335527.
Early stopping triggered for trial 153 at epoch 034 | best epoch: 004
[I 2026-05-08 04:07:32,433] Trial 153 finished with value: 8.452216557545675 and parameters: {'batch_size': 256, 'learning_rate': 0.0002598947579010887, 'num_resblk': 12, 'num_features': 96, 'weight_decay': 2.6476021491931592e-05}. Best is trial 53 with value: 6.875694350335527.
Early stopping triggered for trial 154 at epoch 037 | best epoch: 007
[I 2026-05-08 04:08:56,915] Trial 154 finished with value: 7.424037728378533 and parameters: {'batch_size': 256, 'learning_rate': 0.000253530685016181, 'num_resblk': 12, 'num_features': 96, 'weight_decay': 3.879477414821017e-05}. Best is trial 53 with value: 6.875694350335527.
Early stopping triggered for trial 155 at epoch 035 | best epoch: 005
[I 2026-05-08 04:10:10,695] Trial 155 finished with value: 8.338880659460871 and parameters: {'batch_size': 256, 'learning_rate': 0.0002653481828623695, 'num_resblk': 10, 'num_features': 96, 'weight_decay': 3.08681393992327e-05}. Best is trial 53 with value: 6.875694350335527.
Early stopping triggered for trial 156 at epoch 037 | best epoch: 007
[I 2026-05-08 04:11:50,741] Trial 156 finished with value: 7.732029915750975 and parameters: {'batch_size': 256, 'learning_rate': 0.00028845844237503, 'num_resblk': 12, 'num_features': 128, 'weight_decay': 0.00017223721713571194}. Best is trial 53 with value: 6.875694350335527.
Early stopping triggered for trial 157 at epoch 041 | best epoch: 011
[I 2026-05-08 04:12:51,691] Trial 157 finished with value: 7.976775382875896 and parameters: {'batch_size': 256, 'learning_rate': 0.0002458827574141833, 'num_resblk': 4, 'num_features': 96, 'weight_decay': 0.00025681657404499507}. Best is trial 53 with value: 6.875694350335527.
[I 2026-05-08 04:12:57,445] Trial 158 pruned. 
Early stopping triggered for trial 159 at epoch 032 | best epoch: 002
[I 2026-05-08 04:15:11,494] Trial 159 finished with value: 7.611893398860352 and parameters: {'batch_size': 256, 'learning_rate': 0.00025649415047915514, 'num_resblk': 14, 'num_features': 128, 'weight_decay': 2.0685988054102602e-05}. Best is trial 53 with value: 6.875694350335527.
[I 2026-05-08 04:15:18,387] Trial 160 pruned. 
[I 2026-05-08 04:15:32,190] Trial 161 pruned. 
Early stopping triggered for trial 162 at epoch 034 | best epoch: 004
[I 2026-05-08 04:16:49,218] Trial 162 finished with value: 7.82505303320979 and parameters: {'batch_size': 256, 'learning_rate': 0.0002544122965455409, 'num_resblk': 12, 'num_features': 96, 'weight_decay': 4.356549678374369e-05}. Best is trial 53 with value: 6.875694350335527.
Early stopping triggered for trial 163 at epoch 035 | best epoch: 005
[I 2026-05-08 04:18:09,253] Trial 163 finished with value: 7.874865626071481 and parameters: {'batch_size': 256, 'learning_rate': 0.00026108089573491795, 'num_resblk': 12, 'num_features': 96, 'weight_decay': 3.85597626829364e-05}. Best is trial 53 with value: 6.875694350335527.
Early stopping triggered for trial 164 at epoch 041 | best epoch: 011
[I 2026-05-08 04:19:41,903] Trial 164 finished with value: 8.280190192989044 and parameters: {'batch_size': 256, 'learning_rate': 0.000250876684678629, 'num_resblk': 12, 'num_features': 96, 'weight_decay': 4.831520973830767e-05}. Best is trial 53 with value: 6.875694350335527.
Early stopping triggered for trial 165 at epoch 032 | best epoch: 002
[I 2026-05-08 04:20:54,950] Trial 165 finished with value: 7.9539201613956605 and parameters: {'batch_size': 256, 'learning_rate': 0.00023072258954638596, 'num_resblk': 12, 'num_features': 96, 'weight_decay': 2.511626729074302e-05}. Best is trial 53 with value: 6.875694350335527.
Early stopping triggered for trial 166 at epoch 038 | best epoch: 008
[I 2026-05-08 04:22:21,657] Trial 166 finished with value: 7.974858258363675 and parameters: {'batch_size': 256, 'learning_rate': 0.0001771298899292985, 'num_resblk': 12, 'num_features': 96, 'weight_decay': 0.00020077247559004846}. Best is trial 53 with value: 6.875694350335527.
Early stopping triggered for trial 167 at epoch 033 | best epoch: 003
[I 2026-05-08 04:23:18,842] Trial 167 finished with value: 7.6465382590167685 and parameters: {'batch_size': 256, 'learning_rate': 0.00027505650273946977, 'num_resblk': 4, 'num_features': 128, 'weight_decay': 3.090920659541717e-05}. Best is trial 53 with value: 6.875694350335527.
Early stopping triggered for trial 168 at epoch 032 | best epoch: 002
[I 2026-05-08 04:24:37,729] Trial 168 finished with value: 7.69302893407024 and parameters: {'batch_size': 256, 'learning_rate': 0.0002819170353711492, 'num_resblk': 10, 'num_features': 128, 'weight_decay': 0.00011601002895735695}. Best is trial 53 with value: 6.875694350335527.
Early stopping triggered for trial 169 at epoch 035 | best epoch: 005
[I 2026-05-08 04:25:30,229] Trial 169 finished with value: 8.104292200026125 and parameters: {'batch_size': 256, 'learning_rate': 0.00024265269380667693, 'num_resblk': 4, 'num_features': 96, 'weight_decay': 0.0001577818655849356}. Best is trial 53 with value: 6.875694350335527.
Early stopping triggered for trial 170 at epoch 039 | best epoch: 009
[I 2026-05-08 04:26:38,653] Trial 170 finished with value: 7.899310190703218 and parameters: {'batch_size': 256, 'learning_rate': 0.0002656330033014962, 'num_resblk': 4, 'num_features': 128, 'weight_decay': 9.959680185371934e-05}. Best is trial 53 with value: 6.875694350335527.
Early stopping triggered for trial 171 at epoch 036 | best epoch: 006
[I 2026-05-08 04:27:42,087] Trial 171 finished with value: 7.570513657811811 and parameters: {'batch_size': 256, 'learning_rate': 0.00023653973204968296, 'num_resblk': 4, 'num_features': 128, 'weight_decay': 3.666005916484212e-05}. Best is trial 53 with value: 6.875694350335527.
Early stopping triggered for trial 172 at epoch 036 | best epoch: 006
[I 2026-05-08 04:28:44,634] Trial 172 finished with value: 7.332338481884827 and parameters: {'batch_size': 256, 'learning_rate': 0.00022304534385911878, 'num_resblk': 4, 'num_features': 128, 'weight_decay': 4.581882576691656e-05}. Best is trial 53 with value: 6.875694350335527.
Early stopping triggered for trial 173 at epoch 035 | best epoch: 005
[I 2026-05-08 04:29:45,637] Trial 173 finished with value: 8.007886406681143 and parameters: {'batch_size': 256, 'learning_rate': 0.00022531516538167132, 'num_resblk': 4, 'num_features': 128, 'weight_decay': 4.660788913927592e-05}. Best is trial 53 with value: 6.875694350335527.
Early stopping triggered for trial 174 at epoch 036 | best epoch: 006
[I 2026-05-08 04:30:48,230] Trial 174 finished with value: 7.517826658856761 and parameters: {'batch_size': 256, 'learning_rate': 0.0002574870170283594, 'num_resblk': 4, 'num_features': 128, 'weight_decay': 5.702753084305557e-05}. Best is trial 53 with value: 6.875694350335527.
Early stopping triggered for trial 175 at epoch 040 | best epoch: 010
[I 2026-05-08 04:31:58,125] Trial 175 finished with value: 7.987184545773671 and parameters: {'batch_size': 256, 'learning_rate': 0.00024744727890353593, 'num_resblk': 4, 'num_features': 128, 'weight_decay': 0.0001799987128018921}. Best is trial 53 with value: 6.875694350335527.
Early stopping triggered for trial 176 at epoch 053 | best epoch: 023
[I 2026-05-08 04:32:58,344] Trial 176 finished with value: 7.458855821509625 and parameters: {'batch_size': 256, 'learning_rate': 0.00021958259220834956, 'num_resblk': 4, 'num_features': 64, 'weight_decay': 0.00022447644574685545}. Best is trial 53 with value: 6.875694350335527.
[I 2026-05-08 04:33:10,822] Trial 177 pruned. 
Early stopping triggered for trial 178 at epoch 036 | best epoch: 006
[I 2026-05-08 04:34:56,253] Trial 178 finished with value: 7.383408248567277 and parameters: {'batch_size': 256, 'learning_rate': 0.00018477237511803558, 'num_resblk': 14, 'num_features': 128, 'weight_decay': 6.962378543121325e-05}. Best is trial 53 with value: 6.875694350335527.
[I 2026-05-08 04:35:14,248] Trial 179 pruned. 
Early stopping triggered for trial 180 at epoch 034 | best epoch: 004
[I 2026-05-08 04:36:54,885] Trial 180 finished with value: 8.320132026874786 and parameters: {'batch_size': 256, 'learning_rate': 0.0001739571875088015, 'num_resblk': 14, 'num_features': 128, 'weight_decay': 6.813165642228068e-05}. Best is trial 53 with value: 6.875694350335527.
Early stopping triggered for trial 181 at epoch 042 | best epoch: 012
[I 2026-05-08 04:38:57,289] Trial 181 finished with value: 8.413381165608111 and parameters: {'batch_size': 256, 'learning_rate': 0.00029993761728236705, 'num_resblk': 14, 'num_features': 128, 'weight_decay': 5.3499390653328314e-05}. Best is trial 53 with value: 6.875694350335527.
Early stopping triggered for trial 182 at epoch 034 | best epoch: 004
[I 2026-05-08 04:40:46,220] Trial 182 finished with value: 7.845452062958186 and parameters: {'batch_size': 256, 'learning_rate': 0.00018468657754429216, 'num_resblk': 16, 'num_features': 128, 'weight_decay': 3.360357303458059e-05}. Best is trial 53 with value: 6.875694350335527.
Early stopping triggered for trial 183 at epoch 038 | best epoch: 008
[I 2026-05-08 04:42:20,058] Trial 183 finished with value: 7.421883929008768 and parameters: {'batch_size': 256, 'learning_rate': 0.00025474862184803894, 'num_resblk': 10, 'num_features': 128, 'weight_decay': 4.133438042289135e-05}. Best is trial 53 with value: 6.875694350335527.
[I 2026-05-08 04:42:35,249] Trial 184 pruned. 
Early stopping triggered for trial 185 at epoch 034 | best epoch: 004
[I 2026-05-08 04:43:59,280] Trial 185 finished with value: 7.667782105654155 and parameters: {'batch_size': 256, 'learning_rate': 0.00026881420555823767, 'num_resblk': 10, 'num_features': 128, 'weight_decay': 8.802879870709127e-05}. Best is trial 53 with value: 6.875694350335527.
Early stopping triggered for trial 186 at epoch 039 | best epoch: 009
[I 2026-05-08 04:45:25,796] Trial 186 finished with value: 7.763135582150962 and parameters: {'batch_size': 256, 'learning_rate': 0.00024087490959207768, 'num_resblk': 8, 'num_features': 128, 'weight_decay': 0.00025519001234451373}. Best is trial 53 with value: 6.875694350335527.
Early stopping triggered for trial 187 at epoch 035 | best epoch: 005
[I 2026-05-08 04:46:44,667] Trial 187 finished with value: 8.079297679886361 and parameters: {'batch_size': 256, 'learning_rate': 0.0001846719306534655, 'num_resblk': 8, 'num_features': 128, 'weight_decay': 2.8360244551637966e-05}. Best is trial 53 with value: 6.875694350335527.
Early stopping triggered for trial 188 at epoch 035 | best epoch: 005
[I 2026-05-08 04:48:36,454] Trial 188 finished with value: 7.911505890084412 and parameters: {'batch_size': 256, 'learning_rate': 0.00019237573725427995, 'num_resblk': 16, 'num_features': 128, 'weight_decay': 2.6919814604223708e-06}. Best is trial 53 with value: 6.875694350335527.
Early stopping triggered for trial 189 at epoch 032 | best epoch: 002
[I 2026-05-08 04:49:32,509] Trial 189 finished with value: 8.127432159942527 and parameters: {'batch_size': 256, 'learning_rate': 0.00021725098063161185, 'num_resblk': 4, 'num_features': 128, 'weight_decay': 0.000182901376834323}. Best is trial 53 with value: 6.875694350335527.
Early stopping triggered for trial 190 at epoch 033 | best epoch: 003
[I 2026-05-08 04:51:09,869] Trial 190 finished with value: 8.367895243848679 and parameters: {'batch_size': 256, 'learning_rate': 0.00027216506347392744, 'num_resblk': 14, 'num_features': 128, 'weight_decay': 0.0001285163926493985}. Best is trial 53 with value: 6.875694350335527.
Early stopping triggered for trial 191 at epoch 040 | best epoch: 010
[I 2026-05-08 04:52:10,289] Trial 191 finished with value: 7.835831163159012 and parameters: {'batch_size': 256, 'learning_rate': 0.0002529969172368749, 'num_resblk': 4, 'num_features': 96, 'weight_decay': 4.111666522973172e-05}. Best is trial 53 with value: 6.875694350335527.
Early stopping triggered for trial 192 at epoch 033 | best epoch: 003
[I 2026-05-08 04:53:09,276] Trial 192 finished with value: 8.330872124348948 and parameters: {'batch_size': 256, 'learning_rate': 0.00024927597862956196, 'num_resblk': 12, 'num_features': 64, 'weight_decay': 4.9231748384464477e-05}. Best is trial 53 with value: 6.875694350335527.
[I 2026-05-08 04:53:21,994] Trial 193 pruned. 
Early stopping triggered for trial 194 at epoch 035 | best epoch: 005
[I 2026-05-08 04:54:22,956] Trial 194 finished with value: 7.9162205291687755 and parameters: {'batch_size': 256, 'learning_rate': 0.00026424495469134693, 'num_resblk': 4, 'num_features': 128, 'weight_decay': 0.00021491381535395266}. Best is trial 53 with value: 6.875694350335527.
[I 2026-05-08 04:54:31,431] Trial 195 pruned. 
Early stopping triggered for trial 196 at epoch 034 | best epoch: 004
[I 2026-05-08 04:56:03,678] Trial 196 finished with value: 8.058020147925612 and parameters: {'batch_size': 256, 'learning_rate': 0.00026001559755553803, 'num_resblk': 12, 'num_features': 128, 'weight_decay': 0.00017135541233028414}. Best is trial 53 with value: 6.875694350335527.
Early stopping triggered for trial 197 at epoch 035 | best epoch: 005
[I 2026-05-08 04:56:57,092] Trial 197 finished with value: 7.168306682368116 and parameters: {'batch_size': 256, 'learning_rate': 0.00025320177148570035, 'num_resblk': 4, 'num_features': 96, 'weight_decay': 4.36627118283546e-05}. Best is trial 53 with value: 6.875694350335527.
Early stopping triggered for trial 198 at epoch 032 | best epoch: 002
[I 2026-05-08 04:57:53,643] Trial 198 finished with value: 8.49484470667951 and parameters: {'batch_size': 256, 'learning_rate': 0.00026620035346222685, 'num_resblk': 4, 'num_features': 128, 'weight_decay': 5.883855199513018e-05}. Best is trial 53 with value: 6.875694350335527.
Early stopping triggered for trial 199 at epoch 034 | best epoch: 004
[I 2026-05-08 04:58:45,279] Trial 199 finished with value: 7.325917861283002 and parameters: {'batch_size': 256, 'learning_rate': 0.00022651976977867904, 'num_resblk': 4, 'num_features': 96, 'weight_decay': 4.884364015277022e-05}. Best is trial 53 with value: 6.875694350335527.
Early stopping triggered for trial 200 at epoch 047 | best epoch: 017
[I 2026-05-08 04:59:56,620] Trial 200 finished with value: 7.630775711463419 and parameters: {'batch_size': 256, 'learning_rate': 0.00022302835698436043, 'num_resblk': 4, 'num_features': 96, 'weight_decay': 0.00031569019882375117}. Best is trial 53 with value: 6.875694350335527.
[I 2026-05-08 05:00:05,723] Trial 201 pruned. 
Early stopping triggered for trial 202 at epoch 037 | best epoch: 007
[I 2026-05-08 05:01:02,012] Trial 202 finished with value: 7.68389100690646 and parameters: {'batch_size': 256, 'learning_rate': 0.0002296089843843351, 'num_resblk': 4, 'num_features': 96, 'weight_decay': 7.634225880573171e-05}. Best is trial 53 with value: 6.875694350335527.
Early stopping triggered for trial 203 at epoch 035 | best epoch: 005
[I 2026-05-08 05:01:54,932] Trial 203 finished with value: 7.934686249938773 and parameters: {'batch_size': 256, 'learning_rate': 0.00023500217003789658, 'num_resblk': 4, 'num_features': 96, 'weight_decay': 4.612049259054163e-05}. Best is trial 53 with value: 6.875694350335527.
Early stopping triggered for trial 204 at epoch 038 | best epoch: 008
[I 2026-05-08 05:02:52,233] Trial 204 finished with value: 7.785569823828106 and parameters: {'batch_size': 256, 'learning_rate': 0.0002404097307910539, 'num_resblk': 4, 'num_features': 96, 'weight_decay': 4.864136607308768e-05}. Best is trial 53 with value: 6.875694350335527.
Early stopping triggered for trial 205 at epoch 046 | best epoch: 016
[I 2026-05-08 05:03:45,174] Trial 205 finished with value: 8.153813380655379 and parameters: {'batch_size': 256, 'learning_rate': 0.00022682444769760342, 'num_resblk': 4, 'num_features': 64, 'weight_decay': 0.0002018103366350942}. Best is trial 53 with value: 6.875694350335527.
[I 2026-05-08 05:03:56,259] Trial 206 pruned. 
Early stopping triggered for trial 207 at epoch 036 | best epoch: 006
[I 2026-05-08 05:04:51,072] Trial 207 finished with value: 6.958866791434683 and parameters: {'batch_size': 256, 'learning_rate': 0.00021529553534250462, 'num_resblk': 4, 'num_features': 96, 'weight_decay': 0.00023885830969615094}. Best is trial 53 with value: 6.875694350335527.
Early stopping triggered for trial 208 at epoch 036 | best epoch: 006
[I 2026-05-08 05:05:45,479] Trial 208 finished with value: 7.875854664310089 and parameters: {'batch_size': 256, 'learning_rate': 0.00021695169459755051, 'num_resblk': 4, 'num_features': 96, 'weight_decay': 0.0002619498658467094}. Best is trial 53 with value: 6.875694350335527.
Early stopping triggered for trial 209 at epoch 035 | best epoch: 005
[I 2026-05-08 05:06:38,593] Trial 209 finished with value: 8.011107146064298 and parameters: {'batch_size': 256, 'learning_rate': 0.00021309720997012599, 'num_resblk': 4, 'num_features': 96, 'weight_decay': 0.0002090872291100426}. Best is trial 53 with value: 6.875694350335527.
Early stopping triggered for trial 210 at epoch 041 | best epoch: 011
[I 2026-05-08 05:07:39,999] Trial 210 finished with value: 7.916953299753457 and parameters: {'batch_size': 256, 'learning_rate': 0.00017524144802291846, 'num_resblk': 4, 'num_features': 96, 'weight_decay': 0.00016586192261011632}. Best is trial 53 with value: 6.875694350335527.
[I 2026-05-08 05:07:49,103] Trial 211 pruned. 
Early stopping triggered for trial 212 at epoch 039 | best epoch: 009
[I 2026-05-08 05:08:48,773] Trial 212 finished with value: 7.318179819011544 and parameters: {'batch_size': 256, 'learning_rate': 0.00022405440039661753, 'num_resblk': 4, 'num_features': 96, 'weight_decay': 4.369945695437829e-05}. Best is trial 53 with value: 6.875694350335527.
Early stopping triggered for trial 213 at epoch 040 | best epoch: 010
[I 2026-05-08 05:09:49,088] Trial 213 finished with value: 7.586998312162228 and parameters: {'batch_size': 256, 'learning_rate': 0.00022167494206146046, 'num_resblk': 4, 'num_features': 96, 'weight_decay': 0.00023684854236224144}. Best is trial 53 with value: 6.875694350335527.
Early stopping triggered for trial 214 at epoch 037 | best epoch: 007
[I 2026-05-08 05:10:45,056] Trial 214 finished with value: 7.818960285809918 and parameters: {'batch_size': 256, 'learning_rate': 0.0002279608143315084, 'num_resblk': 4, 'num_features': 96, 'weight_decay': 6.341710764259898e-05}. Best is trial 53 with value: 6.875694350335527.
Early stopping triggered for trial 215 at epoch 035 | best epoch: 005
