[I 2026-04-10 23:26:49,367] Trial 68 finished with value: 3.300802899945167 and parameters: {'batch_size': 256, 'learning_rate': 0.0002951235884388829, 'num_resblk': 16, 'num_features': 128, 'weight_decay': 0.00016141275057264523, 'domain_hidden_dim': 256, 'alpha_domain': 0.23465797319732498}. Best is trial 66 with value: 3.2686059859491166.
Early stopping triggered for trial 069 at epoch 038 | best epoch: 008
[I 2026-04-10 23:34:22,535] Trial 69 finished with value: 3.290630079084827 and parameters: {'batch_size': 256, 'learning_rate': 0.00027965358513340135, 'num_resblk': 14, 'num_features': 128, 'weight_decay': 0.0005814005250865262, 'domain_hidden_dim': 256, 'alpha_domain': 0.36959181580741224}. Best is trial 66 with value: 3.2686059859491166.
[I 2026-04-10 23:35:16,028] Trial 70 pruned. 
Early stopping triggered for trial 071 at epoch 042 | best epoch: 012
[I 2026-04-10 23:43:34,004] Trial 71 finished with value: 3.295992274438181 and parameters: {'batch_size': 256, 'learning_rate': 0.000299694796358406, 'num_resblk': 14, 'num_features': 128, 'weight_decay': 0.000662049705698997, 'domain_hidden_dim': 256, 'alpha_domain': 0.28304098678202044}. Best is trial 66 with value: 3.2686059859491166.
Early stopping triggered for trial 072 at epoch 038 | best epoch: 008
[I 2026-04-10 23:51:04,448] Trial 72 finished with value: 3.289935435018232 and parameters: {'batch_size': 256, 'learning_rate': 0.00029049846888163603, 'num_resblk': 14, 'num_features': 128, 'weight_decay': 0.0006752744455292591, 'domain_hidden_dim': 256, 'alpha_domain': 0.27671505265226454}. Best is trial 66 with value: 3.2686059859491166.
Early stopping triggered for trial 073 at epoch 038 | best epoch: 008
[I 2026-04-10 23:58:37,433] Trial 73 finished with value: 3.2801767472297914 and parameters: {'batch_size': 256, 'learning_rate': 0.0002902147781614852, 'num_resblk': 14, 'num_features': 128, 'weight_decay': 0.000977372012274319, 'domain_hidden_dim': 256, 'alpha_domain': 0.27128307783707734}. Best is trial 66 with value: 3.2686059859491166.
Early stopping triggered for trial 074 at epoch 041 | best epoch: 011
[I 2026-04-11 00:06:45,343] Trial 74 finished with value: 3.289540913797194 and parameters: {'batch_size': 256, 'learning_rate': 0.00028934955002163907, 'num_resblk': 14, 'num_features': 128, 'weight_decay': 0.0008688575672059764, 'domain_hidden_dim': 256, 'alpha_domain': 0.41997924272896425}. Best is trial 66 with value: 3.2686059859491166.
Early stopping triggered for trial 075 at epoch 039 | best epoch: 009
[I 2026-04-11 00:14:30,451] Trial 75 finished with value: 3.2814248223458566 and parameters: {'batch_size': 256, 'learning_rate': 0.000289086004448656, 'num_resblk': 14, 'num_features': 128, 'weight_decay': 0.0008858671120590417, 'domain_hidden_dim': 256, 'alpha_domain': 0.23869113623524754}. Best is trial 66 with value: 3.2686059859491166.
Early stopping triggered for trial 076 at epoch 034 | best epoch: 004
[I 2026-04-11 00:21:16,954] Trial 76 finished with value: 3.31561117787515 and parameters: {'batch_size': 256, 'learning_rate': 0.0002914932053960289, 'num_resblk': 14, 'num_features': 128, 'weight_decay': 0.0009797114635506652, 'domain_hidden_dim': 256, 'alpha_domain': 0.396570189366318}. Best is trial 66 with value: 3.2686059859491166.
Early stopping triggered for trial 077 at epoch 038 | best epoch: 008
[I 2026-04-11 00:29:27,856] Trial 77 finished with value: 3.296998746933476 and parameters: {'batch_size': 256, 'learning_rate': 0.0002768342897284099, 'num_resblk': 16, 'num_features': 128, 'weight_decay': 0.0003842100333667604, 'domain_hidden_dim': 256, 'alpha_domain': 0.2631480937422951}. Best is trial 66 with value: 3.2686059859491166.
[I 2026-04-11 00:30:34,049] Trial 78 pruned. 
Early stopping triggered for trial 079 at epoch 037 | best epoch: 007
[I 2026-04-11 00:37:52,380] Trial 79 finished with value: 3.3038061818768902 and parameters: {'batch_size': 256, 'learning_rate': 0.0002887188003758809, 'num_resblk': 14, 'num_features': 128, 'weight_decay': 0.000571873502016287, 'domain_hidden_dim': 256, 'alpha_domain': 0.17293212258858287}. Best is trial 66 with value: 3.2686059859491166.
Early stopping triggered for trial 080 at epoch 037 | best epoch: 007
[I 2026-04-11 00:45:10,055] Trial 80 finished with value: 3.267389743558822 and parameters: {'batch_size': 256, 'learning_rate': 0.0002656540074433801, 'num_resblk': 14, 'num_features': 128, 'weight_decay': 0.0007480500452758049, 'domain_hidden_dim': 256, 'alpha_domain': 0.15129784248591469}. Best is trial 80 with value: 3.267389743558822.
Early stopping triggered for trial 081 at epoch 037 | best epoch: 007
[I 2026-04-11 00:52:27,118] Trial 81 finished with value: 3.2898427594092583 and parameters: {'batch_size': 256, 'learning_rate': 0.0002784308748047827, 'num_resblk': 14, 'num_features': 128, 'weight_decay': 0.0007262967835188771, 'domain_hidden_dim': 256, 'alpha_domain': 0.15241192612657056}. Best is trial 80 with value: 3.267389743558822.
Early stopping triggered for trial 082 at epoch 036 | best epoch: 006
[I 2026-04-11 01:00:09,372] Trial 82 finished with value: 3.2997619798106532 and parameters: {'batch_size': 256, 'learning_rate': 0.0002785498580757556, 'num_resblk': 16, 'num_features': 128, 'weight_decay': 0.0007276472032234977, 'domain_hidden_dim': 256, 'alpha_domain': 0.14573360164583316}. Best is trial 80 with value: 3.267389743558822.
[I 2026-04-11 01:01:30,772] Trial 83 pruned. 
Early stopping triggered for trial 084 at epoch 037 | best epoch: 007
[I 2026-04-11 01:08:49,331] Trial 84 finished with value: 3.291680197561941 and parameters: {'batch_size': 256, 'learning_rate': 0.00028760199833921285, 'num_resblk': 14, 'num_features': 128, 'weight_decay': 0.0004841958435030537, 'domain_hidden_dim': 256, 'alpha_domain': 0.2501644102392582}. Best is trial 80 with value: 3.267389743558822.
Early stopping triggered for trial 085 at epoch 037 | best epoch: 007
[I 2026-04-11 01:16:07,237] Trial 85 finished with value: 3.298138749214911 and parameters: {'batch_size': 256, 'learning_rate': 0.00029826893287994844, 'num_resblk': 14, 'num_features': 128, 'weight_decay': 0.0006833466881226654, 'domain_hidden_dim': 256, 'alpha_domain': 0.12427966528086984}. Best is trial 80 with value: 3.267389743558822.
[I 2026-04-11 01:16:38,896] Trial 86 pruned. 
Early stopping triggered for trial 087 at epoch 038 | best epoch: 008
[I 2026-04-11 01:24:11,349] Trial 87 finished with value: 3.2790661781064925 and parameters: {'batch_size': 256, 'learning_rate': 0.00027598374918706687, 'num_resblk': 14, 'num_features': 128, 'weight_decay': 0.0005871454293600202, 'domain_hidden_dim': 256, 'alpha_domain': 0.19339594603577345}. Best is trial 80 with value: 3.267389743558822.
Early stopping triggered for trial 088 at epoch 036 | best epoch: 006
[I 2026-04-11 01:31:17,606] Trial 88 finished with value: 3.302893446337792 and parameters: {'batch_size': 256, 'learning_rate': 0.0002642956005266003, 'num_resblk': 14, 'num_features': 128, 'weight_decay': 0.0007897655611906659, 'domain_hidden_dim': 256, 'alpha_domain': 0.20316698257691165}. Best is trial 80 with value: 3.267389743558822.
[I 2026-04-11 01:32:22,441] Trial 89 pruned. 
[I 2026-04-11 01:33:37,882] Trial 90 pruned. 
[I 2026-04-11 01:34:47,729] Trial 91 pruned. 
[I 2026-04-11 01:36:20,835] Trial 92 pruned. 
[I 2026-04-11 01:37:30,475] Trial 93 pruned. 
Early stopping triggered for trial 094 at epoch 040 | best epoch: 010
[I 2026-04-11 01:45:24,307] Trial 94 finished with value: 3.2842895138648247 and parameters: {'batch_size': 256, 'learning_rate': 0.0002745446449337934, 'num_resblk': 14, 'num_features': 128, 'weight_decay': 0.0005040581140916754, 'domain_hidden_dim': 256, 'alpha_domain': 0.15444392735763965}. Best is trial 80 with value: 3.267389743558822.
[I 2026-04-11 01:46:07,640] Trial 95 pruned. 
Early stopping triggered for trial 096 at epoch 037 | best epoch: 007
[I 2026-04-11 01:53:26,460] Trial 96 finished with value: 3.29203958665171 and parameters: {'batch_size': 256, 'learning_rate': 0.0002934079108541069, 'num_resblk': 14, 'num_features': 128, 'weight_decay': 0.00021867357655117682, 'domain_hidden_dim': 256, 'alpha_domain': 0.12755135540898294}. Best is trial 80 with value: 3.267389743558822.
[I 2026-04-11 01:54:38,017] Trial 97 pruned. 
Early stopping triggered for trial 098 at epoch 036 | best epoch: 006
[I 2026-04-11 02:01:45,008] Trial 98 finished with value: 3.295888670029179 and parameters: {'batch_size': 256, 'learning_rate': 0.0002922603102404266, 'num_resblk': 14, 'num_features': 128, 'weight_decay': 0.0005315302211487756, 'domain_hidden_dim': 256, 'alpha_domain': 0.18673289830272943}. Best is trial 80 with value: 3.267389743558822.
[I 2026-04-11 02:03:10,456] Trial 99 pruned. 
[I 2026-04-11 02:03:39,799] Trial 100 pruned. 
[I 2026-04-11 02:05:01,307] Trial 101 pruned. 
[I 2026-04-11 02:06:34,267] Trial 102 pruned. 
[I 2026-04-11 02:07:43,812] Trial 103 pruned. 
Early stopping triggered for trial 104 at epoch 037 | best epoch: 007
[I 2026-04-11 02:15:38,603] Trial 104 finished with value: 3.2909051141431256 and parameters: {'batch_size': 256, 'learning_rate': 0.00028847275878404754, 'num_resblk': 16, 'num_features': 128, 'weight_decay': 0.0008004372336489235, 'domain_hidden_dim': 256, 'alpha_domain': 0.0847526959473462}. Best is trial 80 with value: 3.267389743558822.
slurmstepd: error: *** JOB 5849043 ON d4053 CANCELLED AT 2026-04-11T02:19:39 DUE TO TIME LIMIT ***
