[I 2026-05-08 02:40:10,213] Trial 66 finished with value: 7.988024148121541 and parameters: {'batch_size': 256, 'learning_rate': 0.00022687272171796404, 'num_resblk': 6, 'num_features': 96, 'weight_decay': 0.00016182960790367005}. Best is trial 53 with value: 6.875694350335527.
Early stopping triggered for trial 067 at epoch 034 | best epoch: 004
[I 2026-05-08 02:41:15,493] Trial 67 finished with value: 7.688753704263066 and parameters: {'batch_size': 256, 'learning_rate': 0.00028621072404231646, 'num_resblk': 8, 'num_features': 96, 'weight_decay': 0.00012442105720531226}. Best is trial 53 with value: 6.875694350335527.
Early stopping triggered for trial 068 at epoch 041 | best epoch: 011
[I 2026-05-08 02:42:25,244] Trial 68 finished with value: 7.94712234884974 and parameters: {'batch_size': 256, 'learning_rate': 0.00026586814699124556, 'num_resblk': 6, 'num_features': 96, 'weight_decay': 0.00038900269308367964}. Best is trial 53 with value: 6.875694350335527.
Early stopping triggered for trial 069 at epoch 034 | best epoch: 004
[I 2026-05-08 02:43:30,270] Trial 69 finished with value: 7.8889353764266 and parameters: {'batch_size': 256, 'learning_rate': 0.00024575361680287085, 'num_resblk': 8, 'num_features': 96, 'weight_decay': 0.0004945275082457593}. Best is trial 53 with value: 6.875694350335527.
Early stopping triggered for trial 070 at epoch 033 | best epoch: 003
[I 2026-05-08 02:44:26,536] Trial 70 finished with value: 8.012136114830113 and parameters: {'batch_size': 256, 'learning_rate': 0.00023140960155126813, 'num_resblk': 6, 'num_features': 96, 'weight_decay': 8.232767403614997e-05}. Best is trial 53 with value: 6.875694350335527.
Early stopping triggered for trial 071 at epoch 040 | best epoch: 010
[I 2026-05-08 02:45:27,585] Trial 71 finished with value: 7.810747975411041 and parameters: {'batch_size': 256, 'learning_rate': 0.0002695938843029764, 'num_resblk': 4, 'num_features': 96, 'weight_decay': 0.0002483394677208863}. Best is trial 53 with value: 6.875694350335527.
Early stopping triggered for trial 072 at epoch 041 | best epoch: 011
[I 2026-05-08 02:46:30,251] Trial 72 finished with value: 8.335452165004 and parameters: {'batch_size': 256, 'learning_rate': 0.0002775961236216546, 'num_resblk': 4, 'num_features': 96, 'weight_decay': 0.00030774227341617626}. Best is trial 53 with value: 6.875694350335527.
Early stopping triggered for trial 073 at epoch 040 | best epoch: 010
[I 2026-05-08 02:47:31,151] Trial 73 finished with value: 7.93587164473362 and parameters: {'batch_size': 256, 'learning_rate': 0.0002608494846847785, 'num_resblk': 4, 'num_features': 96, 'weight_decay': 0.0008493981233180664}. Best is trial 53 with value: 6.875694350335527.
[I 2026-05-08 02:47:37,217] Trial 74 pruned. 
[I 2026-05-08 02:47:44,409] Trial 75 pruned. 
[I 2026-05-08 02:47:55,967] Trial 76 pruned. 
Early stopping triggered for trial 077 at epoch 042 | best epoch: 012
[I 2026-05-08 02:48:52,525] Trial 77 finished with value: 8.247767482488939 and parameters: {'batch_size': 256, 'learning_rate': 0.0002538339951037848, 'num_resblk': 6, 'num_features': 64, 'weight_decay': 6.442454638170101e-05}. Best is trial 53 with value: 6.875694350335527.
Early stopping triggered for trial 078 at epoch 036 | best epoch: 006
[I 2026-05-08 02:49:47,842] Trial 78 finished with value: 8.491903154440218 and parameters: {'batch_size': 256, 'learning_rate': 0.00023696845583994264, 'num_resblk': 4, 'num_features': 96, 'weight_decay': 0.00021704180401873282}. Best is trial 53 with value: 6.875694350335527.
Early stopping triggered for trial 079 at epoch 053 | best epoch: 023
[I 2026-05-08 02:50:48,957] Trial 79 finished with value: 8.063775082861202 and parameters: {'batch_size': 256, 'learning_rate': 0.00029407593657083004, 'num_resblk': 4, 'num_features': 64, 'weight_decay': 0.0006516396319937881}. Best is trial 53 with value: 6.875694350335527.
[I 2026-05-08 02:50:56,412] Trial 80 pruned. 
Early stopping triggered for trial 081 at epoch 034 | best epoch: 004
[I 2026-05-08 02:51:55,742] Trial 81 finished with value: 7.210105168416412 and parameters: {'batch_size': 256, 'learning_rate': 0.00025668268571946975, 'num_resblk': 4, 'num_features': 128, 'weight_decay': 0.00018291558425240123}. Best is trial 53 with value: 6.875694350335527.
Early stopping triggered for trial 082 at epoch 036 | best epoch: 006
[I 2026-05-08 02:52:58,664] Trial 82 finished with value: 8.066064307231375 and parameters: {'batch_size': 256, 'learning_rate': 0.0002618810936530509, 'num_resblk': 4, 'num_features': 128, 'weight_decay': 0.00018183555261332138}. Best is trial 53 with value: 6.875694350335527.
Early stopping triggered for trial 083 at epoch 065 | best epoch: 035
[I 2026-05-08 02:54:50,401] Trial 83 finished with value: 8.624567795157313 and parameters: {'batch_size': 256, 'learning_rate': 0.00010313134797975704, 'num_resblk': 4, 'num_features': 128, 'weight_decay': 0.00014127248170917451}. Best is trial 53 with value: 6.875694350335527.
Early stopping triggered for trial 084 at epoch 033 | best epoch: 003
[I 2026-05-08 02:55:56,431] Trial 84 finished with value: 8.03052920959394 and parameters: {'batch_size': 256, 'learning_rate': 0.0002788423363484628, 'num_resblk': 6, 'num_features': 128, 'weight_decay': 0.0002623631028657295}. Best is trial 53 with value: 6.875694350335527.
Early stopping triggered for trial 085 at epoch 036 | best epoch: 006
[I 2026-05-08 02:56:59,301] Trial 85 finished with value: 8.190535169069506 and parameters: {'batch_size': 256, 'learning_rate': 0.00027172415489662964, 'num_resblk': 4, 'num_features': 128, 'weight_decay': 0.00012051115144527971}. Best is trial 53 with value: 6.875694350335527.
Early stopping triggered for trial 086 at epoch 034 | best epoch: 004
[I 2026-05-08 02:57:44,333] Trial 86 finished with value: 7.953906783189381 and parameters: {'batch_size': 256, 'learning_rate': 0.00024867752736217714, 'num_resblk': 6, 'num_features': 64, 'weight_decay': 0.00032222428104982336}. Best is trial 53 with value: 6.875694350335527.
Early stopping triggered for trial 087 at epoch 036 | best epoch: 006
[I 2026-05-08 02:58:47,380] Trial 87 finished with value: 7.3883789614185185 and parameters: {'batch_size': 256, 'learning_rate': 0.0002590043899544014, 'num_resblk': 4, 'num_features': 128, 'weight_decay': 2.756077761487781e-05}. Best is trial 53 with value: 6.875694350335527.
Early stopping triggered for trial 088 at epoch 038 | best epoch: 008
[I 2026-05-08 02:59:44,633] Trial 88 finished with value: 8.214310670318547 and parameters: {'batch_size': 256, 'learning_rate': 0.0002228295156980595, 'num_resblk': 4, 'num_features': 96, 'weight_decay': 2.7861839173332846e-05}. Best is trial 53 with value: 6.875694350335527.
Early stopping triggered for trial 089 at epoch 034 | best epoch: 004
[I 2026-05-08 03:01:08,657] Trial 89 finished with value: 8.514931772168433 and parameters: {'batch_size': 256, 'learning_rate': 0.0002330418976684764, 'num_resblk': 10, 'num_features': 128, 'weight_decay': 3.6682459179053625e-05}. Best is trial 53 with value: 6.875694350335527.
Early stopping triggered for trial 090 at epoch 035 | best epoch: 005
[I 2026-05-08 03:01:55,378] Trial 90 finished with value: 8.451804761865887 and parameters: {'batch_size': 256, 'learning_rate': 0.0002570540640229021, 'num_resblk': 6, 'num_features': 64, 'weight_decay': 5.6030454899854375e-05}. Best is trial 53 with value: 6.875694350335527.
Early stopping triggered for trial 091 at epoch 042 | best epoch: 012
[I 2026-05-08 03:03:08,247] Trial 91 finished with value: 7.625356201120055 and parameters: {'batch_size': 256, 'learning_rate': 0.00026885240948756515, 'num_resblk': 4, 'num_features': 128, 'weight_decay': 9.138977972121549e-05}. Best is trial 53 with value: 6.875694350335527.
Early stopping triggered for trial 092 at epoch 038 | best epoch: 008
[I 2026-05-08 03:04:14,666] Trial 92 finished with value: 7.400789110078861 and parameters: {'batch_size': 256, 'learning_rate': 0.0002405687265596004, 'num_resblk': 4, 'num_features': 128, 'weight_decay': 0.00018578304586555356}. Best is trial 53 with value: 6.875694350335527.
Early stopping triggered for trial 093 at epoch 033 | best epoch: 003
[I 2026-05-08 03:06:00,917] Trial 93 finished with value: 8.055994681372148 and parameters: {'batch_size': 256, 'learning_rate': 0.0002443028115405479, 'num_resblk': 16, 'num_features': 128, 'weight_decay': 7.191593571345848e-05}. Best is trial 53 with value: 6.875694350335527.
Early stopping triggered for trial 094 at epoch 032 | best epoch: 002
[I 2026-05-08 03:06:56,847] Trial 94 finished with value: 8.299756416640815 and parameters: {'batch_size': 256, 'learning_rate': 0.00023905137472450885, 'num_resblk': 4, 'num_features': 128, 'weight_decay': 0.00011278026278410215}. Best is trial 53 with value: 6.875694350335527.
Early stopping triggered for trial 095 at epoch 035 | best epoch: 005
[I 2026-05-08 03:07:57,886] Trial 95 finished with value: 7.12936380557415 and parameters: {'batch_size': 256, 'learning_rate': 0.0002610781508886015, 'num_resblk': 4, 'num_features': 128, 'weight_decay': 0.00017034412478425002}. Best is trial 53 with value: 6.875694350335527.
Early stopping triggered for trial 096 at epoch 035 | best epoch: 005
[I 2026-05-08 03:08:59,404] Trial 96 finished with value: 7.956386108707365 and parameters: {'batch_size': 256, 'learning_rate': 0.0002574983914661056, 'num_resblk': 4, 'num_features': 128, 'weight_decay': 0.0001806842239004779}. Best is trial 53 with value: 6.875694350335527.
Early stopping triggered for trial 097 at epoch 046 | best epoch: 016
[I 2026-05-08 03:10:19,683] Trial 97 finished with value: 8.15238660669094 and parameters: {'batch_size': 256, 'learning_rate': 0.00027865899196608717, 'num_resblk': 4, 'num_features': 128, 'weight_decay': 2.022207659823359e-05}. Best is trial 53 with value: 6.875694350335527.
[I 2026-05-08 03:10:30,268] Trial 98 pruned. 
[I 2026-05-08 03:10:40,799] Trial 99 pruned. 
[I 2026-05-08 03:10:51,562] Trial 100 pruned. 
Early stopping triggered for trial 101 at epoch 060 | best epoch: 030
[I 2026-05-08 03:12:35,307] Trial 101 finished with value: 7.773699722027201 and parameters: {'batch_size': 256, 'learning_rate': 0.00026316156912681456, 'num_resblk': 4, 'num_features': 128, 'weight_decay': 0.00014747553995547323}. Best is trial 53 with value: 6.875694350335527.
Early stopping triggered for trial 102 at epoch 034 | best epoch: 004
[I 2026-05-08 03:13:53,377] Trial 102 finished with value: 7.392251263327183 and parameters: {'batch_size': 256, 'learning_rate': 0.00029075093395835065, 'num_resblk': 12, 'num_features': 96, 'weight_decay': 0.00017409221001886443}. Best is trial 53 with value: 6.875694350335527.
Early stopping triggered for trial 103 at epoch 040 | best epoch: 010
[I 2026-05-08 03:15:42,621] Trial 103 finished with value: 7.380875389815011 and parameters: {'batch_size': 256, 'learning_rate': 0.00028926289265713445, 'num_resblk': 12, 'num_features': 128, 'weight_decay': 0.00021735568676022168}. Best is trial 53 with value: 6.875694350335527.
Early stopping triggered for trial 104 at epoch 036 | best epoch: 006
[I 2026-05-08 03:17:21,028] Trial 104 finished with value: 8.33862399382827 and parameters: {'batch_size': 256, 'learning_rate': 0.0002935565395929808, 'num_resblk': 12, 'num_features': 128, 'weight_decay': 8.810335827205031e-05}. Best is trial 53 with value: 6.875694350335527.
Early stopping triggered for trial 105 at epoch 036 | best epoch: 006
[I 2026-05-08 03:19:06,709] Trial 105 finished with value: 8.490717137165902 and parameters: {'batch_size': 256, 'learning_rate': 0.000285507044926486, 'num_resblk': 14, 'num_features': 128, 'weight_decay': 0.00040729110201979057}. Best is trial 53 with value: 6.875694350335527.
Early stopping triggered for trial 106 at epoch 032 | best epoch: 002
[I 2026-05-08 03:20:33,535] Trial 106 finished with value: 7.7556052643394775 and parameters: {'batch_size': 256, 'learning_rate': 0.00027696817086677315, 'num_resblk': 12, 'num_features': 128, 'weight_decay': 0.0001661193484697475}. Best is trial 53 with value: 6.875694350335527.
Early stopping triggered for trial 107 at epoch 034 | best epoch: 004
[I 2026-05-08 03:22:14,021] Trial 107 finished with value: 8.264854074485282 and parameters: {'batch_size': 256, 'learning_rate': 0.0002996615422659634, 'num_resblk': 14, 'num_features': 128, 'weight_decay': 0.00023823579991529212}. Best is trial 53 with value: 6.875694350335527.
Early stopping triggered for trial 108 at epoch 036 | best epoch: 006
[I 2026-05-08 03:23:18,041] Trial 108 finished with value: 8.1390713014515 and parameters: {'batch_size': 256, 'learning_rate': 0.00028438099972671985, 'num_resblk': 12, 'num_features': 64, 'weight_decay': 0.00034072760969873104}. Best is trial 53 with value: 6.875694350335527.
Early stopping triggered for trial 109 at epoch 035 | best epoch: 005
[I 2026-05-08 03:24:53,231] Trial 109 finished with value: 7.717670477737685 and parameters: {'batch_size': 256, 'learning_rate': 0.00029075787186627573, 'num_resblk': 12, 'num_features': 128, 'weight_decay': 0.00027440534740678094}. Best is trial 53 with value: 6.875694350335527.
[I 2026-05-08 03:25:02,407] Trial 110 pruned. 
Early stopping triggered for trial 111 at epoch 037 | best epoch: 007
[I 2026-05-08 03:26:19,963] Trial 111 finished with value: 7.9373935356017435 and parameters: {'batch_size': 256, 'learning_rate': 0.00025397793367507493, 'num_resblk': 10, 'num_features': 96, 'weight_decay': 0.0002167606161644645}. Best is trial 53 with value: 6.875694350335527.
Early stopping triggered for trial 112 at epoch 034 | best epoch: 004
[I 2026-05-08 03:27:59,954] Trial 112 finished with value: 8.15116962871651 and parameters: {'batch_size': 256, 'learning_rate': 0.0002649998524722101, 'num_resblk': 14, 'num_features': 128, 'weight_decay': 0.0002049684091268261}. Best is trial 53 with value: 6.875694350335527.
Early stopping triggered for trial 113 at epoch 037 | best epoch: 007
[I 2026-05-08 03:29:18,001] Trial 113 finished with value: 7.4004331232550165 and parameters: {'batch_size': 256, 'learning_rate': 0.00026001793481766276, 'num_resblk': 10, 'num_features': 96, 'weight_decay': 0.00017504441294554434}. Best is trial 53 with value: 6.875694350335527.
[I 2026-05-08 03:29:27,710] Trial 114 pruned. 
Early stopping triggered for trial 115 at epoch 041 | best epoch: 011
[I 2026-05-08 03:31:08,671] Trial 115 finished with value: 7.756338739040279 and parameters: {'batch_size': 256, 'learning_rate': 0.00022984346101070143, 'num_resblk': 10, 'num_features': 128, 'weight_decay': 0.00017456869208062268}. Best is trial 53 with value: 6.875694350335527.
Early stopping triggered for trial 116 at epoch 035 | best epoch: 005
[I 2026-05-08 03:32:21,264] Trial 116 finished with value: 7.98917342890264 and parameters: {'batch_size': 256, 'learning_rate': 0.00025867911453928685, 'num_resblk': 10, 'num_features': 96, 'weight_decay': 0.00028664965678607197}. Best is trial 53 with value: 6.875694350335527.
Early stopping triggered for trial 117 at epoch 037 | best epoch: 007
[I 2026-05-08 03:34:00,418] Trial 117 finished with value: 8.179216022825608 and parameters: {'batch_size': 256, 'learning_rate': 0.0002490800696587892, 'num_resblk': 12, 'num_features': 128, 'weight_decay': 0.00016160592502021816}. Best is trial 53 with value: 6.875694350335527.
Early stopping triggered for trial 118 at epoch 036 | best epoch: 006
[I 2026-05-08 03:34:58,268] Trial 118 finished with value: 7.979890321158587 and parameters: {'batch_size': 256, 'learning_rate': 0.00027887286972112937, 'num_resblk': 10, 'num_features': 64, 'weight_decay': 0.00047058336293788033}. Best is trial 53 with value: 6.875694350335527.
[I 2026-05-08 03:35:14,530] Trial 119 pruned. 
Early stopping triggered for trial 120 at epoch 033 | best epoch: 003
[I 2026-05-08 03:36:03,202] Trial 120 finished with value: 8.176620630398224 and parameters: {'batch_size': 256, 'learning_rate': 0.0002906417454448718, 'num_resblk': 4, 'num_features': 96, 'weight_decay': 9.652349042503745e-05}. Best is trial 53 with value: 6.875694350335527.
Early stopping triggered for trial 121 at epoch 038 | best epoch: 008
[I 2026-05-08 03:36:59,316] Trial 121 finished with value: 7.282991860825836 and parameters: {'batch_size': 256, 'learning_rate': 0.00026115768222675597, 'num_resblk': 4, 'num_features': 96, 'weight_decay': 0.00023120394960089353}. Best is trial 53 with value: 6.875694350335527.
[I 2026-05-08 03:37:08,375] Trial 122 pruned. 
[I 2026-05-08 03:37:17,630] Trial 123 pruned. 
Early stopping triggered for trial 124 at epoch 037 | best epoch: 007
[I 2026-05-08 03:38:12,498] Trial 124 finished with value: 7.404843165787712 and parameters: {'batch_size': 256, 'learning_rate': 0.0002581547353672244, 'num_resblk': 4, 'num_features': 96, 'weight_decay': 0.00013385058226514257}. Best is trial 53 with value: 6.875694350335527.
Early stopping triggered for trial 125 at epoch 036 | best epoch: 006
[I 2026-05-08 03:39:33,983] Trial 125 finished with value: 7.421852539716231 and parameters: {'batch_size': 256, 'learning_rate': 0.0002663664432820118, 'num_resblk': 12, 'num_features': 96, 'weight_decay': 2.7243779368064975e-05}. Best is trial 53 with value: 6.875694350335527.
Early stopping triggered for trial 126 at epoch 033 | best epoch: 003
[I 2026-05-08 03:40:30,877] Trial 126 finished with value: 7.42646974545692 and parameters: {'batch_size': 256, 'learning_rate': 0.0002352866512564356, 'num_resblk': 4, 'num_features': 128, 'weight_decay': 4.4406276557283755e-05}. Best is trial 53 with value: 6.875694350335527.
[I 2026-05-08 03:40:40,155] Trial 127 pruned. 
[I 2026-05-08 03:40:45,947] Trial 128 pruned. 
Early stopping triggered for trial 129 at epoch 047 | best epoch: 017
[I 2026-05-08 03:41:38,724] Trial 129 finished with value: 7.830569803418943 and parameters: {'batch_size': 256, 'learning_rate': 0.0002475294968436544, 'num_resblk': 4, 'num_features': 64, 'weight_decay': 1.5942724906638935e-05}. Best is trial 53 with value: 6.875694350335527.
Early stopping triggered for trial 130 at epoch 041 | best epoch: 011
[I 2026-05-08 03:43:27,775] Trial 130 finished with value: 8.061831783597563 and parameters: {'batch_size': 256, 'learning_rate': 0.00026216664386032496, 'num_resblk': 12, 'num_features': 128, 'weight_decay': 9.964496204313771e-06}. Best is trial 53 with value: 6.875694350335527.
Early stopping triggered for trial 131 at epoch 037 | best epoch: 007
[I 2026-05-08 03:44:22,062] Trial 131 finished with value: 7.957432180351691 and parameters: {'batch_size': 256, 'learning_rate': 0.0002569784857555292, 'num_resblk': 4, 'num_features': 96, 'weight_decay': 0.00012395785034309008}. Best is trial 53 with value: 6.875694350335527.
Early stopping triggered for trial 132 at epoch 046 | best epoch: 016
[I 2026-05-08 03:45:30,522] Trial 132 finished with value: 8.007281540320342 and parameters: {'batch_size': 256, 'learning_rate': 0.00026860803735002833, 'num_resblk': 4, 'num_features': 96, 'weight_decay': 0.0001548098795548959}. Best is trial 53 with value: 6.875694350335527.
Early stopping triggered for trial 133 at epoch 037 | best epoch: 007
[I 2026-05-08 03:46:47,329] Trial 133 finished with value: 7.97642615148497 and parameters: {'batch_size': 256, 'learning_rate': 0.0002582563983472114, 'num_resblk': 10, 'num_features': 96, 'weight_decay': 0.0001378253783267298}. Best is trial 53 with value: 6.875694350335527.
[I 2026-05-08 03:46:56,422] Trial 134 pruned. 
Early stopping triggered for trial 135 at epoch 045 | best epoch: 015
[I 2026-05-08 03:48:03,392] Trial 135 finished with value: 7.742940511371986 and parameters: {'batch_size': 256, 'learning_rate': 0.00024198401063978185, 'num_resblk': 4, 'num_features': 96, 'weight_decay': 7.737160033972616e-06}. Best is trial 53 with value: 6.875694350335527.
Early stopping triggered for trial 136 at epoch 042 | best epoch: 012
[I 2026-05-08 03:49:15,142] Trial 136 finished with value: 7.3395133333061215 and parameters: {'batch_size': 256, 'learning_rate': 0.00017770448331570117, 'num_resblk': 4, 'num_features': 128, 'weight_decay': 7.67803422382788e-05}. Best is trial 53 with value: 6.875694350335527.
Early stopping triggered for trial 137 at epoch 051 | best epoch: 021
[I 2026-05-08 03:50:42,176] Trial 137 finished with value: 8.056521788822309 and parameters: {'batch_size': 256, 'learning_rate': 0.00017952025683870925, 'num_resblk': 4, 'num_features': 128, 'weight_decay': 7.753634525973608e-05}. Best is trial 53 with value: 6.875694350335527.
[I 2026-05-08 03:50:52,935] Trial 138 pruned. 
Early stopping triggered for trial 139 at epoch 035 | best epoch: 005
[I 2026-05-08 03:52:18,417] Trial 139 finished with value: 7.7965809345763875 and parameters: {'batch_size': 256, 'learning_rate': 0.00016787088197970618, 'num_resblk': 10, 'num_features': 128, 'weight_decay': 6.624036404884753e-05}. Best is trial 53 with value: 6.875694350335527.
Early stopping triggered for trial 140 at epoch 040 | best epoch: 010
[I 2026-05-08 03:53:26,829] Trial 140 finished with value: 7.947133696344311 and parameters: {'batch_size': 256, 'learning_rate': 0.00018904361234239368, 'num_resblk': 4, 'num_features': 128, 'weight_decay': 0.00010319329467802134}. Best is trial 53 with value: 6.875694350335527.
Early stopping triggered for trial 141 at epoch 040 | best epoch: 010
[I 2026-05-08 03:54:36,209] Trial 141 finished with value: 8.19124844890362 and parameters: {'batch_size': 256, 'learning_rate': 0.00020580008577390815, 'num_resblk': 4, 'num_features': 128, 'weight_decay': 0.00019446080945774755}. Best is trial 53 with value: 6.875694350335527.
[I 2026-05-08 03:54:45,331] Trial 142 pruned. 
Early stopping triggered for trial 143 at epoch 038 | best epoch: 008
