[I 2026-05-28 06:20:30,406] Trial 166 finished with value: 0.11088250237117993 and parameters: {'num_resblk': 14, 'batch_size': 512, 'learning_rate': 0.00027493075291289316, 'weight_decay': 3.838644647591593e-07, 'num_features': 192, 'num_groups': 4, 'reduction': 32, 'res_scale': 0.4, 'alpha_domain': 6.626119623749176e-05, 'domain_hidden_dim': 32}. Best is trial 143 with value: 0.10904314241262317.
Early stopping trial 0167 at epoch 045; best epoch 035.
[I 2026-05-28 06:28:09,887] Trial 167 finished with value: 0.10998300323904545 and parameters: {'num_resblk': 14, 'batch_size': 512, 'learning_rate': 0.00027183314160085243, 'weight_decay': 2.359128800664106e-07, 'num_features': 192, 'num_groups': 4, 'reduction': 32, 'res_scale': 0.4, 'alpha_domain': 7.026385015420906e-05, 'domain_hidden_dim': 32}. Best is trial 143 with value: 0.10904314241262317.
Early stopping trial 0168 at epoch 041; best epoch 031.
[I 2026-05-28 06:35:17,677] Trial 168 finished with value: 0.11137370997831597 and parameters: {'num_resblk': 14, 'batch_size': 512, 'learning_rate': 0.0002758157360017934, 'weight_decay': 1.4456379116156238e-07, 'num_features': 192, 'num_groups': 4, 'reduction': 32, 'res_scale': 0.4, 'alpha_domain': 7.38821444105506e-05, 'domain_hidden_dim': 32}. Best is trial 143 with value: 0.10904314241262317.
[I 2026-05-28 06:35:59,005] Trial 169 pruned. 
[I 2026-05-28 06:37:52,728] Trial 170 pruned. 
[I 2026-05-28 06:38:56,879] Trial 171 pruned. 
[I 2026-05-28 06:40:12,324] Trial 172 pruned. 
Early stopping trial 0173 at epoch 028; best epoch 018.
[I 2026-05-28 06:45:10,101] Trial 173 finished with value: 0.1100161949629395 and parameters: {'num_resblk': 14, 'batch_size': 512, 'learning_rate': 0.00025917592986477464, 'weight_decay': 2.7693653085616386e-07, 'num_features': 192, 'num_groups': 4, 'reduction': 32, 'res_scale': 0.4, 'alpha_domain': 0.000286296480098679, 'domain_hidden_dim': 32}. Best is trial 143 with value: 0.10904314241262317.
Early stopping trial 0174 at epoch 043; best epoch 033.
[I 2026-05-28 06:52:35,300] Trial 174 finished with value: 0.11107873074398257 and parameters: {'num_resblk': 14, 'batch_size': 512, 'learning_rate': 0.00026148195527082754, 'weight_decay': 2.5717441510474366e-07, 'num_features': 192, 'num_groups': 4, 'reduction': 32, 'res_scale': 0.4, 'alpha_domain': 0.0002940723261992188, 'domain_hidden_dim': 32}. Best is trial 143 with value: 0.10904314241262317.
[I 2026-05-28 06:54:02,360] Trial 175 pruned. 
Early stopping trial 0176 at epoch 032; best epoch 022.
[I 2026-05-28 06:59:41,077] Trial 176 finished with value: 0.11156544830771468 and parameters: {'num_resblk': 14, 'batch_size': 512, 'learning_rate': 0.00029420231336897224, 'weight_decay': 3.493587837161632e-07, 'num_features': 192, 'num_groups': 4, 'reduction': 32, 'res_scale': 0.4, 'alpha_domain': 0.00033712132100210485, 'domain_hidden_dim': 32}. Best is trial 143 with value: 0.10904314241262317.
Early stopping trial 0177 at epoch 030; best epoch 020.
[I 2026-05-28 07:05:38,492] Trial 177 finished with value: 0.11203094611131896 and parameters: {'num_resblk': 18, 'batch_size': 512, 'learning_rate': 0.0002858936476281178, 'weight_decay': 3.76859985667113e-07, 'num_features': 192, 'num_groups': 4, 'reduction': 16, 'res_scale': 0.4, 'alpha_domain': 0.00023619183286117802, 'domain_hidden_dim': 32}. Best is trial 143 with value: 0.10904314241262317.
[I 2026-05-28 07:06:19,324] Trial 178 pruned. 
[I 2026-05-28 07:07:35,446] Trial 179 pruned. 
Early stopping trial 0180 at epoch 032; best epoch 022.
[I 2026-05-28 07:13:26,606] Trial 180 finished with value: 0.11084208731721698 and parameters: {'num_resblk': 14, 'batch_size': 512, 'learning_rate': 0.00028594849008822234, 'weight_decay': 0.0009912066005444507, 'num_features': 192, 'num_groups': 4, 'reduction': 32, 'res_scale': 0.4, 'alpha_domain': 7.444633423704405e-05, 'domain_hidden_dim': 32}. Best is trial 143 with value: 0.10904314241262317.
[I 2026-05-28 07:14:35,094] Trial 181 pruned. 
[I 2026-05-28 07:15:39,682] Trial 182 pruned. 
[I 2026-05-28 07:16:44,935] Trial 183 pruned. 
Early stopping trial 0184 at epoch 035; best epoch 025.
[I 2026-05-28 07:23:02,561] Trial 184 finished with value: 0.11213635132525909 and parameters: {'num_resblk': 14, 'batch_size': 512, 'learning_rate': 0.00028099327902339645, 'weight_decay': 2.0758437144648595e-07, 'num_features': 192, 'num_groups': 4, 'reduction': 32, 'res_scale': 0.4, 'alpha_domain': 7.37788733683922e-05, 'domain_hidden_dim': 32}. Best is trial 143 with value: 0.10904314241262317.
[I 2026-05-28 07:24:06,179] Trial 185 pruned. 
Early stopping trial 0186 at epoch 036; best epoch 026.
[I 2026-05-28 07:30:23,807] Trial 186 finished with value: 0.11127944478993435 and parameters: {'num_resblk': 14, 'batch_size': 512, 'learning_rate': 0.000287866150221949, 'weight_decay': 5.112720814306233e-06, 'num_features': 192, 'num_groups': 1, 'reduction': 32, 'res_scale': 0.4, 'alpha_domain': 7.687848805753139e-05, 'domain_hidden_dim': 32}. Best is trial 143 with value: 0.10904314241262317.
[I 2026-05-28 07:31:36,191] Trial 187 pruned. 
[I 2026-05-28 07:33:05,409] Trial 188 pruned. 
[I 2026-05-28 07:34:01,034] Trial 189 pruned. 
[I 2026-05-28 07:35:40,611] Trial 190 pruned. 
[I 2026-05-28 07:36:55,350] Trial 191 pruned. 
[I 2026-05-28 07:38:05,154] Trial 192 pruned. 
[I 2026-05-28 07:39:17,515] Trial 193 pruned. 
[I 2026-05-28 07:42:52,092] Trial 194 pruned. 
[I 2026-05-28 07:44:02,882] Trial 195 pruned. 
[I 2026-05-28 07:45:13,097] Trial 196 pruned. 
Early stopping trial 0197 at epoch 038; best epoch 028.
[I 2026-05-28 07:52:18,136] Trial 197 finished with value: 0.11032755572770082 and parameters: {'num_resblk': 14, 'batch_size': 512, 'learning_rate': 0.00026433066287656984, 'weight_decay': 3.677132235091949e-05, 'num_features': 192, 'num_groups': 8, 'reduction': 32, 'res_scale': 0.4, 'alpha_domain': 0.001823930436920354, 'domain_hidden_dim': 32}. Best is trial 143 with value: 0.10904314241262317.
[I 2026-05-28 07:53:23,284] Trial 198 pruned. 
[I 2026-05-28 07:54:06,339] Trial 199 pruned. 
[I 2026-05-28 07:55:13,721] Trial 200 pruned. 
[I 2026-05-28 07:56:20,965] Trial 201 pruned. 
[I 2026-05-28 07:57:49,989] Trial 202 pruned. 
[I 2026-05-28 07:58:57,155] Trial 203 pruned. 
[I 2026-05-28 08:00:02,862] Trial 204 pruned. 
Early stopping trial 0205 at epoch 039; best epoch 029.
[I 2026-05-28 08:07:12,266] Trial 205 finished with value: 0.11163404933442553 and parameters: {'num_resblk': 14, 'batch_size': 512, 'learning_rate': 0.0002611475298793865, 'weight_decay': 5.834269783645843e-05, 'num_features': 192, 'num_groups': 8, 'reduction': 32, 'res_scale': 0.4, 'alpha_domain': 0.0002938971477968531, 'domain_hidden_dim': 32}. Best is trial 143 with value: 0.10904314241262317.
[I 2026-05-28 08:08:53,052] Trial 206 pruned. 
[I 2026-05-28 08:10:09,605] Trial 207 pruned. 
[I 2026-05-28 08:10:50,650] Trial 208 pruned. 
[I 2026-05-28 08:11:56,204] Trial 209 pruned. 
slurmstepd: error: *** JOB 7085347 ON d4052 CANCELLED AT 2026-05-28T08:12:03 DUE TO TIME LIMIT ***
