[I 2026-05-25 20:42:19,965] Trial 104 finished with value: 0.04416449721946601 and parameters: {'num_resblk': 24, 'batch_size': 256, 'learning_rate': 0.0002421971028508807, 'weight_decay': 1.5091750833957497e-07, 'num_features': 256, 'num_groups': 8, 'reduction': 32, 'res_scale': 0.4, 'alpha_domain': 0.0003773230187447557, 'domain_hidden_dim': 64}. Best is trial 26 with value: 0.04296191761839429.
Early stopping trial 0105 at epoch 013; best epoch 003.
[I 2026-05-25 20:46:07,218] Trial 105 finished with value: 0.045084179459552357 and parameters: {'num_resblk': 24, 'batch_size': 256, 'learning_rate': 0.0002526845154563795, 'weight_decay': 1.4726828075913181e-07, 'num_features': 256, 'num_groups': 1, 'reduction': 32, 'res_scale': 0.4, 'alpha_domain': 0.00037251740990538616, 'domain_hidden_dim': 64}. Best is trial 26 with value: 0.04296191761839429.
[I 2026-05-25 20:47:57,455] Trial 106 pruned. 
[I 2026-05-25 20:50:10,360] Trial 107 pruned. 
[I 2026-05-25 20:51:43,683] Trial 108 pruned. 
Early stopping trial 0109 at epoch 022; best epoch 012.
[I 2026-05-25 20:57:27,426] Trial 109 finished with value: 0.043741297233369364 and parameters: {'num_resblk': 18, 'batch_size': 256, 'learning_rate': 0.00025612274493000186, 'weight_decay': 2.3431978610076607e-07, 'num_features': 256, 'num_groups': 8, 'reduction': 16, 'res_scale': 0.4, 'alpha_domain': 0.000328257785578826, 'domain_hidden_dim': 64}. Best is trial 26 with value: 0.04296191761839429.
[I 2026-05-25 20:59:27,146] Trial 110 pruned. 
Early stopping trial 0111 at epoch 021; best epoch 011.
[I 2026-05-25 21:04:56,838] Trial 111 finished with value: 0.04456819619316507 and parameters: {'num_resblk': 18, 'batch_size': 256, 'learning_rate': 0.00024107268455665553, 'weight_decay': 1.0554604577773227e-07, 'num_features': 256, 'num_groups': 8, 'reduction': 16, 'res_scale': 0.4, 'alpha_domain': 0.000315783911520979, 'domain_hidden_dim': 64}. Best is trial 26 with value: 0.04296191761839429.
[I 2026-05-25 21:06:26,492] Trial 112 pruned. 
[I 2026-05-25 21:07:56,609] Trial 113 pruned. 
Early stopping trial 0114 at epoch 017; best epoch 007.
[I 2026-05-25 21:12:26,019] Trial 114 finished with value: 0.04510676344547792 and parameters: {'num_resblk': 18, 'batch_size': 256, 'learning_rate': 0.0002514261396349808, 'weight_decay': 1.6783657516057012e-07, 'num_features': 256, 'num_groups': 8, 'reduction': 16, 'res_scale': 0.4, 'alpha_domain': 0.00034031334700927675, 'domain_hidden_dim': 64}. Best is trial 26 with value: 0.04296191761839429.
Early stopping trial 0115 at epoch 017; best epoch 007.
[I 2026-05-25 21:17:05,103] Trial 115 finished with value: 0.04443676248263175 and parameters: {'num_resblk': 20, 'batch_size': 256, 'learning_rate': 0.00027724394398768646, 'weight_decay': 0.0001729442914373889, 'num_features': 224, 'num_groups': 8, 'reduction': 16, 'res_scale': 0.4, 'alpha_domain': 0.0003789756378969057, 'domain_hidden_dim': 64}. Best is trial 26 with value: 0.04296191761839429.
[I 2026-05-25 21:18:41,825] Trial 116 pruned. 
[I 2026-05-25 21:20:07,610] Trial 117 pruned. 
[I 2026-05-25 21:21:50,103] Trial 118 pruned. 
Early stopping trial 0119 at epoch 015; best epoch 005.
[I 2026-05-25 21:26:13,992] Trial 119 finished with value: 0.04395171664250477 and parameters: {'num_resblk': 24, 'batch_size': 256, 'learning_rate': 0.00021806534656883971, 'weight_decay': 1.2430634264966657e-07, 'num_features': 224, 'num_groups': 4, 'reduction': 32, 'res_scale': 0.4, 'alpha_domain': 0.00032515880499140863, 'domain_hidden_dim': 64}. Best is trial 26 with value: 0.04296191761839429.
[I 2026-05-25 21:27:53,038] Trial 120 pruned. 
[I 2026-05-25 21:29:32,938] Trial 121 pruned. 
[I 2026-05-25 21:31:11,330] Trial 122 pruned. 
Early stopping trial 0123 at epoch 023; best epoch 013.
[I 2026-05-25 21:37:45,327] Trial 123 finished with value: 0.044444862463857746 and parameters: {'num_resblk': 24, 'batch_size': 256, 'learning_rate': 0.00021079602521075055, 'weight_decay': 1.341885496607881e-07, 'num_features': 224, 'num_groups': 4, 'reduction': 32, 'res_scale': 0.4, 'alpha_domain': 0.00034304457256921484, 'domain_hidden_dim': 64}. Best is trial 26 with value: 0.04296191761839429.
[I 2026-05-25 21:39:26,815] Trial 124 pruned. 
Early stopping trial 0125 at epoch 027; best epoch 017.
[I 2026-05-25 21:47:00,561] Trial 125 finished with value: 0.04487889966926149 and parameters: {'num_resblk': 24, 'batch_size': 256, 'learning_rate': 0.0002446172012797185, 'weight_decay': 1.7101254511826397e-05, 'num_features': 256, 'num_groups': 1, 'reduction': 32, 'res_scale': 0.2, 'alpha_domain': 0.00021394874974035188, 'domain_hidden_dim': 64}. Best is trial 26 with value: 0.04296191761839429.
[I 2026-05-25 21:48:29,112] Trial 126 pruned. 
Early stopping trial 0127 at epoch 016; best epoch 006.
[I 2026-05-25 21:53:20,496] Trial 127 finished with value: 0.043590218515034605 and parameters: {'num_resblk': 24, 'batch_size': 256, 'learning_rate': 0.00036035009100126474, 'weight_decay': 5.506725862710352e-07, 'num_features': 224, 'num_groups': 8, 'reduction': 32, 'res_scale': 0.4, 'alpha_domain': 0.00030295911297637126, 'domain_hidden_dim': 64}. Best is trial 26 with value: 0.04296191761839429.
[I 2026-05-25 21:55:02,993] Trial 128 pruned. 
[I 2026-05-25 21:56:40,422] Trial 129 pruned. 
Early stopping trial 0130 at epoch 024; best epoch 014.
[I 2026-05-25 22:03:22,221] Trial 130 finished with value: 0.04528974496746716 and parameters: {'num_resblk': 24, 'batch_size': 256, 'learning_rate': 0.000345272009769101, 'weight_decay': 5.688936391879025e-07, 'num_features': 256, 'num_groups': 1, 'reduction': 16, 'res_scale': 0.4, 'alpha_domain': 0.00028960772483533254, 'domain_hidden_dim': 64}. Best is trial 26 with value: 0.04296191761839429.
[I 2026-05-25 22:05:05,239] Trial 131 pruned. 
[I 2026-05-25 22:06:47,247] Trial 132 pruned. 
[I 2026-05-25 22:09:03,255] Trial 133 pruned. 
[I 2026-05-25 22:10:46,537] Trial 134 pruned. 
[I 2026-05-25 22:12:23,256] Trial 135 pruned. 
[I 2026-05-25 22:14:02,240] Trial 136 pruned. 
Early stopping trial 0137 at epoch 015; best epoch 005.
[I 2026-05-25 22:18:30,628] Trial 137 finished with value: 0.04460243898732909 and parameters: {'num_resblk': 24, 'batch_size': 256, 'learning_rate': 0.00034163945225628193, 'weight_decay': 3.824813231321411e-07, 'num_features': 256, 'num_groups': 4, 'reduction': 32, 'res_scale': 0.05, 'alpha_domain': 0.00039139191761787626, 'domain_hidden_dim': 64}. Best is trial 26 with value: 0.04296191761839429.
[I 2026-05-25 22:20:05,436] Trial 138 pruned. 
[I 2026-05-25 22:21:33,452] Trial 139 pruned. 
[I 2026-05-25 22:23:06,024] Trial 140 pruned. 
[I 2026-05-25 22:25:01,477] Trial 141 pruned. 
Early stopping trial 0142 at epoch 017; best epoch 007.
[I 2026-05-25 22:29:21,407] Trial 142 finished with value: 0.04516559572829691 and parameters: {'num_resblk': 24, 'batch_size': 256, 'learning_rate': 0.00022822829255193485, 'weight_decay': 2.3088262456761372e-07, 'num_features': 192, 'num_groups': 8, 'reduction': 32, 'res_scale': 0.3, 'alpha_domain': 0.00039438692651829865, 'domain_hidden_dim': 64}. Best is trial 26 with value: 0.04296191761839429.
[I 2026-05-25 22:30:49,628] Trial 143 pruned. 
[I 2026-05-25 22:32:32,449] Trial 144 pruned. 
[I 2026-05-25 22:33:59,525] Trial 145 pruned. 
[I 2026-05-25 22:35:41,075] Trial 146 pruned. 
[I 2026-05-25 22:37:24,957] Trial 147 pruned. 
[I 2026-05-25 22:39:29,219] Trial 148 pruned. 
[I 2026-05-25 22:41:00,871] Trial 149 pruned. 
[I 2026-05-25 22:42:34,478] Trial 150 pruned. 
[I 2026-05-25 22:44:56,367] Trial 151 pruned. 
[I 2026-05-25 22:46:43,076] Trial 152 pruned. 
[I 2026-05-25 22:48:29,735] Trial 153 pruned. 
Early stopping trial 0154 at epoch 022; best epoch 012.
[I 2026-05-25 22:55:11,994] Trial 154 finished with value: 0.04418271284024277 and parameters: {'num_resblk': 24, 'batch_size': 256, 'learning_rate': 0.00021121913510556287, 'weight_decay': 7.318666136584763e-05, 'num_features': 256, 'num_groups': 8, 'reduction': 32, 'res_scale': 0.3, 'alpha_domain': 0.0004208964889691422, 'domain_hidden_dim': 64}. Best is trial 26 with value: 0.04296191761839429.
Early stopping trial 0155 at epoch 025; best epoch 015.
[I 2026-05-25 23:02:46,890] Trial 155 finished with value: 0.044001492132231715 and parameters: {'num_resblk': 24, 'batch_size': 256, 'learning_rate': 0.00020102414119758946, 'weight_decay': 7.112895980680305e-05, 'num_features': 256, 'num_groups': 8, 'reduction': 32, 'res_scale': 0.3, 'alpha_domain': 0.0004243460305167588, 'domain_hidden_dim': 64}. Best is trial 26 with value: 0.04296191761839429.
[I 2026-05-25 23:04:33,559] Trial 156 pruned. 
[I 2026-05-25 23:06:19,743] Trial 157 pruned. 
[I 2026-05-25 23:07:54,769] Trial 158 pruned. 
slurmstepd: error: *** JOB 7022792 ON d4052 CANCELLED AT 2026-05-25T23:10:45 DUE TO TIME LIMIT ***
