[I 2026-05-19 04:49:22,617] Trial 114 pruned. 
Early stopping trial 0115 at epoch 047; best epoch 017.
[I 2026-05-19 04:57:26,835] Trial 115 finished with value: 0.04292346153270395 and parameters: {'num_resblk': 16, 'batch_size': 256, 'learning_rate': 0.00025245349489952715, 'weight_decay': 0.00010948700590897672, 'num_features': 128, 'num_groups': 8, 'reduction': 16, 'res_scale': 0.2, 'alpha_domain': 0.002317166038935223, 'domain_hidden_dim': 64}. Best is trial 51 with value: 0.04184141287048646.
[I 2026-05-19 04:58:24,715] Trial 116 pruned. 
[I 2026-05-19 04:59:21,345] Trial 117 pruned. 
[I 2026-05-19 05:00:13,423] Trial 118 pruned. 
[I 2026-05-19 05:01:11,681] Trial 119 pruned. 
[I 2026-05-19 05:02:05,050] Trial 120 pruned. 
Early stopping trial 0121 at epoch 063; best epoch 033.
[I 2026-05-19 05:12:27,584] Trial 121 finished with value: 0.042270603795956325 and parameters: {'num_resblk': 16, 'batch_size': 256, 'learning_rate': 0.00026591444549590445, 'weight_decay': 6.91034385004682e-05, 'num_features': 128, 'num_groups': 8, 'reduction': 16, 'res_scale': 0.2, 'alpha_domain': 0.0011566691217069897, 'domain_hidden_dim': 64}. Best is trial 51 with value: 0.04184141287048646.
[I 2026-05-19 05:13:38,588] Trial 122 pruned. 
Early stopping trial 0123 at epoch 059; best epoch 029.
[I 2026-05-19 05:23:21,477] Trial 123 finished with value: 0.04217073132591531 and parameters: {'num_resblk': 16, 'batch_size': 256, 'learning_rate': 0.0002578362846703337, 'weight_decay': 6.409998713909818e-05, 'num_features': 128, 'num_groups': 8, 'reduction': 16, 'res_scale': 0.2, 'alpha_domain': 0.0015248172558004456, 'domain_hidden_dim': 64}. Best is trial 51 with value: 0.04184141287048646.
Early stopping trial 0124 at epoch 057; best epoch 027.
[I 2026-05-19 05:32:48,167] Trial 124 finished with value: 0.04242237691054432 and parameters: {'num_resblk': 16, 'batch_size': 256, 'learning_rate': 0.0002796242528137557, 'weight_decay': 4.752600663495943e-05, 'num_features': 128, 'num_groups': 8, 'reduction': 16, 'res_scale': 0.2, 'alpha_domain': 0.0015087097193217985, 'domain_hidden_dim': 64}. Best is trial 51 with value: 0.04184141287048646.
[I 2026-05-19 05:33:48,641] Trial 125 pruned. 
Early stopping trial 0126 at epoch 052; best epoch 022.
[I 2026-05-19 05:42:04,001] Trial 126 finished with value: 0.04203909788377359 and parameters: {'num_resblk': 14, 'batch_size': 256, 'learning_rate': 0.00024863685978173403, 'weight_decay': 3.2583843465532915e-05, 'num_features': 128, 'num_groups': 8, 'reduction': 16, 'res_scale': 0.2, 'alpha_domain': 0.0013065812330999784, 'domain_hidden_dim': 64}. Best is trial 51 with value: 0.04184141287048646.
Early stopping trial 0127 at epoch 056; best epoch 026.
[I 2026-05-19 05:50:55,205] Trial 127 finished with value: 0.042542884747911146 and parameters: {'num_resblk': 14, 'batch_size': 256, 'learning_rate': 0.0002498406918732102, 'weight_decay': 2.555235848950243e-05, 'num_features': 128, 'num_groups': 8, 'reduction': 16, 'res_scale': 0.2, 'alpha_domain': 0.0012486258213892667, 'domain_hidden_dim': 64}. Best is trial 51 with value: 0.04184141287048646.
slurmstepd: error: *** JOB 6902969 ON d4054 CANCELLED AT 2026-05-19T05:51:34 DUE TO TIME LIMIT ***
