Using device: cuda
Experiment folder: /projects/sds-lab/Shuochen/downscaling/preprocessed/tas.CanESM2.RCA4.day.NAM-44i.raw.RCM_RCM
Loaded shapes:
LR GCM X : torch.Size([54750, 1, 13, 29])
HR RCM y : torch.Size([54750, 1, 52, 116])
HR mask  : torch.Size([54750, 1, 52, 116])
HR elev  : torch.Size([54750, 1, 52, 116])
HR aux   : torch.Size([54750, 2, 52, 116])
Domain split:
Source train years: 1951-2005
Target domain years: 2071-2099
Target validation uses the same years with labels for evaluation.
train_start_idx: 0
train_end_idx  : 20075
val_start_idx  : 43800
val_end_idx    : 54385
Split shapes:
X_source  : torch.Size([20075, 1, 13, 29])
y_source  : torch.Size([20075, 1, 52, 116])
aux_source: torch.Size([20075, 2, 52, 116])
X_target  : torch.Size([10585, 1, 13, 29])
y_target  : torch.Size([10585, 1, 52, 116])
aux_target: torch.Size([10585, 2, 52, 116])
mask_target: torch.Size([10585, 1, 52, 116])
Normalization:
X_mean: 5.308799743652344
X_std : 9.80690860748291
y_mean: 5.909543037414551
y_std : 10.123307228088379
All trial outputs will be saved to: /projects/sds-lab/Shuochen/downscaling/preprocessed/tas.CanESM2.RCA4.day.NAM-44i.raw.RCM_RCM/trained_models/RCAN_HR_Aux_ShallowFusion_DANN/dann_2071_2099_bs512
[I 2026-05-27 02:40:05,506] A new study created in RDB with name: dann_2071_2099_bs512
Optuna study: dann_2071_2099_bs512
Optuna storage: sqlite:////projects/sds-lab/Shuochen/downscaling/preprocessed/tas.CanESM2.RCA4.day.NAM-44i.raw.RCM_RCM/trained_models/RCAN_HR_Aux_ShallowFusion_DANN/dann_2071_2099_bs512/optuna_study.db
DANN source domain: 1951-2005
DANN target domain: 2071-2099
/home/wang.shuoc/downscaling/train_dann.py:671: FutureWarning: `torch.cuda.amp.GradScaler(args...)` is deprecated. Please use `torch.amp.GradScaler('cuda', args...)` instead.
  scaler = torch.cuda.amp.GradScaler(enabled=use_amp)
/home/wang.shuoc/downscaling/train_dann.py:727: FutureWarning: `torch.cuda.amp.autocast(args...)` is deprecated. Please use `torch.amp.autocast('cuda', args...)` instead.
  with torch.cuda.amp.autocast(enabled=use_amp):
/home/wang.shuoc/downscaling/train_dann.py:592: FutureWarning: `torch.cuda.amp.autocast(args...)` is deprecated. Please use `torch.amp.autocast('cuda', args...)` instead.
  with torch.cuda.amp.autocast(enabled=use_amp):
Early stopping trial 0000 at epoch 084; best epoch 074.
[I 2026-05-27 02:54:36,847] Trial 0 finished with value: 0.001325645533840827 and parameters: {'num_resblk': 16, 'batch_size': 512, 'learning_rate': 0.00012042524834007196, 'weight_decay': 5.15250060106151e-06, 'num_features': 160, 'num_groups': 2, 'reduction': 16, 'res_scale': 0.3, 'alpha_domain': 0.00016633383141119356, 'domain_hidden_dim': 64}. Best is trial 0 with value: 0.001325645533840827.
Early stopping trial 0001 at epoch 085; best epoch 075.
[I 2026-05-27 03:04:49,898] Trial 1 finished with value: 0.001326426084705021 and parameters: {'num_resblk': 20, 'batch_size': 512, 'learning_rate': 0.00013363178343418178, 'weight_decay': 1.7470078801762635e-07, 'num_features': 128, 'num_groups': 2, 'reduction': 32, 'res_scale': 0.3, 'alpha_domain': 9.411023110090742e-05, 'domain_hidden_dim': 64}. Best is trial 0 with value: 0.001325645533840827.
Early stopping trial 0002 at epoch 049; best epoch 039.
[I 2026-05-27 03:13:04,665] Trial 2 finished with value: 0.001336382075791838 and parameters: {'num_resblk': 12, 'batch_size': 512, 'learning_rate': 0.00012092879247067815, 'weight_decay': 2.8458504264936462e-06, 'num_features': 192, 'num_groups': 8, 'reduction': 32, 'res_scale': 0.4, 'alpha_domain': 0.00018520519657328765, 'domain_hidden_dim': 32}. Best is trial 0 with value: 0.001325645533840827.
Early stopping trial 0003 at epoch 051; best epoch 041.
[I 2026-05-27 03:21:50,774] Trial 3 finished with value: 0.001258558140984918 and parameters: {'num_resblk': 14, 'batch_size': 512, 'learning_rate': 0.00017532284273943564, 'weight_decay': 7.252138573102303e-06, 'num_features': 192, 'num_groups': 4, 'reduction': 32, 'res_scale': 0.3, 'alpha_domain': 3.508829842336602e-05, 'domain_hidden_dim': 64}. Best is trial 3 with value: 0.001258558140984918.
Early stopping trial 0004 at epoch 043; best epoch 033.
[I 2026-05-27 03:26:44,771] Trial 4 finished with value: 0.0014040201875444081 and parameters: {'num_resblk': 16, 'batch_size': 512, 'learning_rate': 0.00019973670027064797, 'weight_decay': 5.078136738816594e-07, 'num_features': 128, 'num_groups': 4, 'reduction': 32, 'res_scale': 0.3, 'alpha_domain': 0.0022720661381112235, 'domain_hidden_dim': 64}. Best is trial 3 with value: 0.001258558140984918.
[I 2026-05-27 03:27:50,609] Trial 5 pruned. 
Early stopping trial 0006 at epoch 037; best epoch 027.
[I 2026-05-27 03:35:26,612] Trial 6 finished with value: 0.0014044724269314762 and parameters: {'num_resblk': 18, 'batch_size': 512, 'learning_rate': 0.00013911708412787555, 'weight_decay': 1.3091707210835967e-05, 'num_features': 192, 'num_groups': 8, 'reduction': 32, 'res_scale': 0.4, 'alpha_domain': 0.0015503014060121469, 'domain_hidden_dim': 32}. Best is trial 3 with value: 0.001258558140984918.
[I 2026-05-27 03:36:08,171] Trial 7 pruned. 
Early stopping trial 0008 at epoch 055; best epoch 045.
[I 2026-05-27 03:44:28,293] Trial 8 finished with value: 0.0012647135365784282 and parameters: {'num_resblk': 12, 'batch_size': 512, 'learning_rate': 0.00026734614665751384, 'weight_decay': 0.0007988985467358126, 'num_features': 160, 'num_groups': 2, 'reduction': 32, 'res_scale': 0.2, 'alpha_domain': 2.646121388476503e-05, 'domain_hidden_dim': 32}. Best is trial 3 with value: 0.001258558140984918.
[I 2026-05-27 03:45:32,547] Trial 9 pruned. 
Early stopping trial 0010 at epoch 024; best epoch 014.
[I 2026-05-27 03:49:47,218] Trial 10 finished with value: 0.0014865893684503572 and parameters: {'num_resblk': 14, 'batch_size': 512, 'learning_rate': 0.00018861308015445566, 'weight_decay': 5.185606207702051e-05, 'num_features': 192, 'num_groups': 4, 'reduction': 16, 'res_scale': 0.3, 'alpha_domain': 0.0008533053847254422, 'domain_hidden_dim': 64}. Best is trial 3 with value: 0.001258558140984918.
Early stopping trial 0011 at epoch 059; best epoch 049.
[I 2026-05-27 03:58:27,309] Trial 11 finished with value: 0.0012320131568275973 and parameters: {'num_resblk': 12, 'batch_size': 512, 'learning_rate': 0.00028175445961208326, 'weight_decay': 0.0006176156424116368, 'num_features': 160, 'num_groups': 1, 'reduction': 32, 'res_scale': 0.2, 'alpha_domain': 2.6568311101397926e-05, 'domain_hidden_dim': 64}. Best is trial 11 with value: 0.0012320131568275973.
/projects/sds-lab/Shuochen/miniconda3/envs/ai/lib/python3.9/site-packages/numpy/lib/nanfunctions.py:1384: RuntimeWarning: All-NaN slice encountered
  return _nanquantile_unchecked(
Early stopping trial 0012 at epoch 091; best epoch 081.
[I 2026-05-27 04:12:33,711] Trial 12 finished with value: 0.0012172156257817084 and parameters: {'num_resblk': 14, 'batch_size': 512, 'learning_rate': 0.0002889872066416041, 'weight_decay': 8.04959233083573e-05, 'num_features': 160, 'num_groups': 1, 'reduction': 32, 'res_scale': 0.2, 'alpha_domain': 5.57155931719279e-05, 'domain_hidden_dim': 64}. Best is trial 12 with value: 0.0012172156257817084.
Early stopping trial 0013 at epoch 065; best epoch 055.
[I 2026-05-27 04:22:45,321] Trial 13 finished with value: 0.0012400161560178753 and parameters: {'num_resblk': 14, 'batch_size': 512, 'learning_rate': 0.0002948537354011818, 'weight_decay': 0.00012520033344652948, 'num_features': 160, 'num_groups': 1, 'reduction': 32, 'res_scale': 0.2, 'alpha_domain': 5.78123988557302e-05, 'domain_hidden_dim': 64}. Best is trial 12 with value: 0.0012172156257817084.
[I 2026-05-27 04:23:38,893] Trial 14 pruned. 
[I 2026-05-27 04:24:35,912] Trial 15 pruned. 
[I 2026-05-27 04:33:08,112] Trial 16 pruned. 
[I 2026-05-27 04:34:13,527] Trial 17 pruned. 
[I 2026-05-27 04:35:07,979] Trial 18 pruned. 
[I 2026-05-27 04:36:04,477] Trial 19 pruned. 
[I 2026-05-27 04:36:41,909] Trial 20 pruned. 
Early stopping trial 0021 at epoch 047; best epoch 037.
[I 2026-05-27 04:44:10,787] Trial 21 finished with value: 0.0012614005395722913 and parameters: {'num_resblk': 14, 'batch_size': 512, 'learning_rate': 0.0002965064836897334, 'weight_decay': 0.00013974104723272321, 'num_features': 160, 'num_groups': 1, 'reduction': 32, 'res_scale': 0.2, 'alpha_domain': 5.64466709132909e-05, 'domain_hidden_dim': 64}. Best is trial 12 with value: 0.0012172156257817084.
Early stopping trial 0022 at epoch 064; best epoch 054.
[I 2026-05-27 04:54:16,828] Trial 22 finished with value: 0.0012437741614963523 and parameters: {'num_resblk': 14, 'batch_size': 512, 'learning_rate': 0.00026839077704406074, 'weight_decay': 0.0003240732001593995, 'num_features': 160, 'num_groups': 1, 'reduction': 32, 'res_scale': 0.2, 'alpha_domain': 4.9075698640195216e-05, 'domain_hidden_dim': 64}. Best is trial 12 with value: 0.0012172156257817084.
[I 2026-05-27 04:55:12,125] Trial 23 pruned. 
[I 2026-05-27 04:56:13,147] Trial 24 pruned. 
[I 2026-05-27 04:57:47,351] Trial 25 pruned. 
[I 2026-05-27 04:58:55,494] Trial 26 pruned. 
[I 2026-05-27 04:59:57,278] Trial 27 pruned. 
Early stopping trial 0028 at epoch 052; best epoch 042.
[I 2026-05-27 05:08:40,886] Trial 28 finished with value: 0.001239659619021828 and parameters: {'num_resblk': 12, 'batch_size': 512, 'learning_rate': 0.00027888236607449916, 'weight_decay': 0.00023462406306823592, 'num_features': 160, 'num_groups': 8, 'reduction': 32, 'res_scale': 0.2, 'alpha_domain': 1.8126652135342915e-05, 'domain_hidden_dim': 64}. Best is trial 12 with value: 0.0012172156257817084.
[I 2026-05-27 05:09:19,145] Trial 29 pruned. 
[I 2026-05-27 05:16:07,299] Trial 30 pruned. 
Early stopping trial 0031 at epoch 036; best epoch 026.
[I 2026-05-27 05:22:10,828] Trial 31 finished with value: 0.0013328891579984712 and parameters: {'num_resblk': 12, 'batch_size': 512, 'learning_rate': 0.00028662456581530344, 'weight_decay': 0.00022199605261522136, 'num_features': 160, 'num_groups': 8, 'reduction': 32, 'res_scale': 0.2, 'alpha_domain': 0.0001374854249253169, 'domain_hidden_dim': 64}. Best is trial 12 with value: 0.0012172156257817084.
[I 2026-05-27 05:23:09,588] Trial 32 pruned. 
[I 2026-05-27 05:24:15,972] Trial 33 pruned. 
Early stopping trial 0034 at epoch 050; best epoch 040.
[I 2026-05-27 05:34:32,577] Trial 34 finished with value: 0.001232834243946777 and parameters: {'num_resblk': 20, 'batch_size': 512, 'learning_rate': 0.0002510298291693605, 'weight_decay': 0.00020316779329518562, 'num_features': 160, 'num_groups': 8, 'reduction': 32, 'res_scale': 0.2, 'alpha_domain': 3.952724545054434e-05, 'domain_hidden_dim': 64}. Best is trial 12 with value: 0.0012172156257817084.
Early stopping trial 0035 at epoch 067; best epoch 057.
[I 2026-05-27 05:48:42,285] Trial 35 finished with value: 0.0011979222237728589 and parameters: {'num_resblk': 20, 'batch_size': 512, 'learning_rate': 0.0002391023653031327, 'weight_decay': 0.00022915870659375446, 'num_features': 192, 'num_groups': 8, 'reduction': 32, 'res_scale': 0.3, 'alpha_domain': 3.840046333495197e-05, 'domain_hidden_dim': 64}. Best is trial 35 with value: 0.0011979222237728589.
[I 2026-05-27 05:49:58,837] Trial 36 pruned. 
[I 2026-05-27 05:51:15,085] Trial 37 pruned. 
Early stopping trial 0038 at epoch 058; best epoch 048.
[I 2026-05-27 06:02:52,699] Trial 38 finished with value: 0.0011737371166555645 and parameters: {'num_resblk': 18, 'batch_size': 512, 'learning_rate': 0.00023713026445024233, 'weight_decay': 0.0004245271914839694, 'num_features': 192, 'num_groups': 8, 'reduction': 32, 'res_scale': 0.3, 'alpha_domain': 3.572297843826339e-05, 'domain_hidden_dim': 32}. Best is trial 38 with value: 0.0011737371166555645.
Early stopping trial 0039 at epoch 049; best epoch 039.
[I 2026-05-27 06:12:17,589] Trial 39 finished with value: 0.0012310598436681432 and parameters: {'num_resblk': 18, 'batch_size': 512, 'learning_rate': 0.00023749358994390885, 'weight_decay': 0.000401850617021262, 'num_features': 192, 'num_groups': 4, 'reduction': 16, 'res_scale': 0.3, 'alpha_domain': 9.659412836904871e-05, 'domain_hidden_dim': 32}. Best is trial 38 with value: 0.0011737371166555645.
[I 2026-05-27 06:14:00,645] Trial 40 pruned. 
Early stopping trial 0041 at epoch 048; best epoch 038.
[I 2026-05-27 06:23:14,465] Trial 41 finished with value: 0.0012324991522257446 and parameters: {'num_resblk': 18, 'batch_size': 512, 'learning_rate': 0.00023924774036393161, 'weight_decay': 0.00046176233995511696, 'num_features': 192, 'num_groups': 4, 'reduction': 16, 'res_scale': 0.3, 'alpha_domain': 2.6557434076762494e-05, 'domain_hidden_dim': 32}. Best is trial 38 with value: 0.0011737371166555645.
[I 2026-05-27 06:24:23,251] Trial 42 pruned. 
Early stopping trial 0043 at epoch 058; best epoch 048.
[I 2026-05-27 06:36:04,280] Trial 43 finished with value: 0.001198427397685181 and parameters: {'num_resblk': 20, 'batch_size': 512, 'learning_rate': 0.0002578892714123741, 'weight_decay': 0.0009961141209276834, 'num_features': 192, 'num_groups': 4, 'reduction': 16, 'res_scale': 0.3, 'alpha_domain': 7.409041777771007e-05, 'domain_hidden_dim': 32}. Best is trial 38 with value: 0.0011737371166555645.
[I 2026-05-27 06:44:28,066] Trial 44 pruned. 
Early stopping trial 0045 at epoch 050; best epoch 040.
[I 2026-05-27 06:54:39,625] Trial 45 finished with value: 0.0012009733634568438 and parameters: {'num_resblk': 20, 'batch_size': 512, 'learning_rate': 0.00023777176623851945, 'weight_decay': 0.00036539104672138307, 'num_features': 192, 'num_groups': 4, 'reduction': 16, 'res_scale': 0.3, 'alpha_domain': 0.00017257185366834017, 'domain_hidden_dim': 32}. Best is trial 38 with value: 0.0011737371166555645.
Early stopping trial 0046 at epoch 047; best epoch 037.
[I 2026-05-27 07:04:08,433] Trial 46 finished with value: 0.0012457558005365438 and parameters: {'num_resblk': 20, 'batch_size': 512, 'learning_rate': 0.0002608488800413091, 'weight_decay': 9.48153040400663e-05, 'num_features': 192, 'num_groups': 4, 'reduction': 16, 'res_scale': 0.3, 'alpha_domain': 0.00023072703030268898, 'domain_hidden_dim': 32}. Best is trial 38 with value: 0.0011737371166555645.
[I 2026-05-27 07:05:22,251] Trial 47 pruned. 
[I 2026-05-27 07:06:35,852] Trial 48 pruned. 
[I 2026-05-27 07:07:48,639] Trial 49 pruned. 
[I 2026-05-27 07:09:52,755] Trial 50 pruned. 
Early stopping trial 0051 at epoch 043; best epoch 033.
[I 2026-05-27 07:18:07,493] Trial 51 finished with value: 0.001250773917650034 and parameters: {'num_resblk': 18, 'batch_size': 512, 'learning_rate': 0.00023719375039515345, 'weight_decay': 0.0005234243321455797, 'num_features': 192, 'num_groups': 4, 'reduction': 16, 'res_scale': 0.3, 'alpha_domain': 0.00011329130891890697, 'domain_hidden_dim': 32}. Best is trial 38 with value: 0.0011737371166555645.
Early stopping trial 0052 at epoch 066; best epoch 056.
[I 2026-05-27 07:29:59,275] Trial 52 finished with value: 0.0011783489321539312 and parameters: {'num_resblk': 16, 'batch_size': 512, 'learning_rate': 0.00021732276165324573, 'weight_decay': 0.0004223439695810271, 'num_features': 192, 'num_groups': 4, 'reduction': 16, 'res_scale': 0.3, 'alpha_domain': 6.610841853574385e-05, 'domain_hidden_dim': 32}. Best is trial 38 with value: 0.0011737371166555645.
Early stopping trial 0053 at epoch 071; best epoch 061.
[I 2026-05-27 07:42:46,342] Trial 53 finished with value: 0.001212535768667703 and parameters: {'num_resblk': 16, 'batch_size': 512, 'learning_rate': 0.0002000959218981175, 'weight_decay': 0.0003543741981763024, 'num_features': 192, 'num_groups': 4, 'reduction': 16, 'res_scale': 0.3, 'alpha_domain': 6.435185723681333e-05, 'domain_hidden_dim': 32}. Best is trial 38 with value: 0.0011737371166555645.
[I 2026-05-27 07:43:53,259] Trial 54 pruned. 
Early stopping trial 0055 at epoch 071; best epoch 061.
[I 2026-05-27 07:56:46,919] Trial 55 finished with value: 0.0012005537963130485 and parameters: {'num_resblk': 16, 'batch_size': 512, 'learning_rate': 0.00021534108704000988, 'weight_decay': 0.00038830132243379865, 'num_features': 192, 'num_groups': 4, 'reduction': 16, 'res_scale': 0.3, 'alpha_domain': 7.056170534986144e-05, 'domain_hidden_dim': 32}. Best is trial 38 with value: 0.0011737371166555645.
[I 2026-05-27 07:59:01,322] Trial 56 pruned. 
[I 2026-05-27 08:00:12,305] Trial 57 pruned. 
[I 2026-05-27 08:00:53,025] Trial 58 pruned. 
Early stopping trial 0059 at epoch 039; best epoch 029.
[I 2026-05-27 08:08:55,985] Trial 59 finished with value: 0.0012465658748872582 and parameters: {'num_resblk': 20, 'batch_size': 512, 'learning_rate': 0.0002285723303307848, 'weight_decay': 3.9677412420039586e-05, 'num_features': 192, 'num_groups': 4, 'reduction': 16, 'res_scale': 0.4, 'alpha_domain': 3.311960007314111e-05, 'domain_hidden_dim': 32}. Best is trial 38 with value: 0.0011737371166555645.
[I 2026-05-27 08:15:02,182] Trial 60 pruned. 
[I 2026-05-27 08:16:06,762] Trial 61 pruned. 
[I 2026-05-27 08:17:10,171] Trial 62 pruned. 
Early stopping trial 0063 at epoch 045; best epoch 035.
[I 2026-05-27 08:25:15,089] Trial 63 finished with value: 0.0012439755892471697 and parameters: {'num_resblk': 16, 'batch_size': 512, 'learning_rate': 0.0002439533513642498, 'weight_decay': 0.0009946813611332649, 'num_features': 192, 'num_groups': 4, 'reduction': 16, 'res_scale': 0.3, 'alpha_domain': 7.353901387843478e-05, 'domain_hidden_dim': 32}. Best is trial 38 with value: 0.0011737371166555645.
Early stopping trial 0064 at epoch 054; best epoch 044.
[I 2026-05-27 08:35:30,424] Trial 64 finished with value: 0.0011922797834633529 and parameters: {'num_resblk': 18, 'batch_size': 512, 'learning_rate': 0.00025600049027390604, 'weight_decay': 0.00029684334428555143, 'num_features': 192, 'num_groups': 4, 'reduction': 16, 'res_scale': 0.3, 'alpha_domain': 0.00010638166623528631, 'domain_hidden_dim': 32}. Best is trial 38 with value: 0.0011737371166555645.
[I 2026-05-27 08:36:38,187] Trial 65 pruned. 
[I 2026-05-27 08:37:24,598] Trial 66 pruned. 
[I 2026-05-27 08:40:59,971] Trial 67 pruned. 
Early stopping trial 0068 at epoch 063; best epoch 053.
[I 2026-05-27 08:53:28,771] Trial 68 finished with value: 0.0011611607253470537 and parameters: {'num_resblk': 18, 'batch_size': 512, 'learning_rate': 0.0002733297272604193, 'weight_decay': 0.00029033468692297754, 'num_features': 192, 'num_groups': 8, 'reduction': 16, 'res_scale': 0.3, 'alpha_domain': 4.6465824588299805e-05, 'domain_hidden_dim': 32}. Best is trial 68 with value: 0.0011611607253470537.
Early stopping trial 0069 at epoch 079; best epoch 069.
[I 2026-05-27 09:09:00,033] Trial 69 finished with value: 0.0011804589709261742 and parameters: {'num_resblk': 18, 'batch_size': 512, 'learning_rate': 0.00027505808538017885, 'weight_decay': 0.0001602044501835788, 'num_features': 192, 'num_groups': 8, 'reduction': 16, 'res_scale': 0.3, 'alpha_domain': 1.33494104455372e-05, 'domain_hidden_dim': 32}. Best is trial 68 with value: 0.0011611607253470537.
[I 2026-05-27 09:10:10,781] Trial 70 pruned. 
[I 2026-05-27 09:11:45,269] Trial 71 pruned. 
Early stopping trial 0072 at epoch 065; best epoch 055.
[I 2026-05-27 09:23:58,522] Trial 72 finished with value: 0.0011823327109339943 and parameters: {'num_resblk': 16, 'batch_size': 512, 'learning_rate': 0.0002451639945966026, 'weight_decay': 0.00028237166410706135, 'num_features': 192, 'num_groups': 8, 'reduction': 16, 'res_scale': 0.3, 'alpha_domain': 2.5437543009028784e-05, 'domain_hidden_dim': 32}. Best is trial 68 with value: 0.0011611607253470537.
[I 2026-05-27 09:25:48,333] Trial 73 pruned. 
Early stopping trial 0074 at epoch 077; best epoch 067.
[I 2026-05-27 09:41:07,353] Trial 74 finished with value: 0.0011802698676810935 and parameters: {'num_resblk': 18, 'batch_size': 512, 'learning_rate': 0.00026974770637724026, 'weight_decay': 0.0002637412080190512, 'num_features': 192, 'num_groups': 8, 'reduction': 16, 'res_scale': 0.3, 'alpha_domain': 1.3173772780076718e-05, 'domain_hidden_dim': 32}. Best is trial 68 with value: 0.0011611607253470537.
[I 2026-05-27 09:42:42,839] Trial 75 pruned. 
[I 2026-05-27 09:43:29,670] Trial 76 pruned. 
Early stopping trial 0077 at epoch 048; best epoch 038.
[I 2026-05-27 09:52:49,147] Trial 77 finished with value: 0.0011873740733662303 and parameters: {'num_resblk': 16, 'batch_size': 512, 'learning_rate': 0.0002686380104692307, 'weight_decay': 1.61622292888427e-05, 'num_features': 192, 'num_groups': 8, 'reduction': 32, 'res_scale': 0.4, 'alpha_domain': 1.7466048424926746e-05, 'domain_hidden_dim': 32}. Best is trial 68 with value: 0.0011611607253470537.
