[I 2026-05-27 23:16:33,298] Trial 193 finished with value: 0.11621159997690604 and parameters: {'num_resblk': 20, 'batch_size': 512, 'learning_rate': 0.0002865454885155876, 'weight_decay': 8.442609850498143e-06, 'num_features': 192, 'num_groups': 2, 'reduction': 16, 'res_scale': 0.4, 'alpha_domain': 0.0012055802520429372, 'domain_hidden_dim': 32}. Best is trial 99 with value: 0.11395740635851596.
[I 2026-05-27 23:17:35,720] Trial 194 pruned. 
Early stopping trial 0195 at epoch 034; best epoch 024.
[I 2026-05-27 23:23:49,737] Trial 195 finished with value: 0.11471912628494306 and parameters: {'num_resblk': 16, 'batch_size': 512, 'learning_rate': 0.00027150789977228027, 'weight_decay': 1.9322692017571104e-05, 'num_features': 192, 'num_groups': 2, 'reduction': 16, 'res_scale': 0.4, 'alpha_domain': 0.0006607613969590126, 'domain_hidden_dim': 32}. Best is trial 99 with value: 0.11395740635851596.
[I 2026-05-27 23:24:34,924] Trial 196 pruned. 
[I 2026-05-27 23:25:39,351] Trial 197 pruned. 
[I 2026-05-27 23:26:50,319] Trial 198 pruned. 
[I 2026-05-27 23:28:04,046] Trial 199 pruned. 
[I 2026-05-27 23:29:06,772] Trial 200 pruned. 
[I 2026-05-27 23:30:12,057] Trial 201 pruned. 
[I 2026-05-27 23:31:22,152] Trial 202 pruned. 
[I 2026-05-27 23:32:27,145] Trial 203 pruned. 
[I 2026-05-27 23:33:23,581] Trial 204 pruned. 
[I 2026-05-27 23:34:27,900] Trial 205 pruned. 
[I 2026-05-27 23:35:28,486] Trial 206 pruned. 
[I 2026-05-27 23:36:41,289] Trial 207 pruned. 
[I 2026-05-27 23:37:26,851] Trial 208 pruned. 
[I 2026-05-27 23:38:39,873] Trial 209 pruned. 
[I 2026-05-27 23:40:05,827] Trial 210 pruned. 
[I 2026-05-27 23:41:43,677] Trial 211 pruned. 
[I 2026-05-27 23:44:30,547] Trial 212 pruned. 
[I 2026-05-27 23:46:05,660] Trial 213 pruned. 
[I 2026-05-27 23:47:18,046] Trial 214 pruned. 
[I 2026-05-27 23:48:54,636] Trial 215 pruned. 
[I 2026-05-27 23:50:08,558] Trial 216 pruned. 
[I 2026-05-27 23:51:16,319] Trial 217 pruned. 
[I 2026-05-27 23:52:28,335] Trial 218 pruned. 
[I 2026-05-27 23:54:05,785] Trial 219 pruned. 
[I 2026-05-27 23:55:09,045] Trial 220 pruned. 
[I 2026-05-27 23:56:14,438] Trial 221 pruned. 
[I 2026-05-27 23:57:21,010] Trial 222 pruned. 
[I 2026-05-27 23:58:27,127] Trial 223 pruned. 
[I 2026-05-27 23:59:33,109] Trial 224 pruned. 
[I 2026-05-28 00:00:18,559] Trial 225 pruned. 
[I 2026-05-28 00:01:22,582] Trial 226 pruned. 
[I 2026-05-28 00:04:12,589] Trial 227 pruned. 
[I 2026-05-28 00:05:22,387] Trial 228 pruned. 
[I 2026-05-28 00:06:37,403] Trial 229 pruned. 
[I 2026-05-28 00:07:51,131] Trial 230 pruned. 
[I 2026-05-28 00:08:58,328] Trial 231 pruned. 
[I 2026-05-28 00:10:11,922] Trial 232 pruned. 
[I 2026-05-28 00:11:26,839] Trial 233 pruned. 
[I 2026-05-28 00:12:35,120] Trial 234 pruned. 
[I 2026-05-28 00:13:50,432] Trial 235 pruned. 
[I 2026-05-28 00:15:03,468] Trial 236 pruned. 
[I 2026-05-28 00:16:11,605] Trial 237 pruned. 
[I 2026-05-28 00:16:57,819] Trial 238 pruned. 
Early stopping trial 0239 at epoch 026; best epoch 016.
[I 2026-05-28 00:22:33,282] Trial 239 finished with value: 0.1163505730178389 and parameters: {'num_resblk': 20, 'batch_size': 512, 'learning_rate': 0.000291859473392905, 'weight_decay': 1.2817025677301639e-05, 'num_features': 192, 'num_groups': 4, 'reduction': 16, 'res_scale': 0.4, 'alpha_domain': 0.0002669740563429835, 'domain_hidden_dim': 32}. Best is trial 99 with value: 0.11395740635851596.
[I 2026-05-28 00:23:48,657] Trial 240 pruned. 
[I 2026-05-28 00:24:59,149] Trial 241 pruned. 
[I 2026-05-28 00:26:10,247] Trial 242 pruned. 
[I 2026-05-28 00:27:20,350] Trial 243 pruned. 
[I 2026-05-28 00:29:52,682] Trial 244 pruned. 
slurmstepd: error: *** JOB 7085346 ON d4053 CANCELLED AT 2026-05-28T00:31:02 DUE TO TIME LIMIT ***
