Using device: cuda
Experiment folder: /projects/sds-lab/Shuochen/downscaling/preprocessed/tas.CanESM2.RCA4.day.NAM-44i.raw.GCM_RCM
Experiment branch: GCM_RCM
Domain condition: season
Loaded shapes:
LR GCM X : torch.Size([54750, 1, 13, 29])
HR RCM y : torch.Size([54750, 1, 52, 116])
HR mask  : torch.Size([54750, 1, 52, 116])
HR elev  : torch.Size([54750, 1, 52, 116])
HR aux   : torch.Size([54750, 2, 52, 116])
Domain split:
Source train years: 1951-2005
Target domain years: 2071-2099
Target validation uses the same years with labels for evaluation.
train_start_idx: 0
train_end_idx  : 20075
val_start_idx  : 43800
val_end_idx    : 54385
Split shapes:
X_source  : torch.Size([20075, 1, 13, 29])
y_source  : torch.Size([20075, 1, 52, 116])
aux_source: torch.Size([20075, 2, 52, 116])
domain_condition_source: torch.Size([20075, 2])
X_target  : torch.Size([10585, 1, 13, 29])
y_target  : torch.Size([10585, 1, 52, 116])
aux_target: torch.Size([10585, 2, 52, 116])
mask_target: torch.Size([10585, 1, 52, 116])
domain_condition_target: torch.Size([10585, 2])
Normalization:
X_mean: 7.1071882247924805
X_std : 11.00319766998291
y_mean: 5.909543037414551
y_std : 10.123307228088379
All trial outputs will be saved to: /projects/sds-lab/Shuochen/downscaling/preprocessed/tas.CanESM2.RCA4.day.NAM-44i.raw.GCM_RCM/trained_models/ClimateRCAN_ShallowFusion_DANN_new/dann_new_season_2071_2099_bs512
[I 2026-05-20 18:40:34,810] A new study created in RDB with name: dann_new_season_2071_2099_bs512
Optuna study: dann_new_season_2071_2099_bs512
Optuna storage: sqlite:////projects/sds-lab/Shuochen/downscaling/preprocessed/tas.CanESM2.RCA4.day.NAM-44i.raw.GCM_RCM/trained_models/ClimateRCAN_ShallowFusion_DANN_new/dann_new_season_2071_2099_bs512/optuna_study.db
DANN source domain: 1951-2005
DANN target domain: 2071-2099
DANN domain condition: season
DANN domain warmup epochs: 10
Comparison metric: normalized full-image target validation MSE over the full selected validation split
Comparison baseline: not set
/home/wang.shuoc/downscaling/train_dann_new.py:761: FutureWarning: `torch.cuda.amp.GradScaler(args...)` is deprecated. Please use `torch.amp.GradScaler('cuda', args...)` instead.
  scaler = torch.cuda.amp.GradScaler(enabled=use_amp)
/home/wang.shuoc/downscaling/train_dann_new.py:827: FutureWarning: `torch.cuda.amp.autocast(args...)` is deprecated. Please use `torch.amp.autocast('cuda', args...)` instead.
  with torch.cuda.amp.autocast(enabled=use_amp):
/home/wang.shuoc/downscaling/train_dann_new.py:682: FutureWarning: `torch.cuda.amp.autocast(args...)` is deprecated. Please use `torch.amp.autocast('cuda', args...)` instead.
  with torch.cuda.amp.autocast(enabled=use_amp):
Early stopping trial 0000 at epoch 019; best epoch 009.
Trial 0000 comparable metric | normalized full-image target val MSE=0.0468933874
[I 2026-05-20 18:43:34,227] Trial 0 finished with value: 0.04689338743003912 and parameters: {'num_resblk': 16, 'batch_size': 512, 'learning_rate': 0.00028395214339611456, 'weight_decay': 4.14086826661968e-07, 'num_features': 192, 'num_groups': 1, 'reduction': 32, 'res_scale': 0.2, 'alpha_domain': 7.36046384769734e-05, 'domain_hidden_dim': 64}. Best is trial 0 with value: 0.04689338743003912.
Early stopping trial 0001 at epoch 032; best epoch 022.
Trial 0001 comparable metric | normalized full-image target val MSE=0.0445230080
[I 2026-05-20 18:48:02,187] Trial 1 finished with value: 0.0445230079593949 and parameters: {'num_resblk': 12, 'batch_size': 512, 'learning_rate': 0.000169975704314827, 'weight_decay': 6.249250116158974e-06, 'num_features': 160, 'num_groups': 2, 'reduction': 16, 'res_scale': 0.2, 'alpha_domain': 1.9955695263372537e-05, 'domain_hidden_dim': 32}. Best is trial 1 with value: 0.0445230079593949.
Early stopping trial 0002 at epoch 025; best epoch 015.
Trial 0002 comparable metric | normalized full-image target val MSE=0.0451426065
[I 2026-05-20 18:51:38,278] Trial 2 finished with value: 0.045142606473019736 and parameters: {'num_resblk': 14, 'batch_size': 512, 'learning_rate': 0.00029160508165531024, 'weight_decay': 4.295917295100692e-06, 'num_features': 160, 'num_groups': 1, 'reduction': 32, 'res_scale': 0.3, 'alpha_domain': 0.0009770234662885952, 'domain_hidden_dim': 64}. Best is trial 1 with value: 0.0445230079593949.
Early stopping trial 0003 at epoch 030; best epoch 020.
Trial 0003 comparable metric | normalized full-image target val MSE=0.0438904369
[I 2026-05-20 18:57:08,638] Trial 3 finished with value: 0.04389043689111972 and parameters: {'num_resblk': 20, 'batch_size': 512, 'learning_rate': 0.0002244537163140587, 'weight_decay': 1.136909379979039e-07, 'num_features': 192, 'num_groups': 4, 'reduction': 32, 'res_scale': 0.3, 'alpha_domain': 0.00041861726087533303, 'domain_hidden_dim': 64}. Best is trial 3 with value: 0.04389043689111972.
Early stopping trial 0004 at epoch 022; best epoch 012.
Trial 0004 comparable metric | normalized full-image target val MSE=0.0450529327
[I 2026-05-20 19:01:06,867] Trial 4 finished with value: 0.04505293265083628 and parameters: {'num_resblk': 20, 'batch_size': 512, 'learning_rate': 0.0002277684680442577, 'weight_decay': 0.00020497489421059608, 'num_features': 160, 'num_groups': 8, 'reduction': 32, 'res_scale': 0.3, 'alpha_domain': 2.2929566249873627e-05, 'domain_hidden_dim': 64}. Best is trial 3 with value: 0.04389043689111972.
Early stopping trial 0005 at epoch 020; best epoch 010.
Trial 0005 comparable metric | normalized full-image target val MSE=0.0444360858
[I 2026-05-20 19:04:40,130] Trial 5 finished with value: 0.04443608582069077 and parameters: {'num_resblk': 20, 'batch_size': 512, 'learning_rate': 0.00028425972075930183, 'weight_decay': 6.28495161505455e-07, 'num_features': 160, 'num_groups': 8, 'reduction': 32, 'res_scale': 0.4, 'alpha_domain': 0.001464934762900426, 'domain_hidden_dim': 64}. Best is trial 3 with value: 0.04389043689111972.
[I 2026-05-20 19:05:21,479] Trial 6 pruned. 
[I 2026-05-20 19:05:55,095] Trial 7 pruned. 
[I 2026-05-20 19:06:47,705] Trial 8 pruned. 
Early stopping trial 0009 at epoch 034; best epoch 024.
Trial 0009 comparable metric | normalized full-image target val MSE=0.0441594202
[I 2026-05-20 19:13:19,942] Trial 9 finished with value: 0.044159420233010456 and parameters: {'num_resblk': 20, 'batch_size': 512, 'learning_rate': 0.00028767008045502926, 'weight_decay': 1.0082460745870535e-05, 'num_features': 192, 'num_groups': 8, 'reduction': 32, 'res_scale': 0.3, 'alpha_domain': 8.452368504464768e-05, 'domain_hidden_dim': 32}. Best is trial 3 with value: 0.04389043689111972.
[I 2026-05-20 19:14:03,620] Trial 10 pruned. 
Early stopping trial 0011 at epoch 029; best epoch 019.
Trial 0011 comparable metric | normalized full-image target val MSE=0.0440565453
[I 2026-05-20 19:19:21,678] Trial 11 finished with value: 0.04405654527785421 and parameters: {'num_resblk': 20, 'batch_size': 512, 'learning_rate': 0.00022227601401979385, 'weight_decay': 5.65955540857356e-05, 'num_features': 192, 'num_groups': 4, 'reduction': 32, 'res_scale': 0.3, 'alpha_domain': 0.00013772373140967184, 'domain_hidden_dim': 32}. Best is trial 3 with value: 0.04389043689111972.
[I 2026-05-20 19:20:32,599] Trial 12 pruned. 
[I 2026-05-20 19:21:22,739] Trial 13 pruned. 
Early stopping trial 0014 at epoch 022; best epoch 012.
Trial 0014 comparable metric | normalized full-image target val MSE=0.0443269982
[I 2026-05-20 19:25:08,133] Trial 14 finished with value: 0.044326998219844246 and parameters: {'num_resblk': 18, 'batch_size': 512, 'learning_rate': 0.00023365833212783075, 'weight_decay': 3.921295559903419e-05, 'num_features': 192, 'num_groups': 4, 'reduction': 32, 'res_scale': 0.4, 'alpha_domain': 0.0004188094506215291, 'domain_hidden_dim': 32}. Best is trial 3 with value: 0.04389043689111972.
[I 2026-05-20 19:25:53,933] Trial 15 pruned. 
[I 2026-05-20 19:26:23,143] Trial 16 pruned. 
[I 2026-05-20 19:27:21,716] Trial 17 pruned. 
[I 2026-05-20 19:28:09,443] Trial 18 pruned. 
[I 2026-05-20 19:29:06,215] Trial 19 pruned. 
[I 2026-05-20 19:29:32,010] Trial 20 pruned. 
Early stopping trial 0021 at epoch 028; best epoch 018.
Trial 0021 comparable metric | normalized full-image target val MSE=0.0440041907
[I 2026-05-20 19:34:52,419] Trial 21 finished with value: 0.04400419066706299 and parameters: {'num_resblk': 20, 'batch_size': 512, 'learning_rate': 0.0002537333697226891, 'weight_decay': 4.4816254773392906e-05, 'num_features': 192, 'num_groups': 8, 'reduction': 32, 'res_scale': 0.3, 'alpha_domain': 7.13222669223037e-05, 'domain_hidden_dim': 32}. Best is trial 3 with value: 0.04389043689111972.
[I 2026-05-20 19:35:52,221] Trial 22 pruned. 
Early stopping trial 0023 at epoch 033; best epoch 023.
Trial 0023 comparable metric | normalized full-image target val MSE=0.0451280257
[I 2026-05-20 19:41:54,960] Trial 23 finished with value: 0.04512802569594201 and parameters: {'num_resblk': 18, 'batch_size': 512, 'learning_rate': 0.0002180956567010012, 'weight_decay': 0.00021055012408055184, 'num_features': 192, 'num_groups': 8, 'reduction': 32, 'res_scale': 0.3, 'alpha_domain': 4.3738989646320216e-05, 'domain_hidden_dim': 32}. Best is trial 3 with value: 0.04389043689111972.
Early stopping trial 0024 at epoch 029; best epoch 019.
Trial 0024 comparable metric | normalized full-image target val MSE=0.0451409631
[I 2026-05-20 19:47:14,976] Trial 24 finished with value: 0.04514096309455093 and parameters: {'num_resblk': 20, 'batch_size': 512, 'learning_rate': 0.00026012069438042065, 'weight_decay': 0.00014990680186351677, 'num_features': 192, 'num_groups': 4, 'reduction': 32, 'res_scale': 0.3, 'alpha_domain': 0.000126611953526804, 'domain_hidden_dim': 32}. Best is trial 3 with value: 0.04389043689111972.
[I 2026-05-20 19:48:29,090] Trial 25 pruned. 
[I 2026-05-20 19:49:25,618] Trial 26 pruned. 
[I 2026-05-20 19:50:12,477] Trial 27 pruned. 
[I 2026-05-20 19:50:43,633] Trial 28 pruned. 
[I 2026-05-20 19:51:28,126] Trial 29 pruned. 
[I 2026-05-20 19:52:44,655] Trial 30 pruned. 
[I 2026-05-20 19:54:01,510] Trial 31 pruned. 
[I 2026-05-20 19:55:01,755] Trial 32 pruned. 
Early stopping trial 0033 at epoch 031; best epoch 021.
Trial 0033 comparable metric | normalized full-image target val MSE=0.0448539791
[I 2026-05-20 20:00:42,265] Trial 33 finished with value: 0.04485397914571474 and parameters: {'num_resblk': 18, 'batch_size': 512, 'learning_rate': 0.0002704335750105043, 'weight_decay': 1.0341408777421034e-05, 'num_features': 192, 'num_groups': 8, 'reduction': 32, 'res_scale': 0.3, 'alpha_domain': 0.0001822876066196504, 'domain_hidden_dim': 32}. Best is trial 3 with value: 0.04389043689111972.
[I 2026-05-20 20:01:41,303] Trial 34 pruned. 
[I 2026-05-20 20:02:54,705] Trial 35 pruned. 
[I 2026-05-20 20:03:43,461] Trial 36 pruned. 
[I 2026-05-20 20:04:32,594] Trial 37 pruned. 
[I 2026-05-20 20:05:31,099] Trial 38 pruned. 
[I 2026-05-20 20:06:20,478] Trial 39 pruned. 
[I 2026-05-20 20:06:51,386] Trial 40 pruned. 
Early stopping trial 0041 at epoch 029; best epoch 019.
Trial 0041 comparable metric | normalized full-image target val MSE=0.0446041308
[I 2026-05-20 20:11:54,998] Trial 41 finished with value: 0.04460413083610075 and parameters: {'num_resblk': 18, 'batch_size': 512, 'learning_rate': 0.0002328023620426389, 'weight_decay': 4.1020349734792915e-05, 'num_features': 192, 'num_groups': 4, 'reduction': 32, 'res_scale': 0.4, 'alpha_domain': 0.0004566238317008523, 'domain_hidden_dim': 32}. Best is trial 3 with value: 0.04389043689111972.
[I 2026-05-20 20:12:51,415] Trial 42 pruned. 
[I 2026-05-20 20:13:41,586] Trial 43 pruned. 
[I 2026-05-20 20:14:31,096] Trial 44 pruned. 
Early stopping trial 0045 at epoch 035; best epoch 025.
Trial 0045 comparable metric | normalized full-image target val MSE=0.0443632619
[I 2026-05-20 20:20:41,565] Trial 45 finished with value: 0.04436326191695051 and parameters: {'num_resblk': 18, 'batch_size': 512, 'learning_rate': 0.00023836296046349825, 'weight_decay': 9.102638237675578e-05, 'num_features': 192, 'num_groups': 4, 'reduction': 32, 'res_scale': 0.4, 'alpha_domain': 0.00011217722930631046, 'domain_hidden_dim': 32}. Best is trial 3 with value: 0.04389043689111972.
[I 2026-05-20 20:21:33,369] Trial 46 pruned. 
[I 2026-05-20 20:22:33,220] Trial 47 pruned. 
[I 2026-05-20 20:23:21,632] Trial 48 pruned. 
[I 2026-05-20 20:23:52,323] Trial 49 pruned. 
Early stopping trial 0050 at epoch 029; best epoch 019.
Trial 0050 comparable metric | normalized full-image target val MSE=0.0439857871
[I 2026-05-20 20:29:11,634] Trial 50 finished with value: 0.04398578709069715 and parameters: {'num_resblk': 20, 'batch_size': 512, 'learning_rate': 0.00028308542423642895, 'weight_decay': 0.00011615102993625173, 'num_features': 192, 'num_groups': 4, 'reduction': 32, 'res_scale': 0.3, 'alpha_domain': 5.819606920780669e-05, 'domain_hidden_dim': 32}. Best is trial 3 with value: 0.04389043689111972.
Early stopping trial 0051 at epoch 032; best epoch 022.
Trial 0051 comparable metric | normalized full-image target val MSE=0.0444035713
[I 2026-05-20 20:35:07,273] Trial 51 finished with value: 0.0444035713444299 and parameters: {'num_resblk': 20, 'batch_size': 512, 'learning_rate': 0.0002854890785558037, 'weight_decay': 0.00015546557614210188, 'num_features': 192, 'num_groups': 4, 'reduction': 32, 'res_scale': 0.3, 'alpha_domain': 5.491069976115721e-05, 'domain_hidden_dim': 32}. Best is trial 3 with value: 0.04389043689111972.
[I 2026-05-20 20:36:05,131] Trial 52 pruned. 
[I 2026-05-20 20:36:54,856] Trial 53 pruned. 
Early stopping trial 0054 at epoch 020; best epoch 010.
Trial 0054 comparable metric | normalized full-image target val MSE=0.0444089178
[I 2026-05-20 20:40:29,347] Trial 54 finished with value: 0.0444089177659817 and parameters: {'num_resblk': 20, 'batch_size': 512, 'learning_rate': 0.00026976210661274565, 'weight_decay': 0.0003250583824973039, 'num_features': 192, 'num_groups': 4, 'reduction': 32, 'res_scale': 0.3, 'alpha_domain': 9.697349668266175e-05, 'domain_hidden_dim': 32}. Best is trial 3 with value: 0.04389043689111972.
[I 2026-05-20 20:41:24,571] Trial 55 pruned. 
[I 2026-05-20 20:42:16,791] Trial 56 pruned. 
[I 2026-05-20 20:43:05,242] Trial 57 pruned. 
[I 2026-05-20 20:43:48,742] Trial 58 pruned. 
[I 2026-05-20 20:44:17,771] Trial 59 pruned. 
[I 2026-05-20 20:45:07,614] Trial 60 pruned. 
[I 2026-05-20 20:46:22,251] Trial 61 pruned. 
Early stopping trial 0062 at epoch 026; best epoch 016.
Trial 0062 comparable metric | normalized full-image target val MSE=0.0447079684
[I 2026-05-20 20:50:52,563] Trial 62 finished with value: 0.04470796842633073 and parameters: {'num_resblk': 18, 'batch_size': 512, 'learning_rate': 0.00022269367011570437, 'weight_decay': 0.0002581081208870732, 'num_features': 192, 'num_groups': 4, 'reduction': 32, 'res_scale': 0.4, 'alpha_domain': 0.0002497243827275635, 'domain_hidden_dim': 32}. Best is trial 3 with value: 0.04389043689111972.
Early stopping trial 0063 at epoch 019; best epoch 009.
Trial 0063 comparable metric | normalized full-image target val MSE=0.0451014618
[I 2026-05-20 20:54:14,842] Trial 63 finished with value: 0.04510146175486106 and parameters: {'num_resblk': 20, 'batch_size': 512, 'learning_rate': 0.0002894098314995584, 'weight_decay': 0.00016549666921949262, 'num_features': 192, 'num_groups': 4, 'reduction': 32, 'res_scale': 0.4, 'alpha_domain': 0.00017339071377220876, 'domain_hidden_dim': 32}. Best is trial 3 with value: 0.04389043689111972.
[I 2026-05-20 20:55:02,680] Trial 64 pruned. 
[I 2026-05-20 20:56:08,554] Trial 65 pruned. 
[I 2026-05-20 20:56:58,780] Trial 66 pruned. 
[I 2026-05-20 20:58:11,353] Trial 67 pruned. 
[I 2026-05-20 20:58:59,167] Trial 68 pruned. 
[I 2026-05-20 20:59:50,782] Trial 69 pruned. 
[I 2026-05-20 21:00:37,689] Trial 70 pruned. 
[I 2026-05-20 21:01:27,714] Trial 71 pruned. 
[I 2026-05-20 21:02:17,337] Trial 72 pruned. 
Early stopping trial 0073 at epoch 018; best epoch 008.
Trial 0073 comparable metric | normalized full-image target val MSE=0.0448762026
[I 2026-05-20 21:05:27,071] Trial 73 finished with value: 0.044876202561900926 and parameters: {'num_resblk': 20, 'batch_size': 512, 'learning_rate': 0.000274875086158692, 'weight_decay': 0.00012180127505650923, 'num_features': 192, 'num_groups': 4, 'reduction': 32, 'res_scale': 0.3, 'alpha_domain': 9.032318566829341e-05, 'domain_hidden_dim': 32}. Best is trial 3 with value: 0.04389043689111972.
[I 2026-05-20 21:06:17,356] Trial 74 pruned. 
[I 2026-05-20 21:07:07,330] Trial 75 pruned. 
[I 2026-05-20 21:07:37,879] Trial 76 pruned. 
[I 2026-05-20 21:08:24,856] Trial 77 pruned. 
[I 2026-05-20 21:09:12,921] Trial 78 pruned. 
[I 2026-05-20 21:10:21,713] Trial 79 pruned. 
[I 2026-05-20 21:11:11,074] Trial 80 pruned. 
[I 2026-05-20 21:12:26,235] Trial 81 pruned. 
Early stopping trial 0082 at epoch 020; best epoch 010.
Trial 0082 comparable metric | normalized full-image target val MSE=0.0437856820
[I 2026-05-20 21:16:00,526] Trial 82 finished with value: 0.04378568196407905 and parameters: {'num_resblk': 20, 'batch_size': 512, 'learning_rate': 0.0002685101997656666, 'weight_decay': 0.0003141574974446721, 'num_features': 192, 'num_groups': 4, 'reduction': 32, 'res_scale': 0.3, 'alpha_domain': 7.024220265605568e-05, 'domain_hidden_dim': 32}. Best is trial 82 with value: 0.04378568196407905.
[I 2026-05-20 21:17:14,590] Trial 83 pruned. 
Early stopping trial 0084 at epoch 024; best epoch 014.
Trial 0084 comparable metric | normalized full-image target val MSE=0.0438785940
[I 2026-05-20 21:21:36,772] Trial 84 finished with value: 0.04387859400145333 and parameters: {'num_resblk': 20, 'batch_size': 512, 'learning_rate': 0.00026291208420546743, 'weight_decay': 0.0001335397118344109, 'num_features': 192, 'num_groups': 4, 'reduction': 32, 'res_scale': 0.3, 'alpha_domain': 4.6373960769256435e-05, 'domain_hidden_dim': 32}. Best is trial 82 with value: 0.04378568196407905.
[I 2026-05-20 21:22:26,108] Trial 85 pruned. 
[I 2026-05-20 21:23:16,185] Trial 86 pruned. 
[I 2026-05-20 21:24:04,860] Trial 87 pruned. 
[I 2026-05-20 21:24:52,720] Trial 88 pruned. 
[I 2026-05-20 21:25:25,137] Trial 89 pruned. 
[I 2026-05-20 21:26:15,369] Trial 90 pruned. 
[I 2026-05-20 21:27:05,649] Trial 91 pruned. 
[I 2026-05-20 21:27:47,060] Trial 92 pruned. 
Early stopping trial 0093 at epoch 023; best epoch 013.
Trial 0093 comparable metric | normalized full-image target val MSE=0.0451046259
[I 2026-05-20 21:31:57,017] Trial 93 finished with value: 0.045104625876720185 and parameters: {'num_resblk': 20, 'batch_size': 512, 'learning_rate': 0.0002699758942523777, 'weight_decay': 8.269203634645937e-05, 'num_features': 192, 'num_groups': 4, 'reduction': 32, 'res_scale': 0.3, 'alpha_domain': 7.87515494139027e-05, 'domain_hidden_dim': 32}. Best is trial 82 with value: 0.04378568196407905.
[I 2026-05-20 21:32:55,460] Trial 94 pruned. 
[I 2026-05-20 21:33:45,530] Trial 95 pruned. 
[I 2026-05-20 21:34:34,320] Trial 96 pruned. 
[I 2026-05-20 21:35:26,286] Trial 97 pruned. 
Early stopping trial 0098 at epoch 026; best epoch 016.
Trial 0098 comparable metric | normalized full-image target val MSE=0.0448259077
[I 2026-05-20 21:39:42,177] Trial 98 finished with value: 0.04482590769068723 and parameters: {'num_resblk': 16, 'batch_size': 512, 'learning_rate': 0.00029316455303194527, 'weight_decay': 1.8204791611329822e-05, 'num_features': 192, 'num_groups': 4, 'reduction': 32, 'res_scale': 0.4, 'alpha_domain': 0.00420699815801933, 'domain_hidden_dim': 32}. Best is trial 82 with value: 0.04378568196407905.
[I 2026-05-20 21:40:32,154] Trial 99 pruned. 
[I 2026-05-20 21:41:21,602] Trial 100 pruned. 
[I 2026-05-20 21:42:36,106] Trial 101 pruned. 
[I 2026-05-20 21:43:26,110] Trial 102 pruned. 
Early stopping trial 0103 at epoch 039; best epoch 029.
Trial 0103 comparable metric | normalized full-image target val MSE=0.0441159212
[I 2026-05-20 21:50:44,522] Trial 103 finished with value: 0.044115921233093956 and parameters: {'num_resblk': 20, 'batch_size': 512, 'learning_rate': 0.0002596905230093606, 'weight_decay': 0.0005140431330739421, 'num_features': 192, 'num_groups': 4, 'reduction': 32, 'res_scale': 0.3, 'alpha_domain': 5.443550409552067e-05, 'domain_hidden_dim': 32}. Best is trial 82 with value: 0.04378568196407905.
[I 2026-05-20 21:51:34,869] Trial 104 pruned. 
[I 2026-05-20 21:52:24,873] Trial 105 pruned. 
[I 2026-05-20 21:53:14,239] Trial 106 pruned. 
[I 2026-05-20 21:54:03,987] Trial 107 pruned. 
Early stopping trial 0108 at epoch 034; best epoch 024.
Trial 0108 comparable metric | normalized full-image target val MSE=0.0444518507
[I 2026-05-20 22:00:25,014] Trial 108 finished with value: 0.04445185068718487 and parameters: {'num_resblk': 20, 'batch_size': 512, 'learning_rate': 0.00026269742645391525, 'weight_decay': 1.565036288892824e-06, 'num_features': 192, 'num_groups': 4, 'reduction': 32, 'res_scale': 0.3, 'alpha_domain': 4.900793836440239e-05, 'domain_hidden_dim': 32}. Best is trial 82 with value: 0.04378568196407905.
[I 2026-05-20 22:00:56,125] Trial 109 pruned. 
[I 2026-05-20 22:02:19,334] Trial 110 pruned. 
[I 2026-05-20 22:03:10,653] Trial 111 pruned. 
[I 2026-05-20 22:04:00,398] Trial 112 pruned. 
[I 2026-05-20 22:04:50,396] Trial 113 pruned. 
[I 2026-05-20 22:05:41,211] Trial 114 pruned. 
[I 2026-05-20 22:06:58,413] Trial 115 pruned. 
[I 2026-05-20 22:07:55,434] Trial 116 pruned. 
[I 2026-05-20 22:08:46,124] Trial 117 pruned. 
[I 2026-05-20 22:09:35,987] Trial 118 pruned. 
[I 2026-05-20 22:10:25,516] Trial 119 pruned. 
Early stopping trial 0120 at epoch 019; best epoch 009.
Trial 0120 comparable metric | normalized full-image target val MSE=0.0449447083
