Using device: cuda
Experiment folder: /projects/sds-lab/Shuochen/downscaling/preprocessed/tas.CanESM2.RCA4.day.NAM-44i.raw.RCM_RCM
Loaded shapes:
LR GCM X : torch.Size([54750, 1, 13, 29])
HR RCM y : torch.Size([54750, 1, 52, 116])
HR mask  : torch.Size([54750, 1, 52, 116])
HR elev  : torch.Size([54750, 1, 52, 116])
HR aux   : torch.Size([54750, 2, 52, 116])
Domain split:
Source train years: 1951-2005
Target domain years: 2006-2040
Target validation uses the same years with labels for evaluation.
train_start_idx: 0
train_end_idx  : 20075
val_start_idx  : 20075
val_end_idx    : 32850
Split shapes:
X_source  : torch.Size([20075, 1, 13, 29])
y_source  : torch.Size([20075, 1, 52, 116])
aux_source: torch.Size([20075, 2, 52, 116])
X_target  : torch.Size([12775, 1, 13, 29])
y_target  : torch.Size([12775, 1, 52, 116])
aux_target: torch.Size([12775, 2, 52, 116])
mask_target: torch.Size([12775, 1, 52, 116])
Normalization:
X_mean: 5.308799743652344
X_std : 9.80690860748291
y_mean: 5.909543037414551
y_std : 10.123307228088379
All trial outputs will be saved to: /projects/sds-lab/Shuochen/downscaling/preprocessed/tas.CanESM2.RCA4.day.NAM-44i.raw.RCM_RCM/trained_models/RCAN_HR_Aux_ShallowFusion_DANN/dann_2006_2040_bs512
[I 2026-05-26 12:45:06,164] A new study created in RDB with name: dann_2006_2040_bs512
Optuna study: dann_2006_2040_bs512
Optuna storage: sqlite:////projects/sds-lab/Shuochen/downscaling/preprocessed/tas.CanESM2.RCA4.day.NAM-44i.raw.RCM_RCM/trained_models/RCAN_HR_Aux_ShallowFusion_DANN/dann_2006_2040_bs512/optuna_study.db
DANN source domain: 1951-2005
DANN target domain: 2006-2040
/home/wang.shuoc/downscaling/train_dann.py:671: FutureWarning: `torch.cuda.amp.GradScaler(args...)` is deprecated. Please use `torch.amp.GradScaler('cuda', args...)` instead.
  scaler = torch.cuda.amp.GradScaler(enabled=use_amp)
/home/wang.shuoc/downscaling/train_dann.py:727: FutureWarning: `torch.cuda.amp.autocast(args...)` is deprecated. Please use `torch.amp.autocast('cuda', args...)` instead.
  with torch.cuda.amp.autocast(enabled=use_amp):
/home/wang.shuoc/downscaling/train_dann.py:592: FutureWarning: `torch.cuda.amp.autocast(args...)` is deprecated. Please use `torch.amp.autocast('cuda', args...)` instead.
  with torch.cuda.amp.autocast(enabled=use_amp):
Early stopping trial 0000 at epoch 140; best epoch 130.
[I 2026-05-26 13:09:03,719] Trial 0 finished with value: 0.0009960630187516898 and parameters: {'num_resblk': 14, 'batch_size': 512, 'learning_rate': 0.00026369282651708036, 'weight_decay': 0.00023935611928733042, 'num_features': 192, 'num_groups': 2, 'reduction': 16, 'res_scale': 0.2, 'alpha_domain': 4.948540661038522e-05, 'domain_hidden_dim': 64}. Best is trial 0 with value: 0.0009960630187516898.
Early stopping trial 0001 at epoch 207; best epoch 197.
[I 2026-05-26 13:52:20,364] Trial 1 finished with value: 0.00097219332817982 and parameters: {'num_resblk': 20, 'batch_size': 512, 'learning_rate': 0.0002942952409562172, 'weight_decay': 0.0005083871801624019, 'num_features': 192, 'num_groups': 2, 'reduction': 32, 'res_scale': 0.3, 'alpha_domain': 4.0991503360974173e-05, 'domain_hidden_dim': 64}. Best is trial 1 with value: 0.00097219332817982.
Early stopping trial 0002 at epoch 058; best epoch 048.
[I 2026-05-26 14:04:23,030] Trial 2 finished with value: 0.001146645028783836 and parameters: {'num_resblk': 18, 'batch_size': 512, 'learning_rate': 0.00021477131284504804, 'weight_decay': 2.1029207664448805e-07, 'num_features': 192, 'num_groups': 4, 'reduction': 32, 'res_scale': 0.3, 'alpha_domain': 0.0005539652862222218, 'domain_hidden_dim': 32}. Best is trial 1 with value: 0.00097219332817982.
Early stopping trial 0003 at epoch 032; best epoch 022.
[I 2026-05-26 14:08:09,686] Trial 3 finished with value: 0.0014784382781061233 and parameters: {'num_resblk': 12, 'batch_size': 512, 'learning_rate': 0.00020282715761000617, 'weight_decay': 4.2902788983480976e-05, 'num_features': 128, 'num_groups': 4, 'reduction': 32, 'res_scale': 0.4, 'alpha_domain': 0.002119494435546123, 'domain_hidden_dim': 64}. Best is trial 1 with value: 0.00097219332817982.
Early stopping trial 0004 at epoch 096; best epoch 086.
[I 2026-05-26 14:20:43,413] Trial 4 finished with value: 0.0010967545800363015 and parameters: {'num_resblk': 18, 'batch_size': 512, 'learning_rate': 0.0002470278070102445, 'weight_decay': 9.42827525249502e-07, 'num_features': 128, 'num_groups': 8, 'reduction': 32, 'res_scale': 0.2, 'alpha_domain': 3.122884534856599e-05, 'domain_hidden_dim': 64}. Best is trial 1 with value: 0.00097219332817982.
[I 2026-05-26 14:34:26,599] Trial 5 pruned. 
[I 2026-05-26 14:35:32,226] Trial 6 pruned. 
[I 2026-05-26 14:37:24,030] Trial 7 pruned. 
