[I 2026-05-26 07:30:50,104] Trial 234 finished with value: 0.04074200975597488 and parameters: {'num_resblk': 14, 'batch_size': 512, 'learning_rate': 0.00028836942917878227, 'weight_decay': 7.940440579282288e-07, 'num_features': 192, 'num_groups': 2, 'reduction': 32, 'res_scale': 0.4, 'alpha_domain': 3.9845148040037046e-05, 'domain_hidden_dim': 64}. Best is trial 221 with value: 0.040477050386529614.
[I 2026-05-26 07:31:49,381] Trial 235 pruned. 
[I 2026-05-26 07:32:48,623] Trial 236 pruned. 
[I 2026-05-26 07:33:57,644] Trial 237 pruned. 
[I 2026-05-26 07:34:55,702] Trial 238 pruned. 
[I 2026-05-26 07:35:55,474] Trial 239 pruned. 
[I 2026-05-26 07:36:59,956] Trial 240 pruned. 
[I 2026-05-26 07:37:57,167] Trial 241 pruned. 
slurmstepd: error: *** JOB 7023196 ON d4053 CANCELLED AT 2026-05-26T07:38:07 DUE TO TIME LIMIT ***
