[I 2026-05-20 22:13:47,630] Trial 120 finished with value: 0.04494470833296138 and parameters: {'num_resblk': 20, 'batch_size': 512, 'learning_rate': 0.000299642568752208, 'weight_decay': 3.464809508624304e-05, 'num_features': 192, 'num_groups': 4, 'reduction': 32, 'res_scale': 0.3, 'alpha_domain': 9.11552545578949e-05, 'domain_hidden_dim': 32}. Best is trial 82 with value: 0.04378568196407905.
Early stopping trial 0121 at epoch 033; best epoch 023.
Trial 0121 comparable metric | normalized full-image target val MSE=0.0447689274
[I 2026-05-20 22:19:56,474] Trial 121 finished with value: 0.04476892739133166 and parameters: {'num_resblk': 20, 'batch_size': 512, 'learning_rate': 0.00028562393576611676, 'weight_decay': 2.7735838030775508e-06, 'num_features': 160, 'num_groups': 8, 'reduction': 32, 'res_scale': 0.4, 'alpha_domain': 0.0010398429771666968, 'domain_hidden_dim': 64}. Best is trial 82 with value: 0.04378568196407905.
[I 2026-05-20 22:20:48,467] Trial 122 pruned. 
[I 2026-05-20 22:21:38,815] Trial 123 pruned. 
[I 2026-05-20 22:22:29,438] Trial 124 pruned. 
[I 2026-05-20 22:24:01,612] Trial 125 pruned. 
[I 2026-05-20 22:24:50,624] Trial 126 pruned. 
[I 2026-05-20 22:25:37,773] Trial 127 pruned. 
[I 2026-05-20 22:26:27,072] Trial 128 pruned. 
[I 2026-05-20 22:26:59,126] Trial 129 pruned. 
[I 2026-05-20 22:27:50,075] Trial 130 pruned. 
Early stopping trial 0131 at epoch 028; best epoch 018.
Trial 0131 comparable metric | normalized full-image target val MSE=0.0452035196
[I 2026-05-20 22:32:59,282] Trial 131 finished with value: 0.04520351961079103 and parameters: {'num_resblk': 20, 'batch_size': 512, 'learning_rate': 0.00026154660032634336, 'weight_decay': 2.491187670898591e-07, 'num_features': 192, 'num_groups': 4, 'reduction': 32, 'res_scale': 0.3, 'alpha_domain': 5.14836868664153e-05, 'domain_hidden_dim': 32}. Best is trial 82 with value: 0.04378568196407905.
[I 2026-05-20 22:33:49,209] Trial 132 pruned. 
[I 2026-05-20 22:35:04,259] Trial 133 pruned. 
[I 2026-05-20 22:35:50,182] Trial 134 pruned. 
[I 2026-05-20 22:37:04,957] Trial 135 pruned. 
[I 2026-05-20 22:38:19,473] Trial 136 pruned. 
[I 2026-05-20 22:39:10,931] Trial 137 pruned. 
[I 2026-05-20 22:39:56,627] Trial 138 pruned. 
[I 2026-05-20 22:40:46,734] Trial 139 pruned. 
[I 2026-05-20 22:41:37,500] Trial 140 pruned. 
[I 2026-05-20 22:42:19,927] Trial 141 pruned. 
[I 2026-05-20 22:43:00,676] Trial 142 pruned. 
[I 2026-05-20 22:43:44,612] Trial 143 pruned. 
[I 2026-05-20 22:44:27,247] Trial 144 pruned. 
[I 2026-05-20 22:45:16,530] Trial 145 pruned. 
[I 2026-05-20 22:46:07,656] Trial 146 pruned. 
[I 2026-05-20 22:46:49,238] Trial 147 pruned. 
[I 2026-05-20 22:47:38,329] Trial 148 pruned. 
Early stopping trial 0149 at epoch 021; best epoch 011.
Trial 0149 comparable metric | normalized full-image target val MSE=0.0446622005
[I 2026-05-20 22:51:24,576] Trial 149 finished with value: 0.044662200536334296 and parameters: {'num_resblk': 20, 'batch_size': 512, 'learning_rate': 0.0002644235110149597, 'weight_decay': 2.576155993116773e-07, 'num_features': 192, 'num_groups': 4, 'reduction': 32, 'res_scale': 0.4, 'alpha_domain': 2.034012940560094e-05, 'domain_hidden_dim': 32}. Best is trial 82 with value: 0.04378568196407905.
[I 2026-05-20 22:51:54,520] Trial 150 pruned. 
[I 2026-05-20 22:52:49,956] Trial 151 pruned. 
[I 2026-05-20 22:53:38,248] Trial 152 pruned. 
[I 2026-05-20 22:54:25,926] Trial 153 pruned. 
[I 2026-05-20 22:55:13,083] Trial 154 pruned. 
[I 2026-05-20 22:56:03,488] Trial 155 pruned. 
[I 2026-05-20 22:56:55,808] Trial 156 pruned. 
Early stopping trial 0157 at epoch 021; best epoch 011.
Trial 0157 comparable metric | normalized full-image target val MSE=0.0455586556
[I 2026-05-20 23:00:42,048] Trial 157 finished with value: 0.04555865556642195 and parameters: {'num_resblk': 20, 'batch_size': 512, 'learning_rate': 0.00025137805770050856, 'weight_decay': 0.0007195411797129332, 'num_features': 192, 'num_groups': 4, 'reduction': 32, 'res_scale': 0.3, 'alpha_domain': 7.423202110345814e-05, 'domain_hidden_dim': 32}. Best is trial 82 with value: 0.04378568196407905.
[I 2026-05-20 23:01:29,932] Trial 158 pruned. 
[I 2026-05-20 23:02:42,095] Trial 159 pruned. 
[I 2026-05-20 23:03:34,171] Trial 160 pruned. 
[I 2026-05-20 23:04:24,287] Trial 161 pruned. 
Early stopping trial 0162 at epoch 031; best epoch 021.
Trial 0162 comparable metric | normalized full-image target val MSE=0.0442042749
[I 2026-05-20 23:10:10,755] Trial 162 finished with value: 0.04420427489615748 and parameters: {'num_resblk': 20, 'batch_size': 512, 'learning_rate': 0.00025735564211152, 'weight_decay': 1.4797467998352095e-07, 'num_features': 192, 'num_groups': 4, 'reduction': 32, 'res_scale': 0.4, 'alpha_domain': 1.580364411129551e-05, 'domain_hidden_dim': 32}. Best is trial 82 with value: 0.04378568196407905.
[I 2026-05-20 23:11:01,798] Trial 163 pruned. 
[I 2026-05-20 23:11:52,581] Trial 164 pruned. 
[I 2026-05-20 23:12:42,696] Trial 165 pruned. 
[I 2026-05-20 23:13:41,181] Trial 166 pruned. 
[I 2026-05-20 23:14:32,048] Trial 167 pruned. 
[I 2026-05-20 23:15:23,413] Trial 168 pruned. 
[I 2026-05-20 23:16:16,513] Trial 169 pruned. 
Early stopping trial 0170 at epoch 022; best epoch 012.
Trial 0170 comparable metric | normalized full-image target val MSE=0.0440022676
[I 2026-05-20 23:20:17,535] Trial 170 finished with value: 0.044002267585985494 and parameters: {'num_resblk': 20, 'batch_size': 512, 'learning_rate': 0.0002841258819829139, 'weight_decay': 4.2784952609754184e-05, 'num_features': 192, 'num_groups': 4, 'reduction': 32, 'res_scale': 0.4, 'alpha_domain': 9.904302083981563e-05, 'domain_hidden_dim': 32}. Best is trial 82 with value: 0.04378568196407905.
[I 2026-05-20 23:21:34,533] Trial 171 pruned. 
[I 2026-05-20 23:22:26,312] Trial 172 pruned. 
[I 2026-05-20 23:23:42,980] Trial 173 pruned. 
[I 2026-05-20 23:24:34,502] Trial 174 pruned. 
[I 2026-05-20 23:25:25,853] Trial 175 pruned. 
[I 2026-05-20 23:26:15,421] Trial 176 pruned. 
[I 2026-05-20 23:27:07,676] Trial 177 pruned. 
[I 2026-05-20 23:28:00,912] Trial 178 pruned. 
[I 2026-05-20 23:29:03,388] Trial 179 pruned. 
[I 2026-05-20 23:29:51,399] Trial 180 pruned. 
[I 2026-05-20 23:30:43,751] Trial 181 pruned. 
[I 2026-05-20 23:32:00,776] Trial 182 pruned. 
[I 2026-05-20 23:33:24,927] Trial 183 pruned. 
[I 2026-05-20 23:33:56,646] Trial 184 pruned. 
[I 2026-05-20 23:34:47,531] Trial 185 pruned. 
[I 2026-05-20 23:35:36,837] Trial 186 pruned. 
[I 2026-05-20 23:36:20,723] Trial 187 pruned. 
Early stopping trial 0188 at epoch 032; best epoch 022.
Trial 0188 comparable metric | normalized full-image target val MSE=0.0450954111
[I 2026-05-20 23:42:00,245] Trial 188 finished with value: 0.045095411139766055 and parameters: {'num_resblk': 18, 'batch_size': 512, 'learning_rate': 0.00022977876589105474, 'weight_decay': 5.279105723435954e-05, 'num_features': 192, 'num_groups': 4, 'reduction': 32, 'res_scale': 0.3, 'alpha_domain': 5.231699052626537e-05, 'domain_hidden_dim': 32}. Best is trial 82 with value: 0.04378568196407905.
[I 2026-05-20 23:42:52,365] Trial 189 pruned. 
[I 2026-05-20 23:43:42,682] Trial 190 pruned. 
[I 2026-05-20 23:44:30,827] Trial 191 pruned. 
[I 2026-05-20 23:45:18,882] Trial 192 pruned. 
[I 2026-05-20 23:46:06,742] Trial 193 pruned. 
[I 2026-05-20 23:46:54,418] Trial 194 pruned. 
[I 2026-05-20 23:47:41,262] Trial 195 pruned. 
[I 2026-05-20 23:48:32,256] Trial 196 pruned. 
[I 2026-05-20 23:49:20,387] Trial 197 pruned. 
[I 2026-05-20 23:50:09,101] Trial 198 pruned. 
[I 2026-05-20 23:51:00,978] Trial 199 pruned. 
[I 2026-05-20 23:51:51,128] Trial 200 pruned. 
[I 2026-05-20 23:52:41,762] Trial 201 pruned. 
[I 2026-05-20 23:53:33,566] Trial 202 pruned. 
[I 2026-05-20 23:54:24,680] Trial 203 pruned. 
[I 2026-05-20 23:55:42,043] Trial 204 pruned. 
[I 2026-05-20 23:56:33,106] Trial 205 pruned. 
[I 2026-05-20 23:57:23,443] Trial 206 pruned. 
[I 2026-05-20 23:58:13,806] Trial 207 pruned. 
[I 2026-05-20 23:59:04,445] Trial 208 pruned. 
[I 2026-05-20 23:59:53,497] Trial 209 pruned. 
[I 2026-05-21 00:01:11,789] Trial 210 pruned. 
[I 2026-05-21 00:01:54,080] Trial 211 pruned. 
Early stopping trial 0212 at epoch 030; best epoch 020.
Trial 0212 comparable metric | normalized full-image target val MSE=0.0442382077
[I 2026-05-21 00:06:52,317] Trial 212 finished with value: 0.044238207665926225 and parameters: {'num_resblk': 16, 'batch_size': 512, 'learning_rate': 0.00028917199014412984, 'weight_decay': 9.58854183276027e-06, 'num_features': 192, 'num_groups': 4, 'reduction': 32, 'res_scale': 0.4, 'alpha_domain': 0.004678200169701725, 'domain_hidden_dim': 32}. Best is trial 82 with value: 0.04378568196407905.
[I 2026-05-21 00:07:39,370] Trial 213 pruned. 
[I 2026-05-21 00:08:55,069] Trial 214 pruned. 
[I 2026-05-21 00:09:47,027] Trial 215 pruned. 
[I 2026-05-21 00:10:35,926] Trial 216 pruned. 
[I 2026-05-21 00:11:27,180] Trial 217 pruned. 
Early stopping trial 0218 at epoch 033; best epoch 023.
Trial 0218 comparable metric | normalized full-image target val MSE=0.0450466519
[I 2026-05-21 00:17:36,823] Trial 218 finished with value: 0.04504665187755789 and parameters: {'num_resblk': 20, 'batch_size': 512, 'learning_rate': 0.0002512523212746466, 'weight_decay': 7.83406821002048e-06, 'num_features': 192, 'num_groups': 4, 'reduction': 32, 'res_scale': 0.4, 'alpha_domain': 0.00012576220262491516, 'domain_hidden_dim': 32}. Best is trial 82 with value: 0.04378568196407905.
[I 2026-05-21 00:18:08,450] Trial 219 pruned. 
[I 2026-05-21 00:18:58,344] Trial 220 pruned. 
[I 2026-05-21 00:19:44,516] Trial 221 pruned. 
[I 2026-05-21 00:20:45,983] Trial 222 pruned. 
[I 2026-05-21 00:21:29,680] Trial 223 pruned. 
[I 2026-05-21 00:22:11,614] Trial 224 pruned. 
[I 2026-05-21 00:23:01,816] Trial 225 pruned. 
[I 2026-05-21 00:24:11,674] Trial 226 pruned. 
[I 2026-05-21 00:25:02,670] Trial 227 pruned. 
[I 2026-05-21 00:25:52,969] Trial 228 pruned. 
[I 2026-05-21 00:26:43,723] Trial 229 pruned. 
[I 2026-05-21 00:27:34,457] Trial 230 pruned. 
[I 2026-05-21 00:28:22,687] Trial 231 pruned. 
[I 2026-05-21 00:29:10,350] Trial 232 pruned. 
[I 2026-05-21 00:30:00,038] Trial 233 pruned. 
[I 2026-05-21 00:30:50,696] Trial 234 pruned. 
[I 2026-05-21 00:31:41,597] Trial 235 pruned. 
[I 2026-05-21 00:32:27,204] Trial 236 pruned. 
[I 2026-05-21 00:33:15,418] Trial 237 pruned. 
[I 2026-05-21 00:34:00,674] Trial 238 pruned. 
[I 2026-05-21 00:34:50,950] Trial 239 pruned. 
[I 2026-05-21 00:35:39,567] Trial 240 pruned. 
[I 2026-05-21 00:36:30,739] Trial 241 pruned. 
[I 2026-05-21 00:37:46,473] Trial 242 pruned. 
[I 2026-05-21 00:38:37,492] Trial 243 pruned. 
[I 2026-05-21 00:39:28,291] Trial 244 pruned. 
[I 2026-05-21 00:40:19,872] Trial 245 pruned. 
[I 2026-05-21 00:41:11,180] Trial 246 pruned. 
Early stopping trial 0247 at epoch 027; best epoch 017.
Trial 0247 comparable metric | normalized full-image target val MSE=0.0438275730
[I 2026-05-21 00:46:11,906] Trial 247 finished with value: 0.04382757301467401 and parameters: {'num_resblk': 20, 'batch_size': 512, 'learning_rate': 0.00028008261850577884, 'weight_decay': 0.00010237317037610101, 'num_features': 192, 'num_groups': 4, 'reduction': 32, 'res_scale': 0.4, 'alpha_domain': 0.00013375737797455319, 'domain_hidden_dim': 32}. Best is trial 82 with value: 0.04378568196407905.
[I 2026-05-21 00:47:03,509] Trial 248 pruned. 
[I 2026-05-21 00:47:54,505] Trial 249 pruned. 
Early stopping trial 0250 at epoch 032; best epoch 022.
Trial 0250 comparable metric | normalized full-image target val MSE=0.0431287430
[I 2026-05-21 00:53:52,813] Trial 250 finished with value: 0.04312874296531398 and parameters: {'num_resblk': 20, 'batch_size': 512, 'learning_rate': 0.000293702332459625, 'weight_decay': 2.9954681263578558e-05, 'num_features': 192, 'num_groups': 4, 'reduction': 32, 'res_scale': 0.4, 'alpha_domain': 0.00022612171586472072, 'domain_hidden_dim': 64}. Best is trial 250 with value: 0.04312874296531398.
[I 2026-05-21 00:55:10,752] Trial 251 pruned. 
[I 2026-05-21 00:56:04,333] Trial 252 pruned. 
[I 2026-05-21 00:56:49,121] Trial 253 pruned. 
[I 2026-05-21 00:58:13,672] Trial 254 pruned. 
[I 2026-05-21 00:59:21,278] Trial 255 pruned. 
[I 2026-05-21 01:00:11,409] Trial 256 pruned. 
[I 2026-05-21 01:00:43,603] Trial 257 pruned. 
[I 2026-05-21 01:01:34,268] Trial 258 pruned. 
[I 2026-05-21 01:02:43,529] Trial 259 pruned. 
[I 2026-05-21 01:03:35,352] Trial 260 pruned. 
Early stopping trial 0261 at epoch 024; best epoch 014.
Trial 0261 comparable metric | normalized full-image target val MSE=0.0448211366
[I 2026-05-21 01:07:53,291] Trial 261 finished with value: 0.044821136578544446 and parameters: {'num_resblk': 20, 'batch_size': 512, 'learning_rate': 0.0002763109903326327, 'weight_decay': 2.9876720360333684e-06, 'num_features': 192, 'num_groups': 1, 'reduction': 32, 'res_scale': 0.4, 'alpha_domain': 3.1523485642064875e-05, 'domain_hidden_dim': 32}. Best is trial 250 with value: 0.04312874296531398.
Early stopping trial 0262 at epoch 020; best epoch 010.
Trial 0262 comparable metric | normalized full-image target val MSE=0.0450483126
[I 2026-05-21 01:11:26,614] Trial 262 finished with value: 0.04504831261830787 and parameters: {'num_resblk': 20, 'batch_size': 512, 'learning_rate': 0.00027489124440365376, 'weight_decay': 1.979849918772453e-06, 'num_features': 192, 'num_groups': 1, 'reduction': 32, 'res_scale': 0.4, 'alpha_domain': 2.4017230335384274e-05, 'domain_hidden_dim': 32}. Best is trial 250 with value: 0.04312874296531398.
[I 2026-05-21 01:12:18,112] Trial 263 pruned. 
[I 2026-05-21 01:13:08,356] Trial 264 pruned. 
[I 2026-05-21 01:14:01,773] Trial 265 pruned. 
[I 2026-05-21 01:14:53,381] Trial 266 pruned. 
[I 2026-05-21 01:15:45,048] Trial 267 pruned. 
[I 2026-05-21 01:16:37,238] Trial 268 pruned. 
[I 2026-05-21 01:17:29,509] Trial 269 pruned. 
[I 2026-05-21 01:18:17,958] Trial 270 pruned. 
[I 2026-05-21 01:19:32,460] Trial 271 pruned. 
[I 2026-05-21 01:20:23,497] Trial 272 pruned. 
[I 2026-05-21 01:21:14,525] Trial 273 pruned. 
[I 2026-05-21 01:22:05,391] Trial 274 pruned. 
[I 2026-05-21 01:23:04,054] Trial 275 pruned. 
[I 2026-05-21 01:23:54,612] Trial 276 pruned. 
[I 2026-05-21 01:24:26,871] Trial 277 pruned. 
Early stopping trial 0278 at epoch 029; best epoch 019.
Trial 0278 comparable metric | normalized full-image target val MSE=0.0452090379
[I 2026-05-21 01:29:38,153] Trial 278 finished with value: 0.04520903794824317 and parameters: {'num_resblk': 20, 'batch_size': 512, 'learning_rate': 0.00026078413152471626, 'weight_decay': 3.6087870775563874e-07, 'num_features': 160, 'num_groups': 4, 'reduction': 32, 'res_scale': 0.3, 'alpha_domain': 0.0027132142230384382, 'domain_hidden_dim': 32}. Best is trial 250 with value: 0.04312874296531398.
[I 2026-05-21 01:30:30,423] Trial 279 pruned. 
[I 2026-05-21 01:31:20,731] Trial 280 pruned. 
[I 2026-05-21 01:32:10,831] Trial 281 pruned. 
[I 2026-05-21 01:33:01,377] Trial 282 pruned. 
[I 2026-05-21 01:34:25,015] Trial 283 pruned. 
[I 2026-05-21 01:35:15,459] Trial 284 pruned. 
[I 2026-05-21 01:36:10,498] Trial 285 pruned. 
[I 2026-05-21 01:37:00,692] Trial 286 pruned. 
[I 2026-05-21 01:37:51,225] Trial 287 pruned. 
[I 2026-05-21 01:39:06,151] Trial 288 pruned. 
[I 2026-05-21 01:39:57,950] Trial 289 pruned. 
[I 2026-05-21 01:40:46,866] Trial 290 pruned. 
[I 2026-05-21 01:42:00,380] Trial 291 pruned. 
[I 2026-05-21 01:42:49,082] Trial 292 pruned. 
[I 2026-05-21 01:43:39,210] Trial 293 pruned. 
[I 2026-05-21 01:44:45,721] Trial 294 pruned. 
[I 2026-05-21 01:45:34,729] Trial 295 pruned. 
[I 2026-05-21 01:46:26,362] Trial 296 pruned. 
[I 2026-05-21 01:47:13,466] Trial 297 pruned. 
[I 2026-05-21 01:48:03,724] Trial 298 pruned. 
Early stopping trial 0299 at epoch 024; best epoch 014.
Trial 0299 comparable metric | normalized full-image target val MSE=0.0451963587
[I 2026-05-21 01:52:25,614] Trial 299 finished with value: 0.04519635871383566 and parameters: {'num_resblk': 20, 'batch_size': 512, 'learning_rate': 0.0002903161359800618, 'weight_decay': 0.00034203686773415557, 'num_features': 192, 'num_groups': 4, 'reduction': 32, 'res_scale': 0.4, 'alpha_domain': 7.06175083556905e-05, 'domain_hidden_dim': 32}. Best is trial 250 with value: 0.04312874296531398.
[I 2026-05-21 01:53:14,514] Trial 300 pruned. 
[I 2026-05-21 01:54:15,161] Trial 301 pruned. 
[I 2026-05-21 01:54:46,154] Trial 302 pruned. 
[I 2026-05-21 01:55:37,455] Trial 303 pruned. 
[I 2026-05-21 01:56:26,811] Trial 304 pruned. 
[I 2026-05-21 01:57:23,562] Trial 305 pruned. 
[I 2026-05-21 01:58:09,820] Trial 306 pruned. 
[I 2026-05-21 01:59:01,629] Trial 307 pruned. 
[I 2026-05-21 02:00:25,400] Trial 308 pruned. 
[I 2026-05-21 02:01:23,857] Trial 309 pruned. 
[I 2026-05-21 02:02:14,982] Trial 310 pruned. 
[I 2026-05-21 02:03:02,936] Trial 311 pruned. 
[I 2026-05-21 02:03:56,341] Trial 312 pruned. 
[I 2026-05-21 02:05:04,264] Trial 313 pruned. 
[I 2026-05-21 02:05:54,522] Trial 314 pruned. 
[I 2026-05-21 02:06:58,269] Trial 315 pruned. 
[I 2026-05-21 02:07:47,835] Trial 316 pruned. 
[I 2026-05-21 02:08:37,176] Trial 317 pruned. 
[I 2026-05-21 02:09:29,179] Trial 318 pruned. 
[I 2026-05-21 02:10:19,410] Trial 319 pruned. 
[I 2026-05-21 02:10:50,172] Trial 320 pruned. 
[I 2026-05-21 02:11:41,010] Trial 321 pruned. 
[I 2026-05-21 02:12:54,588] Trial 322 pruned. 
[I 2026-05-21 02:13:44,931] Trial 323 pruned. 
[I 2026-05-21 02:14:34,707] Trial 324 pruned. 
[I 2026-05-21 02:15:24,421] Trial 325 pruned. 
[I 2026-05-21 02:16:15,270] Trial 326 pruned. 
Early stopping trial 0327 at epoch 030; best epoch 020.
Trial 0327 comparable metric | normalized full-image target val MSE=0.0444157433
[I 2026-05-21 02:21:49,887] Trial 327 finished with value: 0.04441574333437107 and parameters: {'num_resblk': 20, 'batch_size': 512, 'learning_rate': 0.00028550893923233396, 'weight_decay': 4.694920847766076e-05, 'num_features': 192, 'num_groups': 4, 'reduction': 32, 'res_scale': 0.4, 'alpha_domain': 5.2205874451542697e-05, 'domain_hidden_dim': 32}. Best is trial 250 with value: 0.04312874296531398.
[I 2026-05-21 02:22:40,089] Trial 328 pruned. 
[I 2026-05-21 02:23:25,395] Trial 329 pruned. 
[I 2026-05-21 02:24:18,073] Trial 330 pruned. 
[I 2026-05-21 02:25:10,859] Trial 331 pruned. 
[I 2026-05-21 02:26:26,869] Trial 332 pruned. 
[I 2026-05-21 02:27:18,181] Trial 333 pruned. 
Early stopping trial 0334 at epoch 046; best epoch 036.
Trial 0334 comparable metric | normalized full-image target val MSE=0.0429864828
[I 2026-05-21 02:36:12,114] Trial 334 finished with value: 0.04298648278268092 and parameters: {'num_resblk': 20, 'batch_size': 512, 'learning_rate': 0.00028443149637937264, 'weight_decay': 7.853894640912391e-05, 'num_features': 192, 'num_groups': 4, 'reduction': 32, 'res_scale': 0.3, 'alpha_domain': 0.0007717726697559335, 'domain_hidden_dim': 32}. Best is trial 334 with value: 0.04298648278268092.
[I 2026-05-21 02:37:05,589] Trial 335 pruned. 
[I 2026-05-21 02:37:59,645] Trial 336 pruned. 
[I 2026-05-21 02:39:10,492] Trial 337 pruned. 
[I 2026-05-21 02:40:02,560] Trial 338 pruned. 
slurmstepd: error: *** JOB 6951764 ON d4052 CANCELLED AT 2026-05-21T02:40:26 DUE TO TIME LIMIT ***
