[I 2026-05-25 21:28:28,840] Trial 131 finished with value: 0.041709911024461595 and parameters: {'num_resblk': 20, 'batch_size': 256, 'learning_rate': 0.00046253036025260916, 'weight_decay': 6.011304638878002e-07, 'num_features': 224, 'num_groups': 4, 'reduction': 32, 'res_scale': 0.2, 'alpha_domain': 0.0011593661581997632, 'domain_hidden_dim': 32}. Best is trial 47 with value: 0.04094660108900506.
[I 2026-05-25 21:29:58,224] Trial 132 pruned. 
[I 2026-05-25 21:31:28,059] Trial 133 pruned. 
[I 2026-05-25 21:32:58,879] Trial 134 pruned. 
[I 2026-05-25 21:34:30,200] Trial 135 pruned. 
[I 2026-05-25 21:36:01,329] Trial 136 pruned. 
[I 2026-05-25 21:37:27,612] Trial 137 pruned. 
[I 2026-05-25 21:38:56,664] Trial 138 pruned. 
Early stopping trial 0139 at epoch 026; best epoch 016.
[I 2026-05-25 21:45:35,633] Trial 139 finished with value: 0.04233577351932112 and parameters: {'num_resblk': 20, 'batch_size': 256, 'learning_rate': 0.0004877846806204039, 'weight_decay': 8.726667613124378e-07, 'num_features': 224, 'num_groups': 4, 'reduction': 32, 'res_scale': 0.2, 'alpha_domain': 0.001323713976005516, 'domain_hidden_dim': 64}. Best is trial 47 with value: 0.04094660108900506.
Early stopping trial 0140 at epoch 030; best epoch 020.
[I 2026-05-25 21:53:01,251] Trial 140 finished with value: 0.042093879700931786 and parameters: {'num_resblk': 20, 'batch_size': 256, 'learning_rate': 0.0004408961537176816, 'weight_decay': 1.571593888087007e-05, 'num_features': 224, 'num_groups': 2, 'reduction': 32, 'res_scale': 0.2, 'alpha_domain': 0.0009771889082820608, 'domain_hidden_dim': 64}. Best is trial 47 with value: 0.04094660108900506.
Early stopping trial 0141 at epoch 035; best epoch 025.
[I 2026-05-25 22:01:42,009] Trial 141 finished with value: 0.04161926727452779 and parameters: {'num_resblk': 24, 'batch_size': 256, 'learning_rate': 0.00040981953651482314, 'weight_decay': 1.0264076388868693e-07, 'num_features': 192, 'num_groups': 8, 'reduction': 32, 'res_scale': 0.1, 'alpha_domain': 0.001491296195122376, 'domain_hidden_dim': 64}. Best is trial 47 with value: 0.04094660108900506.
[I 2026-05-25 22:03:27,048] Trial 142 pruned. 
[I 2026-05-25 22:04:56,166] Trial 143 pruned. 
[I 2026-05-25 22:06:35,787] Trial 144 pruned. 
[I 2026-05-25 22:08:14,065] Trial 145 pruned. 
[I 2026-05-25 22:09:45,674] Trial 146 pruned. 
[I 2026-05-25 22:11:29,409] Trial 147 pruned. 
[I 2026-05-25 22:12:45,492] Trial 148 pruned. 
[I 2026-05-25 22:14:16,914] Trial 149 pruned. 
[I 2026-05-25 22:15:56,951] Trial 150 pruned. 
[I 2026-05-25 22:17:24,487] Trial 151 pruned. 
[I 2026-05-25 22:18:52,564] Trial 152 pruned. 
[I 2026-05-25 22:20:22,180] Trial 153 pruned. 
[I 2026-05-25 22:21:49,920] Trial 154 pruned. 
[I 2026-05-25 22:23:18,709] Trial 155 pruned. 
[I 2026-05-25 22:25:00,160] Trial 156 pruned. 
[I 2026-05-25 22:26:26,204] Trial 157 pruned. 
[I 2026-05-25 22:27:53,490] Trial 158 pruned. 
Early stopping trial 0159 at epoch 028; best epoch 018.
[I 2026-05-25 22:34:59,362] Trial 159 finished with value: 0.0422894297655859 and parameters: {'num_resblk': 20, 'batch_size': 256, 'learning_rate': 0.0004712481681472343, 'weight_decay': 0.00011542608883419615, 'num_features': 224, 'num_groups': 4, 'reduction': 32, 'res_scale': 0.3, 'alpha_domain': 0.001001231104828376, 'domain_hidden_dim': 64}. Best is trial 47 with value: 0.04094660108900506.
[I 2026-05-25 22:36:43,906] Trial 160 pruned. 
slurmstepd: error: *** JOB 7022791 ON d4052 CANCELLED AT 2026-05-25T22:38:10 DUE TO TIME LIMIT ***
