[I 2026-05-28 05:44:54,815] Trial 151 pruned. 
Early stopping trial 0152 at epoch 024; best epoch 014.
[I 2026-05-28 05:49:37,048] Trial 152 finished with value: 0.10787022978157436 and parameters: {'num_resblk': 16, 'batch_size': 512, 'learning_rate': 0.0002710995592858383, 'weight_decay': 0.0008444108566443844, 'num_features': 192, 'num_groups': 8, 'reduction': 16, 'res_scale': 0.4, 'alpha_domain': 0.005394528680244589, 'domain_hidden_dim': 64}. Best is trial 51 with value: 0.10618143395894963.
Early stopping trial 0153 at epoch 028; best epoch 018.
[I 2026-05-28 05:55:04,629] Trial 153 finished with value: 0.10765471001045941 and parameters: {'num_resblk': 16, 'batch_size': 512, 'learning_rate': 0.0002816775229062361, 'weight_decay': 0.000755011956705444, 'num_features': 192, 'num_groups': 8, 'reduction': 16, 'res_scale': 0.4, 'alpha_domain': 0.0053481576451806165, 'domain_hidden_dim': 64}. Best is trial 51 with value: 0.10618143395894963.
Early stopping trial 0154 at epoch 028; best epoch 018.
[I 2026-05-28 06:00:28,989] Trial 154 finished with value: 0.10682458860456404 and parameters: {'num_resblk': 16, 'batch_size': 512, 'learning_rate': 0.0002828483896739876, 'weight_decay': 0.0007912480746849446, 'num_features': 192, 'num_groups': 8, 'reduction': 16, 'res_scale': 0.4, 'alpha_domain': 0.00873202800041689, 'domain_hidden_dim': 64}. Best is trial 51 with value: 0.10618143395894963.
[I 2026-05-28 06:01:58,413] Trial 155 pruned. 
Early stopping trial 0156 at epoch 033; best epoch 023.
[I 2026-05-28 06:08:15,114] Trial 156 finished with value: 0.10942052102160958 and parameters: {'num_resblk': 16, 'batch_size': 512, 'learning_rate': 0.0002795538650746533, 'weight_decay': 0.000611065335814274, 'num_features': 192, 'num_groups': 8, 'reduction': 16, 'res_scale': 0.4, 'alpha_domain': 0.0055330571043768675, 'domain_hidden_dim': 64}. Best is trial 51 with value: 0.10618143395894963.
[I 2026-05-28 06:09:22,450] Trial 157 pruned. 
[I 2026-05-28 06:10:54,888] Trial 158 pruned. 
Early stopping trial 0159 at epoch 026; best epoch 016.
[I 2026-05-28 06:15:55,886] Trial 159 finished with value: 0.10669459717691485 and parameters: {'num_resblk': 16, 'batch_size': 512, 'learning_rate': 0.0002813955976485659, 'weight_decay': 0.000847395562665407, 'num_features': 192, 'num_groups': 8, 'reduction': 16, 'res_scale': 0.4, 'alpha_domain': 0.006402874968924482, 'domain_hidden_dim': 64}. Best is trial 51 with value: 0.10618143395894963.
[I 2026-05-28 06:17:28,315] Trial 160 pruned. 
[I 2026-05-28 06:18:57,430] Trial 161 pruned. 
Early stopping trial 0162 at epoch 022; best epoch 012.
[I 2026-05-28 06:23:14,053] Trial 162 finished with value: 0.10996987587375583 and parameters: {'num_resblk': 16, 'batch_size': 512, 'learning_rate': 0.00026312885797208, 'weight_decay': 0.0008567186977353597, 'num_features': 192, 'num_groups': 8, 'reduction': 16, 'res_scale': 0.4, 'alpha_domain': 0.006902008474729288, 'domain_hidden_dim': 64}. Best is trial 51 with value: 0.10618143395894963.
[I 2026-05-28 06:24:32,978] Trial 163 pruned. 
[I 2026-05-28 06:26:03,239] Trial 164 pruned. 
Early stopping trial 0165 at epoch 035; best epoch 025.
[I 2026-05-28 06:32:44,925] Trial 165 finished with value: 0.10682411104710801 and parameters: {'num_resblk': 16, 'batch_size': 512, 'learning_rate': 0.000281232332225118, 'weight_decay': 0.0006939068852925878, 'num_features': 192, 'num_groups': 8, 'reduction': 16, 'res_scale': 0.4, 'alpha_domain': 0.008848963393573045, 'domain_hidden_dim': 64}. Best is trial 51 with value: 0.10618143395894963.
[I 2026-05-28 06:33:53,355] Trial 166 pruned. 
[I 2026-05-28 06:35:22,851] Trial 167 pruned. 
[I 2026-05-28 06:36:42,447] Trial 168 pruned. 
[I 2026-05-28 06:38:13,126] Trial 169 pruned. 
[I 2026-05-28 06:39:43,531] Trial 170 pruned. 
Early stopping trial 0171 at epoch 028; best epoch 018.
[I 2026-05-28 06:45:04,867] Trial 171 finished with value: 0.1071046342077212 and parameters: {'num_resblk': 16, 'batch_size': 512, 'learning_rate': 0.0002626719454810629, 'weight_decay': 0.0006661806668751493, 'num_features': 192, 'num_groups': 8, 'reduction': 16, 'res_scale': 0.4, 'alpha_domain': 0.007011798236457968, 'domain_hidden_dim': 64}. Best is trial 51 with value: 0.10618143395894963.
[I 2026-05-28 06:46:12,582] Trial 172 pruned. 
[I 2026-05-28 06:47:43,212] Trial 173 pruned. 
Early stopping trial 0174 at epoch 031; best epoch 021.
[I 2026-05-28 06:53:38,362] Trial 174 finished with value: 0.10720722413315154 and parameters: {'num_resblk': 16, 'batch_size': 512, 'learning_rate': 0.0002696954327221096, 'weight_decay': 0.0004685994854052296, 'num_features': 192, 'num_groups': 8, 'reduction': 16, 'res_scale': 0.4, 'alpha_domain': 0.007524890527452724, 'domain_hidden_dim': 64}. Best is trial 51 with value: 0.10618143395894963.
[I 2026-05-28 06:56:06,403] Trial 175 pruned. 
Early stopping trial 0176 at epoch 025; best epoch 015.
[I 2026-05-28 07:00:56,772] Trial 176 finished with value: 0.10821827066628954 and parameters: {'num_resblk': 16, 'batch_size': 512, 'learning_rate': 0.00026721855738518, 'weight_decay': 0.0003389112899954621, 'num_features': 192, 'num_groups': 8, 'reduction': 16, 'res_scale': 0.4, 'alpha_domain': 0.008559972574326667, 'domain_hidden_dim': 64}. Best is trial 51 with value: 0.10618143395894963.
Early stopping trial 0177 at epoch 037; best epoch 027.
[I 2026-05-28 07:08:00,792] Trial 177 finished with value: 0.10686487429901913 and parameters: {'num_resblk': 16, 'batch_size': 512, 'learning_rate': 0.0002711363567765833, 'weight_decay': 0.00033692197429958107, 'num_features': 192, 'num_groups': 8, 'reduction': 16, 'res_scale': 0.4, 'alpha_domain': 0.00866983801835278, 'domain_hidden_dim': 64}. Best is trial 51 with value: 0.10618143395894963.
Early stopping trial 0178 at epoch 024; best epoch 014.
[I 2026-05-28 07:12:45,470] Trial 178 finished with value: 0.11079859974431128 and parameters: {'num_resblk': 16, 'batch_size': 512, 'learning_rate': 0.0002695243055190033, 'weight_decay': 0.0002861749128441486, 'num_features': 192, 'num_groups': 8, 'reduction': 16, 'res_scale': 0.4, 'alpha_domain': 0.008918125892944962, 'domain_hidden_dim': 64}. Best is trial 51 with value: 0.10618143395894963.
[I 2026-05-28 07:14:20,063] Trial 179 pruned. 
[I 2026-05-28 07:15:27,972] Trial 180 pruned. 
[I 2026-05-28 07:17:00,015] Trial 181 pruned. 
[I 2026-05-28 07:18:29,690] Trial 182 pruned. 
[I 2026-05-28 07:19:41,485] Trial 183 pruned. 
Early stopping trial 0184 at epoch 024; best epoch 014.
[I 2026-05-28 07:24:23,588] Trial 184 finished with value: 0.10983573298709991 and parameters: {'num_resblk': 16, 'batch_size': 512, 'learning_rate': 0.0002861718722180196, 'weight_decay': 0.00031017552485975217, 'num_features': 192, 'num_groups': 8, 'reduction': 16, 'res_scale': 0.4, 'alpha_domain': 0.005810829021329135, 'domain_hidden_dim': 64}. Best is trial 51 with value: 0.10618143395894963.
[I 2026-05-28 07:25:58,892] Trial 185 pruned. 
[I 2026-05-28 07:27:34,002] Trial 186 pruned. 
[I 2026-05-28 07:29:09,016] Trial 187 pruned. 
[I 2026-05-28 07:30:29,185] Trial 188 pruned. 
Early stopping trial 0189 at epoch 030; best epoch 020.
[I 2026-05-28 07:36:32,236] Trial 189 finished with value: 0.10692408892503318 and parameters: {'num_resblk': 16, 'batch_size': 512, 'learning_rate': 0.0002527304114079012, 'weight_decay': 0.0006362989475260061, 'num_features': 192, 'num_groups': 8, 'reduction': 16, 'res_scale': 0.4, 'alpha_domain': 0.005438204414140648, 'domain_hidden_dim': 64}. Best is trial 51 with value: 0.10618143395894963.
[I 2026-05-28 07:37:41,010] Trial 190 pruned. 
[I 2026-05-28 07:39:13,898] Trial 191 pruned. 
Early stopping trial 0192 at epoch 033; best epoch 023.
[I 2026-05-28 07:45:41,756] Trial 192 finished with value: 0.1091814400161141 and parameters: {'num_resblk': 16, 'batch_size': 512, 'learning_rate': 0.00024859130451719926, 'weight_decay': 0.0005741716264729259, 'num_features': 192, 'num_groups': 8, 'reduction': 16, 'res_scale': 0.4, 'alpha_domain': 0.0047729788702146544, 'domain_hidden_dim': 64}. Best is trial 51 with value: 0.10618143395894963.
[I 2026-05-28 07:46:52,174] Trial 193 pruned. 
Early stopping trial 0194 at epoch 021; best epoch 011.
[I 2026-05-28 07:51:00,818] Trial 194 finished with value: 0.11123670768161555 and parameters: {'num_resblk': 16, 'batch_size': 512, 'learning_rate': 0.0002599835495943004, 'weight_decay': 0.0007230658750807453, 'num_features': 192, 'num_groups': 8, 'reduction': 16, 'res_scale': 0.4, 'alpha_domain': 0.006190498874620585, 'domain_hidden_dim': 64}. Best is trial 51 with value: 0.10618143395894963.
[I 2026-05-28 07:52:34,446] Trial 195 pruned. 
[I 2026-05-28 07:53:40,222] Trial 196 pruned. 
[I 2026-05-28 07:54:49,261] Trial 197 pruned. 
[I 2026-05-28 07:55:59,924] Trial 198 pruned. 
Early stopping trial 0199 at epoch 024; best epoch 014.
[I 2026-05-28 08:00:38,506] Trial 199 finished with value: 0.10703502933064256 and parameters: {'num_resblk': 16, 'batch_size': 512, 'learning_rate': 0.000289184712476255, 'weight_decay': 0.0006449020925842829, 'num_features': 192, 'num_groups': 8, 'reduction': 16, 'res_scale': 0.4, 'alpha_domain': 0.005924810295373194, 'domain_hidden_dim': 64}. Best is trial 51 with value: 0.10618143395894963.
Early stopping trial 0200 at epoch 027; best epoch 017.
[I 2026-05-28 08:05:51,169] Trial 200 finished with value: 0.11046638305993958 and parameters: {'num_resblk': 16, 'batch_size': 512, 'learning_rate': 0.0002906415784235914, 'weight_decay': 0.0006336612670111617, 'num_features': 192, 'num_groups': 8, 'reduction': 16, 'res_scale': 0.4, 'alpha_domain': 0.009966895306610395, 'domain_hidden_dim': 64}. Best is trial 51 with value: 0.10618143395894963.
[I 2026-05-28 08:07:21,849] Trial 201 pruned. 
[I 2026-05-28 08:08:30,618] Trial 202 pruned. 
[I 2026-05-28 08:09:40,918] Trial 203 pruned. 
[I 2026-05-28 08:10:49,375] Trial 204 pruned. 
[I 2026-05-28 08:11:51,209] Trial 205 pruned. 
[I 2026-05-28 08:12:59,499] Trial 206 pruned. 
[I 2026-05-28 08:14:29,108] Trial 207 pruned. 
[I 2026-05-28 08:15:55,552] Trial 208 pruned. 
[I 2026-05-28 08:17:25,166] Trial 209 pruned. 
[I 2026-05-28 08:18:32,800] Trial 210 pruned. 
slurmstepd: error: *** JOB 7085354 ON d4055 CANCELLED AT 2026-05-28T08:19:05 DUE TO TIME LIMIT ***
