Using device: cuda
Experiment folder: /projects/sds-lab/Shuochen/downscaling/preprocessed/tas.CanESM2.CanRCM4.day.NAM-44i.raw.GCM_RCM
Loaded shapes:
LR GCM X : torch.Size([55115, 1, 13, 29])
HR RCM y : torch.Size([55115, 1, 52, 116])
HR mask  : torch.Size([55115, 1, 52, 116])
HR elev  : torch.Size([55115, 1, 52, 116])
HR aux   : torch.Size([55115, 2, 52, 116])
Domain split:
Source train years: 1951-2005
Target domain years: 2041-2070
Target validation uses the same years with labels for evaluation.
train_start_idx: 0
train_end_idx  : 20075
val_start_idx  : 32850
val_end_idx    : 43800
Split shapes:
X_source  : torch.Size([20075, 1, 13, 29])
y_source  : torch.Size([20075, 1, 52, 116])
aux_source: torch.Size([20075, 2, 52, 116])
X_target  : torch.Size([10950, 1, 13, 29])
y_target  : torch.Size([10950, 1, 52, 116])
aux_target: torch.Size([10950, 2, 52, 116])
mask_target: torch.Size([10950, 1, 52, 116])
Normalization:
X_mean: 7.09968900680542
X_std : 10.994036674499512
y_mean: 6.325695037841797
y_std : 10.159255027770996
All trial outputs will be saved to: /projects/sds-lab/Shuochen/downscaling/preprocessed/tas.CanESM2.CanRCM4.day.NAM-44i.raw.GCM_RCM/trained_models/RCAN_HR_Aux_ShallowFusion_DANN/dann_2041_2070_bs512
[I 2026-05-27 16:18:26,517] A new study created in RDB with name: dann_2041_2070_bs512
Optuna study: dann_2041_2070_bs512
Optuna storage: sqlite:////projects/sds-lab/Shuochen/downscaling/preprocessed/tas.CanESM2.CanRCM4.day.NAM-44i.raw.GCM_RCM/trained_models/RCAN_HR_Aux_ShallowFusion_DANN/dann_2041_2070_bs512/optuna_study.db
DANN source domain: 1951-2005
DANN target domain: 2041-2070
/home/wang.shuoc/downscaling/train_dann.py:671: FutureWarning: `torch.cuda.amp.GradScaler(args...)` is deprecated. Please use `torch.amp.GradScaler('cuda', args...)` instead.
  scaler = torch.cuda.amp.GradScaler(enabled=use_amp)
/home/wang.shuoc/downscaling/train_dann.py:727: FutureWarning: `torch.cuda.amp.autocast(args...)` is deprecated. Please use `torch.amp.autocast('cuda', args...)` instead.
  with torch.cuda.amp.autocast(enabled=use_amp):
/home/wang.shuoc/downscaling/train_dann.py:592: FutureWarning: `torch.cuda.amp.autocast(args...)` is deprecated. Please use `torch.amp.autocast('cuda', args...)` instead.
  with torch.cuda.amp.autocast(enabled=use_amp):
Early stopping trial 0000 at epoch 078; best epoch 068.
[I 2026-05-27 16:28:21,347] Trial 0 finished with value: 0.0165426989501878 and parameters: {'num_resblk': 14, 'batch_size': 512, 'learning_rate': 0.00022074896769025477, 'weight_decay': 1.3468758503588464e-05, 'num_features': 128, 'num_groups': 1, 'reduction': 16, 'res_scale': 0.2, 'alpha_domain': 0.0005794301441945879, 'domain_hidden_dim': 64}. Best is trial 0 with value: 0.0165426989501878.
Early stopping trial 0001 at epoch 053; best epoch 043.
[I 2026-05-27 16:37:19,032] Trial 1 finished with value: 0.016346778333119063 and parameters: {'num_resblk': 12, 'batch_size': 512, 'learning_rate': 0.000172197321550685, 'weight_decay': 1.5271141378825737e-05, 'num_features': 160, 'num_groups': 4, 'reduction': 16, 'res_scale': 0.4, 'alpha_domain': 0.00039043112494146224, 'domain_hidden_dim': 64}. Best is trial 1 with value: 0.016346778333119063.
Early stopping trial 0002 at epoch 069; best epoch 059.
[I 2026-05-27 16:45:00,491] Trial 2 finished with value: 0.01666025628237964 and parameters: {'num_resblk': 12, 'batch_size': 512, 'learning_rate': 0.0001326596330595496, 'weight_decay': 0.00047811299680285943, 'num_features': 128, 'num_groups': 8, 'reduction': 32, 'res_scale': 0.4, 'alpha_domain': 1.996457812850657e-05, 'domain_hidden_dim': 64}. Best is trial 1 with value: 0.016346778333119063.
Early stopping trial 0003 at epoch 051; best epoch 041.
[I 2026-05-27 16:54:29,335] Trial 3 finished with value: 0.016457983696637632 and parameters: {'num_resblk': 16, 'batch_size': 512, 'learning_rate': 0.0002328903055937211, 'weight_decay': 2.3365432385808958e-05, 'num_features': 160, 'num_groups': 2, 'reduction': 16, 'res_scale': 0.2, 'alpha_domain': 8.14529584155656e-05, 'domain_hidden_dim': 32}. Best is trial 1 with value: 0.016346778333119063.
Early stopping trial 0004 at epoch 061; best epoch 051.
[I 2026-05-27 17:04:43,280] Trial 4 finished with value: 0.016064685772951334 and parameters: {'num_resblk': 12, 'batch_size': 512, 'learning_rate': 0.000278077257645203, 'weight_decay': 3.461489166687424e-07, 'num_features': 160, 'num_groups': 2, 'reduction': 32, 'res_scale': 0.4, 'alpha_domain': 0.003343546653159277, 'domain_hidden_dim': 64}. Best is trial 4 with value: 0.016064685772951334.
Early stopping trial 0005 at epoch 067; best epoch 057.
[I 2026-05-27 17:13:16,013] Trial 5 finished with value: 0.015863344310081167 and parameters: {'num_resblk': 16, 'batch_size': 512, 'learning_rate': 0.0002952767709910689, 'weight_decay': 1.0552712050965624e-05, 'num_features': 128, 'num_groups': 8, 'reduction': 32, 'res_scale': 0.4, 'alpha_domain': 0.0019028930066597072, 'domain_hidden_dim': 32}. Best is trial 5 with value: 0.015863344310081167.
[I 2026-05-27 17:13:54,256] Trial 6 pruned. 
[I 2026-05-27 17:14:37,645] Trial 7 pruned. 
Early stopping trial 0008 at epoch 069; best epoch 059.
[I 2026-05-27 17:25:32,914] Trial 8 finished with value: 0.015978911266615402 and parameters: {'num_resblk': 12, 'batch_size': 512, 'learning_rate': 0.0002838015966995276, 'weight_decay': 0.00011743414725156855, 'num_features': 160, 'num_groups': 4, 'reduction': 32, 'res_scale': 0.3, 'alpha_domain': 0.0005473142001939488, 'domain_hidden_dim': 32}. Best is trial 5 with value: 0.015863344310081167.
[I 2026-05-27 17:26:11,380] Trial 9 pruned. 
Early stopping trial 0010 at epoch 055; best epoch 045.
[I 2026-05-27 17:38:23,110] Trial 10 finished with value: 0.016144305078066103 and parameters: {'num_resblk': 20, 'batch_size': 512, 'learning_rate': 0.00018247871660017874, 'weight_decay': 2.7430555307707706e-06, 'num_features': 192, 'num_groups': 8, 'reduction': 32, 'res_scale': 0.4, 'alpha_domain': 0.004695460555799524, 'domain_hidden_dim': 32}. Best is trial 5 with value: 0.015863344310081167.
[I 2026-05-27 17:41:22,950] Trial 11 pruned. 
[I 2026-05-27 17:43:41,928] Trial 12 pruned. 
Early stopping trial 0013 at epoch 037; best epoch 027.
[I 2026-05-27 17:51:51,382] Trial 13 finished with value: 0.016335776764984544 and parameters: {'num_resblk': 20, 'batch_size': 512, 'learning_rate': 0.0002880266841479308, 'weight_decay': 6.659875408335697e-05, 'num_features': 160, 'num_groups': 4, 'reduction': 32, 'res_scale': 0.3, 'alpha_domain': 0.00016358352654029704, 'domain_hidden_dim': 32}. Best is trial 5 with value: 0.015863344310081167.
[I 2026-05-27 17:55:17,115] Trial 14 pruned. 
[I 2026-05-27 17:55:58,790] Trial 15 pruned. 
[I 2026-05-27 18:00:19,024] Trial 16 pruned. 
[I 2026-05-27 18:01:52,851] Trial 17 pruned. 
[I 2026-05-27 18:03:05,787] Trial 18 pruned. 
[I 2026-05-27 18:07:54,791] Trial 19 pruned. 
[I 2026-05-27 18:08:57,596] Trial 20 pruned. 
Early stopping trial 0021 at epoch 043; best epoch 033.
[I 2026-05-27 18:17:05,183] Trial 21 finished with value: 0.016316843077744524 and parameters: {'num_resblk': 12, 'batch_size': 512, 'learning_rate': 0.0002979956970006959, 'weight_decay': 1.264590480154611e-07, 'num_features': 160, 'num_groups': 2, 'reduction': 32, 'res_scale': 0.4, 'alpha_domain': 0.003526554165799139, 'domain_hidden_dim': 64}. Best is trial 5 with value: 0.015863344310081167.
[I 2026-05-27 18:19:42,238] Trial 22 pruned. 
[I 2026-05-27 18:21:25,325] Trial 23 pruned. 
[I 2026-05-27 18:23:56,485] Trial 24 pruned. 
[I 2026-05-27 18:26:09,188] Trial 25 pruned. 
Early stopping trial 0026 at epoch 054; best epoch 044.
[I 2026-05-27 18:37:02,261] Trial 26 finished with value: 0.016119434960424627 and parameters: {'num_resblk': 14, 'batch_size': 512, 'learning_rate': 0.00029814163476105305, 'weight_decay': 1.0564804380612959e-07, 'num_features': 160, 'num_groups': 8, 'reduction': 32, 'res_scale': 0.4, 'alpha_domain': 0.0009624627020886746, 'domain_hidden_dim': 64}. Best is trial 5 with value: 0.015863344310081167.
[I 2026-05-27 18:38:14,341] Trial 27 pruned. 
[I 2026-05-27 18:39:06,717] Trial 28 pruned. 
[I 2026-05-27 18:40:26,806] Trial 29 pruned. 
[I 2026-05-27 18:41:15,779] Trial 30 pruned. 
Early stopping trial 0031 at epoch 058; best epoch 048.
[I 2026-05-27 18:52:05,675] Trial 31 finished with value: 0.01618740753121844 and parameters: {'num_resblk': 14, 'batch_size': 512, 'learning_rate': 0.00028083200407504587, 'weight_decay': 2.0175828249813887e-07, 'num_features': 160, 'num_groups': 8, 'reduction': 32, 'res_scale': 0.4, 'alpha_domain': 0.0008800420779977872, 'domain_hidden_dim': 64}. Best is trial 5 with value: 0.015863344310081167.
[I 2026-05-27 19:01:40,326] Trial 32 pruned. 
[I 2026-05-27 19:03:10,352] Trial 33 pruned. 
Early stopping trial 0034 at epoch 060; best epoch 050.
[I 2026-05-27 19:13:47,101] Trial 34 finished with value: 0.016087977541227864 and parameters: {'num_resblk': 12, 'batch_size': 512, 'learning_rate': 0.00029989977748667146, 'weight_decay': 2.0811166399214636e-05, 'num_features': 160, 'num_groups': 8, 'reduction': 16, 'res_scale': 0.4, 'alpha_domain': 1.0819973201221597e-05, 'domain_hidden_dim': 64}. Best is trial 5 with value: 0.015863344310081167.
[I 2026-05-27 19:18:19,960] Trial 35 pruned. 
[I 2026-05-27 19:19:30,488] Trial 36 pruned. 
[I 2026-05-27 19:20:17,558] Trial 37 pruned. 
[I 2026-05-27 19:21:01,472] Trial 38 pruned. 
[I 2026-05-27 19:22:15,046] Trial 39 pruned. 
[I 2026-05-27 19:23:28,508] Trial 40 pruned. 
[I 2026-05-27 19:29:43,994] Trial 41 pruned. 
[I 2026-05-27 19:34:55,641] Trial 42 pruned. 
[I 2026-05-27 19:36:10,227] Trial 43 pruned. 
[I 2026-05-27 19:37:25,239] Trial 44 pruned. 
[I 2026-05-27 19:38:53,060] Trial 45 pruned. 
[I 2026-05-27 19:40:07,718] Trial 46 pruned. 
[I 2026-05-27 19:41:38,792] Trial 47 pruned. 
[I 2026-05-27 19:43:12,312] Trial 48 pruned. 
[I 2026-05-27 19:44:44,626] Trial 49 pruned. 
Early stopping trial 0050 at epoch 058; best epoch 048.
[I 2026-05-27 19:59:54,568] Trial 50 finished with value: 0.015982888715860507 and parameters: {'num_resblk': 14, 'batch_size': 512, 'learning_rate': 0.00026385981770470524, 'weight_decay': 0.0009642955084672675, 'num_features': 192, 'num_groups': 8, 'reduction': 32, 'res_scale': 0.3, 'alpha_domain': 8.372227761682235e-05, 'domain_hidden_dim': 64}. Best is trial 5 with value: 0.015863344310081167.
[I 2026-05-27 20:01:44,587] Trial 51 pruned. 
[I 2026-05-27 20:04:09,234] Trial 52 pruned. 
Early stopping trial 0053 at epoch 050; best epoch 040.
[I 2026-05-27 20:16:41,489] Trial 53 finished with value: 0.01624074886786883 and parameters: {'num_resblk': 12, 'batch_size': 512, 'learning_rate': 0.0002635676207016336, 'weight_decay': 0.00019723405035084214, 'num_features': 192, 'num_groups': 8, 'reduction': 32, 'res_scale': 0.3, 'alpha_domain': 8.927371918556703e-05, 'domain_hidden_dim': 64}. Best is trial 5 with value: 0.015863344310081167.
[I 2026-05-27 20:19:16,847] Trial 54 pruned. 
[I 2026-05-27 20:20:46,395] Trial 55 pruned. 
[I 2026-05-27 20:27:05,932] Trial 56 pruned. 
[I 2026-05-27 20:28:07,045] Trial 57 pruned. 
[I 2026-05-27 20:29:23,487] Trial 58 pruned. 
[I 2026-05-27 20:30:50,075] Trial 59 pruned. 
[I 2026-05-27 20:34:02,216] Trial 60 pruned. 
[I 2026-05-27 20:39:57,221] Trial 61 pruned. 
Early stopping trial 0062 at epoch 054; best epoch 044.
[I 2026-05-27 20:52:08,950] Trial 62 finished with value: 0.015859348499747718 and parameters: {'num_resblk': 18, 'batch_size': 512, 'learning_rate': 0.0002877542672646092, 'weight_decay': 3.353320091361941e-06, 'num_features': 192, 'num_groups': 8, 'reduction': 32, 'res_scale': 0.4, 'alpha_domain': 0.004394998102520766, 'domain_hidden_dim': 32}. Best is trial 62 with value: 0.015859348499747718.
[I 2026-05-27 20:54:48,466] Trial 63 pruned. 
Early stopping trial 0064 at epoch 041; best epoch 031.
[I 2026-05-27 21:03:57,396] Trial 64 finished with value: 0.016311162955480622 and parameters: {'num_resblk': 18, 'batch_size': 512, 'learning_rate': 0.00029999857594758774, 'weight_decay': 8.680152147765079e-07, 'num_features': 192, 'num_groups': 8, 'reduction': 32, 'res_scale': 0.4, 'alpha_domain': 0.0029173680869761932, 'domain_hidden_dim': 32}. Best is trial 62 with value: 0.015859348499747718.
[I 2026-05-27 21:05:10,292] Trial 65 pruned. 
[I 2026-05-27 21:06:12,745] Trial 66 pruned. 
[I 2026-05-27 21:07:20,930] Trial 67 pruned. 
[I 2026-05-27 21:09:12,888] Trial 68 pruned. 
[I 2026-05-27 21:10:16,706] Trial 69 pruned. 
[I 2026-05-27 21:11:06,873] Trial 70 pruned. 
[I 2026-05-27 21:12:23,817] Trial 71 pruned. 
[I 2026-05-27 21:13:40,348] Trial 72 pruned. 
[I 2026-05-27 21:14:55,034] Trial 73 pruned. 
[I 2026-05-27 21:16:07,847] Trial 74 pruned. 
Early stopping trial 0075 at epoch 056; best epoch 046.
[I 2026-05-27 21:25:39,547] Trial 75 finished with value: 0.015948518386374327 and parameters: {'num_resblk': 12, 'batch_size': 512, 'learning_rate': 0.0002766669772587895, 'weight_decay': 8.555424918302233e-06, 'num_features': 192, 'num_groups': 8, 'reduction': 16, 'res_scale': 0.4, 'alpha_domain': 0.0031604265015099816, 'domain_hidden_dim': 64}. Best is trial 62 with value: 0.015859348499747718.
[I 2026-05-27 21:26:40,371] Trial 76 pruned. 
[I 2026-05-27 21:27:49,808] Trial 77 pruned. 
[I 2026-05-27 21:28:49,873] Trial 78 pruned. 
[I 2026-05-27 21:29:50,647] Trial 79 pruned. 
[I 2026-05-27 21:30:30,287] Trial 80 pruned. 
Early stopping trial 0081 at epoch 054; best epoch 044.
[I 2026-05-27 21:40:21,927] Trial 81 finished with value: 0.016203501033660483 and parameters: {'num_resblk': 14, 'batch_size': 512, 'learning_rate': 0.00028945749281229186, 'weight_decay': 2.637086453887646e-06, 'num_features': 192, 'num_groups': 8, 'reduction': 16, 'res_scale': 0.4, 'alpha_domain': 0.0016785697058829714, 'domain_hidden_dim': 64}. Best is trial 62 with value: 0.015859348499747718.
[I 2026-05-27 21:41:26,573] Trial 82 pruned. 
[I 2026-05-27 21:45:52,916] Trial 83 pruned. 
[I 2026-05-27 21:47:04,392] Trial 84 pruned. 
[I 2026-05-27 21:48:18,026] Trial 85 pruned. 
[I 2026-05-27 21:49:17,283] Trial 86 pruned. 
[I 2026-05-27 21:50:31,993] Trial 87 pruned. 
[I 2026-05-27 21:51:13,674] Trial 88 pruned. 
[I 2026-05-27 21:53:35,475] Trial 89 pruned. 
[I 2026-05-27 21:54:42,926] Trial 90 pruned. 
[I 2026-05-27 21:56:49,696] Trial 91 pruned. 
[I 2026-05-27 21:57:52,652] Trial 92 pruned. 
[I 2026-05-27 21:59:29,569] Trial 93 pruned. 
[I 2026-05-27 22:00:36,766] Trial 94 pruned. 
[I 2026-05-27 22:01:42,055] Trial 95 pruned. 
[I 2026-05-27 22:02:45,797] Trial 96 pruned. 
[I 2026-05-27 22:08:54,496] Trial 97 pruned. 
[I 2026-05-27 22:09:51,563] Trial 98 pruned. 
[I 2026-05-27 22:11:18,434] Trial 99 pruned. 
[I 2026-05-27 22:12:34,995] Trial 100 pruned. 
[I 2026-05-27 22:15:14,780] Trial 101 pruned. 
[I 2026-05-27 22:17:19,544] Trial 102 pruned. 
Early stopping trial 0103 at epoch 053; best epoch 043.
[I 2026-05-27 22:27:55,036] Trial 103 finished with value: 0.016253999945915996 and parameters: {'num_resblk': 14, 'batch_size': 512, 'learning_rate': 0.00029886913809710255, 'weight_decay': 1.0534766394172455e-06, 'num_features': 192, 'num_groups': 8, 'reduction': 16, 'res_scale': 0.4, 'alpha_domain': 0.002304558990328635, 'domain_hidden_dim': 64}. Best is trial 62 with value: 0.015859348499747718.
Early stopping trial 0104 at epoch 052; best epoch 042.
[I 2026-05-27 22:38:08,210] Trial 104 finished with value: 0.015950454670816797 and parameters: {'num_resblk': 14, 'batch_size': 512, 'learning_rate': 0.0002759969819722534, 'weight_decay': 7.212098599926894e-06, 'num_features': 192, 'num_groups': 8, 'reduction': 16, 'res_scale': 0.4, 'alpha_domain': 0.0007486957059934031, 'domain_hidden_dim': 64}. Best is trial 62 with value: 0.015859348499747718.
[I 2026-05-27 22:41:05,501] Trial 105 pruned. 
[I 2026-05-27 22:44:08,398] Trial 106 pruned. 
[I 2026-05-27 22:45:12,700] Trial 107 pruned. 
[I 2026-05-27 22:46:20,656] Trial 108 pruned. 
[I 2026-05-27 22:47:21,385] Trial 109 pruned. 
[I 2026-05-27 22:48:42,260] Trial 110 pruned. 
[I 2026-05-27 22:54:38,977] Trial 111 pruned. 
[I 2026-05-27 22:55:45,778] Trial 112 pruned. 
[I 2026-05-27 22:56:55,099] Trial 113 pruned. 
[I 2026-05-27 22:58:10,000] Trial 114 pruned. 
[I 2026-05-27 22:59:20,969] Trial 115 pruned. 
[I 2026-05-27 23:00:29,748] Trial 116 pruned. 
[I 2026-05-27 23:01:31,102] Trial 117 pruned. 
[I 2026-05-27 23:02:36,596] Trial 118 pruned. 
[I 2026-05-27 23:03:36,343] Trial 119 pruned. 
[I 2026-05-27 23:08:46,115] Trial 120 pruned. 
[I 2026-05-27 23:09:45,639] Trial 121 pruned. 
[I 2026-05-27 23:10:46,498] Trial 122 pruned. 
[I 2026-05-27 23:14:53,589] Trial 123 pruned. 
[I 2026-05-27 23:15:54,010] Trial 124 pruned. 
[I 2026-05-27 23:16:54,132] Trial 125 pruned. 
[I 2026-05-27 23:17:57,722] Trial 126 pruned. 
[I 2026-05-27 23:19:01,007] Trial 127 pruned. 
[I 2026-05-27 23:20:13,397] Trial 128 pruned. 
[I 2026-05-27 23:21:08,667] Trial 129 pruned. 
[I 2026-05-27 23:22:03,606] Trial 130 pruned. 
[I 2026-05-27 23:23:38,768] Trial 131 pruned. 
[I 2026-05-27 23:29:34,941] Trial 132 pruned. 
Early stopping trial 0133 at epoch 059; best epoch 049.
[I 2026-05-27 23:40:32,075] Trial 133 finished with value: 0.016181202987421595 and parameters: {'num_resblk': 14, 'batch_size': 512, 'learning_rate': 0.00029169265333470814, 'weight_decay': 1.539477630944567e-07, 'num_features': 192, 'num_groups': 8, 'reduction': 16, 'res_scale': 0.4, 'alpha_domain': 0.0018013668629202394, 'domain_hidden_dim': 64}. Best is trial 62 with value: 0.015859348499747718.
[I 2026-05-27 23:42:26,538] Trial 134 pruned. 
[I 2026-05-27 23:45:02,834] Trial 135 pruned. 
[I 2026-05-27 23:45:45,558] Trial 136 pruned. 
[I 2026-05-27 23:47:06,010] Trial 137 pruned. 
[I 2026-05-27 23:48:11,191] Trial 138 pruned. 
[I 2026-05-27 23:50:17,574] Trial 139 pruned. 
[I 2026-05-27 23:51:25,324] Trial 140 pruned. 
[I 2026-05-27 23:52:39,656] Trial 141 pruned. 
[I 2026-05-27 23:55:20,738] Trial 142 pruned. 
[I 2026-05-28 00:07:29,089] Trial 143 pruned. 
[I 2026-05-28 00:10:19,160] Trial 144 pruned. 
[I 2026-05-28 00:11:38,889] Trial 145 pruned. 
slurmstepd: error: *** JOB 7085268 ON d4055 CANCELLED AT 2026-05-28T00:17:59 DUE TO TIME LIMIT ***
