[I 2026-05-20 01:26:16,939] Trial 137 finished with value: 0.04440471147753238 and parameters: {'num_resblk': 14, 'batch_size': 256, 'learning_rate': 0.0002574445423192637, 'weight_decay': 1.7301301121299706e-06, 'num_features': 160, 'num_groups': 8, 'reduction': 16, 'res_scale': 0.4, 'alpha_domain': 0.0004887010097163748, 'domain_hidden_dim': 64}. Best is trial 90 with value: 0.04301611437943109.
[I 2026-05-20 01:27:23,311] Trial 138 pruned. 
[I 2026-05-20 01:28:29,740] Trial 139 pruned. 
[I 2026-05-20 01:29:12,581] Trial 140 pruned. 
Early stopping trial 0141 at epoch 041; best epoch 011.
[I 2026-05-20 01:36:35,616] Trial 141 finished with value: 0.04443355497037908 and parameters: {'num_resblk': 14, 'batch_size': 256, 'learning_rate': 0.0002523902851479646, 'weight_decay': 1.0968139313324533e-06, 'num_features': 192, 'num_groups': 4, 'reduction': 16, 'res_scale': 0.4, 'alpha_domain': 0.00028931808229577707, 'domain_hidden_dim': 64}. Best is trial 90 with value: 0.04301611437943109.
[I 2026-05-20 01:37:40,499] Trial 142 pruned. 
Early stopping trial 0143 at epoch 045; best epoch 015.
[I 2026-05-20 01:45:43,936] Trial 143 finished with value: 0.044226351433139285 and parameters: {'num_resblk': 14, 'batch_size': 256, 'learning_rate': 0.0002618498162955145, 'weight_decay': 3.564146379451253e-06, 'num_features': 192, 'num_groups': 4, 'reduction': 16, 'res_scale': 0.4, 'alpha_domain': 0.0002293500304025404, 'domain_hidden_dim': 64}. Best is trial 90 with value: 0.04301611437943109.
[I 2026-05-20 01:46:50,198] Trial 144 pruned. 
[I 2026-05-20 01:47:56,230] Trial 145 pruned. 
[I 2026-05-20 01:49:01,885] Trial 146 pruned. 
[I 2026-05-20 01:50:08,016] Trial 147 pruned. 
[I 2026-05-20 01:51:11,847] Trial 148 pruned. 
[I 2026-05-20 01:52:17,018] Trial 149 pruned. 
[I 2026-05-20 01:53:19,491] Trial 150 pruned. 
[I 2026-05-20 01:54:24,854] Trial 151 pruned. 
[I 2026-05-20 01:55:31,101] Trial 152 pruned. 
Early stopping trial 0153 at epoch 035; best epoch 005.
[I 2026-05-20 02:01:50,121] Trial 153 finished with value: 0.04497351908055915 and parameters: {'num_resblk': 14, 'batch_size': 256, 'learning_rate': 0.0002465566822423875, 'weight_decay': 1.969999935064967e-07, 'num_features': 192, 'num_groups': 4, 'reduction': 16, 'res_scale': 0.4, 'alpha_domain': 0.0012664568171283678, 'domain_hidden_dim': 64}. Best is trial 90 with value: 0.04301611437943109.
[I 2026-05-20 02:02:56,006] Trial 154 pruned. 
[I 2026-05-20 02:04:00,927] Trial 155 pruned. 
[I 2026-05-20 02:05:06,786] Trial 156 pruned. 
[I 2026-05-20 02:06:13,323] Trial 157 pruned. 
Early stopping trial 0158 at epoch 051; best epoch 021.
[I 2026-05-20 02:15:17,045] Trial 158 finished with value: 0.04467681302184421 and parameters: {'num_resblk': 14, 'batch_size': 256, 'learning_rate': 0.00021796694768545804, 'weight_decay': 1.2894044206916472e-07, 'num_features': 192, 'num_groups': 4, 'reduction': 16, 'res_scale': 0.4, 'alpha_domain': 0.0006887452531751948, 'domain_hidden_dim': 64}. Best is trial 90 with value: 0.04301611437943109.
[I 2026-05-20 02:16:22,223] Trial 159 pruned. 
[I 2026-05-20 02:17:25,669] Trial 160 pruned. 
[I 2026-05-20 02:18:35,356] Trial 161 pruned. 
[I 2026-05-20 02:19:41,007] Trial 162 pruned. 
[I 2026-05-20 02:20:47,416] Trial 163 pruned. 
[I 2026-05-20 02:21:52,757] Trial 164 pruned. 
Early stopping trial 0165 at epoch 037; best epoch 007.
[I 2026-05-20 02:28:30,565] Trial 165 finished with value: 0.044795874390446695 and parameters: {'num_resblk': 14, 'batch_size': 256, 'learning_rate': 0.00022872602986016385, 'weight_decay': 1.4069102636041497e-07, 'num_features': 192, 'num_groups': 4, 'reduction': 32, 'res_scale': 0.3, 'alpha_domain': 0.0031565029757486653, 'domain_hidden_dim': 32}. Best is trial 90 with value: 0.04301611437943109.
[I 2026-05-20 02:29:35,561] Trial 166 pruned. 
[I 2026-05-20 02:30:40,920] Trial 167 pruned. 
[I 2026-05-20 02:31:41,730] Trial 168 pruned. 
[I 2026-05-20 02:32:23,521] Trial 169 pruned. 
[I 2026-05-20 02:33:28,120] Trial 170 pruned. 
[I 2026-05-20 02:34:10,237] Trial 171 pruned. 
[I 2026-05-20 02:34:55,289] Trial 172 pruned. 
[I 2026-05-20 02:35:43,857] Trial 173 pruned. 
[I 2026-05-20 02:36:26,399] Trial 174 pruned. 
[I 2026-05-20 02:37:40,786] Trial 175 pruned. 
[I 2026-05-20 02:38:54,021] Trial 176 pruned. 
[I 2026-05-20 02:39:56,266] Trial 177 pruned. 
[I 2026-05-20 02:41:00,726] Trial 178 pruned. 
[I 2026-05-20 02:42:02,699] Trial 179 pruned. 
Early stopping trial 0180 at epoch 040; best epoch 010.
[I 2026-05-20 02:49:10,581] Trial 180 finished with value: 0.044330303638427396 and parameters: {'num_resblk': 14, 'batch_size': 256, 'learning_rate': 0.00018593884842053253, 'weight_decay': 6.661910083493175e-07, 'num_features': 192, 'num_groups': 4, 'reduction': 16, 'res_scale': 0.3, 'alpha_domain': 0.0004063438682599365, 'domain_hidden_dim': 64}. Best is trial 90 with value: 0.04301611437943109.
[I 2026-05-20 02:50:15,393] Trial 181 pruned. 
[I 2026-05-20 02:51:20,517] Trial 182 pruned. 
[I 2026-05-20 02:52:25,268] Trial 183 pruned. 
[I 2026-05-20 02:53:30,340] Trial 184 pruned. 
[I 2026-05-20 02:54:35,585] Trial 185 pruned. 
[I 2026-05-20 02:55:18,105] Trial 186 pruned. 
[I 2026-05-20 02:56:22,757] Trial 187 pruned. 
[I 2026-05-20 02:57:28,186] Trial 188 pruned. 
[I 2026-05-20 02:58:33,693] Trial 189 pruned. 
Early stopping trial 0190 at epoch 037; best epoch 007.
[I 2026-05-20 03:05:10,002] Trial 190 finished with value: 0.04527425166214194 and parameters: {'num_resblk': 14, 'batch_size': 256, 'learning_rate': 0.0002518648612635363, 'weight_decay': 1.4828168159267256e-07, 'num_features': 192, 'num_groups': 4, 'reduction': 32, 'res_scale': 0.4, 'alpha_domain': 0.0021976339004411783, 'domain_hidden_dim': 64}. Best is trial 90 with value: 0.04301611437943109.
[I 2026-05-20 03:06:19,824] Trial 191 pruned. 
slurmstepd: error: *** JOB 6919349 ON d4052 CANCELLED AT 2026-05-20T03:07:32 DUE TO TIME LIMIT ***
