Running with:
rcm_var = tmean
gcm_name = CanESM2
rcm_name = CanRCM4
grid = NAM-44i
Using device: cuda
All trial checkpoints will be saved to: /projects/sds-lab/Shuochen/downscaling/CORDEX/tmean.CanESM2.CanRCM4.day.NAM-44i.mbcn-gridMET/trained_models/SRResNet
Loaded shapes:
X       : torch.Size([55115, 1, 13, 29])
y       : torch.Size([55115, 1, 52, 116])
mask_hr : torch.Size([55115, 1, 52, 116])
Train/Val shapes:
X_train    : torch.Size([20440, 1, 13, 29])
y_train    : torch.Size([20440, 1, 52, 116])
mask_train : torch.Size([20440, 1, 52, 116])
X_val      : torch.Size([7300, 1, 13, 29])
y_val      : torch.Size([7300, 1, 52, 116])
mask_val   : torch.Size([7300, 1, 52, 116])
[I 2026-04-27 13:22:02,734] A new study created in memory with name: no-name-2221ec2d-b3f0-4979-8843-3ff52214df87
[I 2026-04-27 13:33:04,615] Trial 0 finished with value: 0.5118665955960751 and parameters: {'batch_size': 1024, 'learning_rate': 0.00013339514825965013, 'num_resblk': 8, 'num_features': 96, 'weight_decay': 8.087220547991857e-05}. Best is trial 0 with value: 0.5118665955960751.
[I 2026-04-27 13:47:35,244] Trial 1 finished with value: 0.5065541379153728 and parameters: {'batch_size': 1024, 'learning_rate': 0.0001405264403371186, 'num_resblk': 10, 'num_features': 128, 'weight_decay': 0.00015606109595412622}. Best is trial 1 with value: 0.5065541379153728.
[I 2026-04-27 14:01:51,401] Trial 2 finished with value: 0.5046662464737892 and parameters: {'batch_size': 1024, 'learning_rate': 0.0002883550852099764, 'num_resblk': 10, 'num_features': 128, 'weight_decay': 3.636448031269941e-05}. Best is trial 2 with value: 0.5046662464737892.
[I 2026-04-27 14:08:48,680] Trial 3 finished with value: 0.5370853468775749 and parameters: {'batch_size': 1024, 'learning_rate': 0.00014672481154011323, 'num_resblk': 4, 'num_features': 64, 'weight_decay': 4.1671191400896605e-05}. Best is trial 2 with value: 0.5046662464737892.
[I 2026-04-27 14:15:32,281] Trial 4 finished with value: 0.5440934747457504 and parameters: {'batch_size': 1024, 'learning_rate': 0.0002598299266657373, 'num_resblk': 10, 'num_features': 32, 'weight_decay': 3.643482341402242e-05}. Best is trial 2 with value: 0.5046662464737892.
[I 2026-04-27 14:15:49,585] Trial 5 pruned. 
Early stopping triggered for trial 006 at epoch 169 | best epoch: 139
[I 2026-04-27 14:30:31,092] Trial 6 finished with value: 0.5070872120559216 and parameters: {'batch_size': 1024, 'learning_rate': 0.0002648918252333954, 'num_resblk': 16, 'num_features': 128, 'weight_decay': 0.00029033060461651657}. Best is trial 2 with value: 0.5046662464737892.
[I 2026-04-27 14:30:44,850] Trial 7 pruned. 
[I 2026-04-27 14:31:22,855] Trial 8 pruned. 
[I 2026-04-27 14:34:23,024] Trial 9 pruned. 
[I 2026-04-27 14:34:51,609] Trial 10 pruned. 
[I 2026-04-27 14:49:11,756] Trial 11 finished with value: 0.5054206773638725 and parameters: {'batch_size': 1024, 'learning_rate': 0.00018507576947052217, 'num_resblk': 10, 'num_features': 128, 'weight_decay': 0.00013010299082915619}. Best is trial 2 with value: 0.5046662464737892.
[I 2026-04-27 14:51:54,355] Trial 12 pruned. 
[I 2026-04-27 14:52:06,010] Trial 13 pruned. 
[I 2026-04-27 14:52:52,086] Trial 14 pruned. 
[I 2026-04-27 14:53:32,014] Trial 15 pruned. 
[I 2026-04-27 15:09:21,678] Trial 16 finished with value: 0.5060967430472374 and parameters: {'batch_size': 1024, 'learning_rate': 0.00022907744312750447, 'num_resblk': 14, 'num_features': 128, 'weight_decay': 7.931656015911565e-05}. Best is trial 2 with value: 0.5046662464737892.
[I 2026-04-27 15:09:41,796] Trial 17 pruned. 
[I 2026-04-27 15:09:54,518] Trial 18 pruned. 
[I 2026-04-27 15:10:30,026] Trial 19 pruned. 
[I 2026-04-27 15:10:55,117] Trial 20 pruned. 
[I 2026-04-27 15:11:25,729] Trial 21 pruned. 
[I 2026-04-27 15:11:59,061] Trial 22 pruned. 
[I 2026-04-27 15:12:35,034] Trial 23 pruned. 
[I 2026-04-27 15:25:19,938] Trial 24 finished with value: 0.5066126771271229 and parameters: {'batch_size': 1024, 'learning_rate': 0.00021526167485443892, 'num_resblk': 8, 'num_features': 128, 'weight_decay': 0.00029559975341912804}. Best is trial 2 with value: 0.5046662464737892.
[I 2026-04-27 15:41:04,253] Trial 25 finished with value: 0.507317379117012 and parameters: {'batch_size': 1024, 'learning_rate': 0.0001622026049333309, 'num_resblk': 14, 'num_features': 128, 'weight_decay': 5.323589393037608e-05}. Best is trial 2 with value: 0.5046662464737892.
[I 2026-04-27 15:42:03,157] Trial 26 pruned. 
[I 2026-04-27 15:42:14,414] Trial 27 pruned. 
[I 2026-04-27 15:42:33,160] Trial 28 pruned. 
[I 2026-04-27 15:42:52,071] Trial 29 pruned. 
[I 2026-04-27 15:43:21,543] Trial 30 pruned. 
[I 2026-04-27 15:43:46,736] Trial 31 pruned. 
[I 2026-04-27 15:44:10,254] Trial 32 pruned. 
[I 2026-04-27 15:59:01,269] Trial 33 finished with value: 0.5057899877429008 and parameters: {'batch_size': 1024, 'learning_rate': 0.00015642569600928983, 'num_resblk': 12, 'num_features': 128, 'weight_decay': 0.00021097501043049026}. Best is trial 2 with value: 0.5046662464737892.
[I 2026-04-27 15:59:28,793] Trial 34 pruned. 
[I 2026-04-27 16:15:26,092] Trial 35 finished with value: 0.5038013458251953 and parameters: {'batch_size': 1024, 'learning_rate': 0.00017411218402193436, 'num_resblk': 14, 'num_features': 128, 'weight_decay': 0.00041684284444017046}. Best is trial 35 with value: 0.5038013458251953.
[I 2026-04-27 16:15:42,811] Trial 36 pruned. 
[I 2026-04-27 16:16:12,078] Trial 37 pruned. 
[I 2026-04-27 16:16:24,272] Trial 38 pruned. 
[I 2026-04-27 16:16:39,632] Trial 39 pruned. 
[I 2026-04-27 16:17:05,076] Trial 40 pruned. 
[I 2026-04-27 16:18:08,474] Trial 41 pruned. 
[I 2026-04-27 16:18:37,587] Trial 42 pruned. 
[I 2026-04-27 16:19:08,606] Trial 43 pruned. 
[I 2026-04-27 16:19:40,364] Trial 44 pruned. 
[I 2026-04-27 16:20:19,362] Trial 45 pruned. 
[I 2026-04-27 16:22:12,684] Trial 46 pruned. 
[I 2026-04-27 16:22:34,861] Trial 47 pruned. 
[I 2026-04-27 16:23:04,061] Trial 48 pruned. 
[I 2026-04-27 16:23:15,403] Trial 49 pruned. 
[I 2026-04-27 16:23:31,960] Trial 50 pruned. 
[I 2026-04-27 16:25:05,200] Trial 51 pruned. 
[I 2026-04-27 16:25:28,930] Trial 52 pruned. 
[I 2026-04-27 16:25:54,603] Trial 53 pruned. 
[I 2026-04-27 16:26:14,806] Trial 54 pruned. 
[I 2026-04-27 16:26:42,406] Trial 55 pruned. 
[I 2026-04-27 16:28:09,074] Trial 56 pruned. 
[I 2026-04-27 16:28:34,623] Trial 57 pruned. 
[I 2026-04-27 16:37:17,301] Trial 58 pruned. 
[I 2026-04-27 16:42:05,376] Trial 59 pruned. 
[I 2026-04-27 16:42:16,850] Trial 60 pruned. 
[I 2026-04-27 16:42:49,789] Trial 61 pruned. 
[I 2026-04-27 16:43:13,490] Trial 62 pruned. 
[I 2026-04-27 16:55:12,169] Trial 63 finished with value: 0.5038862340152264 and parameters: {'batch_size': 1024, 'learning_rate': 0.000234179369369158, 'num_resblk': 6, 'num_features': 128, 'weight_decay': 0.0002759783581359026}. Best is trial 35 with value: 0.5038013458251953.
[I 2026-04-27 16:55:32,159] Trial 64 pruned. 
[I 2026-04-27 16:56:20,525] Trial 65 pruned. 
[I 2026-04-27 16:56:42,346] Trial 66 pruned. 
[I 2026-04-27 16:57:34,044] Trial 67 pruned. 
[I 2026-04-27 16:57:50,638] Trial 68 pruned. 
[I 2026-04-27 16:58:18,447] Trial 69 pruned. 
[I 2026-04-27 16:58:56,453] Trial 70 pruned. 
[I 2026-04-27 17:03:44,939] Trial 71 pruned. 
[I 2026-04-27 17:04:24,270] Trial 72 pruned. 
[I 2026-04-27 17:04:53,626] Trial 73 pruned. 
[I 2026-04-27 17:05:48,819] Trial 74 pruned. 
[I 2026-04-27 17:06:31,256] Trial 75 pruned. 
[I 2026-04-27 17:06:56,766] Trial 76 pruned. 
[I 2026-04-27 17:07:07,419] Trial 77 pruned. 
[I 2026-04-27 17:07:34,931] Trial 78 pruned. 
[I 2026-04-27 17:08:04,176] Trial 79 pruned. 
[I 2026-04-27 17:08:22,064] Trial 80 pruned. 
[I 2026-04-27 17:09:03,430] Trial 81 pruned. 
[I 2026-04-27 17:09:55,371] Trial 82 pruned. 
Early stopping triggered for trial 083 at epoch 181 | best epoch: 151
[I 2026-04-27 17:25:18,592] Trial 83 finished with value: 0.5066432431340218 and parameters: {'batch_size': 1024, 'learning_rate': 0.00029086749631586443, 'num_resblk': 16, 'num_features': 128, 'weight_decay': 0.00012036962817857602}. Best is trial 35 with value: 0.5038013458251953.
Early stopping triggered for trial 084 at epoch 173 | best epoch: 143
[I 2026-04-27 17:40:01,220] Trial 84 finished with value: 0.5081819891929626 and parameters: {'batch_size': 1024, 'learning_rate': 0.00029093503300093833, 'num_resblk': 16, 'num_features': 128, 'weight_decay': 9.370714385586663e-05}. Best is trial 35 with value: 0.5038013458251953.
[I 2026-04-27 17:40:59,678] Trial 85 pruned. 
[I 2026-04-27 17:41:25,487] Trial 86 pruned. 
[I 2026-04-27 17:42:18,879] Trial 87 pruned. 
[I 2026-04-27 17:42:55,381] Trial 88 pruned. 
[I 2026-04-27 17:43:20,847] Trial 89 pruned. 
[I 2026-04-27 17:43:46,452] Trial 90 pruned. 
[I 2026-04-27 17:44:17,353] Trial 91 pruned. 
[I 2026-04-27 17:44:59,072] Trial 92 pruned. 
[I 2026-04-27 17:45:40,334] Trial 93 pruned. 
[I 2026-04-27 17:46:09,746] Trial 94 pruned. 
[I 2026-04-27 17:46:18,745] Trial 95 pruned. 
[I 2026-04-27 17:47:58,469] Trial 96 pruned. 
[I 2026-04-27 17:48:29,350] Trial 97 pruned. 
[I 2026-04-27 17:49:08,750] Trial 98 pruned. 
[I 2026-04-27 17:49:26,599] Trial 99 pruned. 
[I 2026-04-27 17:49:50,336] Trial 100 pruned. 
[I 2026-04-27 17:50:19,731] Trial 101 pruned. 
[I 2026-04-27 17:50:48,833] Trial 102 pruned. 
[I 2026-04-27 17:51:48,332] Trial 103 pruned. 
[I 2026-04-27 17:52:17,686] Trial 104 pruned. 
[I 2026-04-27 17:52:43,316] Trial 105 pruned. 
[I 2026-04-27 17:53:10,683] Trial 106 pruned. 
[I 2026-04-27 17:53:36,264] Trial 107 pruned. 
[I 2026-04-27 17:53:58,123] Trial 108 pruned. 
[I 2026-04-27 17:54:37,140] Trial 109 pruned. 
[I 2026-04-27 17:55:06,927] Trial 110 pruned. 
[I 2026-04-27 17:55:37,871] Trial 111 pruned. 
[I 2026-04-27 17:56:13,935] Trial 112 pruned. 
[I 2026-04-27 17:56:50,095] Trial 113 pruned. 
[I 2026-04-27 17:57:21,172] Trial 114 pruned. 
[I 2026-04-27 17:58:00,127] Trial 115 pruned. 
[I 2026-04-27 17:58:14,053] Trial 116 pruned. 
[I 2026-04-27 17:58:44,950] Trial 117 pruned. 
[I 2026-04-27 17:59:13,865] Trial 118 pruned. 
[I 2026-04-27 17:59:43,013] Trial 119 pruned. 
[I 2026-04-27 18:00:08,650] Trial 120 pruned. 
[I 2026-04-27 18:00:29,420] Trial 121 pruned. 
[I 2026-04-27 18:00:48,320] Trial 122 pruned. 
[I 2026-04-27 18:01:09,064] Trial 123 pruned. 
[I 2026-04-27 18:01:28,179] Trial 124 pruned. 
[I 2026-04-27 18:01:53,813] Trial 125 pruned. 
[I 2026-04-27 18:02:12,894] Trial 126 pruned. 
[I 2026-04-27 18:02:33,033] Trial 127 pruned. 
[I 2026-04-27 18:02:56,798] Trial 128 pruned. 
[I 2026-04-27 18:03:22,442] Trial 129 pruned. 
[I 2026-04-27 18:03:49,757] Trial 130 pruned. 
[I 2026-04-27 18:04:03,031] Trial 131 pruned. 
[I 2026-04-27 18:04:15,012] Trial 132 pruned. 
[I 2026-04-27 18:04:28,181] Trial 133 pruned. 
[I 2026-04-27 18:04:40,128] Trial 134 pruned. 
[I 2026-04-27 18:05:07,902] Trial 135 pruned. 
[I 2026-04-27 18:06:07,026] Trial 136 pruned. 
[I 2026-04-27 18:06:17,664] Trial 137 pruned. 
[I 2026-04-27 18:06:44,514] Trial 138 pruned. 
[I 2026-04-27 18:07:03,588] Trial 139 pruned. 
[I 2026-04-27 18:07:25,566] Trial 140 pruned. 
[I 2026-04-27 18:07:36,908] Trial 141 pruned. 
[I 2026-04-27 18:07:48,312] Trial 142 pruned. 
[I 2026-04-27 18:07:59,739] Trial 143 pruned. 
[I 2026-04-27 18:08:11,192] Trial 144 pruned. 
[I 2026-04-27 18:08:36,813] Trial 145 pruned. 
[I 2026-04-27 18:09:07,842] Trial 146 pruned. 
[I 2026-04-27 18:09:53,472] Trial 147 pruned. 
[I 2026-04-27 18:10:21,206] Trial 148 pruned. 
[I 2026-04-27 18:10:43,091] Trial 149 pruned. 
[I 2026-04-27 18:11:17,119] Trial 150 pruned. 
[I 2026-04-27 18:11:41,022] Trial 151 pruned. 
[I 2026-04-27 18:12:12,654] Trial 152 pruned. 
[I 2026-04-27 18:12:36,425] Trial 153 pruned. 
[I 2026-04-27 18:13:08,083] Trial 154 pruned. 
[I 2026-04-27 18:13:33,440] Trial 155 pruned. 
[I 2026-04-27 18:14:03,367] Trial 156 pruned. 
[I 2026-04-27 18:14:42,606] Trial 157 pruned. 
[I 2026-04-27 18:14:55,695] Trial 158 pruned. 
[I 2026-04-27 18:16:08,023] Trial 159 pruned. 
[I 2026-04-27 18:16:38,976] Trial 160 pruned. 
[I 2026-04-27 18:17:04,492] Trial 161 pruned. 
[I 2026-04-27 18:17:48,131] Trial 162 pruned. 
[I 2026-04-27 18:18:11,747] Trial 163 pruned. 
[I 2026-04-27 18:18:43,257] Trial 164 pruned. 
[I 2026-04-27 18:19:07,000] Trial 165 pruned. 
[I 2026-04-27 18:19:21,367] Trial 166 pruned. 
[I 2026-04-27 18:19:53,058] Trial 167 pruned. 
[I 2026-04-27 18:36:48,759] Trial 168 finished with value: 0.5053051076829433 and parameters: {'batch_size': 1024, 'learning_rate': 0.00013886362312452775, 'num_resblk': 16, 'num_features': 128, 'weight_decay': 0.00034750534382662967}. Best is trial 35 with value: 0.5038013458251953.
[I 2026-04-27 18:37:19,833] Trial 169 pruned. 
[I 2026-04-27 18:37:45,271] Trial 170 pruned. 
[I 2026-04-27 18:38:16,358] Trial 171 pruned. 
[I 2026-04-27 18:38:57,932] Trial 172 pruned. 
[I 2026-04-27 18:39:27,816] Trial 173 pruned. 
[I 2026-04-27 18:39:59,609] Trial 174 pruned. 
[I 2026-04-27 18:40:27,684] Trial 175 pruned. 
[I 2026-04-27 18:40:58,976] Trial 176 pruned. 
[I 2026-04-27 18:41:25,065] Trial 177 pruned. 
[I 2026-04-27 18:41:37,061] Trial 178 pruned. 
[I 2026-04-27 18:41:59,389] Trial 179 pruned. 
[I 2026-04-27 18:42:11,684] Trial 180 pruned. 
[I 2026-04-27 18:42:41,488] Trial 181 pruned. 
[I 2026-04-27 18:43:07,123] Trial 182 pruned. 
[I 2026-04-27 18:43:34,924] Trial 183 pruned. 
[I 2026-04-27 18:44:26,583] Trial 184 pruned. 
[I 2026-04-27 18:44:55,869] Trial 185 pruned. 
[I 2026-04-27 18:45:32,572] Trial 186 pruned. 
[I 2026-04-27 18:45:50,245] Trial 187 pruned. 
[I 2026-04-27 18:46:17,813] Trial 188 pruned. 
[I 2026-04-27 18:46:56,966] Trial 189 pruned. 
[I 2026-04-27 18:47:21,252] Trial 190 pruned. 
[I 2026-04-27 18:47:49,021] Trial 191 pruned. 
[I 2026-04-27 18:48:12,999] Trial 192 pruned. 
[I 2026-04-27 19:02:11,048] Trial 193 finished with value: 0.5034549571573734 and parameters: {'batch_size': 1024, 'learning_rate': 0.00020427285269350424, 'num_resblk': 10, 'num_features': 128, 'weight_decay': 0.0005018337150103573}. Best is trial 193 with value: 0.5034549571573734.
[I 2026-04-27 19:03:06,939] Trial 194 pruned. 
[I 2026-04-27 19:03:40,863] Trial 195 pruned. 
[I 2026-04-27 19:04:10,725] Trial 196 pruned. 
[I 2026-04-27 19:04:22,162] Trial 197 pruned. 
[I 2026-04-27 19:04:37,711] Trial 198 pruned. 
[I 2026-04-27 19:05:03,329] Trial 199 pruned. 
[I 2026-04-27 19:05:27,146] Trial 200 pruned. 
[I 2026-04-27 19:05:50,960] Trial 201 pruned. 
[I 2026-04-27 19:06:14,670] Trial 202 pruned. 
[I 2026-04-27 19:06:38,419] Trial 203 pruned. 
[I 2026-04-27 19:07:09,514] Trial 204 pruned. 
[I 2026-04-27 19:07:33,165] Trial 205 pruned. 
[I 2026-04-27 19:08:00,549] Trial 206 pruned. 
[I 2026-04-27 19:08:31,541] Trial 207 pruned. 
[I 2026-04-27 19:09:10,606] Trial 208 pruned. 
[I 2026-04-27 19:09:34,386] Trial 209 pruned. 
[I 2026-04-27 19:09:50,435] Trial 210 pruned. 
[I 2026-04-27 19:10:17,888] Trial 211 pruned. 
[I 2026-04-27 19:10:49,888] Trial 212 pruned. 
[I 2026-04-27 19:11:26,439] Trial 213 pruned. 
[I 2026-04-27 19:11:53,836] Trial 214 pruned. 
[I 2026-04-27 19:12:15,837] Trial 215 pruned. 
[I 2026-04-27 19:12:43,401] Trial 216 pruned. 
[I 2026-04-27 19:12:57,194] Trial 217 pruned. 
[I 2026-04-27 19:13:13,910] Trial 218 pruned. 
[I 2026-04-27 19:13:52,817] Trial 219 pruned. 
[I 2026-04-27 19:14:16,729] Trial 220 pruned. 
[I 2026-04-27 19:14:44,230] Trial 221 pruned. 
[I 2026-04-27 19:15:11,679] Trial 222 pruned. 
[I 2026-04-27 19:15:38,873] Trial 223 pruned. 
[I 2026-04-27 19:16:06,182] Trial 224 pruned. 
[I 2026-04-27 19:16:31,573] Trial 225 pruned. 
[I 2026-04-27 19:17:00,669] Trial 226 pruned. 
[I 2026-04-27 19:17:30,546] Trial 227 pruned. 
[I 2026-04-27 19:17:56,208] Trial 228 pruned. 
[I 2026-04-27 19:18:21,705] Trial 229 pruned. 
[I 2026-04-27 19:18:49,050] Trial 230 pruned. 
[I 2026-04-27 19:19:14,614] Trial 231 pruned. 
[I 2026-04-27 19:19:53,125] Trial 232 pruned. 
[I 2026-04-27 19:20:18,813] Trial 233 pruned. 
[I 2026-04-27 19:20:44,370] Trial 234 pruned. 
[I 2026-04-27 19:21:09,775] Trial 235 pruned. 
[I 2026-04-27 19:21:39,424] Trial 236 pruned. 
[I 2026-04-27 19:21:50,709] Trial 237 pruned. 
[I 2026-04-27 19:22:09,577] Trial 238 pruned. 
[I 2026-04-27 19:22:35,110] Trial 239 pruned. 
[I 2026-04-27 19:23:00,431] Trial 240 pruned. 
[I 2026-04-27 19:23:24,151] Trial 241 pruned. 
[I 2026-04-27 19:23:47,812] Trial 242 pruned. 
[I 2026-04-27 19:24:11,493] Trial 243 pruned. 
[I 2026-04-27 19:24:39,025] Trial 244 pruned. 
[I 2026-04-27 19:25:02,778] Trial 245 pruned. 
[I 2026-04-27 19:25:32,803] Trial 246 pruned. 
[I 2026-04-27 19:26:02,041] Trial 247 pruned. 
[I 2026-04-27 19:26:48,762] Trial 248 pruned. 
[I 2026-04-27 19:39:44,868] Trial 249 finished with value: 0.5021792724728584 and parameters: {'batch_size': 1024, 'learning_rate': 0.0002821889438607051, 'num_resblk': 8, 'num_features': 128, 'weight_decay': 1.173172592786234e-05}. Best is trial 249 with value: 0.5021792724728584.
[I 2026-04-27 19:40:08,161] Trial 250 pruned. 
[I 2026-04-27 19:40:31,593] Trial 251 pruned. 
[I 2026-04-27 19:41:00,467] Trial 252 pruned. 
[I 2026-04-27 19:41:25,596] Trial 253 pruned. 
[I 2026-04-27 19:41:54,491] Trial 254 pruned. 
[I 2026-04-27 19:42:06,263] Trial 255 pruned. 
[I 2026-04-27 19:42:18,956] Trial 256 pruned. 
[I 2026-04-27 19:42:49,891] Trial 257 pruned. 
[I 2026-04-27 19:43:21,187] Trial 258 pruned. 
[I 2026-04-27 19:43:51,663] Trial 259 pruned. 
[I 2026-04-27 19:53:44,224] Trial 260 pruned. 
[I 2026-04-27 19:54:11,140] Trial 261 pruned. 
[I 2026-04-27 19:54:38,076] Trial 262 pruned. 
[I 2026-04-27 19:54:59,873] Trial 263 pruned. 
[I 2026-04-27 19:55:26,749] Trial 264 pruned. 
[I 2026-04-27 19:55:58,244] Trial 265 pruned. 
[I 2026-04-27 19:56:27,085] Trial 266 pruned. 
[I 2026-04-27 19:56:54,336] Trial 267 pruned. 
[I 2026-04-27 19:57:30,000] Trial 268 pruned. 
[I 2026-04-27 19:57:39,273] Trial 269 pruned. 
[I 2026-04-27 19:57:55,560] Trial 270 pruned. 
[I 2026-04-27 20:00:36,250] Trial 271 pruned. 
[I 2026-04-27 20:00:59,283] Trial 272 pruned. 
[I 2026-04-27 20:01:22,595] Trial 273 pruned. 
[I 2026-04-27 20:01:41,177] Trial 274 pruned. 
[I 2026-04-27 20:02:04,346] Trial 275 pruned. 
[I 2026-04-27 20:02:27,559] Trial 276 pruned. 
[I 2026-04-27 20:02:58,270] Trial 277 pruned. 
[I 2026-04-27 20:03:27,066] Trial 278 pruned. 
[I 2026-04-27 20:03:50,610] Trial 279 pruned. 
[I 2026-04-27 20:04:14,609] Trial 280 pruned. 
[I 2026-04-27 20:04:40,110] Trial 281 pruned. 
[I 2026-04-27 20:05:00,061] Trial 282 pruned. 
[I 2026-04-27 20:05:09,662] Trial 283 pruned. 
[I 2026-04-27 20:05:38,755] Trial 284 pruned. 
[I 2026-04-27 20:05:57,591] Trial 285 pruned. 
[I 2026-04-27 20:06:19,333] Trial 286 pruned. 
[I 2026-04-27 20:06:48,617] Trial 287 pruned. 
[I 2026-04-27 20:07:12,514] Trial 288 pruned. 
[I 2026-04-27 20:07:59,829] Trial 289 pruned. 
[I 2026-04-27 20:08:23,443] Trial 290 pruned. 
[I 2026-04-27 20:08:46,841] Trial 291 pruned. 
[I 2026-04-27 20:09:11,971] Trial 292 pruned. 
[I 2026-04-27 20:09:52,568] Trial 293 pruned. 
[I 2026-04-27 20:10:19,812] Trial 294 pruned. 
[I 2026-04-27 20:10:48,743] Trial 295 pruned. 
[I 2026-04-27 20:10:58,985] Trial 296 pruned. 
[I 2026-04-27 20:11:24,375] Trial 297 pruned. 
[I 2026-04-27 20:11:39,672] Trial 298 pruned. 
[I 2026-04-27 20:12:20,821] Trial 299 pruned. 
[I 2026-04-27 20:12:44,263] Trial 300 pruned. 
[I 2026-04-27 20:13:07,966] Trial 301 pruned. 
[I 2026-04-27 20:13:33,152] Trial 302 pruned. 
[I 2026-04-27 20:16:12,012] Trial 303 pruned. 
[I 2026-04-27 20:16:44,476] Trial 304 pruned. 
[I 2026-04-27 20:17:16,481] Trial 305 pruned. 
[I 2026-04-27 20:17:47,709] Trial 306 pruned. 
[I 2026-04-27 20:18:15,391] Trial 307 pruned. 
[I 2026-04-27 20:18:49,710] Trial 308 pruned. 
[I 2026-04-27 20:19:10,035] Trial 309 pruned. 
[I 2026-04-27 20:19:20,208] Trial 310 pruned. 
[I 2026-04-27 20:19:45,382] Trial 311 pruned. 
[I 2026-04-27 20:20:13,958] Trial 312 pruned. 
[I 2026-04-27 20:20:30,126] Trial 313 pruned. 
[I 2026-04-27 20:21:00,802] Trial 314 pruned. 
[I 2026-04-27 20:21:25,765] Trial 315 pruned. 
[I 2026-04-27 20:21:53,201] Trial 316 pruned. 
[I 2026-04-27 20:22:23,998] Trial 317 pruned. 
[I 2026-04-27 20:22:52,711] Trial 318 pruned. 
[I 2026-04-27 20:23:11,394] Trial 319 pruned. 
[I 2026-04-27 20:23:40,477] Trial 320 pruned. 
[I 2026-04-27 20:24:07,281] Trial 321 pruned. 
[I 2026-04-27 20:24:28,619] Trial 322 pruned. 
[I 2026-04-27 20:24:40,515] Trial 323 pruned. 
[I 2026-04-27 20:25:05,713] Trial 324 pruned. 
[I 2026-04-27 20:25:24,778] Trial 325 pruned. 
[I 2026-04-27 20:25:48,681] Trial 326 pruned. 
[I 2026-04-27 20:26:14,271] Trial 327 pruned. 
[I 2026-04-27 20:26:45,789] Trial 328 pruned. 
[I 2026-04-27 20:27:09,344] Trial 329 pruned. 
[I 2026-04-27 20:27:29,000] Trial 330 pruned. 
[I 2026-04-27 20:27:57,737] Trial 331 pruned. 
[I 2026-04-27 20:28:22,945] Trial 332 pruned. 
[I 2026-04-27 20:29:09,312] Trial 333 pruned. 
[I 2026-04-27 20:29:32,639] Trial 334 pruned. 
[I 2026-04-27 20:30:06,713] Trial 335 pruned. 
[I 2026-04-27 20:30:17,800] Trial 336 pruned. 
[I 2026-04-27 20:30:49,555] Trial 337 pruned. 
[I 2026-04-27 20:31:03,558] Trial 338 pruned. 
[I 2026-04-27 20:31:25,611] Trial 339 pruned. 
[I 2026-04-27 20:31:56,110] Trial 340 pruned. 
[I 2026-04-27 20:32:19,412] Trial 341 pruned. 
[I 2026-04-27 20:32:44,534] Trial 342 pruned. 
[I 2026-04-27 20:33:13,479] Trial 343 pruned. 
[I 2026-04-27 20:33:40,523] Trial 344 pruned. 
[I 2026-04-27 20:34:09,378] Trial 345 pruned. 
[I 2026-04-27 20:34:29,075] Trial 346 pruned. 
[I 2026-04-27 20:34:53,984] Trial 347 pruned. 
[I 2026-04-27 20:35:23,464] Trial 348 pruned. 
[I 2026-04-27 20:35:46,898] Trial 349 pruned. 
[I 2026-04-27 20:36:00,579] Trial 350 pruned. 
[I 2026-04-27 20:36:29,991] Trial 351 pruned. 
[I 2026-04-27 20:36:43,895] Trial 352 pruned. 
[I 2026-04-27 20:38:29,071] Trial 353 pruned. 
[I 2026-04-27 20:39:18,605] Trial 354 pruned. 
[I 2026-04-27 20:39:59,854] Trial 355 pruned. 
[I 2026-04-27 20:40:28,684] Trial 356 pruned. 
[I 2026-04-27 20:40:52,477] Trial 357 pruned. 
