[I 2026-04-30 15:33:01,555] Trial 115 pruned. 
[I 2026-04-30 15:33:21,587] Trial 116 pruned. 
[I 2026-04-30 15:33:33,375] Trial 117 pruned. 
Early stopping triggered for trial 118 at epoch 061 | best epoch: 031
[I 2026-04-30 15:36:56,944] Trial 118 finished with value: 4.66350245475769 and parameters: {'batch_size': 1024, 'learning_rate': 0.00019914445081571283, 'num_resblk': 4, 'num_features': 128, 'weight_decay': 3.9624585205278935e-05}. Best is trial 107 with value: 3.884291172027588.
[I 2026-04-30 15:37:16,790] Trial 119 pruned. 
Early stopping triggered for trial 120 at epoch 043 | best epoch: 013
[I 2026-04-30 15:39:41,255] Trial 120 finished with value: 4.646001756191254 and parameters: {'batch_size': 1024, 'learning_rate': 0.0002813717813814891, 'num_resblk': 4, 'num_features': 128, 'weight_decay': 4.783584569718437e-05}. Best is trial 107 with value: 3.884291172027588.
[I 2026-04-30 15:40:01,291] Trial 121 pruned. 
[I 2026-04-30 15:40:21,227] Trial 122 pruned. 
[I 2026-04-30 15:40:42,991] Trial 123 pruned. 
[I 2026-04-30 15:41:03,000] Trial 124 pruned. 
[I 2026-04-30 15:41:22,790] Trial 125 pruned. 
Early stopping triggered for trial 126 at epoch 042 | best epoch: 012
[I 2026-04-30 15:43:56,679] Trial 126 finished with value: 5.00857812166214 and parameters: {'batch_size': 1024, 'learning_rate': 0.00011903018452997922, 'num_resblk': 6, 'num_features': 128, 'weight_decay': 1.6560938818219532e-05}. Best is trial 107 with value: 3.884291172027588.
[I 2026-04-30 15:44:16,526] Trial 127 pruned. 
Early stopping triggered for trial 128 at epoch 054 | best epoch: 024
[I 2026-04-30 15:47:16,708] Trial 128 finished with value: 4.545731425285339 and parameters: {'batch_size': 1024, 'learning_rate': 0.00012519801284573373, 'num_resblk': 4, 'num_features': 128, 'weight_decay': 9.240892922387676e-05}. Best is trial 107 with value: 3.884291172027588.
[I 2026-04-30 15:47:38,561] Trial 129 pruned. 
[I 2026-04-30 15:47:47,408] Trial 130 pruned. 
[I 2026-04-30 15:48:07,444] Trial 131 pruned. 
[I 2026-04-30 15:48:27,394] Trial 132 pruned. 
[I 2026-04-30 15:48:47,323] Trial 133 pruned. 
Early stopping triggered for trial 134 at epoch 046 | best epoch: 016
[I 2026-04-30 15:51:21,757] Trial 134 finished with value: 4.341564357280731 and parameters: {'batch_size': 1024, 'learning_rate': 0.00011125005779357104, 'num_resblk': 4, 'num_features': 128, 'weight_decay': 8.368831529734981e-05}. Best is trial 107 with value: 3.884291172027588.
Early stopping triggered for trial 135 at epoch 046 | best epoch: 016
[I 2026-04-30 15:53:55,787] Trial 135 finished with value: 4.13918662071228 and parameters: {'batch_size': 1024, 'learning_rate': 0.0001869216414036328, 'num_resblk': 4, 'num_features': 128, 'weight_decay': 7.808542930035497e-05}. Best is trial 107 with value: 3.884291172027588.
Early stopping triggered for trial 136 at epoch 049 | best epoch: 019
[I 2026-04-30 15:56:40,212] Trial 136 finished with value: 4.71672123670578 and parameters: {'batch_size': 1024, 'learning_rate': 0.00018645208108343024, 'num_resblk': 4, 'num_features': 128, 'weight_decay': 1.131108350421346e-06}. Best is trial 107 with value: 3.884291172027588.
Early stopping triggered for trial 137 at epoch 052 | best epoch: 022
[I 2026-04-30 15:59:34,148] Trial 137 finished with value: 4.551834881305695 and parameters: {'batch_size': 1024, 'learning_rate': 0.0001789129669574123, 'num_resblk': 4, 'num_features': 128, 'weight_decay': 8.285902311119568e-05}. Best is trial 107 with value: 3.884291172027588.
[I 2026-04-30 15:59:54,134] Trial 138 pruned. 
[I 2026-04-30 16:00:05,986] Trial 139 pruned. 
[I 2026-04-30 16:00:26,062] Trial 140 pruned. 
[I 2026-04-30 16:00:51,251] Trial 141 pruned. 
[I 2026-04-30 16:01:11,296] Trial 142 pruned. 
[I 2026-04-30 16:01:33,124] Trial 143 pruned. 
Early stopping triggered for trial 144 at epoch 057 | best epoch: 027
[I 2026-04-30 16:04:43,493] Trial 144 finished with value: 4.756036877632141 and parameters: {'batch_size': 1024, 'learning_rate': 0.00011388949899966812, 'num_resblk': 4, 'num_features': 128, 'weight_decay': 5.5043571427131146e-05}. Best is trial 107 with value: 3.884291172027588.
Early stopping triggered for trial 145 at epoch 041 | best epoch: 011
[I 2026-04-30 16:07:01,335] Trial 145 finished with value: 4.598482370376587 and parameters: {'batch_size': 1024, 'learning_rate': 0.00012303528088469294, 'num_resblk': 4, 'num_features': 128, 'weight_decay': 8.456356608359167e-05}. Best is trial 107 with value: 3.884291172027588.
[I 2026-04-30 16:07:21,327] Trial 146 pruned. 
[I 2026-04-30 16:07:43,112] Trial 147 pruned. 
Early stopping triggered for trial 148 at epoch 065 | best epoch: 035
[I 2026-04-30 16:11:19,839] Trial 148 finished with value: 4.979797780513763 and parameters: {'batch_size': 1024, 'learning_rate': 0.00018725048469077883, 'num_resblk': 4, 'num_features': 128, 'weight_decay': 0.00012039606154226994}. Best is trial 107 with value: 3.884291172027588.
Early stopping triggered for trial 149 at epoch 051 | best epoch: 021
[I 2026-04-30 16:14:10,414] Trial 149 finished with value: 4.255352824926376 and parameters: {'batch_size': 1024, 'learning_rate': 0.00011855926563013958, 'num_resblk': 4, 'num_features': 128, 'weight_decay': 6.151570513658234e-05}. Best is trial 107 with value: 3.884291172027588.
[I 2026-04-30 16:14:41,070] Trial 150 pruned. 
[I 2026-04-30 16:15:01,300] Trial 151 pruned. 
Early stopping triggered for trial 152 at epoch 050 | best epoch: 020
[I 2026-04-30 16:17:48,929] Trial 152 finished with value: 4.230940580368042 and parameters: {'batch_size': 1024, 'learning_rate': 0.0001257101291922304, 'num_resblk': 4, 'num_features': 128, 'weight_decay': 7.528132991664309e-05}. Best is trial 107 with value: 3.884291172027588.
Early stopping triggered for trial 153 at epoch 057 | best epoch: 027
[I 2026-04-30 16:20:59,733] Trial 153 finished with value: 4.689607858657837 and parameters: {'batch_size': 1024, 'learning_rate': 0.00011439036599843995, 'num_resblk': 4, 'num_features': 128, 'weight_decay': 8.133821278792056e-05}. Best is trial 107 with value: 3.884291172027588.
Early stopping triggered for trial 154 at epoch 054 | best epoch: 024
[I 2026-04-30 16:24:00,568] Trial 154 finished with value: 4.237451732158661 and parameters: {'batch_size': 1024, 'learning_rate': 0.00010957253595544696, 'num_resblk': 4, 'num_features': 128, 'weight_decay': 7.519021385912991e-06}. Best is trial 107 with value: 3.884291172027588.
Early stopping triggered for trial 155 at epoch 052 | best epoch: 022
[I 2026-04-30 16:26:55,034] Trial 155 finished with value: 4.445745050907135 and parameters: {'batch_size': 1024, 'learning_rate': 0.00010928415662722952, 'num_resblk': 4, 'num_features': 128, 'weight_decay': 5.897492123376161e-05}. Best is trial 107 with value: 3.884291172027588.
Early stopping triggered for trial 156 at epoch 048 | best epoch: 018
[I 2026-04-30 16:29:36,057] Trial 156 finished with value: 4.607551872730255 and parameters: {'batch_size': 1024, 'learning_rate': 0.00010158737728939294, 'num_resblk': 4, 'num_features': 128, 'weight_decay': 1.6955226578572916e-06}. Best is trial 107 with value: 3.884291172027588.
Early stopping triggered for trial 157 at epoch 045 | best epoch: 015
[I 2026-04-30 16:32:07,172] Trial 157 finished with value: 4.6742148995399475 and parameters: {'batch_size': 1024, 'learning_rate': 0.00010763334000661369, 'num_resblk': 4, 'num_features': 128, 'weight_decay': 4.352543511393918e-06}. Best is trial 107 with value: 3.884291172027588.
[I 2026-04-30 16:32:27,183] Trial 158 pruned. 
[I 2026-04-30 16:32:36,169] Trial 159 pruned. 
[I 2026-04-30 16:32:56,113] Trial 160 pruned. 
Early stopping triggered for trial 161 at epoch 061 | best epoch: 031
[I 2026-04-30 16:36:20,068] Trial 161 finished with value: 4.40944629907608 and parameters: {'batch_size': 1024, 'learning_rate': 0.00011764632343023749, 'num_resblk': 4, 'num_features': 128, 'weight_decay': 7.08303817949553e-06}. Best is trial 107 with value: 3.884291172027588.
Early stopping triggered for trial 162 at epoch 051 | best epoch: 021
[I 2026-04-30 16:39:10,088] Trial 162 finished with value: 4.681547045707703 and parameters: {'batch_size': 1024, 'learning_rate': 0.00011651560770610341, 'num_resblk': 4, 'num_features': 128, 'weight_decay': 7.005804107570611e-06}. Best is trial 107 with value: 3.884291172027588.
[I 2026-04-30 16:39:39,280] Trial 163 pruned. 
Early stopping triggered for trial 164 at epoch 051 | best epoch: 021
[I 2026-04-30 16:42:29,677] Trial 164 finished with value: 4.620850563049316 and parameters: {'batch_size': 1024, 'learning_rate': 0.00011072525628664983, 'num_resblk': 4, 'num_features': 128, 'weight_decay': 4.7313608380850495e-06}. Best is trial 107 with value: 3.884291172027588.
[I 2026-04-30 16:42:49,719] Trial 165 pruned. 
[I 2026-04-30 16:43:09,608] Trial 166 pruned. 
[I 2026-04-30 16:43:29,574] Trial 167 pruned. 
Early stopping triggered for trial 168 at epoch 067 | best epoch: 037
[I 2026-04-30 16:47:12,516] Trial 168 finished with value: 4.632324993610382 and parameters: {'batch_size': 1024, 'learning_rate': 0.0001206745595449465, 'num_resblk': 4, 'num_features': 128, 'weight_decay': 6.2613862785717086e-06}. Best is trial 107 with value: 3.884291172027588.
Early stopping triggered for trial 169 at epoch 056 | best epoch: 026
[I 2026-04-30 16:50:19,528] Trial 169 finished with value: 4.195109397172928 and parameters: {'batch_size': 1024, 'learning_rate': 0.00017283839600317727, 'num_resblk': 4, 'num_features': 128, 'weight_decay': 1.9123549640226196e-05}. Best is trial 107 with value: 3.884291172027588.
[I 2026-04-30 16:50:31,380] Trial 170 pruned. 
[I 2026-04-30 16:50:51,313] Trial 171 pruned. 
[I 2026-04-30 16:51:11,224] Trial 172 pruned. 
Early stopping triggered for trial 173 at epoch 046 | best epoch: 016
[I 2026-04-30 16:53:44,502] Trial 173 finished with value: 4.4466782212257385 and parameters: {'batch_size': 1024, 'learning_rate': 0.00022502653779488436, 'num_resblk': 4, 'num_features': 128, 'weight_decay': 0.00010635627630462299}. Best is trial 107 with value: 3.884291172027588.
[I 2026-04-30 16:54:04,430] Trial 174 pruned. 
[I 2026-04-30 16:54:24,392] Trial 175 pruned. 
[I 2026-04-30 16:54:40,256] Trial 176 pruned. 
[I 2026-04-30 16:55:00,295] Trial 177 pruned. 
[I 2026-04-30 16:55:20,299] Trial 178 pruned. 
[I 2026-04-30 16:55:40,297] Trial 179 pruned. 
Early stopping triggered for trial 180 at epoch 062 | best epoch: 032
[I 2026-04-30 16:59:05,649] Trial 180 finished with value: 4.5499759912490845 and parameters: {'batch_size': 1024, 'learning_rate': 0.00011768088027197297, 'num_resblk': 4, 'num_features': 128, 'weight_decay': 0.00012994230566744236}. Best is trial 107 with value: 3.884291172027588.
Early stopping triggered for trial 181 at epoch 057 | best epoch: 027
[I 2026-04-30 17:02:15,301] Trial 181 finished with value: 4.573767304420471 and parameters: {'batch_size': 1024, 'learning_rate': 0.00023260800481621324, 'num_resblk': 4, 'num_features': 128, 'weight_decay': 1.2064634290108386e-05}. Best is trial 107 with value: 3.884291172027588.
[I 2026-04-30 17:02:38,665] Trial 182 pruned. 
[I 2026-04-30 17:02:58,845] Trial 183 pruned. 
[I 2026-04-30 17:03:18,906] Trial 184 pruned. 
[I 2026-04-30 17:03:38,908] Trial 185 pruned. 
[I 2026-04-30 17:03:58,854] Trial 186 pruned. 
[I 2026-04-30 17:04:18,786] Trial 187 pruned. 
Early stopping triggered for trial 188 at epoch 048 | best epoch: 018
[I 2026-04-30 17:06:59,839] Trial 188 finished with value: 4.202467441558838 and parameters: {'batch_size': 1024, 'learning_rate': 0.0001287108404601703, 'num_resblk': 4, 'num_features': 128, 'weight_decay': 1.6165231167589054e-05}. Best is trial 107 with value: 3.884291172027588.
[I 2026-04-30 17:07:19,916] Trial 189 pruned. 
[I 2026-04-30 17:07:47,190] Trial 190 pruned. 
Early stopping triggered for trial 191 at epoch 046 | best epoch: 016
[I 2026-04-30 17:10:20,821] Trial 191 finished with value: 4.355909287929535 and parameters: {'batch_size': 1024, 'learning_rate': 0.0001256457506156054, 'num_resblk': 4, 'num_features': 128, 'weight_decay': 1.635824926296993e-05}. Best is trial 107 with value: 3.884291172027588.
Early stopping triggered for trial 192 at epoch 058 | best epoch: 028
[I 2026-04-30 17:13:34,552] Trial 192 finished with value: 4.351746678352356 and parameters: {'batch_size': 1024, 'learning_rate': 0.00012869713420162338, 'num_resblk': 4, 'num_features': 128, 'weight_decay': 1.4846664362638835e-05}. Best is trial 107 with value: 3.884291172027588.
[I 2026-04-30 17:13:54,673] Trial 193 pruned. 
[I 2026-04-30 17:14:14,639] Trial 194 pruned. 
Early stopping triggered for trial 195 at epoch 047 | best epoch: 017
[I 2026-04-30 17:16:52,389] Trial 195 finished with value: 4.299674332141876 and parameters: {'batch_size': 1024, 'learning_rate': 0.0001351175982462047, 'num_resblk': 4, 'num_features': 128, 'weight_decay': 1.2827553337088981e-05}. Best is trial 107 with value: 3.884291172027588.
[I 2026-04-30 17:17:12,581] Trial 196 pruned. 
[I 2026-04-30 17:17:21,557] Trial 197 pruned. 
Early stopping triggered for trial 198 at epoch 047 | best epoch: 017
[I 2026-04-30 17:19:59,670] Trial 198 finished with value: 4.3306058049201965 and parameters: {'batch_size': 1024, 'learning_rate': 0.0001279011426524668, 'num_resblk': 4, 'num_features': 128, 'weight_decay': 2.112235447296935e-05}. Best is trial 107 with value: 3.884291172027588.
[I 2026-04-30 17:20:19,762] Trial 199 pruned. 
[I 2026-04-30 17:20:39,760] Trial 200 pruned. 
[I 2026-04-30 17:20:59,830] Trial 201 pruned. 
Early stopping triggered for trial 202 at epoch 045 | best epoch: 015
[I 2026-04-30 17:23:30,700] Trial 202 finished with value: 4.409390151500702 and parameters: {'batch_size': 1024, 'learning_rate': 0.00012794462780176284, 'num_resblk': 4, 'num_features': 128, 'weight_decay': 2.35761035204785e-05}. Best is trial 107 with value: 3.884291172027588.
[I 2026-04-30 17:23:50,799] Trial 203 pruned. 
[I 2026-04-30 17:24:10,755] Trial 204 pruned. 
[I 2026-04-30 17:24:30,676] Trial 205 pruned. 
[I 2026-04-30 17:24:50,588] Trial 206 pruned. 
Early stopping triggered for trial 207 at epoch 062 | best epoch: 032
[I 2026-04-30 17:28:17,682] Trial 207 finished with value: 4.696801602840424 and parameters: {'batch_size': 1024, 'learning_rate': 0.000124456636451093, 'num_resblk': 4, 'num_features': 128, 'weight_decay': 1.1306487233676487e-05}. Best is trial 107 with value: 3.884291172027588.
[I 2026-04-30 17:28:29,536] Trial 208 pruned. 
[I 2026-04-30 17:28:49,587] Trial 209 pruned. 
[I 2026-04-30 17:29:09,575] Trial 210 pruned. 
[I 2026-04-30 17:29:29,593] Trial 211 pruned. 
[I 2026-04-30 17:29:49,618] Trial 212 pruned. 
Early stopping triggered for trial 213 at epoch 061 | best epoch: 031
[I 2026-04-30 17:33:13,358] Trial 213 finished with value: 4.448378264904022 and parameters: {'batch_size': 1024, 'learning_rate': 0.00013571185428548494, 'num_resblk': 4, 'num_features': 128, 'weight_decay': 2.261186601316141e-05}. Best is trial 107 with value: 3.884291172027588.
[I 2026-04-30 17:33:33,323] Trial 214 pruned. 
[I 2026-04-30 17:34:05,083] Trial 215 pruned. 
[I 2026-04-30 17:34:25,132] Trial 216 pruned. 
Early stopping triggered for trial 217 at epoch 050 | best epoch: 020
[I 2026-04-30 17:37:12,724] Trial 217 finished with value: 4.251384496688843 and parameters: {'batch_size': 1024, 'learning_rate': 0.00012688745790249682, 'num_resblk': 4, 'num_features': 128, 'weight_decay': 8.24614559911376e-05}. Best is trial 107 with value: 3.884291172027588.
Early stopping triggered for trial 218 at epoch 055 | best epoch: 025
[I 2026-04-30 17:40:16,807] Trial 218 finished with value: 4.472216904163361 and parameters: {'batch_size': 1024, 'learning_rate': 0.0001935681926907185, 'num_resblk': 4, 'num_features': 128, 'weight_decay': 8.605536335971428e-05}. Best is trial 107 with value: 3.884291172027588.
[I 2026-04-30 17:40:36,840] Trial 219 pruned. 
Early stopping triggered for trial 220 at epoch 054 | best epoch: 024
[I 2026-04-30 17:43:37,538] Trial 220 finished with value: 4.285169243812561 and parameters: {'batch_size': 1024, 'learning_rate': 0.000181386328167877, 'num_resblk': 4, 'num_features': 128, 'weight_decay': 9.762454742379293e-05}. Best is trial 107 with value: 3.884291172027588.
[I 2026-04-30 17:43:57,468] Trial 221 pruned. 
[I 2026-04-30 17:44:17,361] Trial 222 pruned. 
[I 2026-04-30 17:44:37,393] Trial 223 pruned. 
Early stopping triggered for trial 224 at epoch 057 | best epoch: 027
[I 2026-04-30 17:47:48,043] Trial 224 finished with value: 4.382054507732391 and parameters: {'batch_size': 1024, 'learning_rate': 0.00018225131525259828, 'num_resblk': 4, 'num_features': 128, 'weight_decay': 7.767765077851835e-05}. Best is trial 107 with value: 3.884291172027588.
[I 2026-04-30 17:48:08,088] Trial 225 pruned. 
[I 2026-04-30 17:48:28,002] Trial 226 pruned. 
[I 2026-04-30 17:48:47,904] Trial 227 pruned. 
Early stopping triggered for trial 228 at epoch 063 | best epoch: 033
[I 2026-04-30 17:52:17,975] Trial 228 finished with value: 4.454400062561035 and parameters: {'batch_size': 1024, 'learning_rate': 0.00017907400058031947, 'num_resblk': 4, 'num_features': 128, 'weight_decay': 6.72153683145232e-05}. Best is trial 107 with value: 3.884291172027588.
[I 2026-04-30 17:52:38,019] Trial 229 pruned. 
[I 2026-04-30 17:52:58,005] Trial 230 pruned. 
Early stopping triggered for trial 231 at epoch 062 | best epoch: 032
[I 2026-04-30 17:56:24,961] Trial 231 finished with value: 4.773486614227295 and parameters: {'batch_size': 1024, 'learning_rate': 0.00012111924420664234, 'num_resblk': 4, 'num_features': 128, 'weight_decay': 6.024696483446059e-05}. Best is trial 107 with value: 3.884291172027588.
[I 2026-04-30 17:56:44,854] Trial 232 pruned. 
Early stopping triggered for trial 233 at epoch 042 | best epoch: 012
[I 2026-04-30 17:59:30,944] Trial 233 finished with value: 4.585954070091248 and parameters: {'batch_size': 1024, 'learning_rate': 0.00017478332592695111, 'num_resblk': 8, 'num_features': 128, 'weight_decay': 8.125472463069351e-05}. Best is trial 107 with value: 3.884291172027588.
[I 2026-04-30 17:59:50,921] Trial 234 pruned. 
Early stopping triggered for trial 235 at epoch 046 | best epoch: 016
[I 2026-04-30 18:02:25,357] Trial 235 finished with value: 4.267497569322586 and parameters: {'batch_size': 1024, 'learning_rate': 0.00012505011500168364, 'num_resblk': 4, 'num_features': 128, 'weight_decay': 1.4750345218566245e-05}. Best is trial 107 with value: 3.884291172027588.
[I 2026-04-30 18:02:45,260] Trial 236 pruned. 
[I 2026-04-30 18:03:05,241] Trial 237 pruned. 
[I 2026-04-30 18:03:14,224] Trial 238 pruned. 
[I 2026-04-30 18:03:34,188] Trial 239 pruned. 
[I 2026-04-30 18:03:54,187] Trial 240 pruned. 
Early stopping triggered for trial 241 at epoch 049 | best epoch: 019
[I 2026-04-30 18:07:22,609] Trial 241 finished with value: 5.160386383533478 and parameters: {'batch_size': 1024, 'learning_rate': 0.0001114871461483764, 'num_resblk': 10, 'num_features': 128, 'weight_decay': 6.689617981834448e-05}. Best is trial 107 with value: 3.884291172027588.
[I 2026-04-30 18:07:42,694] Trial 242 pruned. 
[I 2026-04-30 18:08:02,617] Trial 243 pruned. 
[I 2026-04-30 18:08:22,475] Trial 244 pruned. 
[I 2026-04-30 18:08:42,427] Trial 245 pruned. 
[I 2026-04-30 18:09:02,521] Trial 246 pruned. 
[I 2026-04-30 18:09:22,477] Trial 247 pruned. 
Early stopping triggered for trial 248 at epoch 048 | best epoch: 018
[I 2026-04-30 18:12:03,133] Trial 248 finished with value: 4.343262076377869 and parameters: {'batch_size': 1024, 'learning_rate': 0.0001883901141849596, 'num_resblk': 4, 'num_features': 128, 'weight_decay': 1.1747169562808687e-05}. Best is trial 107 with value: 3.884291172027588.
Early stopping triggered for trial 249 at epoch 058 | best epoch: 028
[I 2026-04-30 18:15:17,077] Trial 249 finished with value: 4.671890139579773 and parameters: {'batch_size': 1024, 'learning_rate': 0.00018549679079403114, 'num_resblk': 4, 'num_features': 128, 'weight_decay': 1.0665208505153268e-05}. Best is trial 107 with value: 3.884291172027588.
[I 2026-04-30 18:15:28,883] Trial 250 pruned. 
Early stopping triggered for trial 251 at epoch 043 | best epoch: 013
[I 2026-04-30 18:17:53,551] Trial 251 finished with value: 4.664608538150787 and parameters: {'batch_size': 1024, 'learning_rate': 0.00018932273238178254, 'num_resblk': 4, 'num_features': 128, 'weight_decay': 1.4889323368416216e-05}. Best is trial 107 with value: 3.884291172027588.
[I 2026-04-30 18:18:13,419] Trial 252 pruned. 
[I 2026-04-30 18:18:33,504] Trial 253 pruned. 
Early stopping triggered for trial 254 at epoch 049 | best epoch: 019
[I 2026-04-30 18:21:17,777] Trial 254 finished with value: 4.406544983386993 and parameters: {'batch_size': 1024, 'learning_rate': 0.00019730414998895532, 'num_resblk': 4, 'num_features': 128, 'weight_decay': 9.559912839254446e-06}. Best is trial 107 with value: 3.884291172027588.
Early stopping triggered for trial 255 at epoch 053 | best epoch: 023
[I 2026-04-30 18:24:15,360] Trial 255 finished with value: 4.680107533931732 and parameters: {'batch_size': 1024, 'learning_rate': 0.00011927514791438492, 'num_resblk': 4, 'num_features': 128, 'weight_decay': 1.683336650286491e-05}. Best is trial 107 with value: 3.884291172027588.
[I 2026-04-30 18:24:31,236] Trial 256 pruned. 
Early stopping triggered for trial 257 at epoch 053 | best epoch: 023
[I 2026-04-30 18:27:28,649] Trial 257 finished with value: 4.584033131599426 and parameters: {'batch_size': 1024, 'learning_rate': 0.0001878827449745886, 'num_resblk': 4, 'num_features': 128, 'weight_decay': 2.1145440216296557e-05}. Best is trial 107 with value: 3.884291172027588.
[I 2026-04-30 18:27:48,627] Trial 258 pruned. 
[I 2026-04-30 18:28:08,657] Trial 259 pruned. 
Early stopping triggered for trial 260 at epoch 058 | best epoch: 028
