[I 2026-05-04 19:59:30,536] Trial 271 finished with value: 4.602929501697935 and parameters: {'batch_size': 256, 'learning_rate': 0.0002829497920277366, 'num_resblk': 4, 'num_features': 96, 'weight_decay': 0.0008064508199440994}. Best is trial 236 with value: 3.476552987920827.
Early stopping triggered for trial 272 at epoch 042 | best epoch: 012
[I 2026-05-04 20:01:27,323] Trial 272 finished with value: 4.315672627810774 and parameters: {'batch_size': 256, 'learning_rate': 0.00028491382316709186, 'num_resblk': 4, 'num_features': 96, 'weight_decay': 0.0007618680818392114}. Best is trial 236 with value: 3.476552987920827.
[I 2026-05-04 20:01:43,820] Trial 273 pruned. 
Early stopping triggered for trial 274 at epoch 035 | best epoch: 005
[I 2026-05-04 20:03:21,641] Trial 274 finished with value: 4.310102380555252 and parameters: {'batch_size': 256, 'learning_rate': 0.00027942024945888996, 'num_resblk': 4, 'num_features': 96, 'weight_decay': 0.00041445445529023024}. Best is trial 236 with value: 3.476552987920827.
[I 2026-05-04 20:03:38,048] Trial 275 pruned. 
Early stopping triggered for trial 276 at epoch 037 | best epoch: 007
[I 2026-05-04 20:05:21,065] Trial 276 finished with value: 4.267269866219882 and parameters: {'batch_size': 256, 'learning_rate': 0.0002866270703268028, 'num_resblk': 4, 'num_features': 96, 'weight_decay': 0.0009405230109535826}. Best is trial 236 with value: 3.476552987920827.
[I 2026-05-04 20:05:29,969] Trial 277 pruned. 
Early stopping triggered for trial 278 at epoch 033 | best epoch: 003
[I 2026-05-04 20:07:02,106] Trial 278 finished with value: 4.2562237690235 and parameters: {'batch_size': 256, 'learning_rate': 0.0002788485944465486, 'num_resblk': 4, 'num_features': 96, 'weight_decay': 1.3882402045127682e-06}. Best is trial 236 with value: 3.476552987920827.
Early stopping triggered for trial 279 at epoch 044 | best epoch: 014
[I 2026-05-04 20:09:04,058] Trial 279 finished with value: 4.3196398060897305 and parameters: {'batch_size': 256, 'learning_rate': 0.0002930565728326355, 'num_resblk': 4, 'num_features': 96, 'weight_decay': 0.0006470601434396625}. Best is trial 236 with value: 3.476552987920827.
Early stopping triggered for trial 280 at epoch 037 | best epoch: 007
[I 2026-05-04 20:10:46,893] Trial 280 finished with value: 4.127042104457987 and parameters: {'batch_size': 256, 'learning_rate': 0.0002719282737443679, 'num_resblk': 4, 'num_features': 96, 'weight_decay': 1.3856996607966116e-05}. Best is trial 236 with value: 3.476552987920827.
Early stopping triggered for trial 281 at epoch 048 | best epoch: 018
[I 2026-05-04 20:12:59,208] Trial 281 finished with value: 4.250413450701483 and parameters: {'batch_size': 256, 'learning_rate': 0.00017300665743648526, 'num_resblk': 4, 'num_features': 96, 'weight_decay': 0.0008569728937192507}. Best is trial 236 with value: 3.476552987920827.
Early stopping triggered for trial 282 at epoch 035 | best epoch: 005
[I 2026-05-04 20:14:36,441] Trial 282 finished with value: 4.0116729736328125 and parameters: {'batch_size': 256, 'learning_rate': 0.000212029557787683, 'num_resblk': 4, 'num_features': 96, 'weight_decay': 1.6608099157076782e-06}. Best is trial 236 with value: 3.476552987920827.
Early stopping triggered for trial 283 at epoch 037 | best epoch: 007
[I 2026-05-04 20:16:44,940] Trial 283 finished with value: 3.7609982901606065 and parameters: {'batch_size': 256, 'learning_rate': 0.00028384969434898936, 'num_resblk': 4, 'num_features': 128, 'weight_decay': 1.1720356321827972e-06}. Best is trial 236 with value: 3.476552987920827.
Early stopping triggered for trial 284 at epoch 037 | best epoch: 007
[I 2026-05-04 20:18:53,413] Trial 284 finished with value: 4.262688480574509 and parameters: {'batch_size': 256, 'learning_rate': 0.0002950150917025266, 'num_resblk': 4, 'num_features': 128, 'weight_decay': 1.1228606299258482e-06}. Best is trial 236 with value: 3.476552987920827.
Early stopping triggered for trial 285 at epoch 036 | best epoch: 006
[I 2026-05-04 20:20:58,533] Trial 285 finished with value: 4.181029517075111 and parameters: {'batch_size': 256, 'learning_rate': 0.00028605953765366835, 'num_resblk': 4, 'num_features': 128, 'weight_decay': 1.0023739810948754e-06}. Best is trial 236 with value: 3.476552987920827.
Early stopping triggered for trial 286 at epoch 037 | best epoch: 007
[I 2026-05-04 20:23:07,171] Trial 286 finished with value: 3.908511729075991 and parameters: {'batch_size': 256, 'learning_rate': 0.0002820501032801916, 'num_resblk': 4, 'num_features': 128, 'weight_decay': 1.2889700800284958e-06}. Best is trial 236 with value: 3.476552987920827.
Early stopping triggered for trial 287 at epoch 036 | best epoch: 006
[I 2026-05-04 20:25:12,325] Trial 287 finished with value: 4.262350444135995 and parameters: {'batch_size': 256, 'learning_rate': 0.00027731467266903725, 'num_resblk': 4, 'num_features': 128, 'weight_decay': 1.1823827057823566e-06}. Best is trial 236 with value: 3.476552987920827.
[I 2026-05-04 20:25:34,887] Trial 288 pruned. 
Early stopping triggered for trial 289 at epoch 038 | best epoch: 008
[I 2026-05-04 20:27:46,968] Trial 289 finished with value: 4.44898352951839 and parameters: {'batch_size': 256, 'learning_rate': 0.00027330980407557767, 'num_resblk': 4, 'num_features': 128, 'weight_decay': 1.5869695676421707e-06}. Best is trial 236 with value: 3.476552987920827.
Early stopping triggered for trial 290 at epoch 032 | best epoch: 002
[I 2026-05-04 20:29:16,040] Trial 290 finished with value: 4.171235709354796 and parameters: {'batch_size': 256, 'learning_rate': 0.00029944622647252756, 'num_resblk': 4, 'num_features': 96, 'weight_decay': 0.0007119285718927502}. Best is trial 236 with value: 3.476552987920827.
[I 2026-05-04 20:29:32,392] Trial 291 pruned. 
slurmstepd: error: *** JOB 6534774 ON d4052 CANCELLED AT 2026-05-04T20:29:54 DUE TO TIME LIMIT ***
