[I 2026-04-24 14:28:49,014] Trial 180 finished with value: 0.7278088711459061 and parameters: {'batch_size': 128, 'learning_rate': 0.00023058171948885133, 'num_resblk': 8, 'num_features': 128, 'weight_decay': 4.063472400801321e-06, 'domain_hidden_dim': 64, 'alpha_domain': 0.010711789858214077}. Best is trial 171 with value: 0.6348235113867398.
[I 2026-04-24 14:30:21,026] Trial 181 finished with value: 0.6900154249421482 and parameters: {'batch_size': 128, 'learning_rate': 0.00023155761126410869, 'num_resblk': 8, 'num_features': 128, 'weight_decay': 4.217346932979781e-06, 'domain_hidden_dim': 64, 'alpha_domain': 0.011124496609389533}. Best is trial 171 with value: 0.6348235113867398.
[I 2026-04-24 14:31:52,689] Trial 182 finished with value: 0.7106100187219423 and parameters: {'batch_size': 128, 'learning_rate': 0.00023170854377536405, 'num_resblk': 8, 'num_features': 128, 'weight_decay': 3.8457983866493596e-06, 'domain_hidden_dim': 64, 'alpha_domain': 0.01074248129437239}. Best is trial 171 with value: 0.6348235113867398.
[I 2026-04-24 14:33:24,494] Trial 183 finished with value: 0.8105842758869303 and parameters: {'batch_size': 128, 'learning_rate': 0.00024384108451081025, 'num_resblk': 8, 'num_features': 128, 'weight_decay': 4.091312638308946e-06, 'domain_hidden_dim': 64, 'alpha_domain': 0.010810265398566629}. Best is trial 171 with value: 0.6348235113867398.
[I 2026-04-24 14:34:56,316] Trial 184 finished with value: 0.8672435787217371 and parameters: {'batch_size': 128, 'learning_rate': 0.0002309254620803717, 'num_resblk': 8, 'num_features': 128, 'weight_decay': 3.1739831057786203e-06, 'domain_hidden_dim': 64, 'alpha_domain': 0.011001234914778394}. Best is trial 171 with value: 0.6348235113867398.
[I 2026-04-24 14:35:45,334] Trial 185 pruned. 
[I 2026-04-24 14:37:17,174] Trial 186 finished with value: 0.745483800255019 and parameters: {'batch_size': 128, 'learning_rate': 0.00022046910281827255, 'num_resblk': 8, 'num_features': 128, 'weight_decay': 4.42089480211105e-06, 'domain_hidden_dim': 64, 'alpha_domain': 0.01201070670413815}. Best is trial 171 with value: 0.6348235113867398.
[I 2026-04-24 14:37:49,748] Trial 187 pruned. 
[I 2026-04-24 14:39:21,470] Trial 188 finished with value: 1.1069678725867436 and parameters: {'batch_size': 128, 'learning_rate': 0.0002227331409636158, 'num_resblk': 8, 'num_features': 128, 'weight_decay': 3.0216461289633107e-06, 'domain_hidden_dim': 64, 'alpha_domain': 0.013103120229730654}. Best is trial 171 with value: 0.6348235113867398.
[I 2026-04-24 14:40:53,286] Trial 189 finished with value: 0.9357315733514983 and parameters: {'batch_size': 128, 'learning_rate': 0.00021289866972335476, 'num_resblk': 8, 'num_features': 128, 'weight_decay': 3.9539990425190214e-06, 'domain_hidden_dim': 64, 'alpha_domain': 0.011777211209295702}. Best is trial 171 with value: 0.6348235113867398.
[I 2026-04-24 14:42:25,004] Trial 190 finished with value: 0.7740200459957123 and parameters: {'batch_size': 128, 'learning_rate': 0.000237612415513479, 'num_resblk': 8, 'num_features': 128, 'weight_decay': 6.040048368212631e-06, 'domain_hidden_dim': 64, 'alpha_domain': 0.011055518302925461}. Best is trial 171 with value: 0.6348235113867398.
[I 2026-04-24 14:43:56,799] Trial 191 finished with value: 0.6334031902510544 and parameters: {'batch_size': 128, 'learning_rate': 0.00022933694233151833, 'num_resblk': 8, 'num_features': 128, 'weight_decay': 4.728680819903177e-06, 'domain_hidden_dim': 64, 'alpha_domain': 0.01003147144231799}. Best is trial 191 with value: 0.6334031902510544.
[I 2026-04-24 14:45:28,874] Trial 192 finished with value: 0.7092669616485464 and parameters: {'batch_size': 128, 'learning_rate': 0.00023091514593516152, 'num_resblk': 8, 'num_features': 128, 'weight_decay': 4.669297448344425e-06, 'domain_hidden_dim': 64, 'alpha_domain': 0.010042596557132204}. Best is trial 191 with value: 0.6334031902510544.
[I 2026-04-24 14:47:00,723] Trial 193 finished with value: 0.6577220713270122 and parameters: {'batch_size': 128, 'learning_rate': 0.00022812314553788556, 'num_resblk': 8, 'num_features': 128, 'weight_decay': 4.367066762634058e-06, 'domain_hidden_dim': 64, 'alpha_domain': 0.010072522670216664}. Best is trial 191 with value: 0.6334031902510544.
[I 2026-04-24 14:48:32,590] Trial 194 finished with value: 0.9376745398702293 and parameters: {'batch_size': 128, 'learning_rate': 0.00025682826943564596, 'num_resblk': 8, 'num_features': 128, 'weight_decay': 2.21663492329747e-06, 'domain_hidden_dim': 64, 'alpha_domain': 0.012265251940926536}. Best is trial 191 with value: 0.6334031902510544.
[I 2026-04-24 14:50:04,743] Trial 195 finished with value: 0.7224498493918057 and parameters: {'batch_size': 128, 'learning_rate': 0.0002299564607987187, 'num_resblk': 8, 'num_features': 128, 'weight_decay': 3.6405069810204384e-06, 'domain_hidden_dim': 64, 'alpha_domain': 0.010065142559325285}. Best is trial 191 with value: 0.6334031902510544.
[I 2026-04-24 14:51:36,545] Trial 196 finished with value: 0.7831103133744207 and parameters: {'batch_size': 128, 'learning_rate': 0.00022989260303345148, 'num_resblk': 8, 'num_features': 128, 'weight_decay': 2.9260842765576305e-06, 'domain_hidden_dim': 64, 'alpha_domain': 0.010228170202550279}. Best is trial 191 with value: 0.6334031902510544.
[I 2026-04-24 14:52:25,669] Trial 197 pruned. 
[I 2026-04-24 14:52:58,331] Trial 198 pruned. 
[I 2026-04-24 14:53:32,933] Trial 199 pruned. 
[I 2026-04-24 14:55:05,211] Trial 200 finished with value: 0.6899287166266606 and parameters: {'batch_size': 128, 'learning_rate': 0.0002215430916583254, 'num_resblk': 8, 'num_features': 128, 'weight_decay': 3.574245619250517e-06, 'domain_hidden_dim': 64, 'alpha_domain': 0.010103739408281482}. Best is trial 191 with value: 0.6334031902510544.
[I 2026-04-24 14:56:36,557] Trial 201 finished with value: 0.9146418612578819 and parameters: {'batch_size': 128, 'learning_rate': 0.00022043986163259113, 'num_resblk': 8, 'num_features': 128, 'weight_decay': 3.446799703440994e-06, 'domain_hidden_dim': 64, 'alpha_domain': 0.010061609021294503}. Best is trial 191 with value: 0.6334031902510544.
[I 2026-04-24 14:58:08,021] Trial 202 finished with value: 0.7143492760329411 and parameters: {'batch_size': 128, 'learning_rate': 0.0002398672119267518, 'num_resblk': 8, 'num_features': 128, 'weight_decay': 4.11086437427989e-06, 'domain_hidden_dim': 64, 'alpha_domain': 0.011793162097104173}. Best is trial 191 with value: 0.6334031902510544.
[I 2026-04-24 14:59:40,009] Trial 203 finished with value: 0.8649631317319542 and parameters: {'batch_size': 128, 'learning_rate': 0.00023781609853529439, 'num_resblk': 8, 'num_features': 128, 'weight_decay': 4.261770145958082e-06, 'domain_hidden_dim': 64, 'alpha_domain': 0.011967808302108142}. Best is trial 191 with value: 0.6334031902510544.
[I 2026-04-24 15:01:12,007] Trial 204 finished with value: 0.7141009199208227 and parameters: {'batch_size': 128, 'learning_rate': 0.00023313049941097578, 'num_resblk': 8, 'num_features': 128, 'weight_decay': 3.639734494611125e-06, 'domain_hidden_dim': 64, 'alpha_domain': 0.011550470618946464}. Best is trial 191 with value: 0.6334031902510544.
[I 2026-04-24 15:02:43,844] Trial 205 finished with value: 0.666595366494409 and parameters: {'batch_size': 128, 'learning_rate': 0.00023227504212910386, 'num_resblk': 8, 'num_features': 128, 'weight_decay': 2.875430264393662e-06, 'domain_hidden_dim': 64, 'alpha_domain': 0.010055312486422654}. Best is trial 191 with value: 0.6334031902510544.
[I 2026-04-24 15:04:15,893] Trial 206 finished with value: 0.8899819018511936 and parameters: {'batch_size': 128, 'learning_rate': 0.00023151176597579245, 'num_resblk': 8, 'num_features': 128, 'weight_decay': 2.7456510985291267e-06, 'domain_hidden_dim': 64, 'alpha_domain': 0.01090974712905853}. Best is trial 191 with value: 0.6334031902510544.
[I 2026-04-24 15:05:48,005] Trial 207 finished with value: 0.7197700625863569 and parameters: {'batch_size': 128, 'learning_rate': 0.000251418474690883, 'num_resblk': 8, 'num_features': 128, 'weight_decay': 1.951191349817816e-06, 'domain_hidden_dim': 64, 'alpha_domain': 0.01010267959490904}. Best is trial 191 with value: 0.6334031902510544.
[I 2026-04-24 15:07:19,605] Trial 208 finished with value: 0.8369828154300821 and parameters: {'batch_size': 128, 'learning_rate': 0.000252278142264499, 'num_resblk': 8, 'num_features': 128, 'weight_decay': 3.1983277706331958e-06, 'domain_hidden_dim': 64, 'alpha_domain': 0.010897060254904375}. Best is trial 191 with value: 0.6334031902510544.
[I 2026-04-24 15:08:51,424] Trial 209 finished with value: 0.8456220976237593 and parameters: {'batch_size': 128, 'learning_rate': 0.00024050916903192374, 'num_resblk': 8, 'num_features': 128, 'weight_decay': 3.6760391084893826e-06, 'domain_hidden_dim': 64, 'alpha_domain': 0.010018029891863301}. Best is trial 191 with value: 0.6334031902510544.
[I 2026-04-24 15:10:23,580] Trial 210 finished with value: 0.7809222957183575 and parameters: {'batch_size': 128, 'learning_rate': 0.00024934262059001097, 'num_resblk': 8, 'num_features': 128, 'weight_decay': 1.708249436738142e-06, 'domain_hidden_dim': 64, 'alpha_domain': 0.010836003540909349}. Best is trial 191 with value: 0.6334031902510544.
[I 2026-04-24 15:11:55,633] Trial 211 finished with value: 0.8251942992210388 and parameters: {'batch_size': 128, 'learning_rate': 0.00025970341364594244, 'num_resblk': 8, 'num_features': 128, 'weight_decay': 3.0270243128325797e-06, 'domain_hidden_dim': 64, 'alpha_domain': 0.011804272400915796}. Best is trial 191 with value: 0.6334031902510544.
[I 2026-04-24 15:13:27,575] Trial 212 finished with value: 0.7747855052865785 and parameters: {'batch_size': 128, 'learning_rate': 0.00022515372122177291, 'num_resblk': 8, 'num_features': 128, 'weight_decay': 3.969451518836851e-06, 'domain_hidden_dim': 64, 'alpha_domain': 0.010046703891212113}. Best is trial 191 with value: 0.6334031902510544.
[I 2026-04-24 15:14:59,525] Trial 213 finished with value: 0.946602985776704 and parameters: {'batch_size': 128, 'learning_rate': 0.0002324257790766392, 'num_resblk': 8, 'num_features': 128, 'weight_decay': 1.4708037658992084e-06, 'domain_hidden_dim': 64, 'alpha_domain': 0.01170542239276418}. Best is trial 191 with value: 0.6334031902510544.
[I 2026-04-24 15:15:36,541] Trial 214 pruned. 
[I 2026-04-24 15:17:08,925] Trial 215 finished with value: 0.7198546713796156 and parameters: {'batch_size': 128, 'learning_rate': 0.00027888357419640695, 'num_resblk': 8, 'num_features': 128, 'weight_decay': 2.453867540728876e-06, 'domain_hidden_dim': 64, 'alpha_domain': 0.010002856174870354}. Best is trial 191 with value: 0.6334031902510544.
[I 2026-04-24 15:18:41,425] Trial 216 finished with value: 0.8256115029598105 and parameters: {'batch_size': 128, 'learning_rate': 0.00023505734522911135, 'num_resblk': 8, 'num_features': 128, 'weight_decay': 2.5209596408977078e-06, 'domain_hidden_dim': 64, 'alpha_domain': 0.0108283457832444}. Best is trial 191 with value: 0.6334031902510544.
[I 2026-04-24 15:20:13,800] Trial 217 finished with value: 0.7076951676401598 and parameters: {'batch_size': 128, 'learning_rate': 0.0002656189599054634, 'num_resblk': 8, 'num_features': 128, 'weight_decay': 2.062358548722463e-06, 'domain_hidden_dim': 64, 'alpha_domain': 0.010041313081932709}. Best is trial 191 with value: 0.6334031902510544.
[I 2026-04-24 15:21:46,504] Trial 218 finished with value: 0.6739676759160799 and parameters: {'batch_size': 128, 'learning_rate': 0.00026546618959818894, 'num_resblk': 8, 'num_features': 128, 'weight_decay': 1.8346297177999723e-06, 'domain_hidden_dim': 128, 'alpha_domain': 0.010042396920738082}. Best is trial 191 with value: 0.6334031902510544.
[I 2026-04-24 15:23:18,682] Trial 219 finished with value: 0.6747219490593878 and parameters: {'batch_size': 128, 'learning_rate': 0.0002845434724960546, 'num_resblk': 8, 'num_features': 128, 'weight_decay': 1.9791232820170705e-06, 'domain_hidden_dim': 128, 'alpha_domain': 0.010021494004414164}. Best is trial 191 with value: 0.6334031902510544.
[I 2026-04-24 15:24:50,752] Trial 220 finished with value: 0.6445698440074921 and parameters: {'batch_size': 128, 'learning_rate': 0.00027894987120628524, 'num_resblk': 8, 'num_features': 128, 'weight_decay': 1.7253985448278888e-06, 'domain_hidden_dim': 64, 'alpha_domain': 0.01119118446909431}. Best is trial 191 with value: 0.6334031902510544.
[I 2026-04-24 15:26:22,689] Trial 221 finished with value: 0.7875444776025312 and parameters: {'batch_size': 128, 'learning_rate': 0.00027062022436024426, 'num_resblk': 8, 'num_features': 128, 'weight_decay': 1.5121015550722059e-06, 'domain_hidden_dim': 128, 'alpha_domain': 0.011459794883919072}. Best is trial 191 with value: 0.6334031902510544.
[I 2026-04-24 15:27:55,032] Trial 222 finished with value: 0.7462166064772112 and parameters: {'batch_size': 128, 'learning_rate': 0.0002832963106315459, 'num_resblk': 8, 'num_features': 128, 'weight_decay': 2.0980562985102695e-06, 'domain_hidden_dim': 128, 'alpha_domain': 0.010010902290550515}. Best is trial 191 with value: 0.6334031902510544.
[I 2026-04-24 15:29:27,041] Trial 223 finished with value: 0.8377249138108616 and parameters: {'batch_size': 128, 'learning_rate': 0.00027281245249785233, 'num_resblk': 8, 'num_features': 128, 'weight_decay': 2.624403557864618e-06, 'domain_hidden_dim': 128, 'alpha_domain': 0.010966745934245578}. Best is trial 191 with value: 0.6334031902510544.
[I 2026-04-24 15:30:58,809] Trial 224 finished with value: 0.6233721108272158 and parameters: {'batch_size': 128, 'learning_rate': 0.00029496257380014066, 'num_resblk': 8, 'num_features': 128, 'weight_decay': 1.452801699722256e-06, 'domain_hidden_dim': 128, 'alpha_domain': 0.010083036501882183}. Best is trial 224 with value: 0.6233721108272158.
[I 2026-04-24 15:32:30,586] Trial 225 finished with value: 0.7377106424035698 and parameters: {'batch_size': 128, 'learning_rate': 0.00029406155816890327, 'num_resblk': 8, 'num_features': 128, 'weight_decay': 1.022503990371046e-06, 'domain_hidden_dim': 128, 'alpha_domain': 0.01168268332353096}. Best is trial 224 with value: 0.6233721108272158.
[I 2026-04-24 15:34:02,183] Trial 226 finished with value: 0.7095205372777479 and parameters: {'batch_size': 128, 'learning_rate': 0.0002642304424649614, 'num_resblk': 8, 'num_features': 128, 'weight_decay': 1.7680550126178444e-06, 'domain_hidden_dim': 64, 'alpha_domain': 0.012867486303001496}. Best is trial 224 with value: 0.6233721108272158.
[I 2026-04-24 15:35:34,038] Trial 227 finished with value: 0.7000933094271298 and parameters: {'batch_size': 128, 'learning_rate': 0.0002888762184061502, 'num_resblk': 8, 'num_features': 128, 'weight_decay': 1.7371048426863214e-06, 'domain_hidden_dim': 128, 'alpha_domain': 0.012856000010306}. Best is trial 224 with value: 0.6233721108272158.
[I 2026-04-24 15:37:05,567] Trial 228 finished with value: 0.7657503948129457 and parameters: {'batch_size': 128, 'learning_rate': 0.0002926440492596708, 'num_resblk': 8, 'num_features': 128, 'weight_decay': 1.765338075567901e-06, 'domain_hidden_dim': 128, 'alpha_domain': 0.013557653158605507}. Best is trial 224 with value: 0.6233721108272158.
[I 2026-04-24 15:38:37,225] Trial 229 finished with value: 0.6613697717929709 and parameters: {'batch_size': 128, 'learning_rate': 0.00029010988376511164, 'num_resblk': 8, 'num_features': 128, 'weight_decay': 1.2305350309884353e-06, 'domain_hidden_dim': 128, 'alpha_domain': 0.01287271681222593}. Best is trial 224 with value: 0.6233721108272158.
[I 2026-04-24 15:40:08,794] Trial 230 finished with value: 0.7633905852663105 and parameters: {'batch_size': 128, 'learning_rate': 0.00026397540171216934, 'num_resblk': 8, 'num_features': 128, 'weight_decay': 1.5689022498623936e-06, 'domain_hidden_dim': 128, 'alpha_domain': 0.012902064795201769}. Best is trial 224 with value: 0.6233721108272158.
[I 2026-04-24 15:41:40,273] Trial 231 finished with value: 0.6382095104661482 and parameters: {'batch_size': 128, 'learning_rate': 0.00029087005793749187, 'num_resblk': 8, 'num_features': 128, 'weight_decay': 1.388571547003702e-06, 'domain_hidden_dim': 128, 'alpha_domain': 0.012293450019656054}. Best is trial 224 with value: 0.6233721108272158.
[I 2026-04-24 15:43:12,625] Trial 232 finished with value: 0.7830113049211174 and parameters: {'batch_size': 128, 'learning_rate': 0.00028516356209650043, 'num_resblk': 8, 'num_features': 128, 'weight_decay': 1.1806237400600336e-06, 'domain_hidden_dim': 128, 'alpha_domain': 0.01387605277921695}. Best is trial 224 with value: 0.6233721108272158.
[I 2026-04-24 15:44:45,163] Trial 233 finished with value: 0.609253636721907 and parameters: {'batch_size': 128, 'learning_rate': 0.0002884150770987885, 'num_resblk': 8, 'num_features': 128, 'weight_decay': 1.273659612908739e-06, 'domain_hidden_dim': 128, 'alpha_domain': 0.012194096863562444}. Best is trial 233 with value: 0.609253636721907.
[I 2026-04-24 15:46:17,553] Trial 234 finished with value: 0.6637271663238262 and parameters: {'batch_size': 128, 'learning_rate': 0.0002987415189788395, 'num_resblk': 8, 'num_features': 128, 'weight_decay': 1.257152126091177e-06, 'domain_hidden_dim': 128, 'alpha_domain': 0.012934631738231433}. Best is trial 233 with value: 0.609253636721907.
[I 2026-04-24 15:47:49,756] Trial 235 finished with value: 0.5918328607904499 and parameters: {'batch_size': 128, 'learning_rate': 0.0002977092605408294, 'num_resblk': 8, 'num_features': 128, 'weight_decay': 1.2973083112121756e-06, 'domain_hidden_dim': 128, 'alpha_domain': 0.012449400439061616}. Best is trial 235 with value: 0.5918328607904499.
[I 2026-04-24 15:49:21,752] Trial 236 finished with value: 0.8048233821474272 and parameters: {'batch_size': 128, 'learning_rate': 0.00029041685391060075, 'num_resblk': 8, 'num_features': 128, 'weight_decay': 1.2485607181582658e-06, 'domain_hidden_dim': 128, 'alpha_domain': 0.012947487948925956}. Best is trial 235 with value: 0.5918328607904499.
[I 2026-04-24 15:49:58,757] Trial 237 pruned. 
[I 2026-04-24 15:51:31,051] Trial 238 finished with value: 0.7671222943684151 and parameters: {'batch_size': 128, 'learning_rate': 0.00027798649280166756, 'num_resblk': 8, 'num_features': 128, 'weight_decay': 1.3348659153155088e-06, 'domain_hidden_dim': 128, 'alpha_domain': 0.012753833862609502}. Best is trial 235 with value: 0.5918328607904499.
[I 2026-04-24 15:52:16,977] Trial 239 pruned. 
[I 2026-04-24 15:53:49,177] Trial 240 finished with value: 0.7374643262090355 and parameters: {'batch_size': 128, 'learning_rate': 0.00028803082877435393, 'num_resblk': 8, 'num_features': 128, 'weight_decay': 1.0852926474415084e-06, 'domain_hidden_dim': 128, 'alpha_domain': 0.014139071405284899}. Best is trial 235 with value: 0.5918328607904499.
[I 2026-04-24 15:55:21,257] Trial 241 finished with value: 0.7208169760375187 and parameters: {'batch_size': 128, 'learning_rate': 0.00029903813995998854, 'num_resblk': 8, 'num_features': 128, 'weight_decay': 1.6396321198657919e-06, 'domain_hidden_dim': 128, 'alpha_domain': 0.011092119364694723}. Best is trial 235 with value: 0.5918328607904499.
[I 2026-04-24 15:56:52,996] Trial 242 finished with value: 0.7093669638551515 and parameters: {'batch_size': 128, 'learning_rate': 0.0002718673548467096, 'num_resblk': 8, 'num_features': 128, 'weight_decay': 1.4462661044551564e-06, 'domain_hidden_dim': 128, 'alpha_domain': 0.011147106401437517}. Best is trial 235 with value: 0.5918328607904499.
[I 2026-04-24 15:58:24,884] Trial 243 finished with value: 0.8389481398566015 and parameters: {'batch_size': 128, 'learning_rate': 0.0002724422390952432, 'num_resblk': 8, 'num_features': 128, 'weight_decay': 1.3414513432411642e-06, 'domain_hidden_dim': 128, 'alpha_domain': 0.011936988839568223}. Best is trial 235 with value: 0.5918328607904499.
[I 2026-04-24 15:59:56,577] Trial 244 finished with value: 0.6922042688419079 and parameters: {'batch_size': 128, 'learning_rate': 0.0002687644458103649, 'num_resblk': 8, 'num_features': 128, 'weight_decay': 1.134395144562683e-06, 'domain_hidden_dim': 128, 'alpha_domain': 0.011166117715895122}. Best is trial 235 with value: 0.5918328607904499.
[I 2026-04-24 16:01:28,092] Trial 245 finished with value: 0.7479867894074013 and parameters: {'batch_size': 128, 'learning_rate': 0.0002826902991188501, 'num_resblk': 8, 'num_features': 128, 'weight_decay': 1.1137414660884697e-06, 'domain_hidden_dim': 128, 'alpha_domain': 0.011099812248072875}. Best is trial 235 with value: 0.5918328607904499.
[I 2026-04-24 16:02:42,637] Trial 246 finished with value: 0.690219667451135 and parameters: {'batch_size': 128, 'learning_rate': 0.0002927326282431706, 'num_resblk': 8, 'num_features': 96, 'weight_decay': 1.4230150644561613e-06, 'domain_hidden_dim': 128, 'alpha_domain': 0.011102594046245954}. Best is trial 235 with value: 0.5918328607904499.
[I 2026-04-24 16:03:57,038] Trial 247 finished with value: 0.796733945608139 and parameters: {'batch_size': 128, 'learning_rate': 0.0002936881877378111, 'num_resblk': 8, 'num_features': 96, 'weight_decay': 1.2076182006108232e-06, 'domain_hidden_dim': 128, 'alpha_domain': 0.010903112956633768}. Best is trial 235 with value: 0.5918328607904499.
[I 2026-04-24 16:04:36,819] Trial 248 pruned. 
[I 2026-04-24 16:05:51,297] Trial 249 finished with value: 0.8118017562504473 and parameters: {'batch_size': 128, 'learning_rate': 0.000278756326856509, 'num_resblk': 8, 'num_features': 96, 'weight_decay': 1.5051718594923202e-06, 'domain_hidden_dim': 128, 'alpha_domain': 0.010066035855516443}. Best is trial 235 with value: 0.5918328607904499.
[I 2026-04-24 16:07:05,858] Trial 250 finished with value: 0.6879307935977804 and parameters: {'batch_size': 128, 'learning_rate': 0.0002944239065743942, 'num_resblk': 8, 'num_features': 96, 'weight_decay': 1.8929043046746713e-06, 'domain_hidden_dim': 128, 'alpha_domain': 0.011749971799593431}. Best is trial 235 with value: 0.5918328607904499.
