[I 2026-04-30 22:14:24,144] Trial 167 finished with value: 4.209368196027032 and parameters: {'batch_size': 256, 'learning_rate': 0.0002490540177869169, 'num_resblk': 4, 'num_features': 64, 'weight_decay': 3.555195474119094e-05, 'domain_hidden_dim': 256, 'alpha_domain': 0.02106861654926723}. Best is trial 145 with value: 3.701799310486892.
[I 2026-04-30 22:14:40,295] Trial 168 pruned. 
Early stopping triggered for trial 169 at epoch 038 | best epoch: 008
[I 2026-04-30 22:16:24,413] Trial 169 finished with value: 4.161337753822064 and parameters: {'batch_size': 256, 'learning_rate': 0.00012556342321351494, 'num_resblk': 4, 'num_features': 64, 'weight_decay': 4.104225107785909e-06, 'domain_hidden_dim': 256, 'alpha_domain': 0.03375486550201658}. Best is trial 145 with value: 3.701799310486892.
Early stopping triggered for trial 170 at epoch 041 | best epoch: 011
[I 2026-04-30 22:18:16,483] Trial 170 finished with value: 3.9082920715726654 and parameters: {'batch_size': 256, 'learning_rate': 0.00026293889906643805, 'num_resblk': 4, 'num_features': 64, 'weight_decay': 4.70641442877767e-06, 'domain_hidden_dim': 256, 'alpha_domain': 0.025394996858724376}. Best is trial 145 with value: 3.701799310486892.
Early stopping triggered for trial 171 at epoch 054 | best epoch: 024
[I 2026-04-30 22:20:42,831] Trial 171 finished with value: 4.034372724335769 and parameters: {'batch_size': 256, 'learning_rate': 0.0002625988441151056, 'num_resblk': 4, 'num_features': 64, 'weight_decay': 4.830316407696113e-06, 'domain_hidden_dim': 256, 'alpha_domain': 0.02964496877878603}. Best is trial 145 with value: 3.701799310486892.
[I 2026-04-30 22:20:58,782] Trial 172 pruned. 
Early stopping triggered for trial 173 at epoch 047 | best epoch: 017
[I 2026-04-30 22:23:06,236] Trial 173 finished with value: 4.022655692593805 and parameters: {'batch_size': 256, 'learning_rate': 0.00028713092318196677, 'num_resblk': 4, 'num_features': 64, 'weight_decay': 3.6331333552940487e-06, 'domain_hidden_dim': 256, 'alpha_domain': 0.018589709804697777}. Best is trial 145 with value: 3.701799310486892.
[I 2026-04-30 22:23:34,965] Trial 174 pruned. 
[I 2026-04-30 22:23:50,962] Trial 175 pruned. 
Early stopping triggered for trial 176 at epoch 042 | best epoch: 012
[I 2026-04-30 22:27:04,166] Trial 176 finished with value: 4.281159918883751 and parameters: {'batch_size': 256, 'learning_rate': 0.0002585895351942619, 'num_resblk': 4, 'num_features': 128, 'weight_decay': 5.785031751080949e-06, 'domain_hidden_dim': 256, 'alpha_domain': 0.024317310731930726}. Best is trial 145 with value: 3.701799310486892.
Early stopping triggered for trial 177 at epoch 036 | best epoch: 006
[I 2026-04-30 22:29:57,907] Trial 177 finished with value: 4.055877582780246 and parameters: {'batch_size': 128, 'learning_rate': 0.00024686379564288886, 'num_resblk': 4, 'num_features': 128, 'weight_decay': 3.5179566140633928e-06, 'domain_hidden_dim': 256, 'alpha_domain': 0.09013167294330955}. Best is trial 145 with value: 3.701799310486892.
Early stopping triggered for trial 178 at epoch 035 | best epoch: 005
[I 2026-04-30 22:32:19,042] Trial 178 finished with value: 4.0760532329822405 and parameters: {'batch_size': 256, 'learning_rate': 0.000274991166759902, 'num_resblk': 10, 'num_features': 64, 'weight_decay': 1.8729414641800256e-06, 'domain_hidden_dim': 64, 'alpha_domain': 0.030692730205184728}. Best is trial 145 with value: 3.701799310486892.
[I 2026-04-30 22:32:50,677] Trial 179 pruned. 
Early stopping triggered for trial 180 at epoch 047 | best epoch: 017
[I 2026-04-30 22:36:25,449] Trial 180 finished with value: 3.9907006641914107 and parameters: {'batch_size': 256, 'learning_rate': 0.00026339705817770686, 'num_resblk': 4, 'num_features': 128, 'weight_decay': 4.109125970885248e-06, 'domain_hidden_dim': 256, 'alpha_domain': 0.02092722237048583}. Best is trial 145 with value: 3.701799310486892.
slurmstepd: error: *** JOB 6445052 ON d4053 CANCELLED AT 2026-04-30T22:37:48 DUE TO TIME LIMIT ***
