[I 2026-04-27 18:39:35,466] Trial 88 finished with value: 0.5812425829213241 and parameters: {'batch_size': 128, 'learning_rate': 0.0002552123175473044, 'num_resblk': 14, 'num_features': 96, 'weight_decay': 1.912765818554591e-05, 'domain_hidden_dim': 256, 'alpha_domain': 0.01875297223100286}. Best is trial 74 with value: 0.5093917651423092.
[I 2026-04-27 18:40:06,083] Trial 89 pruned. 
[I 2026-04-27 18:40:37,045] Trial 90 pruned. 
[I 2026-04-27 18:41:04,684] Trial 91 pruned. 
Early stopping triggered for trial 092 at epoch 068 | best epoch: 038
[I 2026-04-27 18:46:19,326] Trial 92 finished with value: 0.5735446373964178 and parameters: {'batch_size': 128, 'learning_rate': 0.00024409846500996615, 'num_resblk': 12, 'num_features': 64, 'weight_decay': 4.873746059039497e-06, 'domain_hidden_dim': 256, 'alpha_domain': 0.010761780941288735}. Best is trial 74 with value: 0.5093917651423092.
[I 2026-04-27 18:46:47,143] Trial 93 pruned. 
[I 2026-04-27 18:47:14,635] Trial 94 pruned. 
[I 2026-04-27 18:47:32,810] Trial 95 pruned. 
[I 2026-04-27 18:48:05,590] Trial 96 pruned. 
Early stopping triggered for trial 097 at epoch 053 | best epoch: 023
[I 2026-04-27 18:53:38,760] Trial 97 finished with value: 0.5470550224698824 and parameters: {'batch_size': 128, 'learning_rate': 0.0002550363554640925, 'num_resblk': 12, 'num_features': 96, 'weight_decay': 2.7314841350697034e-05, 'domain_hidden_dim': 256, 'alpha_domain': 0.014393725355079183}. Best is trial 74 with value: 0.5093917651423092.
Early stopping triggered for trial 098 at epoch 044 | best epoch: 014
[I 2026-04-27 18:56:27,141] Trial 98 finished with value: 0.6115660472162838 and parameters: {'batch_size': 128, 'learning_rate': 0.0002578408852999016, 'num_resblk': 4, 'num_features': 96, 'weight_decay': 3.3726913740139476e-05, 'domain_hidden_dim': 256, 'alpha_domain': 0.01480687672228813}. Best is trial 74 with value: 0.5093917651423092.
Early stopping triggered for trial 099 at epoch 063 | best epoch: 033
[I 2026-04-27 19:01:05,306] Trial 99 finished with value: 0.5534461613359123 and parameters: {'batch_size': 128, 'learning_rate': 0.0002907426655113217, 'num_resblk': 6, 'num_features': 96, 'weight_decay': 1.6085379229180576e-05, 'domain_hidden_dim': 256, 'alpha_domain': 0.01973048671402886}. Best is trial 74 with value: 0.5093917651423092.
[I 2026-04-27 19:01:31,662] Trial 100 pruned. 
Early stopping triggered for trial 101 at epoch 066 | best epoch: 036
[I 2026-04-27 19:06:22,090] Trial 101 finished with value: 0.5777742852424753 and parameters: {'batch_size': 128, 'learning_rate': 0.0002715567536838189, 'num_resblk': 6, 'num_features': 96, 'weight_decay': 2.6959260331563927e-05, 'domain_hidden_dim': 256, 'alpha_domain': 0.01906378811635216}. Best is trial 74 with value: 0.5093917651423092.
[I 2026-04-27 19:06:48,320] Trial 102 pruned. 
Early stopping triggered for trial 103 at epoch 080 | best epoch: 050
[I 2026-04-27 19:12:39,493] Trial 103 finished with value: 0.5721804263262913 and parameters: {'batch_size': 128, 'learning_rate': 0.00027415588204816855, 'num_resblk': 6, 'num_features': 96, 'weight_decay': 2.9900550662113352e-05, 'domain_hidden_dim': 256, 'alpha_domain': 0.014014697384751112}. Best is trial 74 with value: 0.5093917651423092.
Early stopping triggered for trial 104 at epoch 084 | best epoch: 054
[I 2026-04-27 19:21:22,272] Trial 104 finished with value: 0.5344090564497586 and parameters: {'batch_size': 128, 'learning_rate': 0.00028161077463334495, 'num_resblk': 12, 'num_features': 96, 'weight_decay': 2.6618789727134857e-05, 'domain_hidden_dim': 256, 'alpha_domain': 0.011258991147530335}. Best is trial 74 with value: 0.5093917651423092.
Early stopping triggered for trial 105 at epoch 045 | best epoch: 015
[I 2026-04-27 19:26:05,642] Trial 105 finished with value: 0.5503948659732424 and parameters: {'batch_size': 128, 'learning_rate': 0.0002836120972434433, 'num_resblk': 12, 'num_features': 96, 'weight_decay': 3.969667896836061e-05, 'domain_hidden_dim': 256, 'alpha_domain': 0.011409683255818053}. Best is trial 74 with value: 0.5093917651423092.
Early stopping triggered for trial 106 at epoch 054 | best epoch: 024
[I 2026-04-27 19:31:44,164] Trial 106 finished with value: 0.53788965375259 and parameters: {'batch_size': 128, 'learning_rate': 0.00028228092499062277, 'num_resblk': 12, 'num_features': 96, 'weight_decay': 2.6317031739069522e-05, 'domain_hidden_dim': 256, 'alpha_domain': 0.0110023065429226}. Best is trial 74 with value: 0.5093917651423092.
Early stopping triggered for trial 107 at epoch 051 | best epoch: 021
[I 2026-04-27 19:38:16,145] Trial 107 finished with value: 0.5792417515968454 and parameters: {'batch_size': 128, 'learning_rate': 0.00027811402770925756, 'num_resblk': 12, 'num_features': 128, 'weight_decay': 2.7501242189283063e-05, 'domain_hidden_dim': 256, 'alpha_domain': 0.010869293880532751}. Best is trial 74 with value: 0.5093917651423092.
Early stopping triggered for trial 108 at epoch 040 | best epoch: 010
[I 2026-04-27 19:42:28,471] Trial 108 finished with value: 0.593432402816312 and parameters: {'batch_size': 128, 'learning_rate': 0.00026228676627079424, 'num_resblk': 12, 'num_features': 96, 'weight_decay': 6.011027338550184e-05, 'domain_hidden_dim': 256, 'alpha_domain': 0.012413943155205694}. Best is trial 74 with value: 0.5093917651423092.
Early stopping triggered for trial 109 at epoch 087 | best epoch: 057
[I 2026-04-27 19:53:33,304] Trial 109 finished with value: 0.5482930124833666 and parameters: {'batch_size': 128, 'learning_rate': 0.00029998234665769627, 'num_resblk': 12, 'num_features': 128, 'weight_decay': 2.2472003690399322e-05, 'domain_hidden_dim': 256, 'alpha_domain': 0.015151599001923838}. Best is trial 74 with value: 0.5093917651423092.
[I 2026-04-27 19:54:08,004] Trial 110 pruned. 
Early stopping triggered for trial 111 at epoch 063 | best epoch: 033
[I 2026-04-27 20:02:56,874] Trial 111 finished with value: 0.5093888702063725 and parameters: {'batch_size': 128, 'learning_rate': 0.00029489259337023727, 'num_resblk': 14, 'num_features': 128, 'weight_decay': 2.494250555238515e-05, 'domain_hidden_dim': 256, 'alpha_domain': 0.011000923616682867}. Best is trial 111 with value: 0.5093888702063725.
Early stopping triggered for trial 112 at epoch 040 | best epoch: 010
[I 2026-04-27 20:09:04,974] Trial 112 finished with value: 0.5628018964981211 and parameters: {'batch_size': 128, 'learning_rate': 0.00027728283140704277, 'num_resblk': 16, 'num_features': 128, 'weight_decay': 2.596745660667319e-05, 'domain_hidden_dim': 256, 'alpha_domain': 0.0142166071603049}. Best is trial 111 with value: 0.5093888702063725.
Early stopping triggered for trial 113 at epoch 063 | best epoch: 033
[I 2026-04-27 20:17:53,021] Trial 113 finished with value: 0.5269706937773474 and parameters: {'batch_size': 128, 'learning_rate': 0.0002955915619071159, 'num_resblk': 14, 'num_features': 128, 'weight_decay': 4.564847861334095e-05, 'domain_hidden_dim': 256, 'alpha_domain': 0.011035948028707642}. Best is trial 111 with value: 0.5093888702063725.
Early stopping triggered for trial 114 at epoch 043 | best epoch: 013
[I 2026-04-27 20:23:56,262] Trial 114 finished with value: 0.5366781451578798 and parameters: {'batch_size': 128, 'learning_rate': 0.0002944481018051691, 'num_resblk': 14, 'num_features': 128, 'weight_decay': 4.446819246309061e-05, 'domain_hidden_dim': 256, 'alpha_domain': 0.010889723530889333}. Best is trial 111 with value: 0.5093888702063725.
Early stopping triggered for trial 115 at epoch 098 | best epoch: 068
[I 2026-04-27 20:37:33,467] Trial 115 finished with value: 0.5201983939984749 and parameters: {'batch_size': 128, 'learning_rate': 0.0002952851223713846, 'num_resblk': 14, 'num_features': 128, 'weight_decay': 3.0981739769128564e-05, 'domain_hidden_dim': 256, 'alpha_domain': 0.011162043395241102}. Best is trial 111 with value: 0.5093888702063725.
Early stopping triggered for trial 116 at epoch 044 | best epoch: 014
[I 2026-04-27 20:43:45,911] Trial 116 finished with value: 0.5508224676395285 and parameters: {'batch_size': 128, 'learning_rate': 0.00029616223409882316, 'num_resblk': 14, 'num_features': 128, 'weight_decay': 3.872154998716219e-05, 'domain_hidden_dim': 256, 'alpha_domain': 0.01201104873196564}. Best is trial 111 with value: 0.5093888702063725.
Early stopping triggered for trial 117 at epoch 054 | best epoch: 024
[I 2026-04-27 20:51:21,239] Trial 117 finished with value: 0.5274709005808008 and parameters: {'batch_size': 128, 'learning_rate': 0.00028542795850288534, 'num_resblk': 14, 'num_features': 128, 'weight_decay': 0.0001024393535533498, 'domain_hidden_dim': 256, 'alpha_domain': 0.011142259357706194}. Best is trial 111 with value: 0.5093888702063725.
Early stopping triggered for trial 118 at epoch 048 | best epoch: 018
[I 2026-04-27 20:58:06,926] Trial 118 finished with value: 0.5446336932223419 and parameters: {'batch_size': 128, 'learning_rate': 0.0002934405570548042, 'num_resblk': 14, 'num_features': 128, 'weight_decay': 8.32254346994474e-05, 'domain_hidden_dim': 64, 'alpha_domain': 0.01098608570686456}. Best is trial 111 with value: 0.5093888702063725.
Early stopping triggered for trial 119 at epoch 055 | best epoch: 025
[I 2026-04-27 21:06:31,352] Trial 119 finished with value: 0.5474693651857048 and parameters: {'batch_size': 128, 'learning_rate': 0.00028268510522820773, 'num_resblk': 16, 'num_features': 128, 'weight_decay': 5.834563277633705e-05, 'domain_hidden_dim': 256, 'alpha_domain': 0.012741259542589024}. Best is trial 111 with value: 0.5093888702063725.
Early stopping triggered for trial 120 at epoch 071 | best epoch: 041
[I 2026-04-27 21:16:26,983] Trial 120 finished with value: 0.5388632663365068 and parameters: {'batch_size': 128, 'learning_rate': 0.00028559794796742413, 'num_resblk': 14, 'num_features': 128, 'weight_decay': 0.00011926584740511802, 'domain_hidden_dim': 256, 'alpha_domain': 0.010933516396153864}. Best is trial 111 with value: 0.5093888702063725.
Early stopping triggered for trial 121 at epoch 054 | best epoch: 024
[I 2026-04-27 21:24:01,437] Trial 121 finished with value: 0.5618052420945003 and parameters: {'batch_size': 128, 'learning_rate': 0.0002864453797701494, 'num_resblk': 14, 'num_features': 128, 'weight_decay': 0.00012837161249074455, 'domain_hidden_dim': 256, 'alpha_domain': 0.011091492661036316}. Best is trial 111 with value: 0.5093888702063725.
Early stopping triggered for trial 122 at epoch 045 | best epoch: 015
[I 2026-04-27 21:30:20,912] Trial 122 finished with value: 0.5425744036148334 and parameters: {'batch_size': 128, 'learning_rate': 0.00029948854466361926, 'num_resblk': 14, 'num_features': 128, 'weight_decay': 0.0001654011711512574, 'domain_hidden_dim': 256, 'alpha_domain': 0.011980099006071677}. Best is trial 111 with value: 0.5093888702063725.
[I 2026-04-27 21:44:39,786] Trial 123 pruned. 
Early stopping triggered for trial 124 at epoch 038 | best epoch: 008
[I 2026-04-27 21:50:01,656] Trial 124 finished with value: 0.5942981705583376 and parameters: {'batch_size': 128, 'learning_rate': 0.00029467434285580243, 'num_resblk': 14, 'num_features': 128, 'weight_decay': 0.00019365649431181056, 'domain_hidden_dim': 256, 'alpha_domain': 0.011994361374853128}. Best is trial 111 with value: 0.5093888702063725.
Early stopping triggered for trial 125 at epoch 052 | best epoch: 022
[I 2026-04-27 21:57:15,715] Trial 125 finished with value: 0.5367716180867163 and parameters: {'batch_size': 128, 'learning_rate': 0.0002818471106110268, 'num_resblk': 14, 'num_features': 128, 'weight_decay': 0.00011616679962993982, 'domain_hidden_dim': 256, 'alpha_domain': 0.010926417349807985}. Best is trial 111 with value: 0.5093888702063725.
[I 2026-04-27 21:58:05,461] Trial 126 pruned. 
Early stopping triggered for trial 127 at epoch 049 | best epoch: 019
[I 2026-04-27 22:04:53,894] Trial 127 finished with value: 0.5462749086577317 and parameters: {'batch_size': 128, 'learning_rate': 0.0002709612101652937, 'num_resblk': 14, 'num_features': 128, 'weight_decay': 4.9073641581229864e-05, 'domain_hidden_dim': 256, 'alpha_domain': 0.013241194468771792}. Best is trial 111 with value: 0.5093888702063725.
slurmstepd: error: *** JOB 6364678 ON d4055 CANCELLED AT 2026-04-27T22:09:22 DUE TO TIME LIMIT ***
