[I 2026-04-30 17:07:27,316] Trial 49 finished with value: 3.9063524048903893 and parameters: {'batch_size': 256, 'learning_rate': 0.00024288769562910261, 'num_resblk': 4, 'num_features': 128, 'weight_decay': 4.225667239456055e-06, 'domain_hidden_dim': 256, 'alpha_domain': 0.02006153969623532}. Best is trial 49 with value: 3.9063524048903893.
Early stopping triggered for trial 050 at epoch 040 | best epoch: 010
[I 2026-04-30 17:10:33,267] Trial 50 finished with value: 4.319704187327418 and parameters: {'batch_size': 256, 'learning_rate': 0.00024693553874618085, 'num_resblk': 4, 'num_features': 128, 'weight_decay': 1.055605277729993e-05, 'domain_hidden_dim': 128, 'alpha_domain': 0.03108499765794317}. Best is trial 49 with value: 3.9063524048903893.
Early stopping triggered for trial 051 at epoch 035 | best epoch: 005
[I 2026-04-30 17:13:16,270] Trial 51 finished with value: 3.9244957299068055 and parameters: {'batch_size': 256, 'learning_rate': 0.0002763093993935722, 'num_resblk': 4, 'num_features': 128, 'weight_decay': 1.0079466285707275e-06, 'domain_hidden_dim': 256, 'alpha_domain': 0.02091906818284715}. Best is trial 49 with value: 3.9063524048903893.
Early stopping triggered for trial 052 at epoch 036 | best epoch: 006
[I 2026-04-30 17:16:03,593] Trial 52 finished with value: 4.043278751702144 and parameters: {'batch_size': 256, 'learning_rate': 0.0002814577093321005, 'num_resblk': 4, 'num_features': 128, 'weight_decay': 1.1043828912231437e-06, 'domain_hidden_dim': 256, 'alpha_domain': 0.01339356431218322}. Best is trial 49 with value: 3.9063524048903893.
Early stopping triggered for trial 053 at epoch 037 | best epoch: 007
[I 2026-04-30 17:18:56,538] Trial 53 finished with value: 4.074691747796947 and parameters: {'batch_size': 256, 'learning_rate': 0.00026915960160269826, 'num_resblk': 4, 'num_features': 128, 'weight_decay': 4.232184203669019e-06, 'domain_hidden_dim': 256, 'alpha_domain': 0.017763172883184703}. Best is trial 49 with value: 3.9063524048903893.
Early stopping triggered for trial 054 at epoch 042 | best epoch: 012
[I 2026-04-30 17:20:19,349] Trial 54 finished with value: 4.136713027954102 and parameters: {'batch_size': 256, 'learning_rate': 0.00022941640421881426, 'num_resblk': 4, 'num_features': 32, 'weight_decay': 1.0330417918921647e-06, 'domain_hidden_dim': 256, 'alpha_domain': 0.023805994795497134}. Best is trial 49 with value: 3.9063524048903893.
Early stopping triggered for trial 055 at epoch 036 | best epoch: 006
[I 2026-04-30 17:23:07,511] Trial 55 finished with value: 4.329832545642195 and parameters: {'batch_size': 256, 'learning_rate': 0.000260381506991742, 'num_resblk': 4, 'num_features': 128, 'weight_decay': 4.374274777745793e-06, 'domain_hidden_dim': 256, 'alpha_domain': 0.011270996178154209}. Best is trial 49 with value: 3.9063524048903893.
Early stopping triggered for trial 056 at epoch 039 | best epoch: 009
[I 2026-04-30 17:26:09,671] Trial 56 finished with value: 4.069170787416655 and parameters: {'batch_size': 256, 'learning_rate': 0.0002752400456746338, 'num_resblk': 4, 'num_features': 128, 'weight_decay': 2.6875967712912033e-06, 'domain_hidden_dim': 256, 'alpha_domain': 0.018659365725924134}. Best is trial 49 with value: 3.9063524048903893.
Early stopping triggered for trial 057 at epoch 036 | best epoch: 006
[I 2026-04-30 17:29:21,056] Trial 57 finished with value: 4.3916432199807005 and parameters: {'batch_size': 256, 'learning_rate': 0.0002894292649063792, 'num_resblk': 6, 'num_features': 128, 'weight_decay': 2.1892672754917994e-05, 'domain_hidden_dim': 256, 'alpha_domain': 0.03488957774937974}. Best is trial 49 with value: 3.9063524048903893.
Early stopping triggered for trial 058 at epoch 031 | best epoch: 001
[I 2026-04-30 17:31:01,234] Trial 58 finished with value: 4.628679851005817 and parameters: {'batch_size': 256, 'learning_rate': 0.0002473162911978178, 'num_resblk': 6, 'num_features': 64, 'weight_decay': 1.1349454142442174e-05, 'domain_hidden_dim': 256, 'alpha_domain': 0.015236436903659908}. Best is trial 49 with value: 3.9063524048903893.
Early stopping triggered for trial 059 at epoch 040 | best epoch: 010
[I 2026-04-30 17:34:07,587] Trial 59 finished with value: 4.211772762495896 and parameters: {'batch_size': 256, 'learning_rate': 0.00021250721671326156, 'num_resblk': 4, 'num_features': 128, 'weight_decay': 6.267695042631449e-06, 'domain_hidden_dim': 128, 'alpha_domain': 0.013147474951858928}. Best is trial 49 with value: 3.9063524048903893.
Early stopping triggered for trial 060 at epoch 039 | best epoch: 009
[I 2026-04-30 17:36:28,590] Trial 60 finished with value: 4.114553920153914 and parameters: {'batch_size': 256, 'learning_rate': 0.00023208141746063282, 'num_resblk': 8, 'num_features': 64, 'weight_decay': 3.879360100466352e-06, 'domain_hidden_dim': 256, 'alpha_domain': 0.028569228865785872}. Best is trial 49 with value: 3.9063524048903893.
Early stopping triggered for trial 061 at epoch 035 | best epoch: 005
[I 2026-04-30 17:39:32,890] Trial 61 finished with value: 3.9615538449122987 and parameters: {'batch_size': 256, 'learning_rate': 0.00028691589598784354, 'num_resblk': 6, 'num_features': 128, 'weight_decay': 1.837154653257131e-06, 'domain_hidden_dim': 256, 'alpha_domain': 0.020089622617650345}. Best is trial 49 with value: 3.9063524048903893.
Early stopping triggered for trial 062 at epoch 034 | best epoch: 004
[I 2026-04-30 17:42:32,113] Trial 62 finished with value: 4.169922121639909 and parameters: {'batch_size': 256, 'learning_rate': 0.0002888166329069772, 'num_resblk': 6, 'num_features': 128, 'weight_decay': 1.535241338534382e-06, 'domain_hidden_dim': 256, 'alpha_domain': 0.020185534061151436}. Best is trial 49 with value: 3.9063524048903893.
Early stopping triggered for trial 063 at epoch 042 | best epoch: 012
[I 2026-04-30 17:45:44,693] Trial 63 finished with value: 3.899232058689512 and parameters: {'batch_size': 256, 'learning_rate': 0.00027284907185674124, 'num_resblk': 4, 'num_features': 128, 'weight_decay': 2.02303395114203e-06, 'domain_hidden_dim': 256, 'alpha_domain': 0.02401380096372358}. Best is trial 63 with value: 3.899232058689512.
Early stopping triggered for trial 064 at epoch 039 | best epoch: 009
[I 2026-04-30 17:47:09,775] Trial 64 finished with value: 4.080964400850493 and parameters: {'batch_size': 256, 'learning_rate': 0.000273808238403901, 'num_resblk': 6, 'num_features': 32, 'weight_decay': 2.166386093712337e-06, 'domain_hidden_dim': 256, 'alpha_domain': 0.0492142513581837}. Best is trial 63 with value: 3.899232058689512.
Early stopping triggered for trial 065 at epoch 044 | best epoch: 014
[I 2026-04-30 17:50:30,756] Trial 65 finished with value: 3.947051927961152 and parameters: {'batch_size': 256, 'learning_rate': 0.0002581855692273199, 'num_resblk': 4, 'num_features': 128, 'weight_decay': 3.531893872470091e-06, 'domain_hidden_dim': 256, 'alpha_domain': 0.03800577994348265}. Best is trial 63 with value: 3.899232058689512.
Early stopping triggered for trial 066 at epoch 045 | best epoch: 015
[I 2026-04-30 17:54:55,731] Trial 66 finished with value: 4.217225855794446 and parameters: {'batch_size': 256, 'learning_rate': 0.0002570398716244276, 'num_resblk': 8, 'num_features': 128, 'weight_decay': 0.0007228473688257043, 'domain_hidden_dim': 256, 'alpha_domain': 0.0369969376837402}. Best is trial 63 with value: 3.899232058689512.
Early stopping triggered for trial 067 at epoch 046 | best epoch: 016
[I 2026-04-30 17:57:00,430] Trial 67 finished with value: 3.9597706137032342 and parameters: {'batch_size': 256, 'learning_rate': 0.00024357431984799616, 'num_resblk': 4, 'num_features': 64, 'weight_decay': 3.3771025902392573e-06, 'domain_hidden_dim': 256, 'alpha_domain': 0.02971924382301858}. Best is trial 63 with value: 3.899232058689512.
Early stopping triggered for trial 068 at epoch 039 | best epoch: 009
[I 2026-04-30 17:59:20,564] Trial 68 finished with value: 4.313593182070502 and parameters: {'batch_size': 256, 'learning_rate': 0.00022404453216562413, 'num_resblk': 8, 'num_features': 64, 'weight_decay': 3.459412497326084e-06, 'domain_hidden_dim': 256, 'alpha_domain': 0.029438620524137864}. Best is trial 63 with value: 3.899232058689512.
Early stopping triggered for trial 069 at epoch 050 | best epoch: 020
[I 2026-04-30 18:01:57,349] Trial 69 finished with value: 4.121309173518214 and parameters: {'batch_size': 256, 'learning_rate': 0.00023864236905128143, 'num_resblk': 6, 'num_features': 64, 'weight_decay': 2.212952954675199e-06, 'domain_hidden_dim': 256, 'alpha_domain': 0.04761293954997886}. Best is trial 63 with value: 3.899232058689512.
Early stopping triggered for trial 070 at epoch 046 | best epoch: 016
[I 2026-04-30 18:04:01,997] Trial 70 finished with value: 4.173283905818544 and parameters: {'batch_size': 256, 'learning_rate': 0.000210583366402279, 'num_resblk': 4, 'num_features': 64, 'weight_decay': 5.501130328868563e-06, 'domain_hidden_dim': 128, 'alpha_domain': 0.06195640725397891}. Best is trial 63 with value: 3.899232058689512.
Early stopping triggered for trial 071 at epoch 049 | best epoch: 019
[I 2026-04-30 18:06:14,179] Trial 71 finished with value: 4.224227272231003 and parameters: {'batch_size': 256, 'learning_rate': 0.00026650482003607386, 'num_resblk': 4, 'num_features': 64, 'weight_decay': 1.3093780820588356e-06, 'domain_hidden_dim': 256, 'alpha_domain': 0.024886330167097005}. Best is trial 63 with value: 3.899232058689512.
[I 2026-04-30 18:06:30,196] Trial 72 pruned. 
Early stopping triggered for trial 073 at epoch 038 | best epoch: 008
[I 2026-04-30 18:09:33,552] Trial 73 finished with value: 4.14537357050797 and parameters: {'batch_size': 128, 'learning_rate': 0.000261095999063069, 'num_resblk': 4, 'num_features': 128, 'weight_decay': 0.00046396647774276826, 'domain_hidden_dim': 256, 'alpha_domain': 0.07912901805443931}. Best is trial 63 with value: 3.899232058689512.
Early stopping triggered for trial 074 at epoch 036 | best epoch: 006
[I 2026-04-30 18:12:19,110] Trial 74 finished with value: 4.192973646624335 and parameters: {'batch_size': 256, 'learning_rate': 0.0002517397163036958, 'num_resblk': 4, 'num_features': 128, 'weight_decay': 7.81381331195339e-06, 'domain_hidden_dim': 256, 'alpha_domain': 0.024023882440472627}. Best is trial 63 with value: 3.899232058689512.
Early stopping triggered for trial 075 at epoch 035 | best epoch: 005
[I 2026-04-30 18:14:14,668] Trial 75 finished with value: 4.300154579096827 and parameters: {'batch_size': 128, 'learning_rate': 0.00011145722906159631, 'num_resblk': 6, 'num_features': 64, 'weight_decay': 2.9353236601130695e-06, 'domain_hidden_dim': 256, 'alpha_domain': 0.0364884605005709}. Best is trial 63 with value: 3.899232058689512.
Early stopping triggered for trial 076 at epoch 045 | best epoch: 015
[I 2026-04-30 18:15:39,969] Trial 76 finished with value: 4.341387041683855 and parameters: {'batch_size': 256, 'learning_rate': 0.0002749376125638958, 'num_resblk': 4, 'num_features': 32, 'weight_decay': 3.943152578722231e-05, 'domain_hidden_dim': 256, 'alpha_domain': 0.01746607725559783}. Best is trial 63 with value: 3.899232058689512.
[I 2026-04-30 18:16:12,579] Trial 77 pruned. 
Early stopping triggered for trial 078 at epoch 039 | best epoch: 009
[I 2026-04-30 18:18:36,507] Trial 78 finished with value: 4.277973323032774 and parameters: {'batch_size': 256, 'learning_rate': 0.0001964288051166804, 'num_resblk': 4, 'num_features': 96, 'weight_decay': 1.8398745064385117e-06, 'domain_hidden_dim': 256, 'alpha_domain': 0.027662447194827158}. Best is trial 63 with value: 3.899232058689512.
Early stopping triggered for trial 079 at epoch 033 | best epoch: 003
[I 2026-04-30 18:21:40,112] Trial 79 finished with value: 4.011644207198044 and parameters: {'batch_size': 128, 'learning_rate': 0.00024347440911394425, 'num_resblk': 6, 'num_features': 128, 'weight_decay': 3.584670922686669e-06, 'domain_hidden_dim': 256, 'alpha_domain': 0.030667732411071777}. Best is trial 63 with value: 3.899232058689512.
Early stopping triggered for trial 080 at epoch 042 | best epoch: 012
[I 2026-04-30 18:24:52,783] Trial 80 finished with value: 4.2485464688005115 and parameters: {'batch_size': 256, 'learning_rate': 0.0002222762768441654, 'num_resblk': 4, 'num_features': 128, 'weight_decay': 0.0003329777262239741, 'domain_hidden_dim': 256, 'alpha_domain': 0.018983517612911407}. Best is trial 63 with value: 3.899232058689512.
Early stopping triggered for trial 081 at epoch 034 | best epoch: 004
[I 2026-04-30 18:27:29,730] Trial 81 finished with value: 4.4053567524614 and parameters: {'batch_size': 256, 'learning_rate': 0.00028082062019869675, 'num_resblk': 4, 'num_features': 128, 'weight_decay': 4.902170410107016e-06, 'domain_hidden_dim': 256, 'alpha_domain': 0.011858368749285477}. Best is trial 63 with value: 3.899232058689512.
Early stopping triggered for trial 082 at epoch 033 | best epoch: 003
[I 2026-04-30 18:30:02,269] Trial 82 finished with value: 4.464022965266786 and parameters: {'batch_size': 256, 'learning_rate': 0.00026318678992027773, 'num_resblk': 4, 'num_features': 128, 'weight_decay': 7.791080874906651e-06, 'domain_hidden_dim': 256, 'alpha_domain': 0.01431894064187819}. Best is trial 63 with value: 3.899232058689512.
Early stopping triggered for trial 083 at epoch 037 | best epoch: 007
[I 2026-04-30 18:32:52,306] Trial 83 finished with value: 3.999647452913482 and parameters: {'batch_size': 256, 'learning_rate': 0.00029000383601413525, 'num_resblk': 4, 'num_features': 128, 'weight_decay': 1.233980199671307e-06, 'domain_hidden_dim': 256, 'alpha_domain': 0.02332598760631057}. Best is trial 63 with value: 3.899232058689512.
Early stopping triggered for trial 084 at epoch 042 | best epoch: 012
[I 2026-04-30 18:36:04,436] Trial 84 finished with value: 4.20726175965934 and parameters: {'batch_size': 256, 'learning_rate': 0.00027370930826665793, 'num_resblk': 4, 'num_features': 128, 'weight_decay': 1.94716186925705e-06, 'domain_hidden_dim': 256, 'alpha_domain': 0.01131839454329919}. Best is trial 63 with value: 3.899232058689512.
Early stopping triggered for trial 085 at epoch 036 | best epoch: 006
[I 2026-04-30 18:38:50,261] Trial 85 finished with value: 3.8580883206992316 and parameters: {'batch_size': 256, 'learning_rate': 0.0002548432927189973, 'num_resblk': 4, 'num_features': 128, 'weight_decay': 0.0008204995693262982, 'domain_hidden_dim': 256, 'alpha_domain': 0.016283940613362014}. Best is trial 85 with value: 3.8580883206992316.
Early stopping triggered for trial 086 at epoch 036 | best epoch: 006
[I 2026-04-30 18:40:43,885] Trial 86 finished with value: 4.336253495051943 and parameters: {'batch_size': 256, 'learning_rate': 0.0002547315639852033, 'num_resblk': 6, 'num_features': 64, 'weight_decay': 0.0008469068270970106, 'domain_hidden_dim': 256, 'alpha_domain': 0.016147733178889182}. Best is trial 85 with value: 3.8580883206992316.
Early stopping triggered for trial 087 at epoch 034 | best epoch: 004
[I 2026-04-30 18:43:29,006] Trial 87 finished with value: 4.112438917160034 and parameters: {'batch_size': 128, 'learning_rate': 0.00026638581336451556, 'num_resblk': 4, 'num_features': 128, 'weight_decay': 0.0007008764148224063, 'domain_hidden_dim': 256, 'alpha_domain': 0.02258162376615358}. Best is trial 85 with value: 3.8580883206992316.
Early stopping triggered for trial 088 at epoch 039 | best epoch: 009
[I 2026-04-30 18:47:44,696] Trial 88 finished with value: 4.368074630868846 and parameters: {'batch_size': 256, 'learning_rate': 0.00023513838450630822, 'num_resblk': 10, 'num_features': 128, 'weight_decay': 0.0007901495387507683, 'domain_hidden_dim': 256, 'alpha_domain': 0.027505795293958142}. Best is trial 85 with value: 3.8580883206992316.
Early stopping triggered for trial 089 at epoch 033 | best epoch: 003
[I 2026-04-30 18:50:16,077] Trial 89 finished with value: 4.36746673748411 and parameters: {'batch_size': 256, 'learning_rate': 0.00025789838955937787, 'num_resblk': 4, 'num_features': 128, 'weight_decay': 0.00028093139322752086, 'domain_hidden_dim': 64, 'alpha_domain': 0.032667016681542475}. Best is trial 85 with value: 3.8580883206992316.
Early stopping triggered for trial 090 at epoch 045 | best epoch: 015
[I 2026-04-30 18:53:36,714] Trial 90 finished with value: 4.386279821395874 and parameters: {'batch_size': 128, 'learning_rate': 0.00025100625709416097, 'num_resblk': 6, 'num_features': 96, 'weight_decay': 0.0004298646949054038, 'domain_hidden_dim': 256, 'alpha_domain': 0.09886429405635543}. Best is trial 85 with value: 3.8580883206992316.
Early stopping triggered for trial 091 at epoch 038 | best epoch: 008
[I 2026-04-30 18:56:31,287] Trial 91 finished with value: 4.321709871292114 and parameters: {'batch_size': 256, 'learning_rate': 0.00028129054468488537, 'num_resblk': 4, 'num_features': 128, 'weight_decay': 1.319505725614413e-05, 'domain_hidden_dim': 256, 'alpha_domain': 0.016289061795492114}. Best is trial 85 with value: 3.8580883206992316.
Early stopping triggered for trial 092 at epoch 038 | best epoch: 008
[I 2026-04-30 18:59:25,707] Trial 92 finished with value: 4.260068293275504 and parameters: {'batch_size': 256, 'learning_rate': 0.00029243698001916123, 'num_resblk': 4, 'num_features': 128, 'weight_decay': 0.0005061075761544929, 'domain_hidden_dim': 256, 'alpha_domain': 0.0193409185350596}. Best is trial 85 with value: 3.8580883206992316.
Early stopping triggered for trial 093 at epoch 044 | best epoch: 014
[I 2026-04-30 19:02:46,833] Trial 93 finished with value: 4.227267997018222 and parameters: {'batch_size': 256, 'learning_rate': 0.0002761982932547049, 'num_resblk': 4, 'num_features': 128, 'weight_decay': 9.107655120383442e-06, 'domain_hidden_dim': 256, 'alpha_domain': 0.014935672307125848}. Best is trial 85 with value: 3.8580883206992316.
Early stopping triggered for trial 094 at epoch 045 | best epoch: 015
[I 2026-04-30 19:06:12,453] Trial 94 finished with value: 4.279933452606201 and parameters: {'batch_size': 256, 'learning_rate': 0.000266404042852088, 'num_resblk': 4, 'num_features': 128, 'weight_decay': 5.9853503917806514e-06, 'domain_hidden_dim': 128, 'alpha_domain': 0.01326416916731604}. Best is trial 85 with value: 3.8580883206992316.
Early stopping triggered for trial 095 at epoch 045 | best epoch: 015
[I 2026-04-30 19:09:38,139] Trial 95 finished with value: 4.006639924542657 and parameters: {'batch_size': 256, 'learning_rate': 0.0002854074554789363, 'num_resblk': 4, 'num_features': 128, 'weight_decay': 0.00021199595150105016, 'domain_hidden_dim': 256, 'alpha_domain': 0.011864197772005862}. Best is trial 85 with value: 3.8580883206992316.
Early stopping triggered for trial 096 at epoch 036 | best epoch: 006
[I 2026-04-30 19:12:23,555] Trial 96 finished with value: 3.731310219600283 and parameters: {'batch_size': 256, 'learning_rate': 0.0002713927133464532, 'num_resblk': 4, 'num_features': 128, 'weight_decay': 0.0009832435974143374, 'domain_hidden_dim': 256, 'alpha_domain': 0.017429343201955667}. Best is trial 96 with value: 3.731310219600283.
Early stopping triggered for trial 097 at epoch 051 | best epoch: 021
[I 2026-04-30 19:14:40,570] Trial 97 finished with value: 4.14658051523669 and parameters: {'batch_size': 256, 'learning_rate': 0.00013974350081745647, 'num_resblk': 4, 'num_features': 64, 'weight_decay': 0.000981993043981392, 'domain_hidden_dim': 256, 'alpha_domain': 0.02552539208649953}. Best is trial 96 with value: 3.731310219600283.
Early stopping triggered for trial 098 at epoch 032 | best epoch: 002
[I 2026-04-30 19:18:01,943] Trial 98 finished with value: 4.311962308554814 and parameters: {'batch_size': 128, 'learning_rate': 0.000271628557250959, 'num_resblk': 8, 'num_features': 128, 'weight_decay': 0.000812913587576556, 'domain_hidden_dim': 256, 'alpha_domain': 0.02032287244831975}. Best is trial 96 with value: 3.731310219600283.
[I 2026-04-30 19:18:14,861] Trial 99 pruned. 
Early stopping triggered for trial 100 at epoch 037 | best epoch: 007
[I 2026-04-30 19:21:04,774] Trial 100 finished with value: 4.080175523100229 and parameters: {'batch_size': 256, 'learning_rate': 0.00024205404992661767, 'num_resblk': 4, 'num_features': 128, 'weight_decay': 0.0005879615943694978, 'domain_hidden_dim': 256, 'alpha_domain': 0.03802881456512827}. Best is trial 96 with value: 3.731310219600283.
Early stopping triggered for trial 101 at epoch 034 | best epoch: 004
[I 2026-04-30 19:23:40,562] Trial 101 finished with value: 3.932319764433236 and parameters: {'batch_size': 256, 'learning_rate': 0.0002931758567330233, 'num_resblk': 4, 'num_features': 128, 'weight_decay': 2.4475954491918165e-06, 'domain_hidden_dim': 256, 'alpha_domain': 0.01681224580496977}. Best is trial 96 with value: 3.731310219600283.
Early stopping triggered for trial 102 at epoch 045 | best epoch: 015
[I 2026-04-30 19:27:06,459] Trial 102 finished with value: 4.318837798874954 and parameters: {'batch_size': 256, 'learning_rate': 0.00016802335169939733, 'num_resblk': 4, 'num_features': 128, 'weight_decay': 1.6380155326157475e-06, 'domain_hidden_dim': 256, 'alpha_domain': 0.02135632416016956}. Best is trial 96 with value: 3.731310219600283.
Early stopping triggered for trial 103 at epoch 036 | best epoch: 006
[I 2026-04-30 19:29:51,754] Trial 103 finished with value: 4.240236282348633 and parameters: {'batch_size': 256, 'learning_rate': 0.00029574270987168757, 'num_resblk': 4, 'num_features': 128, 'weight_decay': 2.408100193310598e-06, 'domain_hidden_dim': 256, 'alpha_domain': 0.016507629294751323}. Best is trial 96 with value: 3.731310219600283.
Early stopping triggered for trial 104 at epoch 106 | best epoch: 076
[I 2026-04-30 19:37:48,678] Trial 104 finished with value: 3.8670963583321405 and parameters: {'batch_size': 256, 'learning_rate': 0.0002775308225502129, 'num_resblk': 4, 'num_features': 128, 'weight_decay': 2.9844625960021276e-06, 'domain_hidden_dim': 256, 'alpha_domain': 0.1871908840193004}. Best is trial 96 with value: 3.731310219600283.
Early stopping triggered for trial 105 at epoch 040 | best epoch: 010
