[I 2026-05-05 22:34:26,950] Trial 231 finished with value: 4.425612214309073 and parameters: {'batch_size': 256, 'learning_rate': 0.00018002079964357605, 'num_resblk': 4, 'num_features': 128, 'weight_decay': 5.4593957810079795e-06}. Best is trial 169 with value: 3.6230897996075724.
Early stopping triggered for trial 232 at epoch 051 | best epoch: 021
[I 2026-05-05 22:37:00,304] Trial 232 finished with value: 4.4115326364412635 and parameters: {'batch_size': 256, 'learning_rate': 0.00017402269125333462, 'num_resblk': 4, 'num_features': 128, 'weight_decay': 3.071064838070426e-05}. Best is trial 169 with value: 3.6230897996075724.
Early stopping triggered for trial 233 at epoch 041 | best epoch: 011
[I 2026-05-05 22:39:04,529] Trial 233 finished with value: 4.377599140202028 and parameters: {'batch_size': 256, 'learning_rate': 0.000182514752223226, 'num_resblk': 4, 'num_features': 128, 'weight_decay': 5.954574395722201e-06}. Best is trial 169 with value: 3.6230897996075724.
Early stopping triggered for trial 234 at epoch 040 | best epoch: 010
[I 2026-05-05 22:41:06,414] Trial 234 finished with value: 4.582453785291232 and parameters: {'batch_size': 256, 'learning_rate': 0.00018799680092078716, 'num_resblk': 4, 'num_features': 128, 'weight_decay': 8.148644463402514e-06}. Best is trial 169 with value: 3.6230897996075724.
[I 2026-05-05 22:41:35,257] Trial 235 pruned. 
Early stopping triggered for trial 236 at epoch 040 | best epoch: 010
[I 2026-05-05 22:43:37,348] Trial 236 finished with value: 4.167706228879765 and parameters: {'batch_size': 256, 'learning_rate': 0.00017198254883445224, 'num_resblk': 4, 'num_features': 128, 'weight_decay': 7.485368952510016e-06}. Best is trial 169 with value: 3.6230897996075724.
Early stopping triggered for trial 237 at epoch 036 | best epoch: 006
[I 2026-05-05 22:45:26,499] Trial 237 finished with value: 4.102663250336107 and parameters: {'batch_size': 256, 'learning_rate': 0.00017169556372043757, 'num_resblk': 4, 'num_features': 128, 'weight_decay': 6.599161419239225e-06}. Best is trial 169 with value: 3.6230897996075724.
[I 2026-05-05 22:45:36,334] Trial 238 pruned. 
Early stopping triggered for trial 239 at epoch 033 | best epoch: 003
[I 2026-05-05 22:47:16,844] Trial 239 finished with value: 4.40192696032121 and parameters: {'batch_size': 256, 'learning_rate': 0.0001698991553430138, 'num_resblk': 4, 'num_features': 128, 'weight_decay': 6.169049323511973e-06}. Best is trial 169 with value: 3.6230897996075724.
Early stopping triggered for trial 240 at epoch 045 | best epoch: 015
[I 2026-05-05 22:49:33,083] Trial 240 finished with value: 4.78029597852549 and parameters: {'batch_size': 256, 'learning_rate': 0.00017228374134554904, 'num_resblk': 4, 'num_features': 128, 'weight_decay': 7.652666992208236e-06}. Best is trial 169 with value: 3.6230897996075724.
Early stopping triggered for trial 241 at epoch 035 | best epoch: 005
[I 2026-05-05 22:51:20,822] Trial 241 finished with value: 4.405783782157262 and parameters: {'batch_size': 256, 'learning_rate': 0.0001747689090341005, 'num_resblk': 4, 'num_features': 128, 'weight_decay': 9.008605616153334e-06}. Best is trial 169 with value: 3.6230897996075724.
Early stopping triggered for trial 242 at epoch 043 | best epoch: 013
[I 2026-05-05 22:53:31,288] Trial 242 finished with value: 4.888907022137641 and parameters: {'batch_size': 256, 'learning_rate': 0.00016741909929078084, 'num_resblk': 4, 'num_features': 128, 'weight_decay': 6.535000273851944e-06}. Best is trial 169 with value: 3.6230897996075724.
Early stopping triggered for trial 243 at epoch 044 | best epoch: 014
[I 2026-05-05 22:55:44,859] Trial 243 finished with value: 4.134535684113949 and parameters: {'batch_size': 256, 'learning_rate': 0.0001840605895522965, 'num_resblk': 4, 'num_features': 128, 'weight_decay': 4.141825447214195e-06}. Best is trial 169 with value: 3.6230897996075724.
Early stopping triggered for trial 244 at epoch 039 | best epoch: 009
[I 2026-05-05 22:57:42,784] Trial 244 finished with value: 4.401132981405109 and parameters: {'batch_size': 256, 'learning_rate': 0.0001839167651950801, 'num_resblk': 4, 'num_features': 128, 'weight_decay': 4.394013874607571e-06}. Best is trial 169 with value: 3.6230897996075724.
[I 2026-05-05 22:58:00,737] Trial 245 pruned. 
Early stopping triggered for trial 246 at epoch 038 | best epoch: 008
[I 2026-05-05 22:59:55,763] Trial 246 finished with value: 4.57992136118782 and parameters: {'batch_size': 256, 'learning_rate': 0.0001637521753815769, 'num_resblk': 4, 'num_features': 128, 'weight_decay': 4.020739395715397e-06}. Best is trial 169 with value: 3.6230897996075724.
Early stopping triggered for trial 247 at epoch 036 | best epoch: 006
[I 2026-05-05 23:01:45,265] Trial 247 finished with value: 4.421647236428545 and parameters: {'batch_size': 256, 'learning_rate': 0.00018551536435475907, 'num_resblk': 4, 'num_features': 128, 'weight_decay': 5.008906135433917e-06}. Best is trial 169 with value: 3.6230897996075724.
Early stopping triggered for trial 248 at epoch 038 | best epoch: 008
[I 2026-05-05 23:03:40,781] Trial 248 finished with value: 4.480915868791105 and parameters: {'batch_size': 256, 'learning_rate': 0.00018072827769223518, 'num_resblk': 4, 'num_features': 128, 'weight_decay': 5.596533410128955e-06}. Best is trial 169 with value: 3.6230897996075724.
Early stopping triggered for trial 249 at epoch 034 | best epoch: 004
[I 2026-05-05 23:05:24,596] Trial 249 finished with value: 4.679566410650049 and parameters: {'batch_size': 256, 'learning_rate': 0.00019299809095173627, 'num_resblk': 4, 'num_features': 128, 'weight_decay': 3.067311940186215e-06}. Best is trial 169 with value: 3.6230897996075724.
Early stopping triggered for trial 250 at epoch 033 | best epoch: 003
[I 2026-05-05 23:07:05,444] Trial 250 finished with value: 4.6049658726517935 and parameters: {'batch_size': 256, 'learning_rate': 0.00017593516737623971, 'num_resblk': 4, 'num_features': 128, 'weight_decay': 7.567754550628426e-06}. Best is trial 169 with value: 3.6230897996075724.
Early stopping triggered for trial 251 at epoch 036 | best epoch: 006
[I 2026-05-05 23:08:55,134] Trial 251 finished with value: 4.198572039306348 and parameters: {'batch_size': 256, 'learning_rate': 0.00016963686995693226, 'num_resblk': 4, 'num_features': 128, 'weight_decay': 6.519515720934634e-06}. Best is trial 169 with value: 3.6230897996075724.
[I 2026-05-05 23:09:13,302] Trial 252 pruned. 
Early stopping triggered for trial 253 at epoch 033 | best epoch: 003
[I 2026-05-05 23:10:54,324] Trial 253 finished with value: 4.506529485438392 and parameters: {'batch_size': 256, 'learning_rate': 0.00018188695446227416, 'num_resblk': 4, 'num_features': 128, 'weight_decay': 5.192127204657227e-06}. Best is trial 169 with value: 3.6230897996075724.
[I 2026-05-05 23:11:01,043] Trial 254 pruned. 
[I 2026-05-05 23:11:19,307] Trial 255 pruned. 
Early stopping triggered for trial 256 at epoch 045 | best epoch: 015
[I 2026-05-05 23:13:37,852] Trial 256 finished with value: 4.348847374504923 and parameters: {'batch_size': 256, 'learning_rate': 0.0001793421862879128, 'num_resblk': 4, 'num_features': 128, 'weight_decay': 7.121550101449867e-06}. Best is trial 169 with value: 3.6230897996075724.
Early stopping triggered for trial 257 at epoch 043 | best epoch: 013
[I 2026-05-05 23:15:50,011] Trial 257 finished with value: 4.542456033574362 and parameters: {'batch_size': 256, 'learning_rate': 0.00018451463309065807, 'num_resblk': 4, 'num_features': 128, 'weight_decay': 1.0354607167681398e-05}. Best is trial 169 with value: 3.6230897996075724.
Early stopping triggered for trial 258 at epoch 032 | best epoch: 002
[I 2026-05-05 23:17:27,111] Trial 258 finished with value: 4.304621141582792 and parameters: {'batch_size': 256, 'learning_rate': 0.000196348501374028, 'num_resblk': 4, 'num_features': 128, 'weight_decay': 2.53404397289987e-05}. Best is trial 169 with value: 3.6230897996075724.
Early stopping triggered for trial 259 at epoch 038 | best epoch: 008
[I 2026-05-05 23:18:56,496] Trial 259 finished with value: 4.255368309654446 and parameters: {'batch_size': 256, 'learning_rate': 0.00017203137881486108, 'num_resblk': 4, 'num_features': 96, 'weight_decay': 4.609100889595825e-06}. Best is trial 169 with value: 3.6230897996075724.
Early stopping triggered for trial 260 at epoch 039 | best epoch: 009
[I 2026-05-05 23:20:54,637] Trial 260 finished with value: 4.323916537598561 and parameters: {'batch_size': 256, 'learning_rate': 0.00018961463941004225, 'num_resblk': 4, 'num_features': 128, 'weight_decay': 8.429178907421769e-06}. Best is trial 169 with value: 3.6230897996075724.
[I 2026-05-05 23:21:12,923] Trial 261 pruned. 
Early stopping triggered for trial 262 at epoch 035 | best epoch: 005
[I 2026-05-05 23:22:59,866] Trial 262 finished with value: 4.142775573652847 and parameters: {'batch_size': 256, 'learning_rate': 0.00017743796403125726, 'num_resblk': 4, 'num_features': 128, 'weight_decay': 6.010723032721684e-06}. Best is trial 169 with value: 3.6230897996075724.
[I 2026-05-05 23:23:09,772] Trial 263 pruned. 
Early stopping triggered for trial 264 at epoch 040 | best epoch: 010
[I 2026-05-05 23:25:11,008] Trial 264 finished with value: 3.865593819265288 and parameters: {'batch_size': 256, 'learning_rate': 0.00017690501375449162, 'num_resblk': 4, 'num_features': 128, 'weight_decay': 5.053139472913895e-06}. Best is trial 169 with value: 3.6230897996075724.
Early stopping triggered for trial 265 at epoch 034 | best epoch: 004
[I 2026-05-05 23:26:30,857] Trial 265 finished with value: 4.470092304512917 and parameters: {'batch_size': 256, 'learning_rate': 0.00017734745403611728, 'num_resblk': 4, 'num_features': 96, 'weight_decay': 4.115611299810581e-06}. Best is trial 169 with value: 3.6230897996075724.
Early stopping triggered for trial 266 at epoch 039 | best epoch: 009
[I 2026-05-05 23:28:29,421] Trial 266 finished with value: 4.251172224165183 and parameters: {'batch_size': 256, 'learning_rate': 0.0001748515786110055, 'num_resblk': 4, 'num_features': 128, 'weight_decay': 4.849797038092275e-06}. Best is trial 169 with value: 3.6230897996075724.
[I 2026-05-05 23:28:47,904] Trial 267 pruned. 
Early stopping triggered for trial 268 at epoch 036 | best epoch: 006
[I 2026-05-05 23:30:37,687] Trial 268 finished with value: 4.7496827593019875 and parameters: {'batch_size': 256, 'learning_rate': 0.00018305673333464658, 'num_resblk': 4, 'num_features': 128, 'weight_decay': 6.176422494985e-06}. Best is trial 169 with value: 3.6230897996075724.
Early stopping triggered for trial 269 at epoch 044 | best epoch: 014
[I 2026-05-05 23:32:50,986] Trial 269 finished with value: 4.246284587224301 and parameters: {'batch_size': 256, 'learning_rate': 0.00018688715933652396, 'num_resblk': 4, 'num_features': 128, 'weight_decay': 3.4992816072826964e-06}. Best is trial 169 with value: 3.6230897996075724.
[I 2026-05-05 23:33:05,144] Trial 270 pruned. 
Early stopping triggered for trial 271 at epoch 047 | best epoch: 017
[I 2026-05-05 23:35:28,141] Trial 271 finished with value: 4.24992789597035 and parameters: {'batch_size': 256, 'learning_rate': 0.00019320527333640793, 'num_resblk': 4, 'num_features': 128, 'weight_decay': 7.73847041638935e-06}. Best is trial 169 with value: 3.6230897996075724.
Early stopping triggered for trial 272 at epoch 035 | best epoch: 005
[I 2026-05-05 23:37:15,001] Trial 272 finished with value: 4.372631411013408 and parameters: {'batch_size': 256, 'learning_rate': 0.00017346328051385005, 'num_resblk': 4, 'num_features': 128, 'weight_decay': 5.648356581236005e-06}. Best is trial 169 with value: 3.6230897996075724.
[I 2026-05-05 23:37:33,160] Trial 273 pruned. 
Early stopping triggered for trial 274 at epoch 044 | best epoch: 014
[I 2026-05-05 23:40:02,025] Trial 274 finished with value: 4.418936403110352 and parameters: {'batch_size': 256, 'learning_rate': 0.00018760985379264903, 'num_resblk': 6, 'num_features': 128, 'weight_decay': 4.187250702117868e-06}. Best is trial 169 with value: 3.6230897996075724.
Early stopping triggered for trial 275 at epoch 040 | best epoch: 010
[I 2026-05-05 23:41:35,411] Trial 275 finished with value: 4.23901782388903 and parameters: {'batch_size': 256, 'learning_rate': 0.0001842722051645106, 'num_resblk': 4, 'num_features': 96, 'weight_decay': 6.968826046141732e-06}. Best is trial 169 with value: 3.6230897996075724.
Early stopping triggered for trial 276 at epoch 042 | best epoch: 012
[I 2026-05-05 23:43:42,281] Trial 276 finished with value: 4.76851624668435 and parameters: {'batch_size': 256, 'learning_rate': 0.00018067060088574976, 'num_resblk': 4, 'num_features': 128, 'weight_decay': 3.043194393312377e-06}. Best is trial 169 with value: 3.6230897996075724.
Early stopping triggered for trial 277 at epoch 035 | best epoch: 005
[I 2026-05-05 23:45:28,880] Trial 277 finished with value: 4.283331160749973 and parameters: {'batch_size': 256, 'learning_rate': 0.00017199042881828005, 'num_resblk': 4, 'num_features': 128, 'weight_decay': 0.0009999208457824387}. Best is trial 169 with value: 3.6230897996075724.
Early stopping triggered for trial 278 at epoch 043 | best epoch: 013
[I 2026-05-05 23:47:39,154] Trial 278 finished with value: 4.266233944079067 and parameters: {'batch_size': 256, 'learning_rate': 0.0001764894695347156, 'num_resblk': 4, 'num_features': 128, 'weight_decay': 5.213649829468085e-06}. Best is trial 169 with value: 3.6230897996075724.
[I 2026-05-05 23:47:46,161] Trial 279 pruned. 
Early stopping triggered for trial 280 at epoch 039 | best epoch: 009
[I 2026-05-05 23:49:57,803] Trial 280 finished with value: 4.673687888339813 and parameters: {'batch_size': 256, 'learning_rate': 0.00018031803251508435, 'num_resblk': 6, 'num_features': 128, 'weight_decay': 6.0089910989573455e-06}. Best is trial 169 with value: 3.6230897996075724.
Early stopping triggered for trial 281 at epoch 043 | best epoch: 013
[I 2026-05-05 23:52:16,726] Trial 281 finished with value: 4.434655762871989 and parameters: {'batch_size': 256, 'learning_rate': 0.00017153764369076075, 'num_resblk': 10, 'num_features': 96, 'weight_decay': 9.526522944994333e-06}. Best is trial 169 with value: 3.6230897996075724.
Early stopping triggered for trial 282 at epoch 039 | best epoch: 009
[I 2026-05-05 23:54:41,753] Trial 282 finished with value: 4.334978175756695 and parameters: {'batch_size': 256, 'learning_rate': 0.0001962387568211507, 'num_resblk': 8, 'num_features': 128, 'weight_decay': 2.0418006512299116e-05}. Best is trial 169 with value: 3.6230897996075724.
Early stopping triggered for trial 283 at epoch 040 | best epoch: 010
[I 2026-05-05 23:56:43,281] Trial 283 finished with value: 4.624223479343047 and parameters: {'batch_size': 256, 'learning_rate': 0.00018500817128750118, 'num_resblk': 4, 'num_features': 128, 'weight_decay': 2.5855322000191304e-05}. Best is trial 169 with value: 3.6230897996075724.
Early stopping triggered for trial 284 at epoch 041 | best epoch: 011
[I 2026-05-05 23:58:47,593] Trial 284 finished with value: 4.075560253987864 and parameters: {'batch_size': 256, 'learning_rate': 0.00010981877471023329, 'num_resblk': 4, 'num_features': 128, 'weight_decay': 4.85203131294376e-06}. Best is trial 169 with value: 3.6230897996075724.
Early stopping triggered for trial 285 at epoch 049 | best epoch: 019
[I 2026-05-06 00:01:15,060] Trial 285 finished with value: 4.361801896733404 and parameters: {'batch_size': 256, 'learning_rate': 0.0001906267980919766, 'num_resblk': 4, 'num_features': 128, 'weight_decay': 4.596093746930932e-06}. Best is trial 169 with value: 3.6230897996075724.
Early stopping triggered for trial 286 at epoch 036 | best epoch: 006
[I 2026-05-06 00:03:04,930] Trial 286 finished with value: 4.4082985719995635 and parameters: {'batch_size': 256, 'learning_rate': 0.00012798325183056397, 'num_resblk': 4, 'num_features': 128, 'weight_decay': 3.7847939333646008e-06}. Best is trial 169 with value: 3.6230897996075724.
Early stopping triggered for trial 287 at epoch 033 | best epoch: 003
[I 2026-05-06 00:04:32,489] Trial 287 finished with value: 4.186816964772356 and parameters: {'batch_size': 256, 'learning_rate': 0.0001856438388081051, 'num_resblk': 6, 'num_features': 96, 'weight_decay': 6.579876274379534e-06}. Best is trial 169 with value: 3.6230897996075724.
Early stopping triggered for trial 288 at epoch 045 | best epoch: 015
[I 2026-05-06 00:06:48,774] Trial 288 finished with value: 4.367261136949965 and parameters: {'batch_size': 256, 'learning_rate': 0.00020136995962120952, 'num_resblk': 4, 'num_features': 128, 'weight_decay': 5.080074349971359e-06}. Best is trial 169 with value: 3.6230897996075724.
Early stopping triggered for trial 289 at epoch 039 | best epoch: 009
[I 2026-05-06 00:08:47,115] Trial 289 finished with value: 4.3589379019657715 and parameters: {'batch_size': 256, 'learning_rate': 0.0001751729187182812, 'num_resblk': 4, 'num_features': 128, 'weight_decay': 8.247288126461802e-06}. Best is trial 169 with value: 3.6230897996075724.
[I 2026-05-06 00:08:56,914] Trial 290 pruned. 
Early stopping triggered for trial 291 at epoch 037 | best epoch: 007
[I 2026-05-06 00:10:48,951] Trial 291 finished with value: 4.3553221971403655 and parameters: {'batch_size': 256, 'learning_rate': 0.00018148480784859999, 'num_resblk': 4, 'num_features': 128, 'weight_decay': 5.819220013806626e-06}. Best is trial 169 with value: 3.6230897996075724.
Early stopping triggered for trial 292 at epoch 044 | best epoch: 014
[I 2026-05-06 00:13:02,335] Trial 292 finished with value: 4.079863439509829 and parameters: {'batch_size': 256, 'learning_rate': 0.00018962465122914957, 'num_resblk': 4, 'num_features': 128, 'weight_decay': 4.263301733783621e-05}. Best is trial 169 with value: 3.6230897996075724.
[I 2026-05-06 00:13:16,389] Trial 293 pruned. 
Early stopping triggered for trial 294 at epoch 039 | best epoch: 009
[I 2026-05-06 00:15:14,474] Trial 294 finished with value: 4.4294724710221285 and parameters: {'batch_size': 256, 'learning_rate': 0.00019732395525560504, 'num_resblk': 4, 'num_features': 128, 'weight_decay': 4.4890165001770296e-05}. Best is trial 169 with value: 3.6230897996075724.
Early stopping triggered for trial 295 at epoch 035 | best epoch: 005
[I 2026-05-06 00:17:01,015] Trial 295 finished with value: 4.60154542213219 and parameters: {'batch_size': 256, 'learning_rate': 0.00012498375942185925, 'num_resblk': 4, 'num_features': 128, 'weight_decay': 4.313169490275229e-05}. Best is trial 169 with value: 3.6230897996075724.
Early stopping triggered for trial 296 at epoch 041 | best epoch: 011
[I 2026-05-06 00:19:19,632] Trial 296 finished with value: 4.563436012499546 and parameters: {'batch_size': 256, 'learning_rate': 0.00010883925446222652, 'num_resblk': 6, 'num_features': 128, 'weight_decay': 3.695242356301869e-05}. Best is trial 169 with value: 3.6230897996075724.
Early stopping triggered for trial 297 at epoch 033 | best epoch: 003
[I 2026-05-06 00:21:00,077] Trial 297 finished with value: 4.483855606854766 and parameters: {'batch_size': 256, 'learning_rate': 0.00018832205127848487, 'num_resblk': 4, 'num_features': 128, 'weight_decay': 3.070158495952325e-05}. Best is trial 169 with value: 3.6230897996075724.
Early stopping triggered for trial 298 at epoch 033 | best epoch: 003
[I 2026-05-06 00:22:40,757] Trial 298 finished with value: 4.298503460993423 and parameters: {'batch_size': 256, 'learning_rate': 0.00019402972717244048, 'num_resblk': 4, 'num_features': 128, 'weight_decay': 2.611349569913254e-05}. Best is trial 169 with value: 3.6230897996075724.
[I 2026-05-06 00:22:58,263] Trial 299 pruned. 
[I 2026-05-06 00:23:24,862] Trial 300 pruned. 
[I 2026-05-06 00:23:42,931] Trial 301 pruned. 
[I 2026-05-06 00:23:49,420] Trial 302 pruned. 
Early stopping triggered for trial 303 at epoch 039 | best epoch: 009
[I 2026-05-06 00:25:47,987] Trial 303 finished with value: 4.509256630164238 and parameters: {'batch_size': 256, 'learning_rate': 0.00017417570184145582, 'num_resblk': 4, 'num_features': 128, 'weight_decay': 2.5523344547339315e-06}. Best is trial 169 with value: 3.6230897996075724.
Early stopping triggered for trial 304 at epoch 045 | best epoch: 015
[I 2026-05-06 00:28:04,192] Trial 304 finished with value: 4.524616009138476 and parameters: {'batch_size': 256, 'learning_rate': 0.00010095935995230285, 'num_resblk': 4, 'num_features': 128, 'weight_decay': 7.765709137306816e-06}. Best is trial 169 with value: 3.6230897996075724.
[I 2026-05-06 00:28:18,181] Trial 305 pruned. 
[I 2026-05-06 00:28:36,591] Trial 306 pruned. 
Early stopping triggered for trial 307 at epoch 037 | best epoch: 007
[I 2026-05-06 00:30:29,121] Trial 307 finished with value: 4.286525085389339 and parameters: {'batch_size': 256, 'learning_rate': 0.0002511927265981784, 'num_resblk': 4, 'num_features': 128, 'weight_decay': 1.112567089523266e-05}. Best is trial 169 with value: 3.6230897996075724.
Early stopping triggered for trial 308 at epoch 044 | best epoch: 014
[I 2026-05-06 00:32:57,993] Trial 308 finished with value: 4.449681464835943 and parameters: {'batch_size': 256, 'learning_rate': 0.00019761678547968017, 'num_resblk': 6, 'num_features': 128, 'weight_decay': 2.8234134847288295e-05}. Best is trial 169 with value: 3.6230897996075724.
[I 2026-05-06 00:33:16,242] Trial 309 pruned. 
Early stopping triggered for trial 310 at epoch 044 | best epoch: 014
[I 2026-05-06 00:34:59,241] Trial 310 finished with value: 4.344423304022383 and parameters: {'batch_size': 256, 'learning_rate': 0.0001197149460072496, 'num_resblk': 4, 'num_features': 96, 'weight_decay': 5.564534644090016e-06}. Best is trial 169 with value: 3.6230897996075724.
Early stopping triggered for trial 311 at epoch 046 | best epoch: 016
