Running with:
rcm_var = tmean
gcm_name = CanESM2
rcm_name = CanRCM4
grid = NAM-44i
factor = 4
input_source = gcm
input_channels = 3
hr_aux_channels = 2
hr_elevation_file = high_res_elevation.pth
alpha_coarse = 0.5
n_trials = 3000
epochs = 300
early_stopping_patience = 30
batch_size = 256
model_name = SRResNet
Using device: cuda
Input source: gcm
Input file: low_res.pth
Input mask file: low_res_mask.pth
Input elevation file: low_res_elevation.pth
HR elevation file: high_res_elevation.pth
Coarse consistency target file: coarse_4x.pth
Coarse consistency mask file: coarse_4x_mask.pth
Input channels: 3
All trial checkpoints will be saved to: /projects/sds-lab/Shuochen/downscaling/CORDEX/tmean.CanESM2.CanRCM4.day.NAM-44i.GCM_to_HR_RCM/trained_models/SRResNet/GCM_low_res_with_mask_elevation
Loaded shapes:
X          : torch.Size([55115, 1, 13, 29])
X_mask     : torch.Size([55115, 1, 13, 29])
X_elev     : torch.Size([55115, 1, 13, 29])
y          : torch.Size([55115, 1, 52, 116])
mask_hr    : torch.Size([55115, 1, 52, 116])
y_coarse   : torch.Size([55115, 1, 13, 29])
mask_coarse: torch.Size([55115, 1, 13, 29])
After checks:
X          : torch.Size([55115, 1, 13, 29])
X_mask     : torch.Size([55115, 1, 13, 29])
X_elev     : torch.Size([55115, 1, 13, 29])
y          : torch.Size([55115, 1, 52, 116])
mask_hr    : torch.Size([55115, 1, 52, 116])
y_coarse   : torch.Size([55115, 1, 13, 29])
mask_coarse: torch.Size([55115, 1, 13, 29])
train_end_idx = 20440
val_start_idx = 47815
Total samples  = 55115
Train/Val shapes before model input construction:
X_train          : torch.Size([20440, 1, 13, 29])
X_mask_train     : torch.Size([20440, 1, 13, 29])
X_elev_train     : torch.Size([20440, 1, 13, 29])
y_train          : torch.Size([20440, 1, 52, 116])
mask_train       : torch.Size([20440, 1, 52, 116])
y_coarse_train   : torch.Size([20440, 1, 13, 29])
mask_coarse_train: torch.Size([20440, 1, 13, 29])
X_val            : torch.Size([7300, 1, 13, 29])
X_mask_val       : torch.Size([7300, 1, 13, 29])
X_elev_val       : torch.Size([7300, 1, 13, 29])
y_val            : torch.Size([7300, 1, 52, 116])
mask_val         : torch.Size([7300, 1, 52, 116])
y_coarse_val     : torch.Size([7300, 1, 13, 29])
mask_coarse_val  : torch.Size([7300, 1, 13, 29])
Normalization stats:
X_mean: 15.384552955627441
X_std : 11.16005802154541
X_max : 42.550724029541016
y_mean: 10.907337188720703
y_std : 10.831708908081055
y_max : 40.61493682861328
Train/Val shapes after model input construction:
X_train_in: torch.Size([20440, 3, 13, 29])
X_val_in  : torch.Size([7300, 3, 13, 29])
[I 2026-05-04 12:30:16,479] A new study created in memory with name: no-name-484e9293-3476-4b81-9e81-53e0cc86360d
Early stopping triggered for trial 000 at epoch 047 | best epoch: 017
[I 2026-05-04 12:34:10,704] Trial 0 finished with value: 4.368044253053336 and parameters: {'batch_size': 256, 'learning_rate': 0.00012667677417861612, 'num_resblk': 12, 'num_features': 128, 'weight_decay': 7.601416186539503e-06}. Best is trial 0 with value: 4.368044253053336.
Early stopping triggered for trial 001 at epoch 033 | best epoch: 003
[I 2026-05-04 12:35:33,099] Trial 1 finished with value: 3.970972916175579 and parameters: {'batch_size': 256, 'learning_rate': 0.00021706725220434306, 'num_resblk': 8, 'num_features': 64, 'weight_decay': 0.0009659164114859217}. Best is trial 1 with value: 3.970972916175579.
Early stopping triggered for trial 002 at epoch 038 | best epoch: 008
[I 2026-05-04 12:38:37,151] Trial 2 finished with value: 4.622944174141719 and parameters: {'batch_size': 256, 'learning_rate': 0.0001260408015257195, 'num_resblk': 12, 'num_features': 128, 'weight_decay': 4.406936415412846e-06}. Best is trial 1 with value: 3.970972916175579.
Early stopping triggered for trial 003 at epoch 036 | best epoch: 006
[I 2026-05-04 12:41:19,257] Trial 3 finished with value: 4.571046393493126 and parameters: {'batch_size': 256, 'learning_rate': 0.00013647838288938618, 'num_resblk': 10, 'num_features': 128, 'weight_decay': 0.0009441084634656888}. Best is trial 1 with value: 3.970972916175579.
Early stopping triggered for trial 004 at epoch 034 | best epoch: 004
[I 2026-05-04 12:42:36,484] Trial 4 finished with value: 4.538030805258916 and parameters: {'batch_size': 256, 'learning_rate': 0.00026553906188971484, 'num_resblk': 6, 'num_features': 64, 'weight_decay': 3.0986353706299804e-06}. Best is trial 1 with value: 3.970972916175579.
Early stopping triggered for trial 005 at epoch 039 | best epoch: 009
[I 2026-05-04 12:43:57,979] Trial 5 finished with value: 4.421366354514813 and parameters: {'batch_size': 256, 'learning_rate': 0.00023563563662986793, 'num_resblk': 12, 'num_features': 32, 'weight_decay': 5.3561844818022075e-06}. Best is trial 1 with value: 3.970972916175579.
Early stopping triggered for trial 006 at epoch 041 | best epoch: 011
[I 2026-05-04 12:46:47,427] Trial 6 finished with value: 4.371254690762224 and parameters: {'batch_size': 256, 'learning_rate': 0.00014692579329340683, 'num_resblk': 8, 'num_features': 128, 'weight_decay': 3.1620434488997654e-06}. Best is trial 1 with value: 3.970972916175579.
[I 2026-05-04 12:47:10,548] Trial 7 pruned. 
[I 2026-05-04 12:47:22,817] Trial 8 pruned. 
Early stopping triggered for trial 009 at epoch 047 | best epoch: 017
[I 2026-05-04 12:49:59,278] Trial 9 finished with value: 4.469125747680664 and parameters: {'batch_size': 256, 'learning_rate': 0.00011220586984764083, 'num_resblk': 8, 'num_features': 96, 'weight_decay': 4.165836534057528e-06}. Best is trial 1 with value: 3.970972916175579.
Early stopping triggered for trial 010 at epoch 041 | best epoch: 011
[I 2026-05-04 12:52:19,970] Trial 10 finished with value: 4.128409747419687 and parameters: {'batch_size': 256, 'learning_rate': 0.00021010179471322586, 'num_resblk': 16, 'num_features': 64, 'weight_decay': 0.000835411476863287}. Best is trial 1 with value: 3.970972916175579.
[I 2026-05-04 12:52:40,336] Trial 11 pruned. 
[I 2026-05-04 12:53:00,647] Trial 12 pruned. 
Early stopping triggered for trial 013 at epoch 043 | best epoch: 013
[I 2026-05-04 12:54:28,924] Trial 13 finished with value: 4.024629855978078 and parameters: {'batch_size': 256, 'learning_rate': 0.00019972907253753023, 'num_resblk': 4, 'num_features': 64, 'weight_decay': 0.00023684575202223584}. Best is trial 1 with value: 3.970972916175579.
Early stopping triggered for trial 014 at epoch 035 | best epoch: 005
[I 2026-05-04 12:55:41,176] Trial 14 finished with value: 4.388292074203491 and parameters: {'batch_size': 256, 'learning_rate': 0.00017424117453142634, 'num_resblk': 4, 'num_features': 64, 'weight_decay': 0.00020089702471658084}. Best is trial 1 with value: 3.970972916175579.
[I 2026-05-04 12:55:53,423] Trial 15 pruned. 
Early stopping triggered for trial 016 at epoch 033 | best epoch: 003
[I 2026-05-04 12:57:09,478] Trial 16 finished with value: 4.578136057689272 and parameters: {'batch_size': 256, 'learning_rate': 0.00029035335210832733, 'num_resblk': 6, 'num_features': 64, 'weight_decay': 1.5864466780175546e-05}. Best is trial 1 with value: 3.970972916175579.
Early stopping triggered for trial 017 at epoch 032 | best epoch: 002
[I 2026-05-04 12:58:22,715] Trial 17 finished with value: 4.42464280128479 and parameters: {'batch_size': 256, 'learning_rate': 0.0002246935424232599, 'num_resblk': 6, 'num_features': 64, 'weight_decay': 0.0002984292738840548}. Best is trial 1 with value: 3.970972916175579.
Early stopping triggered for trial 018 at epoch 034 | best epoch: 004
[I 2026-05-04 12:59:56,569] Trial 18 finished with value: 4.300089301734135 and parameters: {'batch_size': 256, 'learning_rate': 0.00017986643502115225, 'num_resblk': 4, 'num_features': 96, 'weight_decay': 1.3481006251263524e-06}. Best is trial 1 with value: 3.970972916175579.
[I 2026-05-04 13:00:07,976] Trial 19 pruned. 
[I 2026-05-04 13:00:21,334] Trial 20 pruned. 
Early stopping triggered for trial 021 at epoch 038 | best epoch: 008
[I 2026-05-04 13:02:20,758] Trial 21 finished with value: 4.578297154656772 and parameters: {'batch_size': 256, 'learning_rate': 0.0002008543498162897, 'num_resblk': 14, 'num_features': 64, 'weight_decay': 0.0005303121105277543}. Best is trial 1 with value: 3.970972916175579.
[I 2026-05-04 13:02:39,385] Trial 22 pruned. 
Early stopping triggered for trial 023 at epoch 033 | best epoch: 003
[I 2026-05-04 13:04:00,997] Trial 23 finished with value: 4.088287920787416 and parameters: {'batch_size': 256, 'learning_rate': 0.00018189216285624996, 'num_resblk': 8, 'num_features': 64, 'weight_decay': 0.0004721710296656786}. Best is trial 1 with value: 3.970972916175579.
[I 2026-05-04 13:04:15,489] Trial 24 pruned. 
Early stopping triggered for trial 025 at epoch 040 | best epoch: 010
[I 2026-05-04 13:06:02,617] Trial 25 finished with value: 4.239558696746826 and parameters: {'batch_size': 256, 'learning_rate': 0.00015408985219521226, 'num_resblk': 10, 'num_features': 64, 'weight_decay': 0.00045051297625049784}. Best is trial 1 with value: 3.970972916175579.
Early stopping triggered for trial 026 at epoch 043 | best epoch: 013
[I 2026-05-04 13:07:38,288] Trial 26 finished with value: 4.224897425750206 and parameters: {'batch_size': 256, 'learning_rate': 0.0001840686145236416, 'num_resblk': 6, 'num_features': 64, 'weight_decay': 0.00018235582974506816}. Best is trial 1 with value: 3.970972916175579.
Early stopping triggered for trial 027 at epoch 032 | best epoch: 002
[I 2026-05-04 13:09:34,811] Trial 27 finished with value: 4.167628699335559 and parameters: {'batch_size': 256, 'learning_rate': 0.0002559593508820965, 'num_resblk': 10, 'num_features': 96, 'weight_decay': 0.00031311345974009626}. Best is trial 1 with value: 3.970972916175579.
Early stopping triggered for trial 028 at epoch 049 | best epoch: 019
[I 2026-05-04 13:10:46,418] Trial 28 finished with value: 4.271824146139211 and parameters: {'batch_size': 256, 'learning_rate': 0.00022915371681164187, 'num_resblk': 4, 'num_features': 32, 'weight_decay': 4.0738937059382395e-05}. Best is trial 1 with value: 3.970972916175579.
[I 2026-05-04 13:11:10,717] Trial 29 pruned. 
[I 2026-05-04 13:11:23,845] Trial 30 pruned. 
Early stopping triggered for trial 031 at epoch 035 | best epoch: 005
[I 2026-05-04 13:13:14,119] Trial 31 finished with value: 3.971465225877433 and parameters: {'batch_size': 256, 'learning_rate': 0.0002155115180257805, 'num_resblk': 14, 'num_features': 64, 'weight_decay': 0.000956441011097546}. Best is trial 1 with value: 3.970972916175579.
Early stopping triggered for trial 032 at epoch 034 | best epoch: 004
[I 2026-05-04 13:14:45,842] Trial 32 finished with value: 4.831382545931586 and parameters: {'batch_size': 256, 'learning_rate': 0.00021651321532225205, 'num_resblk': 10, 'num_features': 64, 'weight_decay': 0.000589517414336645}. Best is trial 1 with value: 3.970972916175579.
Early stopping triggered for trial 033 at epoch 037 | best epoch: 007
[I 2026-05-04 13:16:42,392] Trial 33 finished with value: 4.0195274681880555 and parameters: {'batch_size': 256, 'learning_rate': 0.00024818550984849865, 'num_resblk': 14, 'num_features': 64, 'weight_decay': 0.00032630628368602514}. Best is trial 1 with value: 3.970972916175579.
[I 2026-05-04 13:20:49,193] Trial 34 pruned. 
[I 2026-05-04 13:21:06,271] Trial 35 pruned. 
Early stopping triggered for trial 036 at epoch 045 | best epoch: 015
[I 2026-05-04 13:23:26,732] Trial 36 finished with value: 4.477224793927423 and parameters: {'batch_size': 256, 'learning_rate': 0.0002755437595532692, 'num_resblk': 14, 'num_features': 64, 'weight_decay': 0.00033549335994395617}. Best is trial 1 with value: 3.970972916175579.
Early stopping triggered for trial 037 at epoch 036 | best epoch: 006
[I 2026-05-04 13:26:33,144] Trial 37 finished with value: 4.7205687391346896 and parameters: {'batch_size': 256, 'learning_rate': 0.00024261409145996058, 'num_resblk': 14, 'num_features': 128, 'weight_decay': 0.00012113401961720475}. Best is trial 1 with value: 3.970972916175579.
Early stopping triggered for trial 038 at epoch 043 | best epoch: 013
[I 2026-05-04 13:28:00,775] Trial 38 finished with value: 4.635289381290304 and parameters: {'batch_size': 256, 'learning_rate': 0.0002196951711662912, 'num_resblk': 12, 'num_features': 32, 'weight_decay': 0.0009987738901303443}. Best is trial 1 with value: 3.970972916175579.
Early stopping triggered for trial 039 at epoch 035 | best epoch: 005
[I 2026-05-04 13:29:58,752] Trial 39 finished with value: 4.445706375714006 and parameters: {'batch_size': 256, 'learning_rate': 0.00012885482186662938, 'num_resblk': 16, 'num_features': 64, 'weight_decay': 0.00016670271133843904}. Best is trial 1 with value: 3.970972916175579.
Early stopping triggered for trial 040 at epoch 039 | best epoch: 009
[I 2026-05-04 13:32:32,119] Trial 40 finished with value: 4.092082960852261 and parameters: {'batch_size': 256, 'learning_rate': 0.0002748357558976965, 'num_resblk': 12, 'num_features': 96, 'weight_decay': 0.0006456625721207266}. Best is trial 1 with value: 3.970972916175579.
Early stopping triggered for trial 041 at epoch 038 | best epoch: 008
[I 2026-05-04 13:34:06,057] Trial 41 finished with value: 4.922040380280594 and parameters: {'batch_size': 256, 'learning_rate': 0.00019448151479412653, 'num_resblk': 8, 'num_features': 64, 'weight_decay': 0.00040450555825466617}. Best is trial 1 with value: 3.970972916175579.
Early stopping triggered for trial 042 at epoch 037 | best epoch: 007
[I 2026-05-04 13:35:37,893] Trial 42 finished with value: 4.2492721820699755 and parameters: {'batch_size': 256, 'learning_rate': 0.0001027489676923528, 'num_resblk': 8, 'num_features': 64, 'weight_decay': 0.0006824191681501789}. Best is trial 1 with value: 3.970972916175579.
Early stopping triggered for trial 043 at epoch 035 | best epoch: 005
[I 2026-05-04 13:37:12,587] Trial 43 finished with value: 4.477631716892637 and parameters: {'batch_size': 256, 'learning_rate': 0.00024348128383789748, 'num_resblk': 10, 'num_features': 64, 'weight_decay': 8.487846932536364e-05}. Best is trial 1 with value: 3.970972916175579.
Early stopping triggered for trial 044 at epoch 033 | best epoch: 003
[I 2026-05-04 13:38:49,163] Trial 44 finished with value: 4.60405001969173 and parameters: {'batch_size': 256, 'learning_rate': 0.00021051281149406638, 'num_resblk': 12, 'num_features': 64, 'weight_decay': 0.0004210586819139343}. Best is trial 1 with value: 3.970972916175579.
[I 2026-05-04 13:39:03,843] Trial 45 pruned. 
Early stopping triggered for trial 046 at epoch 032 | best epoch: 002
[I 2026-05-04 13:40:45,239] Trial 46 finished with value: 4.274992211111661 and parameters: {'batch_size': 256, 'learning_rate': 0.0001639640004695578, 'num_resblk': 14, 'num_features': 64, 'weight_decay': 0.0007117369375134652}. Best is trial 1 with value: 3.970972916175579.
Early stopping triggered for trial 047 at epoch 035 | best epoch: 005
[I 2026-05-04 13:43:58,084] Trial 47 finished with value: 4.211170714477013 and parameters: {'batch_size': 256, 'learning_rate': 0.00014253551739294723, 'num_resblk': 16, 'num_features': 128, 'weight_decay': 0.0003588993094717267}. Best is trial 1 with value: 3.970972916175579.
Early stopping triggered for trial 048 at epoch 033 | best epoch: 003
[I 2026-05-04 13:45:34,329] Trial 48 finished with value: 4.322850202691966 and parameters: {'batch_size': 256, 'learning_rate': 0.00020147388784527148, 'num_resblk': 12, 'num_features': 64, 'weight_decay': 0.00024187042110051618}. Best is trial 1 with value: 3.970972916175579.
Early stopping triggered for trial 049 at epoch 047 | best epoch: 017
[I 2026-05-04 13:46:50,174] Trial 49 finished with value: 4.598749752702384 and parameters: {'batch_size': 256, 'learning_rate': 0.00022660051757160247, 'num_resblk': 6, 'num_features': 32, 'weight_decay': 1.0992817788939966e-05}. Best is trial 1 with value: 3.970972916175579.
Early stopping triggered for trial 050 at epoch 039 | best epoch: 009
[I 2026-05-04 13:48:36,297] Trial 50 finished with value: 4.089142593844183 and parameters: {'batch_size': 256, 'learning_rate': 0.00018568808205634416, 'num_resblk': 4, 'num_features': 96, 'weight_decay': 0.0005543575890443912}. Best is trial 1 with value: 3.970972916175579.
Early stopping triggered for trial 051 at epoch 041 | best epoch: 011
[I 2026-05-04 13:50:27,521] Trial 51 finished with value: 3.762851098488117 and parameters: {'batch_size': 256, 'learning_rate': 0.00018503233467511855, 'num_resblk': 4, 'num_features': 96, 'weight_decay': 0.0005302051319737574}. Best is trial 51 with value: 3.762851098488117.
Early stopping triggered for trial 052 at epoch 035 | best epoch: 005
[I 2026-05-04 13:52:02,496] Trial 52 finished with value: 3.782118402678391 and parameters: {'batch_size': 256, 'learning_rate': 0.00017742078636356247, 'num_resblk': 4, 'num_features': 96, 'weight_decay': 0.0008263152439128155}. Best is trial 51 with value: 3.762851098488117.
Early stopping triggered for trial 053 at epoch 040 | best epoch: 010
[I 2026-05-04 13:53:51,582] Trial 53 finished with value: 4.296495503392713 and parameters: {'batch_size': 256, 'learning_rate': 0.00016814445062200437, 'num_resblk': 4, 'num_features': 96, 'weight_decay': 0.0008618507855845904}. Best is trial 51 with value: 3.762851098488117.
Early stopping triggered for trial 054 at epoch 034 | best epoch: 004
[I 2026-05-04 13:55:24,037] Trial 54 finished with value: 4.088629278643378 and parameters: {'batch_size': 256, 'learning_rate': 0.00019711824100008464, 'num_resblk': 4, 'num_features': 96, 'weight_decay': 0.0007251735060627487}. Best is trial 51 with value: 3.762851098488117.
Early stopping triggered for trial 055 at epoch 036 | best epoch: 006
[I 2026-05-04 13:57:02,303] Trial 55 finished with value: 4.004735140964903 and parameters: {'batch_size': 256, 'learning_rate': 0.0002097616034309831, 'num_resblk': 4, 'num_features': 96, 'weight_decay': 0.0006058142605098604}. Best is trial 51 with value: 3.762851098488117.
Early stopping triggered for trial 056 at epoch 034 | best epoch: 004
[I 2026-05-04 13:58:35,185] Trial 56 finished with value: 3.737924362051076 and parameters: {'batch_size': 256, 'learning_rate': 0.0002101301131773151, 'num_resblk': 4, 'num_features': 96, 'weight_decay': 0.000979607721395326}. Best is trial 56 with value: 3.737924362051076.
Early stopping triggered for trial 057 at epoch 037 | best epoch: 007
[I 2026-05-04 14:00:15,539] Trial 57 finished with value: 4.112517217109943 and parameters: {'batch_size': 256, 'learning_rate': 0.00021631261324973173, 'num_resblk': 4, 'num_features': 96, 'weight_decay': 0.0009618010572724231}. Best is trial 56 with value: 3.737924362051076.
Early stopping triggered for trial 058 at epoch 034 | best epoch: 004
[I 2026-05-04 14:01:48,132] Trial 58 finished with value: 4.043814881094571 and parameters: {'batch_size': 256, 'learning_rate': 0.00017549137446943412, 'num_resblk': 4, 'num_features': 96, 'weight_decay': 0.000755391285988325}. Best is trial 56 with value: 3.737924362051076.
Early stopping triggered for trial 059 at epoch 035 | best epoch: 005
[I 2026-05-04 14:03:34,608] Trial 59 finished with value: 4.120406290580487 and parameters: {'batch_size': 256, 'learning_rate': 0.00021459081333547375, 'num_resblk': 6, 'num_features': 96, 'weight_decay': 1.0235700208713893e-06}. Best is trial 56 with value: 3.737924362051076.
Early stopping triggered for trial 060 at epoch 034 | best epoch: 004
[I 2026-05-04 14:05:18,117] Trial 60 finished with value: 4.550231062132736 and parameters: {'batch_size': 256, 'learning_rate': 0.00020424945899818976, 'num_resblk': 6, 'num_features': 96, 'weight_decay': 0.0005399111252027253}. Best is trial 56 with value: 3.737924362051076.
Early stopping triggered for trial 061 at epoch 041 | best epoch: 011
[I 2026-05-04 14:07:09,761] Trial 61 finished with value: 4.270368888460356 and parameters: {'batch_size': 256, 'learning_rate': 0.00025259959091194925, 'num_resblk': 4, 'num_features': 96, 'weight_decay': 0.0006623988857760179}. Best is trial 56 with value: 3.737924362051076.
Early stopping triggered for trial 062 at epoch 041 | best epoch: 011
[I 2026-05-04 14:09:01,730] Trial 62 finished with value: 4.321706804735907 and parameters: {'batch_size': 256, 'learning_rate': 0.00020725089982467584, 'num_resblk': 4, 'num_features': 96, 'weight_decay': 0.00039732920575388255}. Best is trial 56 with value: 3.737924362051076.
Early stopping triggered for trial 063 at epoch 055 | best epoch: 025
[I 2026-05-04 14:11:30,659] Trial 63 finished with value: 4.499647600897427 and parameters: {'batch_size': 256, 'learning_rate': 0.00023584491728236806, 'num_resblk': 4, 'num_features': 96, 'weight_decay': 0.0008251484161116863}. Best is trial 56 with value: 3.737924362051076.
Early stopping triggered for trial 064 at epoch 050 | best epoch: 020
[I 2026-05-04 14:14:01,323] Trial 64 finished with value: 4.574422162154625 and parameters: {'batch_size': 256, 'learning_rate': 0.0002230381477953419, 'num_resblk': 6, 'num_features': 96, 'weight_decay': 0.00048098731282451563}. Best is trial 56 with value: 3.737924362051076.
Early stopping triggered for trial 065 at epoch 051 | best epoch: 021
[I 2026-05-04 14:16:19,289] Trial 65 finished with value: 4.445694832966246 and parameters: {'batch_size': 256, 'learning_rate': 0.00019038012208889146, 'num_resblk': 4, 'num_features': 96, 'weight_decay': 0.00030237935693051626}. Best is trial 56 with value: 3.737924362051076.
Early stopping triggered for trial 066 at epoch 048 | best epoch: 018
[I 2026-05-04 14:18:29,197] Trial 66 finished with value: 4.291480130162732 and parameters: {'batch_size': 256, 'learning_rate': 0.00017849185849188245, 'num_resblk': 4, 'num_features': 96, 'weight_decay': 0.0009998451352396698}. Best is trial 56 with value: 3.737924362051076.
Early stopping triggered for trial 067 at epoch 039 | best epoch: 009
