[I 2026-04-24 17:40:34,556] Trial 327 finished with value: 0.8708267016657467 and parameters: {'batch_size': 128, 'learning_rate': 0.0002851226382912961, 'num_resblk': 8, 'num_features': 128, 'weight_decay': 1.226840348401798e-06, 'domain_hidden_dim': 128, 'alpha_domain': 0.0123033920388025}. Best is trial 235 with value: 0.5918328607904499.
[I 2026-04-24 17:42:07,708] Trial 328 finished with value: 0.6758919409636793 and parameters: {'batch_size': 128, 'learning_rate': 0.0002758557190030417, 'num_resblk': 8, 'num_features': 128, 'weight_decay': 1.2523669558654963e-06, 'domain_hidden_dim': 128, 'alpha_domain': 0.011808335770760132}. Best is trial 235 with value: 0.5918328607904499.
[I 2026-04-24 17:42:44,892] Trial 329 pruned. 
[I 2026-04-24 17:44:17,914] Trial 330 finished with value: 0.6682764980299719 and parameters: {'batch_size': 128, 'learning_rate': 0.0002838526454743814, 'num_resblk': 8, 'num_features': 128, 'weight_decay': 1.4151105117648855e-06, 'domain_hidden_dim': 128, 'alpha_domain': 0.012790026166066311}. Best is trial 235 with value: 0.5918328607904499.
[I 2026-04-24 17:45:48,813] Trial 331 finished with value: 0.6625859583246296 and parameters: {'batch_size': 128, 'learning_rate': 0.0002908365807483363, 'num_resblk': 8, 'num_features': 128, 'weight_decay': 1.1278917110859649e-06, 'domain_hidden_dim': 128, 'alpha_domain': 0.011572456336141335}. Best is trial 235 with value: 0.5918328607904499.
[I 2026-04-24 17:47:19,610] Trial 332 finished with value: 0.740332941556799 and parameters: {'batch_size': 128, 'learning_rate': 0.00029967071536947246, 'num_resblk': 8, 'num_features': 128, 'weight_decay': 1.1169422611456775e-06, 'domain_hidden_dim': 128, 'alpha_domain': 0.014368860423590151}. Best is trial 235 with value: 0.5918328607904499.
[I 2026-04-24 17:48:50,525] Trial 333 finished with value: 0.8315894387919327 and parameters: {'batch_size': 128, 'learning_rate': 0.0002909516907408347, 'num_resblk': 8, 'num_features': 128, 'weight_decay': 1.32334202773639e-06, 'domain_hidden_dim': 128, 'alpha_domain': 0.013056710216288384}. Best is trial 235 with value: 0.5918328607904499.
[I 2026-04-24 17:50:21,381] Trial 334 finished with value: 0.791832820094865 and parameters: {'batch_size': 128, 'learning_rate': 0.0002817339623551751, 'num_resblk': 8, 'num_features': 128, 'weight_decay': 1.1206358367962244e-06, 'domain_hidden_dim': 128, 'alpha_domain': 0.01194577493617625}. Best is trial 235 with value: 0.5918328607904499.
[I 2026-04-24 17:51:52,053] Trial 335 finished with value: 0.8765570151394811 and parameters: {'batch_size': 128, 'learning_rate': 0.0002880751014181868, 'num_resblk': 8, 'num_features': 128, 'weight_decay': 1.3948928548642418e-06, 'domain_hidden_dim': 128, 'alpha_domain': 0.015340612977629401}. Best is trial 235 with value: 0.5918328607904499.
[I 2026-04-24 17:53:23,320] Trial 336 finished with value: 0.690903848615186 and parameters: {'batch_size': 128, 'learning_rate': 0.0002999193524410776, 'num_resblk': 8, 'num_features': 128, 'weight_decay': 1.0091634449242637e-06, 'domain_hidden_dim': 128, 'alpha_domain': 0.0114280328756035}. Best is trial 235 with value: 0.5918328607904499.
[I 2026-04-24 17:54:54,431] Trial 337 finished with value: 0.6733400061212736 and parameters: {'batch_size': 128, 'learning_rate': 0.00027619758193787023, 'num_resblk': 8, 'num_features': 128, 'weight_decay': 1.2155180301289614e-06, 'domain_hidden_dim': 128, 'alpha_domain': 0.014183592020982518}. Best is trial 235 with value: 0.5918328607904499.
[I 2026-04-24 17:55:10,171] Trial 338 pruned. 
[I 2026-04-24 17:56:41,363] Trial 339 finished with value: 0.7907627420178776 and parameters: {'batch_size': 128, 'learning_rate': 0.0002853712457032836, 'num_resblk': 8, 'num_features': 128, 'weight_decay': 1.5158860554962058e-06, 'domain_hidden_dim': 128, 'alpha_domain': 0.012617031312783323}. Best is trial 235 with value: 0.5918328607904499.
[I 2026-04-24 17:58:12,259] Trial 340 finished with value: 0.864342624771184 and parameters: {'batch_size': 128, 'learning_rate': 0.0002698668986467409, 'num_resblk': 8, 'num_features': 128, 'weight_decay': 1.1496195107791371e-06, 'domain_hidden_dim': 128, 'alpha_domain': 0.011147264430778802}. Best is trial 235 with value: 0.5918328607904499.
[I 2026-04-24 17:59:42,850] Trial 341 finished with value: 1.0171164962752113 and parameters: {'batch_size': 128, 'learning_rate': 0.00027921214855523624, 'num_resblk': 8, 'num_features': 128, 'weight_decay': 1.2730812867485794e-06, 'domain_hidden_dim': 128, 'alpha_domain': 0.10671326135571113}. Best is trial 235 with value: 0.5918328607904499.
[I 2026-04-24 18:01:13,743] Trial 342 finished with value: 0.7157830637076805 and parameters: {'batch_size': 128, 'learning_rate': 0.000171747677086279, 'num_resblk': 8, 'num_features': 128, 'weight_decay': 1.5187958200528663e-06, 'domain_hidden_dim': 128, 'alpha_domain': 0.011382132314077852}. Best is trial 235 with value: 0.5918328607904499.
[I 2026-04-24 18:02:44,607] Trial 343 finished with value: 0.5947594848172418 and parameters: {'batch_size': 128, 'learning_rate': 0.0002936954463016805, 'num_resblk': 8, 'num_features': 128, 'weight_decay': 1.0066951366062632e-06, 'domain_hidden_dim': 128, 'alpha_domain': 0.013430719685960685}. Best is trial 235 with value: 0.5918328607904499.
[I 2026-04-24 18:03:24,362] Trial 344 pruned. 
[I 2026-04-24 18:04:55,230] Trial 345 finished with value: 0.6768427984467869 and parameters: {'batch_size': 128, 'learning_rate': 0.0002888941965640643, 'num_resblk': 8, 'num_features': 128, 'weight_decay': 1.0020548602292902e-06, 'domain_hidden_dim': 128, 'alpha_domain': 0.013660636310085903}. Best is trial 235 with value: 0.5918328607904499.
[I 2026-04-24 18:05:31,724] Trial 346 pruned. 
[I 2026-04-24 18:07:02,693] Trial 347 finished with value: 0.6893591767755048 and parameters: {'batch_size': 128, 'learning_rate': 0.00028340391227634203, 'num_resblk': 8, 'num_features': 128, 'weight_decay': 0.00026863370236412135, 'domain_hidden_dim': 128, 'alpha_domain': 0.012874187741001417}. Best is trial 235 with value: 0.5918328607904499.
[I 2026-04-24 18:08:33,871] Trial 348 finished with value: 0.7843282757134273 and parameters: {'batch_size': 128, 'learning_rate': 0.0002956519297395712, 'num_resblk': 8, 'num_features': 128, 'weight_decay': 1.0043338131548188e-06, 'domain_hidden_dim': 128, 'alpha_domain': 0.012270388442980017}. Best is trial 235 with value: 0.5918328607904499.
[I 2026-04-24 18:10:04,922] Trial 349 finished with value: 0.866753822770612 and parameters: {'batch_size': 128, 'learning_rate': 0.0002995373283482691, 'num_resblk': 8, 'num_features': 128, 'weight_decay': 1.1547079810771304e-06, 'domain_hidden_dim': 128, 'alpha_domain': 0.013398865449894635}. Best is trial 235 with value: 0.5918328607904499.
[I 2026-04-24 18:11:36,201] Trial 350 finished with value: 0.7838579395721699 and parameters: {'batch_size': 128, 'learning_rate': 0.0002878910667582167, 'num_resblk': 8, 'num_features': 128, 'weight_decay': 1.3711690550472648e-06, 'domain_hidden_dim': 128, 'alpha_domain': 0.014259598505264011}. Best is trial 235 with value: 0.5918328607904499.
[I 2026-04-24 18:12:13,807] Trial 351 pruned. 
[I 2026-04-24 18:13:44,997] Trial 352 finished with value: 0.7878277980048081 and parameters: {'batch_size': 128, 'learning_rate': 0.00028907436176752485, 'num_resblk': 8, 'num_features': 128, 'weight_decay': 1.3344001543832028e-06, 'domain_hidden_dim': 128, 'alpha_domain': 0.011818821597025766}. Best is trial 235 with value: 0.5918328607904499.
[I 2026-04-24 18:15:15,887] Trial 353 finished with value: 0.7428624075034569 and parameters: {'batch_size': 128, 'learning_rate': 0.00027469981700433164, 'num_resblk': 8, 'num_features': 128, 'weight_decay': 1.1704115376544753e-06, 'domain_hidden_dim': 128, 'alpha_domain': 0.011050747088698493}. Best is trial 235 with value: 0.5918328607904499.
[I 2026-04-24 18:16:29,709] Trial 354 finished with value: 0.758161823297369 and parameters: {'batch_size': 128, 'learning_rate': 0.00016337441789979302, 'num_resblk': 8, 'num_features': 96, 'weight_decay': 1.4776111671092831e-06, 'domain_hidden_dim': 128, 'alpha_domain': 0.012395740705151476}. Best is trial 235 with value: 0.5918328607904499.
[I 2026-04-24 18:17:06,191] Trial 355 pruned. 
[I 2026-04-24 18:18:37,277] Trial 356 finished with value: 0.6832904384053987 and parameters: {'batch_size': 128, 'learning_rate': 0.00028469152758532797, 'num_resblk': 8, 'num_features': 128, 'weight_decay': 1.749649926772156e-06, 'domain_hidden_dim': 128, 'alpha_domain': 0.013592715894581825}. Best is trial 235 with value: 0.5918328607904499.
[I 2026-04-24 18:18:55,562] Trial 357 pruned. 
[I 2026-04-24 18:20:15,686] Trial 358 finished with value: 0.9393151381920124 and parameters: {'batch_size': 128, 'learning_rate': 0.0002907281135326294, 'num_resblk': 6, 'num_features': 128, 'weight_decay': 1.0129937282784233e-06, 'domain_hidden_dim': 128, 'alpha_domain': 0.012783235311205692}. Best is trial 235 with value: 0.5918328607904499.
[I 2026-04-24 18:21:29,469] Trial 359 finished with value: 0.7115432805028455 and parameters: {'batch_size': 128, 'learning_rate': 0.0002797392411610168, 'num_resblk': 8, 'num_features': 96, 'weight_decay': 1.5731518180373763e-06, 'domain_hidden_dim': 128, 'alpha_domain': 0.01637925830576008}. Best is trial 235 with value: 0.5918328607904499.
[I 2026-04-24 18:23:00,230] Trial 360 finished with value: 0.5999801282224984 and parameters: {'batch_size': 128, 'learning_rate': 0.0002703333518433759, 'num_resblk': 8, 'num_features': 128, 'weight_decay': 1.2987466769639812e-06, 'domain_hidden_dim': 128, 'alpha_domain': 0.010784416168298427}. Best is trial 235 with value: 0.5918328607904499.
[I 2026-04-24 18:24:31,217] Trial 361 finished with value: 0.7623165619784388 and parameters: {'batch_size': 128, 'learning_rate': 0.00027558865198725884, 'num_resblk': 8, 'num_features': 128, 'weight_decay': 1.36697781324571e-06, 'domain_hidden_dim': 128, 'alpha_domain': 0.010864216878757424}. Best is trial 235 with value: 0.5918328607904499.
[I 2026-04-24 18:26:02,310] Trial 362 finished with value: 0.5803856089197356 and parameters: {'batch_size': 128, 'learning_rate': 0.0002720286603668571, 'num_resblk': 8, 'num_features': 128, 'weight_decay': 0.00032111719938159077, 'domain_hidden_dim': 128, 'alpha_domain': 0.010791040547320671}. Best is trial 362 with value: 0.5803856089197356.
[I 2026-04-24 18:26:36,363] Trial 363 pruned. 
[I 2026-04-24 18:28:06,879] Trial 364 finished with value: 0.9266594103698073 and parameters: {'batch_size': 128, 'learning_rate': 0.00026988304191977104, 'num_resblk': 8, 'num_features': 128, 'weight_decay': 0.0005020855980963682, 'domain_hidden_dim': 128, 'alpha_domain': 0.011543109555054923}. Best is trial 362 with value: 0.5803856089197356.
[I 2026-04-24 18:29:37,319] Trial 365 finished with value: 0.7758084782238664 and parameters: {'batch_size': 128, 'learning_rate': 0.00027533939692656734, 'num_resblk': 8, 'num_features': 128, 'weight_decay': 0.0007385964697301074, 'domain_hidden_dim': 128, 'alpha_domain': 0.010877490651903467}. Best is trial 362 with value: 0.5803856089197356.
[I 2026-04-24 18:31:08,007] Trial 366 finished with value: 0.7936960602628773 and parameters: {'batch_size': 128, 'learning_rate': 0.0002703717022765385, 'num_resblk': 8, 'num_features': 128, 'weight_decay': 0.0009530957297843036, 'domain_hidden_dim': 128, 'alpha_domain': 0.010011540425624159}. Best is trial 362 with value: 0.5803856089197356.
[I 2026-04-24 18:32:38,352] Trial 367 finished with value: 0.7392601874367944 and parameters: {'batch_size': 128, 'learning_rate': 0.00027914838232540035, 'num_resblk': 8, 'num_features': 128, 'weight_decay': 1.209016519825338e-06, 'domain_hidden_dim': 128, 'alpha_domain': 0.011949352742431325}. Best is trial 362 with value: 0.5803856089197356.
[I 2026-04-24 18:34:08,831] Trial 368 finished with value: 0.8471177949987608 and parameters: {'batch_size': 128, 'learning_rate': 0.00028218246421884844, 'num_resblk': 8, 'num_features': 128, 'weight_decay': 0.00046432084034165336, 'domain_hidden_dim': 128, 'alpha_domain': 0.01168577581763562}. Best is trial 362 with value: 0.5803856089197356.
[I 2026-04-24 18:35:39,552] Trial 369 finished with value: 0.793202490642153 and parameters: {'batch_size': 128, 'learning_rate': 0.00026477967161268526, 'num_resblk': 8, 'num_features': 128, 'weight_decay': 0.0009183227512013163, 'domain_hidden_dim': 128, 'alpha_domain': 0.014005821760631337}. Best is trial 362 with value: 0.5803856089197356.
[I 2026-04-24 18:37:10,334] Trial 370 finished with value: 0.6521425976835448 and parameters: {'batch_size': 128, 'learning_rate': 0.0002843927948346673, 'num_resblk': 8, 'num_features': 128, 'weight_decay': 0.000630918270843864, 'domain_hidden_dim': 128, 'alpha_domain': 0.011256727968981126}. Best is trial 362 with value: 0.5803856089197356.
[I 2026-04-24 18:38:40,821] Trial 371 finished with value: 0.8336168054876656 and parameters: {'batch_size': 128, 'learning_rate': 0.0002755751228368935, 'num_resblk': 8, 'num_features': 128, 'weight_decay': 0.0005319854208976502, 'domain_hidden_dim': 128, 'alpha_domain': 0.010766736394427868}. Best is trial 362 with value: 0.5803856089197356.
[I 2026-04-24 18:39:17,263] Trial 372 pruned. 
[I 2026-04-24 18:40:47,884] Trial 373 finished with value: 0.8363869909582466 and parameters: {'batch_size': 128, 'learning_rate': 0.00015543722086123403, 'num_resblk': 8, 'num_features': 128, 'weight_decay': 5.635270959214858e-06, 'domain_hidden_dim': 128, 'alpha_domain': 0.01282076379070878}. Best is trial 362 with value: 0.5803856089197356.
[I 2026-04-24 18:41:24,095] Trial 374 pruned. 
[I 2026-04-24 18:42:54,698] Trial 375 finished with value: 0.8028084615181232 and parameters: {'batch_size': 128, 'learning_rate': 0.00026253958855286573, 'num_resblk': 8, 'num_features': 128, 'weight_decay': 0.0006863063054304102, 'domain_hidden_dim': 128, 'alpha_domain': 0.010003620792760402}. Best is trial 362 with value: 0.5803856089197356.
[I 2026-04-24 18:44:25,296] Trial 376 finished with value: 0.8031668817174846 and parameters: {'batch_size': 128, 'learning_rate': 0.00027689005956753684, 'num_resblk': 8, 'num_features': 128, 'weight_decay': 1.7271421370771632e-06, 'domain_hidden_dim': 128, 'alpha_domain': 0.010933243848650374}. Best is trial 362 with value: 0.5803856089197356.
[I 2026-04-24 18:45:55,986] Trial 377 finished with value: 0.7097675718110183 and parameters: {'batch_size': 128, 'learning_rate': 0.0002846716519792056, 'num_resblk': 8, 'num_features': 128, 'weight_decay': 0.0005354337118196486, 'domain_hidden_dim': 128, 'alpha_domain': 0.012182621603900145}. Best is trial 362 with value: 0.5803856089197356.
[I 2026-04-24 18:47:26,766] Trial 378 finished with value: 0.7043994418505964 and parameters: {'batch_size': 128, 'learning_rate': 0.00027219102375833685, 'num_resblk': 8, 'num_features': 128, 'weight_decay': 0.000603456968767023, 'domain_hidden_dim': 128, 'alpha_domain': 0.01439231876448708}. Best is trial 362 with value: 0.5803856089197356.
[I 2026-04-24 18:48:57,294] Trial 379 finished with value: 0.7370369958466497 and parameters: {'batch_size': 128, 'learning_rate': 0.0002817126759851636, 'num_resblk': 8, 'num_features': 128, 'weight_decay': 0.00030374094388741044, 'domain_hidden_dim': 128, 'alpha_domain': 0.01092597501952499}. Best is trial 362 with value: 0.5803856089197356.
[I 2026-04-24 18:50:28,039] Trial 380 finished with value: 0.6127925021895047 and parameters: {'batch_size': 128, 'learning_rate': 0.0002874796808498306, 'num_resblk': 8, 'num_features': 128, 'weight_decay': 1.4498897752371393e-06, 'domain_hidden_dim': 128, 'alpha_domain': 0.01279987183649132}. Best is trial 362 with value: 0.5803856089197356.
[I 2026-04-24 18:51:58,997] Trial 381 finished with value: 0.6632350693488943 and parameters: {'batch_size': 128, 'learning_rate': 0.0002869510624720989, 'num_resblk': 8, 'num_features': 128, 'weight_decay': 0.00023828941553194057, 'domain_hidden_dim': 128, 'alpha_domain': 0.011805528693314403}. Best is trial 362 with value: 0.5803856089197356.
[I 2026-04-24 18:52:35,335] Trial 382 pruned. 
[I 2026-04-24 18:52:49,223] Trial 383 pruned. 
[I 2026-04-24 18:53:21,668] Trial 384 pruned. 
[I 2026-04-24 18:54:52,377] Trial 385 finished with value: 0.837847937797678 and parameters: {'batch_size': 128, 'learning_rate': 0.00020666354238528973, 'num_resblk': 8, 'num_features': 128, 'weight_decay': 1.7672440240145252e-06, 'domain_hidden_dim': 128, 'alpha_domain': 0.01212897837073431}. Best is trial 362 with value: 0.5803856089197356.
[I 2026-04-24 18:55:28,555] Trial 386 pruned. 
[I 2026-04-24 18:56:10,990] Trial 387 pruned. 
[I 2026-04-24 18:56:47,234] Trial 388 pruned. 
[I 2026-04-24 18:58:17,784] Trial 389 finished with value: 0.6829352676868439 and parameters: {'batch_size': 128, 'learning_rate': 0.00027197349182488204, 'num_resblk': 8, 'num_features': 128, 'weight_decay': 6.405922542191404e-06, 'domain_hidden_dim': 128, 'alpha_domain': 0.010017570095065244}. Best is trial 362 with value: 0.5803856089197356.
[I 2026-04-24 18:58:46,985] Trial 390 pruned. 
[I 2026-04-24 19:00:17,483] Trial 391 finished with value: 0.6247337861307736 and parameters: {'batch_size': 128, 'learning_rate': 0.00028364268996524967, 'num_resblk': 8, 'num_features': 128, 'weight_decay': 0.0003558209893085009, 'domain_hidden_dim': 128, 'alpha_domain': 0.011799640436335542}. Best is trial 362 with value: 0.5803856089197356.
[I 2026-04-24 19:01:48,029] Trial 392 finished with value: 0.7408397290213354 and parameters: {'batch_size': 128, 'learning_rate': 0.00029178886580935733, 'num_resblk': 8, 'num_features': 128, 'weight_decay': 0.00013498668834816726, 'domain_hidden_dim': 128, 'alpha_domain': 0.011609662250688619}. Best is trial 362 with value: 0.5803856089197356.
[I 2026-04-24 19:03:18,845] Trial 393 finished with value: 0.6536486929860609 and parameters: {'batch_size': 128, 'learning_rate': 0.0002833951406907308, 'num_resblk': 8, 'num_features': 128, 'weight_decay': 0.00038994476352582994, 'domain_hidden_dim': 128, 'alpha_domain': 0.010882420337470031}. Best is trial 362 with value: 0.5803856089197356.
[I 2026-04-24 19:04:32,745] Trial 394 finished with value: 0.7590613930389799 and parameters: {'batch_size': 128, 'learning_rate': 0.00028204322603007784, 'num_resblk': 8, 'num_features': 96, 'weight_decay': 0.0005680663357156306, 'domain_hidden_dim': 128, 'alpha_domain': 0.011649285754458862}. Best is trial 362 with value: 0.5803856089197356.
[I 2026-04-24 19:06:03,359] Trial 395 finished with value: 0.6897886025494543 and parameters: {'batch_size': 128, 'learning_rate': 0.0002844863276612371, 'num_resblk': 8, 'num_features': 128, 'weight_decay': 0.0003984481308058462, 'domain_hidden_dim': 128, 'alpha_domain': 0.010034792428624463}. Best is trial 362 with value: 0.5803856089197356.
[I 2026-04-24 19:06:45,875] Trial 396 pruned. 
[I 2026-04-24 19:08:16,258] Trial 397 finished with value: 0.7731526812602734 and parameters: {'batch_size': 128, 'learning_rate': 0.00028090538642219304, 'num_resblk': 8, 'num_features': 128, 'weight_decay': 0.00033876955988182514, 'domain_hidden_dim': 128, 'alpha_domain': 0.013713423157071662}. Best is trial 362 with value: 0.5803856089197356.
[I 2026-04-24 19:09:29,520] Trial 398 finished with value: 0.7437653140775089 and parameters: {'batch_size': 128, 'learning_rate': 0.0002763856806291767, 'num_resblk': 8, 'num_features': 96, 'weight_decay': 0.0003301351530784589, 'domain_hidden_dim': 128, 'alpha_domain': 0.010941434461684846}. Best is trial 362 with value: 0.5803856089197356.
[I 2026-04-24 19:11:00,171] Trial 399 finished with value: 0.7948160407872036 and parameters: {'batch_size': 128, 'learning_rate': 0.0002869111834129529, 'num_resblk': 8, 'num_features': 128, 'weight_decay': 0.0004853735293013703, 'domain_hidden_dim': 128, 'alpha_domain': 0.011887481111687158}. Best is trial 362 with value: 0.5803856089197356.
[I 2026-04-24 19:12:30,702] Trial 400 finished with value: 0.616873064945484 and parameters: {'batch_size': 128, 'learning_rate': 0.0002926265401460464, 'num_resblk': 8, 'num_features': 128, 'weight_decay': 0.0003801170677725249, 'domain_hidden_dim': 128, 'alpha_domain': 0.010894418556685643}. Best is trial 362 with value: 0.5803856089197356.
[I 2026-04-24 19:13:50,329] Trial 401 finished with value: 0.8925917025270134 and parameters: {'batch_size': 128, 'learning_rate': 0.0002932216028290145, 'num_resblk': 6, 'num_features': 128, 'weight_decay': 0.00030964875917918267, 'domain_hidden_dim': 128, 'alpha_domain': 0.012494393596827752}. Best is trial 362 with value: 0.5803856089197356.
[I 2026-04-24 19:14:26,498] Trial 402 pruned. 
[I 2026-04-24 19:15:21,923] Trial 403 pruned. 
[I 2026-04-24 19:15:47,947] Trial 404 pruned. 
[I 2026-04-24 19:17:18,457] Trial 405 finished with value: 0.8009032679015192 and parameters: {'batch_size': 128, 'learning_rate': 0.00029412184480077724, 'num_resblk': 8, 'num_features': 128, 'weight_decay': 0.0004696478931022392, 'domain_hidden_dim': 128, 'alpha_domain': 0.010926886550722084}. Best is trial 362 with value: 0.5803856089197356.
[I 2026-04-24 19:18:49,067] Trial 406 finished with value: 0.8958590770589894 and parameters: {'batch_size': 128, 'learning_rate': 0.00027089449783879486, 'num_resblk': 8, 'num_features': 128, 'weight_decay': 0.0004391742422183727, 'domain_hidden_dim': 128, 'alpha_domain': 0.015950150646282}. Best is trial 362 with value: 0.5803856089197356.
[I 2026-04-24 19:20:19,459] Trial 407 finished with value: 0.9336315229021269 and parameters: {'batch_size': 128, 'learning_rate': 0.00028194109788048753, 'num_resblk': 8, 'num_features': 128, 'weight_decay': 0.00029558693441924584, 'domain_hidden_dim': 128, 'alpha_domain': 0.012420223131126137}. Best is trial 362 with value: 0.5803856089197356.
[I 2026-04-24 19:20:48,981] Trial 408 pruned. 
