[I 2026-04-24 16:08:20,395] Trial 251 finished with value: 0.723057320405697 and parameters: {'batch_size': 128, 'learning_rate': 0.00029263603770841325, 'num_resblk': 8, 'num_features': 96, 'weight_decay': 1.011914542983566e-06, 'domain_hidden_dim': 128, 'alpha_domain': 0.01181278366383711}. Best is trial 235 with value: 0.5918328607904499.
[I 2026-04-24 16:09:34,871] Trial 252 finished with value: 0.7988023429081358 and parameters: {'batch_size': 128, 'learning_rate': 0.0002959073228362511, 'num_resblk': 8, 'num_features': 96, 'weight_decay': 2.0729968028805555e-06, 'domain_hidden_dim': 128, 'alpha_domain': 0.014035345130837089}. Best is trial 235 with value: 0.5918328607904499.
[I 2026-04-24 16:10:49,383] Trial 253 finished with value: 0.6227270991637789 and parameters: {'batch_size': 128, 'learning_rate': 0.0002845004843660181, 'num_resblk': 8, 'num_features': 96, 'weight_decay': 1.3684381803325073e-06, 'domain_hidden_dim': 128, 'alpha_domain': 0.01254225092981578}. Best is trial 235 with value: 0.5918328607904499.
[I 2026-04-24 16:12:03,783] Trial 254 finished with value: 0.8308289390185783 and parameters: {'batch_size': 128, 'learning_rate': 0.000286623974699809, 'num_resblk': 8, 'num_features': 96, 'weight_decay': 1.3438382057195589e-06, 'domain_hidden_dim': 128, 'alpha_domain': 0.013171836398411236}. Best is trial 235 with value: 0.5918328607904499.
[I 2026-04-24 16:13:18,110] Trial 255 finished with value: 0.8964410927788965 and parameters: {'batch_size': 128, 'learning_rate': 0.0002995198163241795, 'num_resblk': 8, 'num_features': 96, 'weight_decay': 1.5803868945719656e-06, 'domain_hidden_dim': 128, 'alpha_domain': 0.0123954975312605}. Best is trial 235 with value: 0.5918328607904499.
[I 2026-04-24 16:14:32,582] Trial 256 finished with value: 0.681520512391781 and parameters: {'batch_size': 128, 'learning_rate': 0.0002809761072489257, 'num_resblk': 8, 'num_features': 96, 'weight_decay': 1.3810929281830948e-06, 'domain_hidden_dim': 128, 'alpha_domain': 0.014697255941415747}. Best is trial 235 with value: 0.5918328607904499.
[I 2026-04-24 16:15:02,400] Trial 257 pruned. 
[I 2026-04-24 16:16:16,392] Trial 258 finished with value: 0.8438413235647925 and parameters: {'batch_size': 128, 'learning_rate': 0.0002867565307041046, 'num_resblk': 8, 'num_features': 96, 'weight_decay': 1.7868088490100638e-06, 'domain_hidden_dim': 128, 'alpha_domain': 0.013437498818389706}. Best is trial 235 with value: 0.5918328607904499.
[I 2026-04-24 16:17:30,472] Trial 259 finished with value: 0.8933822471519997 and parameters: {'batch_size': 128, 'learning_rate': 0.00017560548334396032, 'num_resblk': 8, 'num_features': 96, 'weight_decay': 1.1292712727076606e-06, 'domain_hidden_dim': 128, 'alpha_domain': 0.011912190756133785}. Best is trial 235 with value: 0.5918328607904499.
[I 2026-04-24 16:18:05,004] Trial 260 pruned. 
[I 2026-04-24 16:19:19,198] Trial 261 finished with value: 0.7403125413532915 and parameters: {'batch_size': 128, 'learning_rate': 0.00028231786630537897, 'num_resblk': 8, 'num_features': 96, 'weight_decay': 1.359962660236351e-06, 'domain_hidden_dim': 128, 'alpha_domain': 0.01250349177514321}. Best is trial 235 with value: 0.5918328607904499.
[I 2026-04-24 16:20:33,530] Trial 262 finished with value: 0.7101021347374752 and parameters: {'batch_size': 128, 'learning_rate': 0.00027688494332060617, 'num_resblk': 8, 'num_features': 96, 'weight_decay': 1.0026650025247514e-06, 'domain_hidden_dim': 128, 'alpha_domain': 0.011304304890771109}. Best is trial 235 with value: 0.5918328607904499.
[I 2026-04-24 16:21:47,808] Trial 263 finished with value: 0.8095701326583994 and parameters: {'batch_size': 128, 'learning_rate': 0.00029293440337694075, 'num_resblk': 8, 'num_features': 96, 'weight_decay': 1.8065097789227563e-06, 'domain_hidden_dim': 128, 'alpha_domain': 0.011307724559048734}. Best is trial 235 with value: 0.5918328607904499.
[I 2026-04-24 16:22:01,993] Trial 264 pruned. 
[I 2026-04-24 16:22:38,475] Trial 265 pruned. 
[I 2026-04-24 16:23:06,695] Trial 266 pruned. 
[I 2026-04-24 16:24:07,644] Trial 267 pruned. 
[I 2026-04-24 16:25:21,703] Trial 268 finished with value: 0.6555926532580935 and parameters: {'batch_size': 128, 'learning_rate': 0.00029021517018763354, 'num_resblk': 8, 'num_features': 96, 'weight_decay': 1.7166371944214135e-06, 'domain_hidden_dim': 128, 'alpha_domain': 0.011124680764008583}. Best is trial 235 with value: 0.5918328607904499.
[I 2026-04-24 16:26:35,768] Trial 269 finished with value: 0.8436032585028944 and parameters: {'batch_size': 128, 'learning_rate': 0.000281886517975444, 'num_resblk': 8, 'num_features': 96, 'weight_decay': 1.934988744240714e-06, 'domain_hidden_dim': 128, 'alpha_domain': 0.01096055726060051}. Best is trial 235 with value: 0.5918328607904499.
[I 2026-04-24 16:27:50,076] Trial 270 finished with value: 0.7683473126641636 and parameters: {'batch_size': 128, 'learning_rate': 0.0002935951964325202, 'num_resblk': 8, 'num_features': 96, 'weight_decay': 1.3581700557368353e-06, 'domain_hidden_dim': 128, 'alpha_domain': 0.011011592274548006}. Best is trial 235 with value: 0.5918328607904499.
[I 2026-04-24 16:29:04,233] Trial 271 finished with value: 0.7761396477962362 and parameters: {'batch_size': 128, 'learning_rate': 0.0002696140064580693, 'num_resblk': 8, 'num_features': 96, 'weight_decay': 1.1349414946860517e-06, 'domain_hidden_dim': 128, 'alpha_domain': 0.011827565889286792}. Best is trial 235 with value: 0.5918328607904499.
[I 2026-04-24 16:30:18,267] Trial 272 finished with value: 0.7010011508547026 and parameters: {'batch_size': 128, 'learning_rate': 0.00028284774568541616, 'num_resblk': 8, 'num_features': 96, 'weight_decay': 2.2529675637882616e-06, 'domain_hidden_dim': 128, 'alpha_domain': 0.01088304985331554}. Best is trial 235 with value: 0.5918328607904499.
[I 2026-04-24 16:30:47,847] Trial 273 pruned. 
[I 2026-04-24 16:32:18,981] Trial 274 finished with value: 0.8889833555139345 and parameters: {'batch_size': 128, 'learning_rate': 0.00028845874024661266, 'num_resblk': 8, 'num_features': 128, 'weight_decay': 1.4378143053450612e-06, 'domain_hidden_dim': 128, 'alpha_domain': 0.013706558132814949}. Best is trial 235 with value: 0.5918328607904499.
[I 2026-04-24 16:33:50,576] Trial 275 finished with value: 0.7375684616894558 and parameters: {'batch_size': 128, 'learning_rate': 0.000294910413299687, 'num_resblk': 8, 'num_features': 128, 'weight_decay': 1.1179947075231355e-06, 'domain_hidden_dim': 128, 'alpha_domain': 0.010774428886349179}. Best is trial 235 with value: 0.5918328607904499.
[I 2026-04-24 16:35:22,253] Trial 276 finished with value: 0.8736205882039564 and parameters: {'batch_size': 128, 'learning_rate': 0.0002142079916108456, 'num_resblk': 8, 'num_features': 128, 'weight_decay': 1.6206751155569424e-06, 'domain_hidden_dim': 128, 'alpha_domain': 0.011737574256447673}. Best is trial 235 with value: 0.5918328607904499.
[I 2026-04-24 16:36:54,677] Trial 277 finished with value: 0.8590525727847527 and parameters: {'batch_size': 128, 'learning_rate': 0.00022354344118604778, 'num_resblk': 8, 'num_features': 128, 'weight_decay': 1.892025808122716e-06, 'domain_hidden_dim': 128, 'alpha_domain': 0.010896478470596585}. Best is trial 235 with value: 0.5918328607904499.
[I 2026-04-24 16:38:09,736] Trial 278 finished with value: 0.9420642996656483 and parameters: {'batch_size': 128, 'learning_rate': 0.00027807717975678124, 'num_resblk': 8, 'num_features': 96, 'weight_decay': 1.2911521906341514e-06, 'domain_hidden_dim': 128, 'alpha_domain': 0.013205553503799705}. Best is trial 235 with value: 0.5918328607904499.
[I 2026-04-24 16:39:42,236] Trial 279 finished with value: 0.7665683041358816 and parameters: {'batch_size': 128, 'learning_rate': 0.00028760430976042766, 'num_resblk': 8, 'num_features': 128, 'weight_decay': 2.2329850096025964e-06, 'domain_hidden_dim': 128, 'alpha_domain': 0.012326184550069202}. Best is trial 235 with value: 0.5918328607904499.
[I 2026-04-24 16:41:15,380] Trial 280 finished with value: 0.6857328599896925 and parameters: {'batch_size': 128, 'learning_rate': 0.00029471116779644906, 'num_resblk': 8, 'num_features': 128, 'weight_decay': 1.4297562137995827e-06, 'domain_hidden_dim': 128, 'alpha_domain': 0.015115414407964232}. Best is trial 235 with value: 0.5918328607904499.
[I 2026-04-24 16:42:48,988] Trial 281 finished with value: 0.8311951828413996 and parameters: {'batch_size': 128, 'learning_rate': 0.0002940420021085323, 'num_resblk': 8, 'num_features': 128, 'weight_decay': 1.4712872043539346e-06, 'domain_hidden_dim': 128, 'alpha_domain': 0.014792909411128801}. Best is trial 235 with value: 0.5918328607904499.
[I 2026-04-24 16:44:22,663] Trial 282 finished with value: 0.8039554563061945 and parameters: {'batch_size': 128, 'learning_rate': 0.0002985245255435754, 'num_resblk': 8, 'num_features': 128, 'weight_decay': 1.1831266299254238e-06, 'domain_hidden_dim': 128, 'alpha_domain': 0.010779239054445364}. Best is trial 235 with value: 0.5918328607904499.
[I 2026-04-24 16:44:37,404] Trial 283 pruned. 
[I 2026-04-24 16:46:11,536] Trial 284 finished with value: 0.6586356707688036 and parameters: {'batch_size': 128, 'learning_rate': 0.0002877725662607062, 'num_resblk': 8, 'num_features': 128, 'weight_decay': 1.353079781040825e-06, 'domain_hidden_dim': 128, 'alpha_domain': 0.010069481932316706}. Best is trial 235 with value: 0.5918328607904499.
[I 2026-04-24 16:47:27,700] Trial 285 finished with value: 0.6703443763584926 and parameters: {'batch_size': 128, 'learning_rate': 0.0002901192931307249, 'num_resblk': 8, 'num_features': 96, 'weight_decay': 1.5984948043046867e-06, 'domain_hidden_dim': 128, 'alpha_domain': 0.010006605559025527}. Best is trial 235 with value: 0.5918328607904499.
[I 2026-04-24 16:47:58,292] Trial 286 pruned. 
[I 2026-04-24 16:49:14,728] Trial 287 finished with value: 0.6634577471634437 and parameters: {'batch_size': 128, 'learning_rate': 0.0002983493903895758, 'num_resblk': 8, 'num_features': 96, 'weight_decay': 1.5680704920304965e-06, 'domain_hidden_dim': 128, 'alpha_domain': 0.010471150133192093}. Best is trial 235 with value: 0.5918328607904499.
[I 2026-04-24 16:50:31,110] Trial 288 finished with value: 0.6439520891370445 and parameters: {'batch_size': 128, 'learning_rate': 0.0002855173566861564, 'num_resblk': 8, 'num_features': 96, 'weight_decay': 1.9263400780540343e-06, 'domain_hidden_dim': 128, 'alpha_domain': 0.010147171668741075}. Best is trial 235 with value: 0.5918328607904499.
[I 2026-04-24 16:51:47,489] Trial 289 finished with value: 0.6310280355913885 and parameters: {'batch_size': 128, 'learning_rate': 0.0002977336505700906, 'num_resblk': 8, 'num_features': 96, 'weight_decay': 2.017372445916405e-06, 'domain_hidden_dim': 128, 'alpha_domain': 0.01009715634399798}. Best is trial 235 with value: 0.5918328607904499.
[I 2026-04-24 16:52:31,829] Trial 290 pruned. 
[I 2026-04-24 16:53:48,988] Trial 291 finished with value: 0.7044682358873302 and parameters: {'batch_size': 128, 'learning_rate': 0.000299246298226739, 'num_resblk': 8, 'num_features': 96, 'weight_decay': 1.8866653161638365e-06, 'domain_hidden_dim': 128, 'alpha_domain': 0.010464248006457783}. Best is trial 235 with value: 0.5918328607904499.
[I 2026-04-24 16:54:19,457] Trial 292 pruned. 
[I 2026-04-24 16:55:35,156] Trial 293 finished with value: 0.7209235810000321 and parameters: {'batch_size': 128, 'learning_rate': 0.0002887478806044453, 'num_resblk': 8, 'num_features': 96, 'weight_decay': 1.6575571316608895e-06, 'domain_hidden_dim': 128, 'alpha_domain': 0.010121406787086885}. Best is trial 235 with value: 0.5918328607904499.
[I 2026-04-24 16:56:51,040] Trial 294 finished with value: 0.6846147508456789 and parameters: {'batch_size': 128, 'learning_rate': 0.0002936045560295339, 'num_resblk': 8, 'num_features': 96, 'weight_decay': 1.985642739865219e-06, 'domain_hidden_dim': 128, 'alpha_domain': 0.013468366168023266}. Best is trial 235 with value: 0.5918328607904499.
[I 2026-04-24 16:57:21,262] Trial 295 pruned. 
[I 2026-04-24 16:58:38,376] Trial 296 finished with value: 0.7038955339070024 and parameters: {'batch_size': 128, 'learning_rate': 0.00028945545677946, 'num_resblk': 8, 'num_features': 96, 'weight_decay': 1.327724553876234e-06, 'domain_hidden_dim': 128, 'alpha_domain': 0.010032116703802815}. Best is trial 235 with value: 0.5918328607904499.
[I 2026-04-24 16:59:55,132] Trial 297 finished with value: 0.7282478110543613 and parameters: {'batch_size': 128, 'learning_rate': 0.00027425681500189053, 'num_resblk': 8, 'num_features': 96, 'weight_decay': 1.601289178478187e-06, 'domain_hidden_dim': 128, 'alpha_domain': 0.01610371710398485}. Best is trial 235 with value: 0.5918328607904499.
[I 2026-04-24 17:01:10,579] Trial 298 finished with value: 0.7023794168028338 and parameters: {'batch_size': 128, 'learning_rate': 0.00028384814558013086, 'num_resblk': 8, 'num_features': 96, 'weight_decay': 1.4767779802560491e-06, 'domain_hidden_dim': 128, 'alpha_domain': 0.012786797818970129}. Best is trial 235 with value: 0.5918328607904499.
[I 2026-04-24 17:02:16,805] Trial 299 finished with value: 0.7023752619480265 and parameters: {'batch_size': 128, 'learning_rate': 0.00029431048020402503, 'num_resblk': 6, 'num_features': 96, 'weight_decay': 1.943847506973079e-06, 'domain_hidden_dim': 128, 'alpha_domain': 0.01444068114514604}. Best is trial 235 with value: 0.5918328607904499.
[I 2026-04-24 17:03:32,076] Trial 300 finished with value: 0.8204382596344784 and parameters: {'batch_size': 128, 'learning_rate': 0.00028816421160053434, 'num_resblk': 8, 'num_features': 96, 'weight_decay': 2.281578709183542e-06, 'domain_hidden_dim': 128, 'alpha_domain': 0.011952356632704298}. Best is trial 235 with value: 0.5918328607904499.
[I 2026-04-24 17:04:47,386] Trial 301 finished with value: 0.7321785205397112 and parameters: {'batch_size': 128, 'learning_rate': 0.00027588431301819866, 'num_resblk': 8, 'num_features': 96, 'weight_decay': 1.3128432668398857e-06, 'domain_hidden_dim': 128, 'alpha_domain': 0.01009076718362339}. Best is trial 235 with value: 0.5918328607904499.
[I 2026-04-24 17:06:02,888] Trial 302 finished with value: 0.6873533931271784 and parameters: {'batch_size': 128, 'learning_rate': 0.00016679741877925156, 'num_resblk': 8, 'num_features': 96, 'weight_decay': 1.6469661741820515e-06, 'domain_hidden_dim': 128, 'alpha_domain': 0.010000636846368451}. Best is trial 235 with value: 0.5918328607904499.
[I 2026-04-24 17:07:18,851] Trial 303 finished with value: 0.8077658805353888 and parameters: {'batch_size': 128, 'learning_rate': 0.0002941118238644766, 'num_resblk': 8, 'num_features': 96, 'weight_decay': 1.907259170657546e-06, 'domain_hidden_dim': 128, 'alpha_domain': 0.01339839477013328}. Best is trial 235 with value: 0.5918328607904499.
[I 2026-04-24 17:07:56,884] Trial 304 pruned. 
[I 2026-04-24 17:09:30,224] Trial 305 finished with value: 0.6511698745448014 and parameters: {'batch_size': 128, 'learning_rate': 0.00028302576894396824, 'num_resblk': 8, 'num_features': 128, 'weight_decay': 1.422562282293042e-06, 'domain_hidden_dim': 128, 'alpha_domain': 0.012484758393135757}. Best is trial 235 with value: 0.5918328607904499.
[I 2026-04-24 17:09:46,955] Trial 306 pruned. 
[I 2026-04-24 17:11:21,236] Trial 307 finished with value: 0.7466138930156313 and parameters: {'batch_size': 128, 'learning_rate': 0.00028642666894413847, 'num_resblk': 8, 'num_features': 128, 'weight_decay': 1.7289156595467469e-06, 'domain_hidden_dim': 128, 'alpha_domain': 0.011034852972802113}. Best is trial 235 with value: 0.5918328607904499.
[I 2026-04-24 17:12:37,065] Trial 308 finished with value: 0.6296276974266973 and parameters: {'batch_size': 128, 'learning_rate': 0.0002763852150021402, 'num_resblk': 8, 'num_features': 96, 'weight_decay': 0.0006240219469396588, 'domain_hidden_dim': 128, 'alpha_domain': 0.011743837393911879}. Best is trial 235 with value: 0.5918328607904499.
[I 2026-04-24 17:14:10,457] Trial 309 finished with value: 0.7133131047775005 and parameters: {'batch_size': 128, 'learning_rate': 0.0002738657905077682, 'num_resblk': 8, 'num_features': 128, 'weight_decay': 0.000707038449320359, 'domain_hidden_dim': 128, 'alpha_domain': 0.011569426610039292}. Best is trial 235 with value: 0.5918328607904499.
[I 2026-04-24 17:15:44,500] Trial 310 finished with value: 0.7140264223361837 and parameters: {'batch_size': 128, 'learning_rate': 0.0002672182376648606, 'num_resblk': 8, 'num_features': 128, 'weight_decay': 1.4203752994423831e-06, 'domain_hidden_dim': 128, 'alpha_domain': 0.010905435399097706}. Best is trial 235 with value: 0.5918328607904499.
[I 2026-04-24 17:17:00,324] Trial 311 finished with value: 0.7584021605294327 and parameters: {'batch_size': 128, 'learning_rate': 0.00027938263899098995, 'num_resblk': 8, 'num_features': 96, 'weight_decay': 1.2140799923760915e-06, 'domain_hidden_dim': 128, 'alpha_domain': 0.012237701104664368}. Best is trial 235 with value: 0.5918328607904499.
[I 2026-04-24 17:18:33,412] Trial 312 finished with value: 0.6660821540602322 and parameters: {'batch_size': 128, 'learning_rate': 0.0002580787412935902, 'num_resblk': 8, 'num_features': 128, 'weight_decay': 1.5665049518624288e-06, 'domain_hidden_dim': 128, 'alpha_domain': 0.01085011843408861}. Best is trial 235 with value: 0.5918328607904499.
[I 2026-04-24 17:20:06,256] Trial 313 finished with value: 0.704104071033412 and parameters: {'batch_size': 128, 'learning_rate': 0.0002640575333674872, 'num_resblk': 8, 'num_features': 128, 'weight_decay': 1.5778382421996344e-06, 'domain_hidden_dim': 128, 'alpha_domain': 0.010851874557634013}. Best is trial 235 with value: 0.5918328607904499.
[I 2026-04-24 17:21:39,089] Trial 314 finished with value: 0.741337761796754 and parameters: {'batch_size': 128, 'learning_rate': 0.0002589695240939125, 'num_resblk': 8, 'num_features': 128, 'weight_decay': 1.658625670799555e-06, 'domain_hidden_dim': 128, 'alpha_domain': 0.010034929580095012}. Best is trial 235 with value: 0.5918328607904499.
[I 2026-04-24 17:23:11,971] Trial 315 finished with value: 0.7835006323353998 and parameters: {'batch_size': 128, 'learning_rate': 0.0002731047530492513, 'num_resblk': 8, 'num_features': 128, 'weight_decay': 2.144748696528459e-06, 'domain_hidden_dim': 128, 'alpha_domain': 0.011652496800790422}. Best is trial 235 with value: 0.5918328607904499.
[I 2026-04-24 17:24:44,952] Trial 316 finished with value: 0.6610414745478794 and parameters: {'batch_size': 128, 'learning_rate': 0.0002889941997923595, 'num_resblk': 8, 'num_features': 128, 'weight_decay': 1.1173112371193197e-06, 'domain_hidden_dim': 128, 'alpha_domain': 0.010837971733201378}. Best is trial 235 with value: 0.5918328607904499.
[I 2026-04-24 17:26:17,907] Trial 317 finished with value: 0.6983575019343146 and parameters: {'batch_size': 128, 'learning_rate': 0.00028956277330239596, 'num_resblk': 8, 'num_features': 128, 'weight_decay': 1.0037105135785512e-06, 'domain_hidden_dim': 128, 'alpha_domain': 0.01181674980643267}. Best is trial 235 with value: 0.5918328607904499.
[I 2026-04-24 17:27:50,889] Trial 318 finished with value: 0.6815363764762878 and parameters: {'batch_size': 128, 'learning_rate': 0.00028698201903041155, 'num_resblk': 8, 'num_features': 128, 'weight_decay': 0.0004075948547682461, 'domain_hidden_dim': 128, 'alpha_domain': 0.01108025688978998}. Best is trial 235 with value: 0.5918328607904499.
[I 2026-04-24 17:28:28,278] Trial 319 pruned. 
[I 2026-04-24 17:30:01,111] Trial 320 finished with value: 0.7798231110490602 and parameters: {'batch_size': 128, 'learning_rate': 0.00017597523186720177, 'num_resblk': 8, 'num_features': 128, 'weight_decay': 1.122597208557644e-06, 'domain_hidden_dim': 128, 'alpha_domain': 0.010858224473563025}. Best is trial 235 with value: 0.5918328607904499.
[I 2026-04-24 17:31:33,778] Trial 321 finished with value: 0.6612643609786856 and parameters: {'batch_size': 128, 'learning_rate': 0.0002767863667051356, 'num_resblk': 8, 'num_features': 128, 'weight_decay': 1.1431153137933729e-06, 'domain_hidden_dim': 128, 'alpha_domain': 0.012888673493984336}. Best is trial 235 with value: 0.5918328607904499.
[I 2026-04-24 17:33:06,648] Trial 322 finished with value: 0.7711715811285479 and parameters: {'batch_size': 128, 'learning_rate': 0.0002793352924068046, 'num_resblk': 8, 'num_features': 128, 'weight_decay': 1.1762278086231936e-06, 'domain_hidden_dim': 128, 'alpha_domain': 0.01307197114420958}. Best is trial 235 with value: 0.5918328607904499.
[I 2026-04-24 17:34:39,270] Trial 323 finished with value: 0.6458869545624174 and parameters: {'batch_size': 128, 'learning_rate': 0.00029931865753434687, 'num_resblk': 8, 'num_features': 128, 'weight_decay': 1.1620822474047877e-06, 'domain_hidden_dim': 128, 'alpha_domain': 0.012905622869866018}. Best is trial 235 with value: 0.5918328607904499.
[I 2026-04-24 17:35:56,337] Trial 324 finished with value: 0.9340675904833037 and parameters: {'batch_size': 256, 'learning_rate': 0.00029879116993276894, 'num_resblk': 6, 'num_features': 128, 'weight_decay': 1.0717355497164964e-06, 'domain_hidden_dim': 128, 'alpha_domain': 0.013537291363435424}. Best is trial 235 with value: 0.5918328607904499.
[I 2026-04-24 17:37:28,886] Trial 325 finished with value: 0.8231617253402184 and parameters: {'batch_size': 128, 'learning_rate': 0.0002996124476033483, 'num_resblk': 8, 'num_features': 128, 'weight_decay': 1.2112724636006051e-06, 'domain_hidden_dim': 128, 'alpha_domain': 0.012799543406590137}. Best is trial 235 with value: 0.5918328607904499.
[I 2026-04-24 17:39:01,706] Trial 326 finished with value: 0.7533395721994597 and parameters: {'batch_size': 128, 'learning_rate': 0.0002915067916282403, 'num_resblk': 8, 'num_features': 128, 'weight_decay': 1.0146799334068938e-06, 'domain_hidden_dim': 128, 'alpha_domain': 0.013889552549256912}. Best is trial 235 with value: 0.5918328607904499.
