[I 2026-04-27 20:41:19,495] Trial 358 pruned. 
[I 2026-04-27 20:41:50,851] Trial 359 pruned. 
Early stopping triggered for trial 360 at epoch 197 | best epoch: 167
[I 2026-04-27 20:56:31,023] Trial 360 finished with value: 0.5033329725265503 and parameters: {'batch_size': 1024, 'learning_rate': 0.0002294417137929453, 'num_resblk': 12, 'num_features': 128, 'weight_decay': 0.0003919488542551936}. Best is trial 249 with value: 0.5021792724728584.
[I 2026-04-27 20:56:54,476] Trial 361 pruned. 
[I 2026-04-27 20:57:23,612] Trial 362 pruned. 
[I 2026-04-27 20:57:49,118] Trial 363 pruned. 
[I 2026-04-27 20:58:02,804] Trial 364 pruned. 
[I 2026-04-27 20:58:32,500] Trial 365 pruned. 
[I 2026-04-27 20:58:50,144] Trial 366 pruned. 
[I 2026-04-27 20:59:17,756] Trial 367 pruned. 
[I 2026-04-27 20:59:33,666] Trial 368 pruned. 
[I 2026-04-27 21:00:00,867] Trial 369 pruned. 
[I 2026-04-27 21:00:31,934] Trial 370 pruned. 
[I 2026-04-27 21:00:59,132] Trial 371 pruned. 
[I 2026-04-27 21:01:20,933] Trial 372 pruned. 
[I 2026-04-27 21:01:52,385] Trial 373 pruned. 
[I 2026-04-27 21:02:21,577] Trial 374 pruned. 
[I 2026-04-27 21:02:41,943] Trial 375 pruned. 
[I 2026-04-27 21:03:05,666] Trial 376 pruned. 
[I 2026-04-27 21:03:36,440] Trial 377 pruned. 
[I 2026-04-27 21:03:48,525] Trial 378 pruned. 
[I 2026-04-27 21:04:19,954] Trial 379 pruned. 
[I 2026-04-27 21:04:35,187] Trial 380 pruned. 
[I 2026-04-27 21:05:09,278] Trial 381 pruned. 
[I 2026-04-27 21:06:03,958] Trial 382 pruned. 
[I 2026-04-27 21:06:34,850] Trial 383 pruned. 
[I 2026-04-27 21:07:02,301] Trial 384 pruned. 
[I 2026-04-27 21:07:22,832] Trial 385 pruned. 
[I 2026-04-27 21:07:44,362] Trial 386 pruned. 
[I 2026-04-27 21:08:11,583] Trial 387 pruned. 
[I 2026-04-27 21:08:42,254] Trial 388 pruned. 
[I 2026-04-27 21:09:05,716] Trial 389 pruned. 
[I 2026-04-27 21:09:34,614] Trial 390 pruned. 
[I 2026-04-27 21:09:45,801] Trial 391 pruned. 
[I 2026-04-27 21:10:32,380] Trial 392 pruned. 
[I 2026-04-27 21:10:49,958] Trial 393 pruned. 
[I 2026-04-27 21:11:09,776] Trial 394 pruned. 
[I 2026-04-27 21:11:31,751] Trial 395 pruned. 
[I 2026-04-27 21:11:58,913] Trial 396 pruned. 
[I 2026-04-27 21:12:40,112] Trial 397 pruned. 
[I 2026-04-27 21:13:05,328] Trial 398 pruned. 
[I 2026-04-27 21:14:06,836] Trial 399 pruned. 
[I 2026-04-27 21:14:35,834] Trial 400 pruned. 
[I 2026-04-27 21:15:05,428] Trial 401 pruned. 
[I 2026-04-27 21:15:36,862] Trial 402 pruned. 
[I 2026-04-27 21:15:54,149] Trial 403 pruned. 
[I 2026-04-27 21:16:17,705] Trial 404 pruned. 
[I 2026-04-27 21:17:33,881] Trial 405 pruned. 
[I 2026-04-27 21:17:45,036] Trial 406 pruned. 
[I 2026-04-27 21:18:03,734] Trial 407 pruned. 
[I 2026-04-27 21:18:27,002] Trial 408 pruned. 
[I 2026-04-27 21:18:48,471] Trial 409 pruned. 
[I 2026-04-27 21:19:17,002] Trial 410 pruned. 
[I 2026-04-27 21:19:42,370] Trial 411 pruned. 
[I 2026-04-27 21:20:13,352] Trial 412 pruned. 
[I 2026-04-27 21:20:41,564] Trial 413 pruned. 
[I 2026-04-27 21:21:35,887] Trial 414 pruned. 
slurmstepd: error: *** JOB 6364676 ON d4054 CANCELLED AT 2026-04-27T21:21:49 DUE TO TIME LIMIT ***
