[I 2026-05-04 18:06:00,529] Trial 204 finished with value: 3.859935456308825 and parameters: {'batch_size': 256, 'learning_rate': 0.00026135130251155454, 'num_resblk': 4, 'num_features': 96, 'weight_decay': 2.0547653196570387e-06}. Best is trial 192 with value: 3.6489980878501105.
Early stopping triggered for trial 205 at epoch 043 | best epoch: 013
[I 2026-05-04 18:08:00,752] Trial 205 finished with value: 4.558881874742179 and parameters: {'batch_size': 256, 'learning_rate': 0.00025884526394391605, 'num_resblk': 4, 'num_features': 96, 'weight_decay': 1.9170137446100542e-06}. Best is trial 192 with value: 3.6489980878501105.
Early stopping triggered for trial 206 at epoch 040 | best epoch: 010
[I 2026-05-04 18:09:53,012] Trial 206 finished with value: 4.455745253069647 and parameters: {'batch_size': 256, 'learning_rate': 0.00026495438897122277, 'num_resblk': 4, 'num_features': 96, 'weight_decay': 2.1358143326812646e-06}. Best is trial 192 with value: 3.6489980878501105.
[I 2026-05-04 18:10:09,473] Trial 207 pruned. 
Early stopping triggered for trial 208 at epoch 040 | best epoch: 010
[I 2026-05-04 18:12:01,500] Trial 208 finished with value: 3.760203476609855 and parameters: {'batch_size': 256, 'learning_rate': 0.0002695358422795586, 'num_resblk': 4, 'num_features': 96, 'weight_decay': 1.7125361707938762e-06}. Best is trial 192 with value: 3.6489980878501105.
Early stopping triggered for trial 209 at epoch 045 | best epoch: 015
[I 2026-05-04 18:14:34,174] Trial 209 finished with value: 4.309909121743564 and parameters: {'batch_size': 256, 'learning_rate': 0.0001035793065783306, 'num_resblk': 8, 'num_features': 96, 'weight_decay': 1.606684890853762e-06}. Best is trial 192 with value: 3.6489980878501105.
[I 2026-05-04 18:14:43,294] Trial 210 pruned. 
Early stopping triggered for trial 211 at epoch 036 | best epoch: 006
[I 2026-05-04 18:16:24,242] Trial 211 finished with value: 4.045764734005106 and parameters: {'batch_size': 256, 'learning_rate': 0.00026987554430096144, 'num_resblk': 4, 'num_features': 96, 'weight_decay': 1.8384692544935071e-06}. Best is trial 192 with value: 3.6489980878501105.
Early stopping triggered for trial 212 at epoch 036 | best epoch: 006
[I 2026-05-04 18:18:05,374] Trial 212 finished with value: 3.5876179152521592 and parameters: {'batch_size': 256, 'learning_rate': 0.0002765218438038687, 'num_resblk': 4, 'num_features': 96, 'weight_decay': 2.1189699477698287e-06}. Best is trial 212 with value: 3.5876179152521592.
Early stopping triggered for trial 213 at epoch 046 | best epoch: 016
[I 2026-05-04 18:20:13,811] Trial 213 finished with value: 4.290268264967819 and parameters: {'batch_size': 256, 'learning_rate': 0.0002651013014184246, 'num_resblk': 4, 'num_features': 96, 'weight_decay': 2.049497039573832e-06}. Best is trial 212 with value: 3.5876179152521592.
Early stopping triggered for trial 214 at epoch 038 | best epoch: 008
[I 2026-05-04 18:22:00,210] Trial 214 finished with value: 4.4958326734345535 and parameters: {'batch_size': 256, 'learning_rate': 0.000274208592131505, 'num_resblk': 4, 'num_features': 96, 'weight_decay': 1.4988957873899806e-06}. Best is trial 212 with value: 3.5876179152521592.
Early stopping triggered for trial 215 at epoch 041 | best epoch: 011
[I 2026-05-04 18:23:54,822] Trial 215 finished with value: 4.0579959524088896 and parameters: {'batch_size': 256, 'learning_rate': 0.00025373710054552424, 'num_resblk': 4, 'num_features': 96, 'weight_decay': 0.0009976834745723132}. Best is trial 212 with value: 3.5876179152521592.
Early stopping triggered for trial 216 at epoch 037 | best epoch: 007
[I 2026-05-04 18:25:38,667] Trial 216 finished with value: 4.250114950640448 and parameters: {'batch_size': 256, 'learning_rate': 0.0002612104588757559, 'num_resblk': 4, 'num_features': 96, 'weight_decay': 2.1512239616516447e-06}. Best is trial 212 with value: 3.5876179152521592.
Early stopping triggered for trial 217 at epoch 045 | best epoch: 015
[I 2026-05-04 18:27:44,455] Trial 217 finished with value: 3.9841973206092574 and parameters: {'batch_size': 256, 'learning_rate': 0.0002694441461813276, 'num_resblk': 4, 'num_features': 96, 'weight_decay': 2.560523797963599e-06}. Best is trial 212 with value: 3.5876179152521592.
Early stopping triggered for trial 218 at epoch 037 | best epoch: 007
[I 2026-05-04 18:29:28,296] Trial 218 finished with value: 4.054910256944853 and parameters: {'batch_size': 256, 'learning_rate': 0.0001835272672311301, 'num_resblk': 4, 'num_features': 96, 'weight_decay': 1.761100164064328e-05}. Best is trial 212 with value: 3.5876179152521592.
Early stopping triggered for trial 219 at epoch 041 | best epoch: 011
[I 2026-05-04 18:31:22,995] Trial 219 finished with value: 4.166899245360802 and parameters: {'batch_size': 256, 'learning_rate': 0.00027786312702834037, 'num_resblk': 4, 'num_features': 96, 'weight_decay': 1.769134050076338e-06}. Best is trial 212 with value: 3.5876179152521592.
Early stopping triggered for trial 220 at epoch 051 | best epoch: 021
[I 2026-05-04 18:34:20,393] Trial 220 finished with value: 4.063803047969423 and parameters: {'batch_size': 256, 'learning_rate': 0.00024645067427876065, 'num_resblk': 4, 'num_features': 128, 'weight_decay': 1.0421245812505816e-06}. Best is trial 212 with value: 3.5876179152521592.
[I 2026-05-04 18:34:37,044] Trial 221 pruned. 
Early stopping triggered for trial 222 at epoch 038 | best epoch: 008
[I 2026-05-04 18:36:23,574] Trial 222 finished with value: 4.417829973944302 and parameters: {'batch_size': 256, 'learning_rate': 0.0002700368547293035, 'num_resblk': 4, 'num_features': 96, 'weight_decay': 2.1737209350571983e-06}. Best is trial 212 with value: 3.5876179152521592.
Early stopping triggered for trial 223 at epoch 037 | best epoch: 007
[I 2026-05-04 18:38:07,462] Trial 223 finished with value: 4.317475302466031 and parameters: {'batch_size': 256, 'learning_rate': 0.0002296785761452071, 'num_resblk': 4, 'num_features': 96, 'weight_decay': 1.8110039124073406e-06}. Best is trial 212 with value: 3.5876179152521592.
Early stopping triggered for trial 224 at epoch 037 | best epoch: 007
[I 2026-05-04 18:39:51,533] Trial 224 finished with value: 3.870243631560227 and parameters: {'batch_size': 256, 'learning_rate': 0.000265876343814597, 'num_resblk': 4, 'num_features': 96, 'weight_decay': 1.2895258947512515e-06}. Best is trial 212 with value: 3.5876179152521592.
Early stopping triggered for trial 225 at epoch 040 | best epoch: 010
[I 2026-05-04 18:41:43,790] Trial 225 finished with value: 4.151931178980861 and parameters: {'batch_size': 256, 'learning_rate': 0.000263268620816327, 'num_resblk': 4, 'num_features': 96, 'weight_decay': 1.2631567714097755e-06}. Best is trial 212 with value: 3.5876179152521592.
Early stopping triggered for trial 226 at epoch 041 | best epoch: 011
[I 2026-05-04 18:43:38,651] Trial 226 finished with value: 4.345666318104185 and parameters: {'batch_size': 256, 'learning_rate': 0.00020574589362750716, 'num_resblk': 4, 'num_features': 96, 'weight_decay': 1.5058080306741783e-06}. Best is trial 212 with value: 3.5876179152521592.
Early stopping triggered for trial 227 at epoch 041 | best epoch: 011
[I 2026-05-04 18:45:33,614] Trial 227 finished with value: 4.2880535783438845 and parameters: {'batch_size': 256, 'learning_rate': 0.00025842233927037163, 'num_resblk': 4, 'num_features': 96, 'weight_decay': 1.0092488789387387e-06}. Best is trial 212 with value: 3.5876179152521592.
Early stopping triggered for trial 228 at epoch 053 | best epoch: 023
[I 2026-05-04 18:48:01,302] Trial 228 finished with value: 4.28709969027289 and parameters: {'batch_size': 256, 'learning_rate': 0.00026697076389661735, 'num_resblk': 4, 'num_features': 96, 'weight_decay': 1.6290214918955153e-06}. Best is trial 212 with value: 3.5876179152521592.
Early stopping triggered for trial 229 at epoch 033 | best epoch: 003
[I 2026-05-04 18:49:34,352] Trial 229 finished with value: 4.210379107245084 and parameters: {'batch_size': 256, 'learning_rate': 0.0002745660250672259, 'num_resblk': 4, 'num_features': 96, 'weight_decay': 8.77802947490314e-06}. Best is trial 212 with value: 3.5876179152521592.
[I 2026-05-04 18:49:50,909] Trial 230 pruned. 
Early stopping triggered for trial 231 at epoch 034 | best epoch: 004
[I 2026-05-04 18:51:26,506] Trial 231 finished with value: 3.931424091602194 and parameters: {'batch_size': 256, 'learning_rate': 0.00028423996464590676, 'num_resblk': 4, 'num_features': 96, 'weight_decay': 2.7194797749601932e-06}. Best is trial 212 with value: 3.5876179152521592.
Early stopping triggered for trial 232 at epoch 035 | best epoch: 005
[I 2026-05-04 18:53:04,996] Trial 232 finished with value: 4.086500414486589 and parameters: {'batch_size': 256, 'learning_rate': 0.0002714163811559528, 'num_resblk': 4, 'num_features': 96, 'weight_decay': 1.9312606381110454e-06}. Best is trial 212 with value: 3.5876179152521592.
Early stopping triggered for trial 233 at epoch 036 | best epoch: 006
[I 2026-05-04 18:54:46,289] Trial 233 finished with value: 3.8852863805047395 and parameters: {'batch_size': 256, 'learning_rate': 0.0002645027202813381, 'num_resblk': 4, 'num_features': 96, 'weight_decay': 1.192884092549137e-06}. Best is trial 212 with value: 3.5876179152521592.
Early stopping triggered for trial 234 at epoch 038 | best epoch: 008
[I 2026-05-04 18:56:32,935] Trial 234 finished with value: 3.8579913418868492 and parameters: {'batch_size': 256, 'learning_rate': 0.0002790356041502372, 'num_resblk': 4, 'num_features': 96, 'weight_decay': 2.225768705437452e-06}. Best is trial 212 with value: 3.5876179152521592.
Early stopping triggered for trial 235 at epoch 036 | best epoch: 006
[I 2026-05-04 18:58:14,117] Trial 235 finished with value: 4.5335044038706815 and parameters: {'batch_size': 256, 'learning_rate': 0.00028916733635234843, 'num_resblk': 4, 'num_features': 96, 'weight_decay': 2.273819258107731e-06}. Best is trial 212 with value: 3.5876179152521592.
Early stopping triggered for trial 236 at epoch 035 | best epoch: 005
[I 2026-05-04 18:59:52,623] Trial 236 finished with value: 3.476552987920827 and parameters: {'batch_size': 256, 'learning_rate': 0.00017583931283592498, 'num_resblk': 4, 'num_features': 96, 'weight_decay': 1.642136313419971e-06}. Best is trial 236 with value: 3.476552987920827.
Early stopping triggered for trial 237 at epoch 034 | best epoch: 004
[I 2026-05-04 19:01:28,370] Trial 237 finished with value: 4.260788432483015 and parameters: {'batch_size': 256, 'learning_rate': 0.0001778167622688922, 'num_resblk': 4, 'num_features': 96, 'weight_decay': 1.670992796085858e-06}. Best is trial 236 with value: 3.476552987920827.
Early stopping triggered for trial 238 at epoch 039 | best epoch: 009
[I 2026-05-04 19:03:17,114] Trial 238 finished with value: 4.519219932885005 and parameters: {'batch_size': 256, 'learning_rate': 0.0001758712743420796, 'num_resblk': 4, 'num_features': 96, 'weight_decay': 1.4320637633935103e-06}. Best is trial 236 with value: 3.476552987920827.
Early stopping triggered for trial 239 at epoch 033 | best epoch: 003
[I 2026-05-04 19:04:25,594] Trial 239 finished with value: 4.029059237447278 and parameters: {'batch_size': 256, 'learning_rate': 0.00025810329943681137, 'num_resblk': 4, 'num_features': 64, 'weight_decay': 2.551488411512082e-05}. Best is trial 236 with value: 3.476552987920827.
Early stopping triggered for trial 240 at epoch 035 | best epoch: 005
[I 2026-05-04 19:06:03,485] Trial 240 finished with value: 4.269648551940918 and parameters: {'batch_size': 256, 'learning_rate': 0.0001687488855952282, 'num_resblk': 4, 'num_features': 96, 'weight_decay': 2.003386386083948e-06}. Best is trial 236 with value: 3.476552987920827.
Early stopping triggered for trial 241 at epoch 043 | best epoch: 013
[I 2026-05-04 19:08:03,280] Trial 241 finished with value: 4.055624748098439 and parameters: {'batch_size': 256, 'learning_rate': 0.00017228325506243996, 'num_resblk': 4, 'num_features': 96, 'weight_decay': 1.7378598066376917e-06}. Best is trial 236 with value: 3.476552987920827.
Early stopping triggered for trial 242 at epoch 035 | best epoch: 005
[I 2026-05-04 19:09:41,177] Trial 242 finished with value: 4.388854848927465 and parameters: {'batch_size': 256, 'learning_rate': 0.000273243904754356, 'num_resblk': 4, 'num_features': 96, 'weight_decay': 2.06284058200145e-06}. Best is trial 236 with value: 3.476552987920827.
Early stopping triggered for trial 243 at epoch 043 | best epoch: 013
[I 2026-05-04 19:11:40,551] Trial 243 finished with value: 4.010216630738357 and parameters: {'batch_size': 256, 'learning_rate': 0.0002666885138588881, 'num_resblk': 4, 'num_features': 96, 'weight_decay': 1.4952146878697336e-06}. Best is trial 236 with value: 3.476552987920827.
Early stopping triggered for trial 244 at epoch 033 | best epoch: 003
[I 2026-05-04 19:13:12,578] Trial 244 finished with value: 3.8233397582481645 and parameters: {'batch_size': 256, 'learning_rate': 0.0002772417018271506, 'num_resblk': 4, 'num_features': 96, 'weight_decay': 0.000835677217572665}. Best is trial 236 with value: 3.476552987920827.
Early stopping triggered for trial 245 at epoch 043 | best epoch: 013
[I 2026-05-04 19:15:11,561] Trial 245 finished with value: 4.052438275567416 and parameters: {'batch_size': 256, 'learning_rate': 0.00017974942831534642, 'num_resblk': 4, 'num_features': 96, 'weight_decay': 0.0008343036912783441}. Best is trial 236 with value: 3.476552987920827.
Early stopping triggered for trial 246 at epoch 034 | best epoch: 004
[I 2026-05-04 19:16:46,279] Trial 246 finished with value: 3.7276057539315057 and parameters: {'batch_size': 256, 'learning_rate': 0.00027680422637067173, 'num_resblk': 4, 'num_features': 96, 'weight_decay': 0.0006121612423524519}. Best is trial 236 with value: 3.476552987920827.
Early stopping triggered for trial 247 at epoch 032 | best epoch: 002
[I 2026-05-04 19:18:15,385] Trial 247 finished with value: 4.416055597107986 and parameters: {'batch_size': 256, 'learning_rate': 0.0002776066483942306, 'num_resblk': 4, 'num_features': 96, 'weight_decay': 0.00061895624396539}. Best is trial 236 with value: 3.476552987920827.
Early stopping triggered for trial 248 at epoch 035 | best epoch: 005
[I 2026-05-04 19:19:52,480] Trial 248 finished with value: 4.617482555323634 and parameters: {'batch_size': 256, 'learning_rate': 0.00018837103176665956, 'num_resblk': 4, 'num_features': 96, 'weight_decay': 0.0007846324038692285}. Best is trial 236 with value: 3.476552987920827.
Early stopping triggered for trial 249 at epoch 040 | best epoch: 010
[I 2026-05-04 19:21:43,044] Trial 249 finished with value: 4.026197819874205 and parameters: {'batch_size': 256, 'learning_rate': 0.00028212927334040255, 'num_resblk': 4, 'num_features': 96, 'weight_decay': 0.0005891103299506076}. Best is trial 236 with value: 3.476552987920827.
Early stopping triggered for trial 250 at epoch 051 | best epoch: 021
[I 2026-05-04 19:24:03,499] Trial 250 finished with value: 4.340597695317761 and parameters: {'batch_size': 256, 'learning_rate': 0.0002744458473874331, 'num_resblk': 4, 'num_features': 96, 'weight_decay': 0.0004917858139165122}. Best is trial 236 with value: 3.476552987920827.
Early stopping triggered for trial 251 at epoch 035 | best epoch: 005
[I 2026-05-04 19:25:40,674] Trial 251 finished with value: 4.278637557194151 and parameters: {'batch_size': 256, 'learning_rate': 0.00026982867900966843, 'num_resblk': 4, 'num_features': 96, 'weight_decay': 0.0006978678478685828}. Best is trial 236 with value: 3.476552987920827.
Early stopping triggered for trial 252 at epoch 031 | best epoch: 001
[I 2026-05-04 19:27:07,066] Trial 252 finished with value: 4.139801296694525 and parameters: {'batch_size': 256, 'learning_rate': 0.00027926498656231664, 'num_resblk': 4, 'num_features': 96, 'weight_decay': 0.0009937338377361486}. Best is trial 236 with value: 3.476552987920827.
Early stopping triggered for trial 253 at epoch 043 | best epoch: 013
[I 2026-05-04 19:28:11,609] Trial 253 finished with value: 4.471011638641357 and parameters: {'batch_size': 256, 'learning_rate': 0.00025961138078781424, 'num_resblk': 4, 'num_features': 32, 'weight_decay': 0.0008593280512418604}. Best is trial 236 with value: 3.476552987920827.
Early stopping triggered for trial 254 at epoch 038 | best epoch: 008
[I 2026-05-04 19:29:57,083] Trial 254 finished with value: 4.1318451947179335 and parameters: {'batch_size': 256, 'learning_rate': 0.0002861992112659078, 'num_resblk': 4, 'num_features': 96, 'weight_decay': 0.0006743189615604646}. Best is trial 236 with value: 3.476552987920827.
Early stopping triggered for trial 255 at epoch 039 | best epoch: 009
[I 2026-05-04 19:31:45,241] Trial 255 finished with value: 4.0160704481190646 and parameters: {'batch_size': 256, 'learning_rate': 0.00027428611053014894, 'num_resblk': 4, 'num_features': 96, 'weight_decay': 0.0007845417922211016}. Best is trial 236 with value: 3.476552987920827.
Early stopping triggered for trial 256 at epoch 039 | best epoch: 009
[I 2026-05-04 19:33:33,265] Trial 256 finished with value: 4.483396456159395 and parameters: {'batch_size': 256, 'learning_rate': 0.00026407287846110644, 'num_resblk': 4, 'num_features': 96, 'weight_decay': 1.8664243660891607e-06}. Best is trial 236 with value: 3.476552987920827.
[I 2026-05-04 19:33:49,734] Trial 257 pruned. 
Early stopping triggered for trial 258 at epoch 039 | best epoch: 009
[I 2026-05-04 19:35:37,947] Trial 258 finished with value: 3.889589383684356 and parameters: {'batch_size': 256, 'learning_rate': 0.00027704787943301707, 'num_resblk': 4, 'num_features': 96, 'weight_decay': 2.5720788240399903e-06}. Best is trial 236 with value: 3.476552987920827.
Early stopping triggered for trial 259 at epoch 038 | best epoch: 008
[I 2026-05-04 19:38:29,399] Trial 259 finished with value: 4.329730050317172 and parameters: {'batch_size': 256, 'learning_rate': 0.00028251360654563866, 'num_resblk': 10, 'num_features': 128, 'weight_decay': 1.688088617634393e-06}. Best is trial 236 with value: 3.476552987920827.
[I 2026-05-04 19:38:56,415] Trial 260 pruned. 
Early stopping triggered for trial 261 at epoch 037 | best epoch: 007
[I 2026-05-04 19:40:39,442] Trial 261 finished with value: 4.417917679096091 and parameters: {'batch_size': 256, 'learning_rate': 0.00025534517357535144, 'num_resblk': 4, 'num_features': 96, 'weight_decay': 2.4696970125293892e-06}. Best is trial 236 with value: 3.476552987920827.
Early stopping triggered for trial 262 at epoch 038 | best epoch: 008
[I 2026-05-04 19:42:24,979] Trial 262 finished with value: 4.005704254939638 and parameters: {'batch_size': 256, 'learning_rate': 0.00016385726583644913, 'num_resblk': 4, 'num_features': 96, 'weight_decay': 0.000901357311406048}. Best is trial 236 with value: 3.476552987920827.
Early stopping triggered for trial 263 at epoch 048 | best epoch: 018
[I 2026-05-04 19:44:37,845] Trial 263 finished with value: 4.061509428353145 and parameters: {'batch_size': 256, 'learning_rate': 0.000268800251986415, 'num_resblk': 4, 'num_features': 96, 'weight_decay': 1.682684486128732e-06}. Best is trial 236 with value: 3.476552987920827.
Early stopping triggered for trial 264 at epoch 032 | best epoch: 002
[I 2026-05-04 19:46:07,136] Trial 264 finished with value: 3.9110184866806557 and parameters: {'batch_size': 256, 'learning_rate': 0.0002724689760017332, 'num_resblk': 4, 'num_features': 96, 'weight_decay': 2.1088791930697287e-06}. Best is trial 236 with value: 3.476552987920827.
Early stopping triggered for trial 265 at epoch 042 | best epoch: 012
[I 2026-05-04 19:48:54,082] Trial 265 finished with value: 4.355182606598427 and parameters: {'batch_size': 256, 'learning_rate': 0.0002902484779283746, 'num_resblk': 12, 'num_features': 96, 'weight_decay': 1.4955632216087721e-06}. Best is trial 236 with value: 3.476552987920827.
Early stopping triggered for trial 266 at epoch 039 | best epoch: 009
[I 2026-05-04 19:50:42,635] Trial 266 finished with value: 4.386649715489354 and parameters: {'batch_size': 256, 'learning_rate': 0.00014911831906875208, 'num_resblk': 4, 'num_features': 96, 'weight_decay': 0.0005277649503871444}. Best is trial 236 with value: 3.476552987920827.
Early stopping triggered for trial 267 at epoch 042 | best epoch: 012
[I 2026-05-04 19:52:39,492] Trial 267 finished with value: 4.018589134874015 and parameters: {'batch_size': 256, 'learning_rate': 0.0001813482952712662, 'num_resblk': 4, 'num_features': 96, 'weight_decay': 1.8694781296082597e-06}. Best is trial 236 with value: 3.476552987920827.
Early stopping triggered for trial 268 at epoch 036 | best epoch: 006
[I 2026-05-04 19:54:19,725] Trial 268 finished with value: 3.7044009833500304 and parameters: {'batch_size': 256, 'learning_rate': 0.0002809021983409921, 'num_resblk': 4, 'num_features': 96, 'weight_decay': 1.1244567567418692e-06}. Best is trial 236 with value: 3.476552987920827.
Early stopping triggered for trial 269 at epoch 043 | best epoch: 013
[I 2026-05-04 19:55:47,995] Trial 269 finished with value: 4.334697912479269 and parameters: {'batch_size': 256, 'learning_rate': 0.00013365185563027376, 'num_resblk': 4, 'num_features': 64, 'weight_decay': 2.456870939092831e-06}. Best is trial 236 with value: 3.476552987920827.
Early stopping triggered for trial 270 at epoch 034 | best epoch: 004
[I 2026-05-04 19:57:23,044] Trial 270 finished with value: 3.6607060761287293 and parameters: {'batch_size': 256, 'learning_rate': 0.0002840315658961577, 'num_resblk': 4, 'num_features': 96, 'weight_decay': 0.0007798804528888237}. Best is trial 236 with value: 3.476552987920827.
Early stopping triggered for trial 271 at epoch 046 | best epoch: 016
