[I 2026-04-24 19:22:19,474] Trial 409 finished with value: 0.6509706203279824 and parameters: {'batch_size': 128, 'learning_rate': 0.0002933163133047237, 'num_resblk': 8, 'num_features': 128, 'weight_decay': 0.0006241695692707974, 'domain_hidden_dim': 64, 'alpha_domain': 0.013662911084843745}. Best is trial 362 with value: 0.5803856089197356.
[I 2026-04-24 19:23:49,974] Trial 410 finished with value: 0.7395651289101305 and parameters: {'batch_size': 128, 'learning_rate': 0.0002935497873897398, 'num_resblk': 8, 'num_features': 128, 'weight_decay': 0.0006471436777900375, 'domain_hidden_dim': 128, 'alpha_domain': 0.015068241843901676}. Best is trial 362 with value: 0.5803856089197356.
[I 2026-04-24 19:25:20,130] Trial 411 finished with value: 0.948969919106056 and parameters: {'batch_size': 128, 'learning_rate': 0.0002848838855164284, 'num_resblk': 8, 'num_features': 128, 'weight_decay': 0.0008081296054370589, 'domain_hidden_dim': 64, 'alpha_domain': 0.01744957667193854}. Best is trial 362 with value: 0.5803856089197356.
[I 2026-04-24 19:26:50,521] Trial 412 finished with value: 0.7666344406275913 and parameters: {'batch_size': 128, 'learning_rate': 0.00029413688237277155, 'num_resblk': 8, 'num_features': 128, 'weight_decay': 0.0006469980151713765, 'domain_hidden_dim': 128, 'alpha_domain': 0.013653848581346498}. Best is trial 362 with value: 0.5803856089197356.
[I 2026-04-24 19:28:04,192] Trial 413 finished with value: 0.7114677819712408 and parameters: {'batch_size': 128, 'learning_rate': 0.0002885947964639972, 'num_resblk': 8, 'num_features': 96, 'weight_decay': 0.00044466518494726026, 'domain_hidden_dim': 128, 'alpha_domain': 0.014224662261784397}. Best is trial 362 with value: 0.5803856089197356.
[I 2026-04-24 19:29:35,088] Trial 414 finished with value: 0.7206229248951221 and parameters: {'batch_size': 128, 'learning_rate': 0.00027797482864243544, 'num_resblk': 8, 'num_features': 128, 'weight_decay': 0.0008248524354531322, 'domain_hidden_dim': 128, 'alpha_domain': 0.012833350188802217}. Best is trial 362 with value: 0.5803856089197356.
[I 2026-04-24 19:31:06,185] Trial 415 finished with value: 0.8722512701462055 and parameters: {'batch_size': 128, 'learning_rate': 0.0002951148401868946, 'num_resblk': 8, 'num_features': 128, 'weight_decay': 0.0003746814603176845, 'domain_hidden_dim': 64, 'alpha_domain': 0.01344437854846654}. Best is trial 362 with value: 0.5803856089197356.
slurmstepd: error: *** JOB 6325424 ON d4052 CANCELLED AT 2026-04-24T19:31:12 DUE TO TIME LIMIT ***
