[I 2026-05-06 15:52:06,181] Trial 154 finished with value: 4.61771476781367 and parameters: {'batch_size': 256, 'learning_rate': 0.00027985022334789844, 'num_resblk': 10, 'num_features': 96, 'weight_decay': 3.939472149138767e-05}. Best is trial 145 with value: 4.251896773145961.
[I 2026-05-06 15:52:44,960] Trial 155 pruned. 
[I 2026-05-06 15:53:12,029] Trial 156 pruned. 
[I 2026-05-06 15:53:37,522] Trial 157 pruned. 
[I 2026-05-06 15:54:12,139] Trial 158 pruned. 
Early stopping triggered for trial 159 at epoch 035 | best epoch: 005
[I 2026-05-06 15:57:25,458] Trial 159 finished with value: 4.727132201318993 and parameters: {'batch_size': 256, 'learning_rate': 0.00028751176094825434, 'num_resblk': 14, 'num_features': 96, 'weight_decay': 6.79724814802098e-05}. Best is trial 145 with value: 4.251896773145961.
[I 2026-05-06 15:57:57,311] Trial 160 pruned. 
Early stopping triggered for trial 161 at epoch 036 | best epoch: 006
[I 2026-05-06 16:02:10,767] Trial 161 finished with value: 4.24076890715272 and parameters: {'batch_size': 256, 'learning_rate': 0.00026339730503204526, 'num_resblk': 16, 'num_features': 128, 'weight_decay': 0.000513657402585687}. Best is trial 161 with value: 4.24076890715272.
[I 2026-05-06 16:02:52,676] Trial 162 pruned. 
Early stopping triggered for trial 163 at epoch 041 | best epoch: 011
[I 2026-05-06 16:07:40,089] Trial 163 finished with value: 4.785951568802005 and parameters: {'batch_size': 256, 'learning_rate': 0.000269612672018019, 'num_resblk': 16, 'num_features': 128, 'weight_decay': 0.0007347024698040903}. Best is trial 161 with value: 4.24076890715272.
Early stopping triggered for trial 164 at epoch 042 | best epoch: 012
[I 2026-05-06 16:12:34,233] Trial 164 finished with value: 4.636099092511174 and parameters: {'batch_size': 256, 'learning_rate': 0.00029306604330492207, 'num_resblk': 16, 'num_features': 128, 'weight_decay': 0.0004267067969875495}. Best is trial 161 with value: 4.24076890715272.
[I 2026-05-06 16:13:16,216] Trial 165 pruned. 
[I 2026-05-06 16:13:38,362] Trial 166 pruned. 
Early stopping triggered for trial 167 at epoch 042 | best epoch: 012
[I 2026-05-06 16:17:36,637] Trial 167 finished with value: 4.444167908142873 and parameters: {'batch_size': 256, 'learning_rate': 0.0002818384058344778, 'num_resblk': 4, 'num_features': 128, 'weight_decay': 0.0005841368477237002}. Best is trial 161 with value: 4.24076890715272.
Early stopping triggered for trial 168 at epoch 041 | best epoch: 011
[I 2026-05-06 16:21:29,456] Trial 168 finished with value: 4.372829282638712 and parameters: {'batch_size': 256, 'learning_rate': 0.00028319273949642014, 'num_resblk': 4, 'num_features': 128, 'weight_decay': 0.0006782832765871867}. Best is trial 161 with value: 4.24076890715272.
[I 2026-05-06 16:21:56,576] Trial 169 pruned. 
[I 2026-05-06 16:22:10,089] Trial 170 pruned. 
Early stopping triggered for trial 171 at epoch 040 | best epoch: 010
[I 2026-05-06 16:26:00,161] Trial 171 finished with value: 4.467579075978344 and parameters: {'batch_size': 256, 'learning_rate': 0.0002728846200058878, 'num_resblk': 4, 'num_features': 128, 'weight_decay': 0.0005483599548627394}. Best is trial 161 with value: 4.24076890715272.
Early stopping triggered for trial 172 at epoch 039 | best epoch: 009
[I 2026-05-06 16:29:44,175] Trial 172 finished with value: 4.4430755888685 and parameters: {'batch_size': 256, 'learning_rate': 0.0002720589262660876, 'num_resblk': 4, 'num_features': 128, 'weight_decay': 0.0005557536759496585}. Best is trial 161 with value: 4.24076890715272.
Early stopping triggered for trial 173 at epoch 062 | best epoch: 032
[I 2026-05-06 16:35:35,933] Trial 173 finished with value: 4.815800297954289 and parameters: {'batch_size': 256, 'learning_rate': 0.0002837368954460233, 'num_resblk': 4, 'num_features': 128, 'weight_decay': 0.0005541159808480786}. Best is trial 161 with value: 4.24076890715272.
Early stopping triggered for trial 174 at epoch 039 | best epoch: 009
[I 2026-05-06 16:39:20,442] Trial 174 finished with value: 4.440443042358562 and parameters: {'batch_size': 256, 'learning_rate': 0.0002700191230530366, 'num_resblk': 4, 'num_features': 128, 'weight_decay': 0.0008991572007660405}. Best is trial 161 with value: 4.24076890715272.
[I 2026-05-06 16:39:59,654] Trial 175 pruned. 
Early stopping triggered for trial 176 at epoch 037 | best epoch: 007
[I 2026-05-06 16:43:33,050] Trial 176 finished with value: 4.287865675302497 and parameters: {'batch_size': 256, 'learning_rate': 0.00029669858256252505, 'num_resblk': 4, 'num_features': 128, 'weight_decay': 0.0007613914078957429}. Best is trial 161 with value: 4.24076890715272.
Early stopping triggered for trial 177 at epoch 068 | best epoch: 038
[I 2026-05-06 16:49:59,023] Trial 177 finished with value: 4.393128372424694 and parameters: {'batch_size': 256, 'learning_rate': 0.0002959900129352568, 'num_resblk': 4, 'num_features': 128, 'weight_decay': 0.0007280264009007953}. Best is trial 161 with value: 4.24076890715272.
Early stopping triggered for trial 178 at epoch 054 | best epoch: 024
[I 2026-05-06 16:55:06,420] Trial 178 finished with value: 4.71970222171251 and parameters: {'batch_size': 256, 'learning_rate': 0.0002974269376450236, 'num_resblk': 4, 'num_features': 128, 'weight_decay': 0.0007770519608805575}. Best is trial 161 with value: 4.24076890715272.
Early stopping triggered for trial 179 at epoch 052 | best epoch: 022
[I 2026-05-06 17:00:01,102] Trial 179 finished with value: 4.667086633843247 and parameters: {'batch_size': 256, 'learning_rate': 0.00029205548327907284, 'num_resblk': 4, 'num_features': 128, 'weight_decay': 0.0009537506155073859}. Best is trial 161 with value: 4.24076890715272.
[I 2026-05-06 17:00:34,525] Trial 180 pruned. 
[I 2026-05-06 17:01:08,011] Trial 181 pruned. 
[I 2026-05-06 17:01:47,682] Trial 182 pruned. 
Early stopping triggered for trial 183 at epoch 042 | best epoch: 012
[I 2026-05-06 17:05:50,183] Trial 183 finished with value: 4.529404880591185 and parameters: {'batch_size': 256, 'learning_rate': 0.0002743755444660296, 'num_resblk': 4, 'num_features': 128, 'weight_decay': 0.0007989589488627974}. Best is trial 161 with value: 4.24076890715272.
Early stopping triggered for trial 184 at epoch 039 | best epoch: 009
[I 2026-05-06 17:09:33,180] Trial 184 finished with value: 4.7080617528432835 and parameters: {'batch_size': 256, 'learning_rate': 0.00029971473028247747, 'num_resblk': 4, 'num_features': 128, 'weight_decay': 0.0004551563025617215}. Best is trial 161 with value: 4.24076890715272.
Early stopping triggered for trial 185 at epoch 046 | best epoch: 016
[I 2026-05-06 17:13:57,059] Trial 185 finished with value: 4.29392510491988 and parameters: {'batch_size': 256, 'learning_rate': 0.0002840502934422343, 'num_resblk': 4, 'num_features': 128, 'weight_decay': 0.0008746262984977759}. Best is trial 161 with value: 4.24076890715272.
[I 2026-05-06 17:14:30,787] Trial 186 pruned. 
Early stopping triggered for trial 187 at epoch 046 | best epoch: 016
[I 2026-05-06 17:18:53,133] Trial 187 finished with value: 4.354099840803387 and parameters: {'batch_size': 256, 'learning_rate': 0.00029277618845951884, 'num_resblk': 4, 'num_features': 128, 'weight_decay': 0.0006706848072887798}. Best is trial 161 with value: 4.24076890715272.
Early stopping triggered for trial 188 at epoch 055 | best epoch: 025
[I 2026-05-06 17:24:06,179] Trial 188 finished with value: 4.784522603193925 and parameters: {'batch_size': 256, 'learning_rate': 0.0002939180773322765, 'num_resblk': 4, 'num_features': 128, 'weight_decay': 0.0006823285103325475}. Best is trial 161 with value: 4.24076890715272.
[I 2026-05-06 17:24:39,833] Trial 189 pruned. 
Early stopping triggered for trial 190 at epoch 042 | best epoch: 012
[I 2026-05-06 17:28:40,482] Trial 190 finished with value: 4.569881340612623 and parameters: {'batch_size': 256, 'learning_rate': 0.00027226998990318986, 'num_resblk': 4, 'num_features': 128, 'weight_decay': 0.0005311568476810229}. Best is trial 161 with value: 4.24076890715272.
[I 2026-05-06 17:29:14,445] Trial 191 pruned. 
[I 2026-05-06 17:29:53,940] Trial 192 pruned. 
[I 2026-05-06 17:30:28,128] Trial 193 pruned. 
[I 2026-05-06 17:31:02,189] Trial 194 pruned. 
[I 2026-05-06 17:31:36,243] Trial 195 pruned. 
[I 2026-05-06 17:32:49,700] Trial 196 pruned. 
Early stopping triggered for trial 197 at epoch 038 | best epoch: 008
[I 2026-05-06 17:36:27,370] Trial 197 finished with value: 4.759152777651612 and parameters: {'batch_size': 256, 'learning_rate': 0.00026913336962573514, 'num_resblk': 4, 'num_features': 128, 'weight_decay': 0.00037878639720656}. Best is trial 161 with value: 4.24076890715272.
[I 2026-05-06 17:37:01,374] Trial 198 pruned. 
[I 2026-05-06 17:37:35,131] Trial 199 pruned. 
[I 2026-05-06 17:37:54,213] Trial 200 pruned. 
[I 2026-05-06 17:38:28,328] Trial 201 pruned. 
Early stopping triggered for trial 202 at epoch 037 | best epoch: 007
[I 2026-05-06 17:41:58,713] Trial 202 finished with value: 4.611983502370917 and parameters: {'batch_size': 256, 'learning_rate': 0.0002739301862825284, 'num_resblk': 4, 'num_features': 128, 'weight_decay': 3.0632169686741594e-05}. Best is trial 161 with value: 4.24076890715272.
[I 2026-05-06 17:42:32,514] Trial 203 pruned. 
Early stopping triggered for trial 204 at epoch 036 | best epoch: 006
[I 2026-05-06 17:45:56,873] Trial 204 finished with value: 4.199801231332437 and parameters: {'batch_size': 256, 'learning_rate': 0.0002864379325322609, 'num_resblk': 4, 'num_features': 128, 'weight_decay': 3.491631238125662e-05}. Best is trial 204 with value: 4.199801231332437.
[I 2026-05-06 17:46:30,681] Trial 205 pruned. 
[I 2026-05-06 17:47:05,631] Trial 206 pruned. 
[I 2026-05-06 17:47:39,678] Trial 207 pruned. 
[I 2026-05-06 17:48:14,086] Trial 208 pruned. 
Early stopping triggered for trial 209 at epoch 042 | best epoch: 012
[I 2026-05-06 17:52:12,243] Trial 209 finished with value: 4.117721035754514 and parameters: {'batch_size': 256, 'learning_rate': 0.0002665271397861063, 'num_resblk': 4, 'num_features': 128, 'weight_decay': 0.0001578759749503531}. Best is trial 209 with value: 4.117721035754514.
Early stopping triggered for trial 210 at epoch 049 | best epoch: 019
[I 2026-05-06 17:56:47,738] Trial 210 finished with value: 4.459967797318411 and parameters: {'batch_size': 256, 'learning_rate': 0.0002673863310423433, 'num_resblk': 4, 'num_features': 128, 'weight_decay': 0.000311099143016668}. Best is trial 209 with value: 4.117721035754514.
[I 2026-05-06 17:57:38,061] Trial 211 pruned. 
Early stopping triggered for trial 212 at epoch 039 | best epoch: 009
[I 2026-05-06 18:01:20,737] Trial 212 finished with value: 4.337129572644526 and parameters: {'batch_size': 256, 'learning_rate': 0.0002649938063943012, 'num_resblk': 4, 'num_features': 128, 'weight_decay': 0.00016602897589710412}. Best is trial 209 with value: 4.117721035754514.
Early stopping triggered for trial 213 at epoch 040 | best epoch: 010
[I 2026-05-06 18:05:09,349] Trial 213 finished with value: 4.442871693434105 and parameters: {'batch_size': 256, 'learning_rate': 0.0002671842514519816, 'num_resblk': 4, 'num_features': 128, 'weight_decay': 0.000415853170159535}. Best is trial 209 with value: 4.117721035754514.
[I 2026-05-06 18:05:43,151] Trial 214 pruned. 
[I 2026-05-06 18:06:16,610] Trial 215 pruned. 
[I 2026-05-06 18:06:50,549] Trial 216 pruned. 
Early stopping triggered for trial 217 at epoch 036 | best epoch: 006
[I 2026-05-06 18:10:15,846] Trial 217 finished with value: 4.552912821118419 and parameters: {'batch_size': 256, 'learning_rate': 0.0002850505197624107, 'num_resblk': 4, 'num_features': 128, 'weight_decay': 0.0002064606019479839}. Best is trial 209 with value: 4.117721035754514.
[I 2026-05-06 18:10:49,688] Trial 218 pruned. 
[I 2026-05-06 18:11:23,550] Trial 219 pruned. 
[I 2026-05-06 18:11:58,039] Trial 220 pruned. 
Early stopping triggered for trial 221 at epoch 057 | best epoch: 027
[I 2026-05-06 18:17:20,062] Trial 221 finished with value: 4.6082100089477125 and parameters: {'batch_size': 256, 'learning_rate': 0.0002713406773867661, 'num_resblk': 4, 'num_features': 128, 'weight_decay': 0.0005094075985856969}. Best is trial 209 with value: 4.117721035754514.
[I 2026-05-06 18:17:53,746] Trial 222 pruned. 
Early stopping triggered for trial 223 at epoch 043 | best epoch: 013
[I 2026-05-06 18:21:55,673] Trial 223 finished with value: 4.511128223674649 and parameters: {'batch_size': 256, 'learning_rate': 0.00027945482199112756, 'num_resblk': 4, 'num_features': 128, 'weight_decay': 0.0002392512829934347}. Best is trial 209 with value: 4.117721035754514.
Early stopping triggered for trial 224 at epoch 041 | best epoch: 011
[I 2026-05-06 18:25:47,887] Trial 224 finished with value: 4.278301887649431 and parameters: {'batch_size': 256, 'learning_rate': 0.0002632902728203585, 'num_resblk': 4, 'num_features': 128, 'weight_decay': 7.552794736632146e-06}. Best is trial 209 with value: 4.117721035754514.
[I 2026-05-06 18:26:21,814] Trial 225 pruned. 
[I 2026-05-06 18:26:55,810] Trial 226 pruned. 
[I 2026-05-06 18:27:29,575] Trial 227 pruned. 
[I 2026-05-06 18:28:03,429] Trial 228 pruned. 
[I 2026-05-06 18:28:16,793] Trial 229 pruned. 
[I 2026-05-06 18:28:56,392] Trial 230 pruned. 
Early stopping triggered for trial 231 at epoch 046 | best epoch: 016
[I 2026-05-06 18:33:18,894] Trial 231 finished with value: 4.6514546846044835 and parameters: {'batch_size': 256, 'learning_rate': 0.00027101924115341663, 'num_resblk': 4, 'num_features': 128, 'weight_decay': 1.1779038795620186e-05}. Best is trial 209 with value: 4.117721035754514.
[I 2026-05-06 18:33:52,179] Trial 232 pruned. 
Early stopping triggered for trial 233 at epoch 049 | best epoch: 019
[I 2026-05-06 18:38:26,690] Trial 233 finished with value: 5.036320048780931 and parameters: {'batch_size': 256, 'learning_rate': 0.0002761282829012297, 'num_resblk': 4, 'num_features': 128, 'weight_decay': 0.0004318384736767623}. Best is trial 209 with value: 4.117721035754514.
Early stopping triggered for trial 234 at epoch 042 | best epoch: 012
[I 2026-05-06 18:42:27,694] Trial 234 finished with value: 4.817152322317503 and parameters: {'batch_size': 256, 'learning_rate': 0.0002932719316040069, 'num_resblk': 4, 'num_features': 128, 'weight_decay': 0.0006680268797894696}. Best is trial 209 with value: 4.117721035754514.
Early stopping triggered for trial 235 at epoch 038 | best epoch: 008
[I 2026-05-06 18:46:06,947] Trial 235 finished with value: 4.199818462492279 and parameters: {'batch_size': 256, 'learning_rate': 0.0002815405152419348, 'num_resblk': 4, 'num_features': 128, 'weight_decay': 0.0003003048634314072}. Best is trial 209 with value: 4.117721035754514.
Early stopping triggered for trial 236 at epoch 052 | best epoch: 022
[I 2026-05-06 18:51:03,910] Trial 236 finished with value: 4.584785777224665 and parameters: {'batch_size': 256, 'learning_rate': 0.0002888100758879287, 'num_resblk': 4, 'num_features': 128, 'weight_decay': 0.00025916329893104954}. Best is trial 209 with value: 4.117721035754514.
Early stopping triggered for trial 237 at epoch 043 | best epoch: 013
[I 2026-05-06 18:55:10,014] Trial 237 finished with value: 4.735812038988409 and parameters: {'batch_size': 256, 'learning_rate': 0.0002796377840057074, 'num_resblk': 4, 'num_features': 128, 'weight_decay': 0.0003169467332097305}. Best is trial 209 with value: 4.117721035754514.
[I 2026-05-06 18:55:43,792] Trial 238 pruned. 
[I 2026-05-06 18:56:18,126] Trial 239 pruned. 
Early stopping triggered for trial 240 at epoch 046 | best epoch: 016
[I 2026-05-06 19:00:39,673] Trial 240 finished with value: 4.588587289024745 and parameters: {'batch_size': 256, 'learning_rate': 0.00029370684369465057, 'num_resblk': 4, 'num_features': 128, 'weight_decay': 0.0007527649381323739}. Best is trial 209 with value: 4.117721035754514.
[I 2026-05-06 19:01:13,398] Trial 241 pruned. 
Early stopping triggered for trial 242 at epoch 042 | best epoch: 012
[I 2026-05-06 19:05:10,527] Trial 242 finished with value: 4.45902123037862 and parameters: {'batch_size': 256, 'learning_rate': 0.00027430561190398334, 'num_resblk': 4, 'num_features': 128, 'weight_decay': 6.862537205997815e-06}. Best is trial 209 with value: 4.117721035754514.
[I 2026-05-06 19:05:44,173] Trial 243 pruned. 
[I 2026-05-06 19:06:17,982] Trial 244 pruned. 
[I 2026-05-06 19:06:51,775] Trial 245 pruned. 
[I 2026-05-06 19:07:25,437] Trial 246 pruned. 
Early stopping triggered for trial 247 at epoch 042 | best epoch: 012
[I 2026-05-06 19:11:24,405] Trial 247 finished with value: 4.630229807465208 and parameters: {'batch_size': 256, 'learning_rate': 0.0002696762210870864, 'num_resblk': 4, 'num_features': 128, 'weight_decay': 6.800883306692909e-06}. Best is trial 209 with value: 4.117721035754514.
[I 2026-05-06 19:12:03,851] Trial 248 pruned. 
Early stopping triggered for trial 249 at epoch 047 | best epoch: 017
[I 2026-05-06 19:16:30,318] Trial 249 finished with value: 4.505327982495185 and parameters: {'batch_size': 256, 'learning_rate': 0.0002643161685587209, 'num_resblk': 4, 'num_features': 128, 'weight_decay': 2.4435157638574722e-05}. Best is trial 209 with value: 4.117721035754514.
Early stopping triggered for trial 250 at epoch 043 | best epoch: 013
[I 2026-05-06 19:20:34,426] Trial 250 finished with value: 4.58347174089786 and parameters: {'batch_size': 256, 'learning_rate': 0.0002999864462535446, 'num_resblk': 4, 'num_features': 128, 'weight_decay': 0.0006875097942374837}. Best is trial 209 with value: 4.117721035754514.
[I 2026-05-06 19:21:12,448] Trial 251 pruned. 
[I 2026-05-06 19:21:46,221] Trial 252 pruned. 
[I 2026-05-06 19:22:19,960] Trial 253 pruned. 
[I 2026-05-06 19:22:53,625] Trial 254 pruned. 
[I 2026-05-06 19:23:25,407] Trial 255 pruned. 
[I 2026-05-06 19:23:59,219] Trial 256 pruned. 
Early stopping triggered for trial 257 at epoch 037 | best epoch: 007
[I 2026-05-06 19:27:29,293] Trial 257 finished with value: 4.340158901384397 and parameters: {'batch_size': 256, 'learning_rate': 0.00028532841770558985, 'num_resblk': 4, 'num_features': 128, 'weight_decay': 0.00045528461350304234}. Best is trial 209 with value: 4.117721035754514.
[I 2026-05-06 19:28:02,928] Trial 258 pruned. 
[I 2026-05-06 19:28:36,514] Trial 259 pruned. 
[I 2026-05-06 19:28:49,943] Trial 260 pruned. 
[I 2026-05-06 19:29:19,293] Trial 261 pruned. 
[I 2026-05-06 19:29:58,938] Trial 262 pruned. 
[I 2026-05-06 19:30:32,961] Trial 263 pruned. 
Early stopping triggered for trial 264 at epoch 042 | best epoch: 012
[I 2026-05-06 19:34:58,266] Trial 264 finished with value: 4.6085251603321105 and parameters: {'batch_size': 256, 'learning_rate': 0.0002932967539926729, 'num_resblk': 10, 'num_features': 128, 'weight_decay': 0.0006030246159769725}. Best is trial 209 with value: 4.117721035754514.
[I 2026-05-06 19:35:32,123] Trial 265 pruned. 
Early stopping triggered for trial 266 at epoch 059 | best epoch: 029
[I 2026-05-06 19:39:56,574] Trial 266 finished with value: 4.0280803863413395 and parameters: {'batch_size': 256, 'learning_rate': 0.0002728658010882016, 'num_resblk': 4, 'num_features': 96, 'weight_decay': 0.0008232475181577773}. Best is trial 266 with value: 4.0280803863413395.
Early stopping triggered for trial 267 at epoch 051 | best epoch: 021
[I 2026-05-06 19:43:46,739] Trial 267 finished with value: 4.21322744449693 and parameters: {'batch_size': 256, 'learning_rate': 0.0002996993605074075, 'num_resblk': 4, 'num_features': 96, 'weight_decay': 0.0007460595085484461}. Best is trial 266 with value: 4.0280803863413395.
[I 2026-05-06 19:44:14,749] Trial 268 pruned. 
[I 2026-05-06 19:44:41,818] Trial 269 pruned. 
[I 2026-05-06 19:45:08,707] Trial 270 pruned. 
[I 2026-05-06 19:45:37,885] Trial 271 pruned. 
[I 2026-05-06 19:46:05,133] Trial 272 pruned. 
[I 2026-05-06 19:46:32,592] Trial 273 pruned. 
[I 2026-05-06 19:47:06,887] Trial 274 pruned. 
[I 2026-05-06 19:47:40,943] Trial 275 pruned. 
[I 2026-05-06 19:48:08,071] Trial 276 pruned. 
slurmstepd: error: *** JOB 6586741 ON d4055 CANCELLED AT 2026-05-06T19:48:58 DUE TO TIME LIMIT ***
