[I 2026-04-30 18:31:21,826] Trial 260 finished with value: 4.648511648178101 and parameters: {'batch_size': 1024, 'learning_rate': 0.0001328418476885537, 'num_resblk': 4, 'num_features': 128, 'weight_decay': 7.962632473346061e-05}. Best is trial 107 with value: 3.884291172027588.
[I 2026-04-30 18:31:41,701] Trial 261 pruned. 
[I 2026-04-30 18:32:01,669] Trial 262 pruned. 
[I 2026-04-30 18:32:21,742] Trial 263 pruned. 
[I 2026-04-30 18:32:41,675] Trial 264 pruned. 
Early stopping triggered for trial 265 at epoch 043 | best epoch: 013
[I 2026-04-30 18:35:06,263] Trial 265 finished with value: 4.635471761226654 and parameters: {'batch_size': 1024, 'learning_rate': 0.0002014061345398599, 'num_resblk': 4, 'num_features': 128, 'weight_decay': 8.272696211998388e-06}. Best is trial 107 with value: 3.884291172027588.
[I 2026-04-30 18:35:26,174] Trial 266 pruned. 
[I 2026-04-30 18:35:46,005] Trial 267 pruned. 
Early stopping triggered for trial 268 at epoch 055 | best epoch: 025
[I 2026-04-30 18:38:50,114] Trial 268 finished with value: 4.479058027267456 and parameters: {'batch_size': 1024, 'learning_rate': 0.0001369229887495231, 'num_resblk': 4, 'num_features': 128, 'weight_decay': 8.557543181020102e-05}. Best is trial 107 with value: 3.884291172027588.
[I 2026-04-30 18:38:59,102] Trial 269 pruned. 
[I 2026-04-30 18:39:19,034] Trial 270 pruned. 
[I 2026-04-30 18:39:39,105] Trial 271 pruned. 
Early stopping triggered for trial 272 at epoch 055 | best epoch: 025
[I 2026-04-30 18:42:42,757] Trial 272 finished with value: 3.8322119414806366 and parameters: {'batch_size': 1024, 'learning_rate': 0.00019037823309955425, 'num_resblk': 4, 'num_features': 128, 'weight_decay': 7.20082944514834e-05}. Best is trial 272 with value: 3.8322119414806366.
[I 2026-04-30 18:43:08,173] Trial 273 pruned. 
Early stopping triggered for trial 274 at epoch 054 | best epoch: 024
[I 2026-04-30 18:46:08,849] Trial 274 finished with value: 4.270177334547043 and parameters: {'batch_size': 1024, 'learning_rate': 0.00018883096001067777, 'num_resblk': 4, 'num_features': 128, 'weight_decay': 6.979918086074127e-05}. Best is trial 272 with value: 3.8322119414806366.
[I 2026-04-30 18:46:29,118] Trial 275 pruned. 
[I 2026-04-30 18:46:40,944] Trial 276 pruned. 
[I 2026-04-30 18:47:00,915] Trial 277 pruned. 
[I 2026-04-30 18:47:20,035] Trial 278 pruned. 
Early stopping triggered for trial 279 at epoch 045 | best epoch: 015
[I 2026-04-30 18:49:51,502] Trial 279 finished with value: 4.315699577331543 and parameters: {'batch_size': 1024, 'learning_rate': 0.00015239602169842757, 'num_resblk': 4, 'num_features': 128, 'weight_decay': 0.00014428500926287922}. Best is trial 272 with value: 3.8322119414806366.
[I 2026-04-30 18:50:13,170] Trial 280 pruned. 
[I 2026-04-30 18:50:33,100] Trial 281 pruned. 
[I 2026-04-30 18:50:53,097] Trial 282 pruned. 
[I 2026-04-30 18:51:22,117] Trial 283 pruned. 
[I 2026-04-30 18:51:41,947] Trial 284 pruned. 
Early stopping triggered for trial 285 at epoch 061 | best epoch: 031
[I 2026-04-30 18:55:05,368] Trial 285 finished with value: 4.48499995470047 and parameters: {'batch_size': 1024, 'learning_rate': 0.00013590869670390468, 'num_resblk': 4, 'num_features': 128, 'weight_decay': 3.607393884023197e-05}. Best is trial 272 with value: 3.8322119414806366.
[I 2026-04-30 18:55:27,160] Trial 286 pruned. 
Early stopping triggered for trial 287 at epoch 067 | best epoch: 037
[I 2026-04-30 18:59:10,358] Trial 287 finished with value: 4.36223503947258 and parameters: {'batch_size': 1024, 'learning_rate': 0.00011064250978945977, 'num_resblk': 4, 'num_features': 128, 'weight_decay': 0.00017489111781579926}. Best is trial 272 with value: 3.8322119414806366.
Early stopping triggered for trial 288 at epoch 055 | best epoch: 025
[I 2026-04-30 19:02:13,990] Trial 288 finished with value: 4.106834650039673 and parameters: {'batch_size': 1024, 'learning_rate': 0.00014878956044538777, 'num_resblk': 4, 'num_features': 128, 'weight_decay': 9.47756475256028e-05}. Best is trial 272 with value: 3.8322119414806366.
[I 2026-04-30 19:02:33,927] Trial 289 pruned. 
Early stopping triggered for trial 290 at epoch 042 | best epoch: 012
[I 2026-04-30 19:04:55,002] Trial 290 finished with value: 4.826892912387848 and parameters: {'batch_size': 1024, 'learning_rate': 0.0001265804176559135, 'num_resblk': 4, 'num_features': 128, 'weight_decay': 8.980592197486004e-05}. Best is trial 272 with value: 3.8322119414806366.
[I 2026-04-30 19:05:14,985] Trial 291 pruned. 
[I 2026-04-30 19:05:34,945] Trial 292 pruned. 
[I 2026-04-30 19:05:54,905] Trial 293 pruned. 
[I 2026-04-30 19:06:03,906] Trial 294 pruned. 
[I 2026-04-30 19:06:23,857] Trial 295 pruned. 
[I 2026-04-30 19:06:47,406] Trial 296 pruned. 
[I 2026-04-30 19:07:07,387] Trial 297 pruned. 
[I 2026-04-30 19:07:27,394] Trial 298 pruned. 
[I 2026-04-30 19:07:47,259] Trial 299 pruned. 
Early stopping triggered for trial 300 at epoch 046 | best epoch: 016
[I 2026-04-30 19:10:21,529] Trial 300 finished with value: 4.784989356994629 and parameters: {'batch_size': 1024, 'learning_rate': 0.00019995901718255653, 'num_resblk': 4, 'num_features': 128, 'weight_decay': 6.337680837045845e-05}. Best is trial 272 with value: 3.8322119414806366.
[I 2026-04-30 19:10:33,389] Trial 301 pruned. 
[I 2026-04-30 19:10:53,451] Trial 302 pruned. 
[I 2026-04-30 19:11:15,044] Trial 303 pruned. 
[I 2026-04-30 19:11:35,159] Trial 304 pruned. 
Early stopping triggered for trial 305 at epoch 055 | best epoch: 025
[I 2026-04-30 19:14:02,181] Trial 305 finished with value: 4.8051780462265015 and parameters: {'batch_size': 1024, 'learning_rate': 0.00015168361287285192, 'num_resblk': 4, 'num_features': 96, 'weight_decay': 7.265431654170775e-05}. Best is trial 272 with value: 3.8322119414806366.
[I 2026-04-30 19:14:22,164] Trial 306 pruned. 
[I 2026-04-30 19:14:42,218] Trial 307 pruned. 
[I 2026-04-30 19:15:02,364] Trial 308 pruned. 
[I 2026-04-30 19:15:22,326] Trial 309 pruned. 
[I 2026-04-30 19:15:42,186] Trial 310 pruned. 
[I 2026-04-30 19:16:02,041] Trial 311 pruned. 
[I 2026-04-30 19:16:22,112] Trial 312 pruned. 
[I 2026-04-30 19:16:42,107] Trial 313 pruned. 
Early stopping triggered for trial 314 at epoch 054 | best epoch: 024
[I 2026-04-30 19:19:42,704] Trial 314 finished with value: 4.854318678379059 and parameters: {'batch_size': 1024, 'learning_rate': 0.00012686614583408285, 'num_resblk': 4, 'num_features': 128, 'weight_decay': 1.671047563879276e-05}. Best is trial 272 with value: 3.8322119414806366.
[I 2026-04-30 19:20:02,716] Trial 315 pruned. 
Early stopping triggered for trial 316 at epoch 048 | best epoch: 018
[I 2026-04-30 19:22:43,597] Trial 316 finished with value: 4.620176434516907 and parameters: {'batch_size': 1024, 'learning_rate': 0.0001180627117403623, 'num_resblk': 4, 'num_features': 128, 'weight_decay': 5.9001542750686184e-05}. Best is trial 272 with value: 3.8322119414806366.
Early stopping triggered for trial 317 at epoch 048 | best epoch: 018
[I 2026-04-30 19:25:24,705] Trial 317 finished with value: 4.697141230106354 and parameters: {'batch_size': 1024, 'learning_rate': 0.00014593739859089874, 'num_resblk': 4, 'num_features': 128, 'weight_decay': 1.375109427747819e-05}. Best is trial 272 with value: 3.8322119414806366.
[I 2026-04-30 19:25:44,722] Trial 318 pruned. 
Early stopping triggered for trial 319 at epoch 055 | best epoch: 025
[I 2026-04-30 19:28:48,115] Trial 319 finished with value: 4.534581243991852 and parameters: {'batch_size': 1024, 'learning_rate': 0.00011257430726591068, 'num_resblk': 4, 'num_features': 128, 'weight_decay': 0.00012915287957845394}. Best is trial 272 with value: 3.8322119414806366.
[I 2026-04-30 19:28:57,047] Trial 320 pruned. 
[I 2026-04-30 19:29:24,296] Trial 321 pruned. 
[I 2026-04-30 19:29:44,247] Trial 322 pruned. 
[I 2026-04-30 19:30:05,944] Trial 323 pruned. 
Early stopping triggered for trial 324 at epoch 051 | best epoch: 021
[I 2026-04-30 19:32:56,423] Trial 324 finished with value: 4.491965413093567 and parameters: {'batch_size': 1024, 'learning_rate': 0.00018363901353081122, 'num_resblk': 4, 'num_features': 128, 'weight_decay': 1.8914941204218542e-05}. Best is trial 272 with value: 3.8322119414806366.
[I 2026-04-30 19:33:16,340] Trial 325 pruned. 
[I 2026-04-30 19:33:36,283] Trial 326 pruned. 
[I 2026-04-30 19:33:49,413] Trial 327 pruned. 
Early stopping triggered for trial 328 at epoch 045 | best epoch: 015
[I 2026-04-30 19:36:20,550] Trial 328 finished with value: 4.850809276103973 and parameters: {'batch_size': 1024, 'learning_rate': 0.00017221446455924444, 'num_resblk': 4, 'num_features': 128, 'weight_decay': 1.6191846651867936e-05}. Best is trial 272 with value: 3.8322119414806366.
[I 2026-04-30 19:36:36,386] Trial 329 pruned. 
Early stopping triggered for trial 330 at epoch 059 | best epoch: 029
[I 2026-04-30 19:39:53,261] Trial 330 finished with value: 4.516445219516754 and parameters: {'batch_size': 1024, 'learning_rate': 0.00012530646525411388, 'num_resblk': 4, 'num_features': 128, 'weight_decay': 4.3165568502464076e-05}. Best is trial 272 with value: 3.8322119414806366.
[I 2026-04-30 19:40:13,224] Trial 331 pruned. 
[I 2026-04-30 19:40:44,100] Trial 332 pruned. 
[I 2026-04-30 19:41:09,619] Trial 333 pruned. 
[I 2026-04-30 19:41:29,707] Trial 334 pruned. 
[I 2026-04-30 19:41:49,776] Trial 335 pruned. 
[I 2026-04-30 19:42:09,720] Trial 336 pruned. 
Early stopping triggered for trial 337 at epoch 055 | best epoch: 025
[I 2026-04-30 19:45:13,405] Trial 337 finished with value: 4.649586915969849 and parameters: {'batch_size': 1024, 'learning_rate': 0.00013113044314214434, 'num_resblk': 4, 'num_features': 128, 'weight_decay': 7.127093593015833e-05}. Best is trial 272 with value: 3.8322119414806366.
[I 2026-04-30 19:45:33,396] Trial 338 pruned. 
Early stopping triggered for trial 339 at epoch 043 | best epoch: 013
[I 2026-04-30 19:47:57,801] Trial 339 finished with value: 4.678316712379456 and parameters: {'batch_size': 1024, 'learning_rate': 0.00011644024887111766, 'num_resblk': 4, 'num_features': 128, 'weight_decay': 9.46583972887306e-05}. Best is trial 272 with value: 3.8322119414806366.
[I 2026-04-30 19:48:21,519] Trial 340 pruned. 
Early stopping triggered for trial 341 at epoch 042 | best epoch: 012
[I 2026-04-30 19:50:42,607] Trial 341 finished with value: 4.561291456222534 and parameters: {'batch_size': 1024, 'learning_rate': 0.00018127881525743824, 'num_resblk': 4, 'num_features': 128, 'weight_decay': 8.023635815726583e-05}. Best is trial 272 with value: 3.8322119414806366.
[I 2026-04-30 19:51:02,622] Trial 342 pruned. 
[I 2026-04-30 19:51:11,626] Trial 343 pruned. 
[I 2026-04-30 19:51:33,431] Trial 344 pruned. 
[I 2026-04-30 19:51:53,387] Trial 345 pruned. 
Early stopping triggered for trial 346 at epoch 042 | best epoch: 012
[I 2026-04-30 19:54:14,220] Trial 346 finished with value: 4.695863723754883 and parameters: {'batch_size': 1024, 'learning_rate': 0.0001078680723932997, 'num_resblk': 4, 'num_features': 128, 'weight_decay': 0.00010362966129858176}. Best is trial 272 with value: 3.8322119414806366.
Early stopping triggered for trial 347 at epoch 052 | best epoch: 022
[I 2026-04-30 19:57:07,797] Trial 347 finished with value: 4.195930182933807 and parameters: {'batch_size': 1024, 'learning_rate': 0.00019414153571163653, 'num_resblk': 4, 'num_features': 128, 'weight_decay': 7.155592477946228e-05}. Best is trial 272 with value: 3.8322119414806366.
Early stopping triggered for trial 348 at epoch 062 | best epoch: 032
[I 2026-04-30 20:00:34,743] Trial 348 finished with value: 4.23950520157814 and parameters: {'batch_size': 1024, 'learning_rate': 0.00020102477667849417, 'num_resblk': 4, 'num_features': 128, 'weight_decay': 6.147508342532824e-05}. Best is trial 272 with value: 3.8322119414806366.
[I 2026-04-30 20:00:54,653] Trial 349 pruned. 
[I 2026-04-30 20:01:14,565] Trial 350 pruned. 
Early stopping triggered for trial 351 at epoch 053 | best epoch: 023
[I 2026-04-30 20:04:11,537] Trial 351 finished with value: 4.256638705730438 and parameters: {'batch_size': 1024, 'learning_rate': 0.00019020435374392383, 'num_resblk': 4, 'num_features': 128, 'weight_decay': 6.248609047000548e-05}. Best is trial 272 with value: 3.8322119414806366.
[I 2026-04-30 20:04:23,297] Trial 352 pruned. 
[I 2026-04-30 20:04:43,302] Trial 353 pruned. 
[I 2026-04-30 20:05:03,249] Trial 354 pruned. 
Early stopping triggered for trial 355 at epoch 053 | best epoch: 023
[I 2026-04-30 20:07:59,934] Trial 355 finished with value: 4.502924978733063 and parameters: {'batch_size': 1024, 'learning_rate': 0.00020024212968220817, 'num_resblk': 4, 'num_features': 128, 'weight_decay': 7.117810737205359e-05}. Best is trial 272 with value: 3.8322119414806366.
Early stopping triggered for trial 356 at epoch 045 | best epoch: 015
[I 2026-04-30 20:10:01,035] Trial 356 finished with value: 4.940837383270264 and parameters: {'batch_size': 1024, 'learning_rate': 0.00019517247927058664, 'num_resblk': 4, 'num_features': 96, 'weight_decay': 6.620975473998423e-05}. Best is trial 272 with value: 3.8322119414806366.
Early stopping triggered for trial 357 at epoch 043 | best epoch: 013
[I 2026-04-30 20:12:25,260] Trial 357 finished with value: 4.354149699211121 and parameters: {'batch_size': 1024, 'learning_rate': 0.00021179710788291783, 'num_resblk': 4, 'num_features': 128, 'weight_decay': 4.759878668574963e-05}. Best is trial 272 with value: 3.8322119414806366.
[I 2026-04-30 20:12:45,189] Trial 358 pruned. 
Early stopping triggered for trial 359 at epoch 048 | best epoch: 018
[I 2026-04-30 20:15:26,190] Trial 359 finished with value: 4.422507703304291 and parameters: {'batch_size': 1024, 'learning_rate': 0.0001839546236593343, 'num_resblk': 4, 'num_features': 128, 'weight_decay': 7.599376795407787e-05}. Best is trial 272 with value: 3.8322119414806366.
[I 2026-04-30 20:15:46,256] Trial 360 pruned. 
[I 2026-04-30 20:16:06,311] Trial 361 pruned. 
Early stopping triggered for trial 362 at epoch 056 | best epoch: 026
[I 2026-04-30 20:19:13,018] Trial 362 finished with value: 4.829369306564331 and parameters: {'batch_size': 1024, 'learning_rate': 0.0001904082766375077, 'num_resblk': 4, 'num_features': 128, 'weight_decay': 5.432076202963727e-05}. Best is trial 272 with value: 3.8322119414806366.
[I 2026-04-30 20:19:33,023] Trial 363 pruned. 
Early stopping triggered for trial 364 at epoch 036 | best epoch: 006
[I 2026-04-30 20:21:34,153] Trial 364 finished with value: 4.624347567558289 and parameters: {'batch_size': 1024, 'learning_rate': 0.00018603385714208715, 'num_resblk': 4, 'num_features': 128, 'weight_decay': 7.169182368446658e-05}. Best is trial 272 with value: 3.8322119414806366.
[I 2026-04-30 20:21:54,120] Trial 365 pruned. 
Early stopping triggered for trial 366 at epoch 045 | best epoch: 015
[I 2026-04-30 20:24:38,752] Trial 366 finished with value: 4.4938125014305115 and parameters: {'batch_size': 1024, 'learning_rate': 0.00018059214174422766, 'num_resblk': 6, 'num_features': 128, 'weight_decay': 6.644327325397147e-05}. Best is trial 272 with value: 3.8322119414806366.
[I 2026-04-30 20:24:58,715] Trial 367 pruned. 
[I 2026-04-30 20:25:18,681] Trial 368 pruned. 
[I 2026-04-30 20:25:27,545] Trial 369 pruned. 
[I 2026-04-30 20:25:47,433] Trial 370 pruned. 
Early stopping triggered for trial 371 at epoch 045 | best epoch: 015
[I 2026-04-30 20:28:18,057] Trial 371 finished with value: 4.341414153575897 and parameters: {'batch_size': 1024, 'learning_rate': 0.0001833783492349384, 'num_resblk': 4, 'num_features': 128, 'weight_decay': 3.832396648913203e-05}. Best is trial 272 with value: 3.8322119414806366.
[I 2026-04-30 20:28:37,785] Trial 372 pruned. 
[I 2026-04-30 20:28:57,758] Trial 373 pruned. 
[I 2026-04-30 20:29:19,449] Trial 374 pruned. 
[I 2026-04-30 20:29:39,423] Trial 375 pruned. 
[I 2026-04-30 20:29:59,359] Trial 376 pruned. 
[I 2026-04-30 20:30:11,304] Trial 377 pruned. 
Early stopping triggered for trial 378 at epoch 048 | best epoch: 018
[I 2026-04-30 20:32:52,747] Trial 378 finished with value: 4.603524386882782 and parameters: {'batch_size': 1024, 'learning_rate': 0.00015858452992311448, 'num_resblk': 4, 'num_features': 128, 'weight_decay': 6.281792111915948e-05}. Best is trial 272 with value: 3.8322119414806366.
[I 2026-04-30 20:33:12,776] Trial 379 pruned. 
[I 2026-04-30 20:33:36,321] Trial 380 pruned. 
[I 2026-04-30 20:33:52,320] Trial 381 pruned. 
Early stopping triggered for trial 382 at epoch 058 | best epoch: 028
[I 2026-04-30 20:37:05,150] Trial 382 finished with value: 4.47837507724762 and parameters: {'batch_size': 1024, 'learning_rate': 0.00018004711819529222, 'num_resblk': 4, 'num_features': 128, 'weight_decay': 3.732443271239846e-05}. Best is trial 272 with value: 3.8322119414806366.
[I 2026-04-30 20:37:24,944] Trial 383 pruned. 
[I 2026-04-30 20:37:44,840] Trial 384 pruned. 
Early stopping triggered for trial 385 at epoch 053 | best epoch: 023
[I 2026-04-30 20:40:40,776] Trial 385 finished with value: 4.59138548374176 and parameters: {'batch_size': 1024, 'learning_rate': 0.00018556530211726808, 'num_resblk': 4, 'num_features': 128, 'weight_decay': 9.978871624258586e-05}. Best is trial 272 with value: 3.8322119414806366.
[I 2026-04-30 20:41:00,769] Trial 386 pruned. 
[I 2026-04-30 20:41:20,681] Trial 387 pruned. 
slurmstepd: error: *** JOB 6436368 ON d4055 CANCELLED AT 2026-04-30T20:43:06 DUE TO TIME LIMIT ***
