Running with:
rcm_var = tmean
gcm_name = CanESM2
rcm_name = CanRCM4
grid = NAM-44i
factor = 4
input_source = gcm
n_trials = 3000
epochs = 300
early_stopping_patience = 30
batch_sizes = [128, 256]
alpha_coarse = 0.5
model_name = SRResNet_DANN
train_end_year = 2005
val_start_year = 2081
end_year = 2100
Using device: cuda
Source input file: low_res.pth
Source mask file: low_res_mask.pth
Target adversarial input file: low_res.pth
Target validation input file: low_res.pth
Coarse consistency target file: coarse_4x.pth
Coarse consistency mask file: coarse_4x_mask.pth
All trial checkpoints will be saved to: /projects/sds-lab/Shuochen/downscaling/CORDEX/tmean.CanESM2.CanRCM4.day.NAM-44i.GCM_to_HR_RCM/trained_models/SRResNet_DANN/source_GCM_low_res/target_domain_gcm_val_gcm
Loaded shapes:
X_source_all             : torch.Size([55115, 1, 13, 29])
X_source_mask_all        : torch.Size([55115, 1, 13, 29])
X_target_domain_all      : torch.Size([55115, 1, 13, 29])
X_target_domain_mask_all : torch.Size([55115, 1, 13, 29])
X_target_val_all         : torch.Size([55115, 1, 13, 29])
X_target_val_mask_all    : torch.Size([55115, 1, 13, 29])
y                        : torch.Size([55115, 1, 52, 116])
mask_hr                  : torch.Size([55115, 1, 52, 116])
y_coarse_all             : torch.Size([55115, 1, 13, 29])
mask_coarse_all          : torch.Size([55115, 1, 13, 29])

Year-based split:
Source train : 1950-01-01 to 2005-12-31
Skipped years: 2006-01-01 to 2080-12-31
Target period: 2081-01-01 to 2100-12-31
Calendar     : no leap years

Domain definition:
Source supervised input : low_res.pth
Target adversarial input: low_res.pth
Target validation input : low_res.pth
Coarse consistency file : coarse_4x.pth

Computed indices:
train_end_idx: 20440
val_start_idx: 47815
expected_total: 55115

Source train shapes:
X_source_train            : torch.Size([20440, 1, 13, 29])
X_mask_source_train       : torch.Size([20440, 1, 13, 29])
y_source_train            : torch.Size([20440, 1, 52, 116])
mask_source_train         : torch.Size([20440, 1, 52, 116])
y_coarse_source_train     : torch.Size([20440, 1, 13, 29])
mask_coarse_source_train  : torch.Size([20440, 1, 13, 29])

Target adversarial shapes:
X_target_domain      : torch.Size([7300, 1, 13, 29])
X_mask_target_domain : torch.Size([7300, 1, 13, 29])

Target validation shapes:
X_target_val             : torch.Size([7300, 1, 13, 29])
X_mask_target_val        : torch.Size([7300, 1, 13, 29])
y_target_val             : torch.Size([7300, 1, 52, 116])
mask_target_val          : torch.Size([7300, 1, 52, 116])
y_coarse_target_val      : torch.Size([7300, 1, 13, 29])
mask_coarse_target_val   : torch.Size([7300, 1, 13, 29])

Normalization stats:
X_mean: 15.384552955627441
X_std : 11.16005802154541
X_max : 42.550724029541016
y_mean: 10.907337188720703
y_std : 10.831708908081055
y_max : 40.61493682861328
[I 2026-05-04 12:30:16,432] A new study created in memory with name: no-name-13782041-e5d3-4cb6-9360-702d04e8e86c
Early stopping triggered for trial 000 at epoch 043 | best epoch: 013
[I 2026-05-04 12:33:53,738] Trial 0 finished with value: 4.3607316633750655 and parameters: {'batch_size': 128, 'learning_rate': 0.00013770291386379046, 'num_resblk': 12, 'num_features': 64, 'weight_decay': 0.0003396730812396418, 'domain_hidden_dim': 64, 'alpha_domain': 0.04855228092913146}. Best is trial 0 with value: 4.3607316633750655.
Early stopping triggered for trial 001 at epoch 039 | best epoch: 009
[I 2026-05-04 12:35:49,913] Trial 1 finished with value: 4.655881914599188 and parameters: {'batch_size': 128, 'learning_rate': 0.00012185213428753098, 'num_resblk': 4, 'num_features': 64, 'weight_decay': 1.4245743695526838e-05, 'domain_hidden_dim': 256, 'alpha_domain': 0.16912827032684885}. Best is trial 0 with value: 4.3607316633750655.
Early stopping triggered for trial 002 at epoch 034 | best epoch: 004
[I 2026-05-04 12:40:19,089] Trial 2 finished with value: 4.214877173818391 and parameters: {'batch_size': 128, 'learning_rate': 0.00014986392566281867, 'num_resblk': 12, 'num_features': 128, 'weight_decay': 5.3357968762882107e-05, 'domain_hidden_dim': 256, 'alpha_domain': 0.16843109591043934}. Best is trial 2 with value: 4.214877173818391.
Early stopping triggered for trial 003 at epoch 038 | best epoch: 008
[I 2026-05-04 12:43:04,353] Trial 3 finished with value: 4.205363881999049 and parameters: {'batch_size': 256, 'learning_rate': 0.00024375400515822237, 'num_resblk': 6, 'num_features': 96, 'weight_decay': 1.757140893553388e-06, 'domain_hidden_dim': 64, 'alpha_domain': 0.06119244840770531}. Best is trial 3 with value: 4.205363881999049.
Early stopping triggered for trial 004 at epoch 054 | best epoch: 024
[I 2026-05-04 12:45:22,957] Trial 4 finished with value: 4.820338726043701 and parameters: {'batch_size': 256, 'learning_rate': 0.00019054443472904027, 'num_resblk': 8, 'num_features': 32, 'weight_decay': 0.00013374763050840333, 'domain_hidden_dim': 64, 'alpha_domain': 0.05193957856441939}. Best is trial 3 with value: 4.205363881999049.
[I 2026-05-04 12:45:55,312] Trial 5 pruned. 
Early stopping triggered for trial 006 at epoch 038 | best epoch: 008
[I 2026-05-04 12:48:25,879] Trial 6 finished with value: 4.247287894117421 and parameters: {'batch_size': 128, 'learning_rate': 0.00028391353169467164, 'num_resblk': 14, 'num_features': 32, 'weight_decay': 2.411482682584291e-06, 'domain_hidden_dim': 256, 'alpha_domain': 0.12647750386139253}. Best is trial 3 with value: 4.205363881999049.
Early stopping triggered for trial 007 at epoch 037 | best epoch: 007
[I 2026-05-04 12:51:42,235] Trial 7 finished with value: 4.290223343618985 and parameters: {'batch_size': 128, 'learning_rate': 0.00021117569798330234, 'num_resblk': 8, 'num_features': 96, 'weight_decay': 0.0004181374098569992, 'domain_hidden_dim': 256, 'alpha_domain': 0.10551282809148943}. Best is trial 3 with value: 4.205363881999049.
[I 2026-05-04 12:52:04,522] Trial 8 pruned. 
[I 2026-05-04 12:52:31,897] Trial 9 pruned. 
[I 2026-05-04 12:52:54,571] Trial 10 pruned. 
[I 2026-05-04 12:53:45,325] Trial 11 pruned. 
[I 2026-05-04 12:54:25,256] Trial 12 pruned. 
Early stopping triggered for trial 013 at epoch 033 | best epoch: 003
[I 2026-05-04 12:57:59,448] Trial 13 finished with value: 4.1198889551491575 and parameters: {'batch_size': 128, 'learning_rate': 0.00010536095649940032, 'num_resblk': 8, 'num_features': 128, 'weight_decay': 7.315357410580696e-06, 'domain_hidden_dim': 64, 'alpha_domain': 0.20387049648824687}. Best is trial 13 with value: 4.1198889551491575.
Early stopping triggered for trial 014 at epoch 045 | best epoch: 015
[I 2026-05-04 13:02:15,762] Trial 14 finished with value: 4.226262466660861 and parameters: {'batch_size': 128, 'learning_rate': 0.00010288926023554081, 'num_resblk': 6, 'num_features': 128, 'weight_decay': 6.033056955300538e-06, 'domain_hidden_dim': 64, 'alpha_domain': 0.28754039681624}. Best is trial 13 with value: 4.1198889551491575.
[I 2026-05-04 13:02:41,528] Trial 15 pruned. 
Early stopping triggered for trial 016 at epoch 040 | best epoch: 010
[I 2026-05-04 13:06:43,783] Trial 16 finished with value: 4.148042793931632 and parameters: {'batch_size': 256, 'learning_rate': 0.0001937901037006906, 'num_resblk': 8, 'num_features': 128, 'weight_decay': 7.1895358663699194e-06, 'domain_hidden_dim': 64, 'alpha_domain': 0.03249247572258449}. Best is trial 13 with value: 4.1198889551491575.
Early stopping triggered for trial 017 at epoch 038 | best epoch: 008
[I 2026-05-04 13:10:49,716] Trial 17 finished with value: 4.100353438278725 and parameters: {'batch_size': 128, 'learning_rate': 0.0001045574793018225, 'num_resblk': 8, 'num_features': 128, 'weight_decay': 7.666473324145692e-06, 'domain_hidden_dim': 128, 'alpha_domain': 0.031169124957249376}. Best is trial 17 with value: 4.100353438278725.
Early stopping triggered for trial 018 at epoch 043 | best epoch: 013
[I 2026-05-04 13:15:26,161] Trial 18 finished with value: 4.1383728652164855 and parameters: {'batch_size': 128, 'learning_rate': 0.00010055949233685244, 'num_resblk': 8, 'num_features': 128, 'weight_decay': 1.4604553605464045e-05, 'domain_hidden_dim': 128, 'alpha_domain': 0.026056673827485517}. Best is trial 17 with value: 4.100353438278725.
Early stopping triggered for trial 019 at epoch 041 | best epoch: 011
[I 2026-05-04 13:20:19,222] Trial 19 finished with value: 4.042217883570441 and parameters: {'batch_size': 128, 'learning_rate': 0.00011110252327565689, 'num_resblk': 10, 'num_features': 128, 'weight_decay': 3.3354861542037072e-06, 'domain_hidden_dim': 128, 'alpha_domain': 0.011686570271702758}. Best is trial 19 with value: 4.042217883570441.
Early stopping triggered for trial 020 at epoch 042 | best epoch: 012
[I 2026-05-04 13:26:22,312] Trial 20 finished with value: 4.3549063986745375 and parameters: {'batch_size': 128, 'learning_rate': 0.00011357023206026385, 'num_resblk': 14, 'num_features': 128, 'weight_decay': 3.0881075530113633e-06, 'domain_hidden_dim': 128, 'alpha_domain': 0.010047683609231037}. Best is trial 19 with value: 4.042217883570441.
Early stopping triggered for trial 021 at epoch 038 | best epoch: 008
[I 2026-05-04 13:30:54,709] Trial 21 finished with value: 3.961606428540986 and parameters: {'batch_size': 128, 'learning_rate': 0.00010908674833935037, 'num_resblk': 10, 'num_features': 128, 'weight_decay': 8.995543722883587e-06, 'domain_hidden_dim': 128, 'alpha_domain': 0.010055768432877664}. Best is trial 21 with value: 3.961606428540986.
Early stopping triggered for trial 022 at epoch 046 | best epoch: 016
[I 2026-05-04 13:36:23,400] Trial 22 finished with value: 4.423063533059482 and parameters: {'batch_size': 128, 'learning_rate': 0.00011184950074594401, 'num_resblk': 10, 'num_features': 128, 'weight_decay': 3.845967841284978e-06, 'domain_hidden_dim': 128, 'alpha_domain': 0.010639407071040604}. Best is trial 21 with value: 3.961606428540986.
Early stopping triggered for trial 023 at epoch 040 | best epoch: 010
[I 2026-05-04 13:41:10,065] Trial 23 finished with value: 3.7966618661222786 and parameters: {'batch_size': 128, 'learning_rate': 0.0001403620305831869, 'num_resblk': 10, 'num_features': 128, 'weight_decay': 1.2217853005187863e-05, 'domain_hidden_dim': 128, 'alpha_domain': 0.016584587824927964}. Best is trial 23 with value: 3.7966618661222786.
Early stopping triggered for trial 024 at epoch 034 | best epoch: 004
[I 2026-05-04 13:45:40,262] Trial 24 finished with value: 4.186162632087181 and parameters: {'batch_size': 128, 'learning_rate': 0.00014634176364713928, 'num_resblk': 12, 'num_features': 128, 'weight_decay': 1.373821867859575e-05, 'domain_hidden_dim': 128, 'alpha_domain': 0.015821696125986738}. Best is trial 23 with value: 3.7966618661222786.
[I 2026-05-04 13:46:22,543] Trial 25 pruned. 
Early stopping triggered for trial 026 at epoch 039 | best epoch: 009
[I 2026-05-04 13:51:02,587] Trial 26 finished with value: 3.967899741797612 and parameters: {'batch_size': 128, 'learning_rate': 0.00011747615779501657, 'num_resblk': 10, 'num_features': 128, 'weight_decay': 2.426120033879105e-05, 'domain_hidden_dim': 128, 'alpha_domain': 0.012325889175051563}. Best is trial 23 with value: 3.7966618661222786.
Early stopping triggered for trial 027 at epoch 044 | best epoch: 014
[I 2026-05-04 13:57:23,555] Trial 27 finished with value: 3.9794472620405 and parameters: {'batch_size': 128, 'learning_rate': 0.00015179987310197043, 'num_resblk': 14, 'num_features': 128, 'weight_decay': 2.426737735546198e-05, 'domain_hidden_dim': 128, 'alpha_domain': 0.020829398302094227}. Best is trial 23 with value: 3.7966618661222786.
[I 2026-05-04 13:57:45,031] Trial 28 pruned. 
Early stopping triggered for trial 029 at epoch 034 | best epoch: 004
[I 2026-05-04 14:02:17,010] Trial 29 finished with value: 4.206179865475359 and parameters: {'batch_size': 128, 'learning_rate': 0.0001399932545340576, 'num_resblk': 12, 'num_features': 128, 'weight_decay': 3.715300821390884e-05, 'domain_hidden_dim': 128, 'alpha_domain': 0.01437725078089085}. Best is trial 23 with value: 3.7966618661222786.
[I 2026-05-04 14:02:42,797] Trial 30 pruned. 
Early stopping triggered for trial 031 at epoch 035 | best epoch: 005
[I 2026-05-04 14:07:45,081] Trial 31 finished with value: 4.007488246621756 and parameters: {'batch_size': 128, 'learning_rate': 0.00015541473768923529, 'num_resblk': 14, 'num_features': 128, 'weight_decay': 2.7580969680066796e-05, 'domain_hidden_dim': 128, 'alpha_domain': 0.021667206462631483}. Best is trial 23 with value: 3.7966618661222786.
[I 2026-05-04 14:08:19,250] Trial 32 pruned. 
[I 2026-05-04 14:09:05,904] Trial 33 pruned. 
Early stopping triggered for trial 034 at epoch 039 | best epoch: 009
[I 2026-05-04 14:14:42,278] Trial 34 finished with value: 4.026941422758432 and parameters: {'batch_size': 128, 'learning_rate': 0.0001436065199604549, 'num_resblk': 14, 'num_features': 128, 'weight_decay': 9.058017312276156e-05, 'domain_hidden_dim': 128, 'alpha_domain': 0.023913887702088632}. Best is trial 23 with value: 3.7966618661222786.
Early stopping triggered for trial 035 at epoch 040 | best epoch: 010
[I 2026-05-04 14:19:27,774] Trial 35 finished with value: 3.8999858601339934 and parameters: {'batch_size': 128, 'learning_rate': 0.0001551093936119123, 'num_resblk': 10, 'num_features': 128, 'weight_decay': 9.98562394736085e-06, 'domain_hidden_dim': 128, 'alpha_domain': 0.0180098749137867}. Best is trial 23 with value: 3.7966618661222786.
Early stopping triggered for trial 036 at epoch 042 | best epoch: 012
[I 2026-05-04 14:22:34,922] Trial 36 finished with value: 4.239988195485082 and parameters: {'batch_size': 128, 'learning_rate': 0.00013204637936776792, 'num_resblk': 10, 'num_features': 64, 'weight_decay': 9.446926616627696e-06, 'domain_hidden_dim': 128, 'alpha_domain': 0.017132843710689006}. Best is trial 23 with value: 3.7966618661222786.
Early stopping triggered for trial 037 at epoch 033 | best epoch: 003
[I 2026-05-04 14:26:36,413] Trial 37 finished with value: 3.8386964181373857 and parameters: {'batch_size': 128, 'learning_rate': 0.00018009656976806682, 'num_resblk': 10, 'num_features': 128, 'weight_decay': 4.143958867319794e-05, 'domain_hidden_dim': 128, 'alpha_domain': 0.013014717312812323}. Best is trial 23 with value: 3.7966618661222786.
[I 2026-05-04 14:26:57,726] Trial 38 pruned. 
Early stopping triggered for trial 039 at epoch 035 | best epoch: 005
[I 2026-05-04 14:30:44,022] Trial 39 finished with value: 4.114937141023833 and parameters: {'batch_size': 128, 'learning_rate': 0.00016137525676957864, 'num_resblk': 8, 'num_features': 128, 'weight_decay': 5.103731634102515e-05, 'domain_hidden_dim': 256, 'alpha_domain': 0.08066171715751046}. Best is trial 23 with value: 3.7966618661222786.
[I 2026-05-04 14:31:18,751] Trial 40 pruned. 
Early stopping triggered for trial 041 at epoch 037 | best epoch: 007
[I 2026-05-04 14:35:44,893] Trial 41 finished with value: 4.059821034299916 and parameters: {'batch_size': 128, 'learning_rate': 0.00017350370791173017, 'num_resblk': 10, 'num_features': 128, 'weight_decay': 1.8981042878656795e-05, 'domain_hidden_dim': 128, 'alpha_domain': 0.012862731134930985}. Best is trial 23 with value: 3.7966618661222786.
Early stopping triggered for trial 042 at epoch 046 | best epoch: 016
[I 2026-05-04 14:41:14,411] Trial 42 finished with value: 3.894110243895958 and parameters: {'batch_size': 128, 'learning_rate': 0.00020463161436406772, 'num_resblk': 10, 'num_features': 128, 'weight_decay': 4.108637876126457e-05, 'domain_hidden_dim': 128, 'alpha_domain': 0.010593264963152667}. Best is trial 23 with value: 3.7966618661222786.
Early stopping triggered for trial 043 at epoch 050 | best epoch: 020
[I 2026-05-04 14:47:48,985] Trial 43 finished with value: 4.0548576856481615 and parameters: {'batch_size': 128, 'learning_rate': 0.00020624387605826445, 'num_resblk': 12, 'num_features': 128, 'weight_decay': 1.0191310819014867e-05, 'domain_hidden_dim': 128, 'alpha_domain': 0.010185766058879867}. Best is trial 23 with value: 3.7966618661222786.
Early stopping triggered for trial 044 at epoch 039 | best epoch: 009
[I 2026-05-04 14:52:28,917] Trial 44 finished with value: 4.010201088313399 and parameters: {'batch_size': 128, 'learning_rate': 0.00021094723586424283, 'num_resblk': 10, 'num_features': 128, 'weight_decay': 4.109398218402397e-05, 'domain_hidden_dim': 128, 'alpha_domain': 0.017724559513727842}. Best is trial 23 with value: 3.7966618661222786.
Early stopping triggered for trial 045 at epoch 053 | best epoch: 023
[I 2026-05-04 14:55:02,111] Trial 45 finished with value: 4.369125880044082 and parameters: {'batch_size': 128, 'learning_rate': 0.0001730767380791402, 'num_resblk': 8, 'num_features': 32, 'weight_decay': 8.972000467804913e-05, 'domain_hidden_dim': 256, 'alpha_domain': 0.014717840280342787}. Best is trial 23 with value: 3.7966618661222786.
Early stopping triggered for trial 046 at epoch 037 | best epoch: 007
[I 2026-05-04 14:59:57,242] Trial 46 finished with value: 3.910593949515244 and parameters: {'batch_size': 128, 'learning_rate': 0.00016279128780626026, 'num_resblk': 12, 'num_features': 128, 'weight_decay': 1.923641378707605e-06, 'domain_hidden_dim': 128, 'alpha_domain': 0.010021450213554103}. Best is trial 23 with value: 3.7966618661222786.
Early stopping triggered for trial 047 at epoch 038 | best epoch: 008
[I 2026-05-04 15:03:49,223] Trial 47 finished with value: 3.996626845721541 and parameters: {'batch_size': 256, 'learning_rate': 0.00015623730559862688, 'num_resblk': 12, 'num_features': 96, 'weight_decay': 2.1985350232332787e-06, 'domain_hidden_dim': 128, 'alpha_domain': 0.012948542709118011}. Best is trial 23 with value: 3.7966618661222786.
Early stopping triggered for trial 048 at epoch 034 | best epoch: 004
[I 2026-05-04 15:08:20,793] Trial 48 finished with value: 3.862661308255689 and parameters: {'batch_size': 128, 'learning_rate': 0.00016779464205179224, 'num_resblk': 12, 'num_features': 128, 'weight_decay': 1.3524711670092874e-06, 'domain_hidden_dim': 256, 'alpha_domain': 0.0668832346319214}. Best is trial 23 with value: 3.7966618661222786.
[I 2026-05-04 15:08:42,708] Trial 49 pruned. 
Early stopping triggered for trial 050 at epoch 035 | best epoch: 005
[I 2026-05-04 15:12:55,930] Trial 50 finished with value: 3.7798875446977287 and parameters: {'batch_size': 128, 'learning_rate': 0.00023121341422351193, 'num_resblk': 10, 'num_features': 128, 'weight_decay': 1.4156002744129235e-06, 'domain_hidden_dim': 256, 'alpha_domain': 0.0499186477033376}. Best is trial 50 with value: 3.7798875446977287.
Early stopping triggered for trial 051 at epoch 037 | best epoch: 007
[I 2026-05-04 15:17:26,880] Trial 51 finished with value: 3.8420531256445525 and parameters: {'batch_size': 128, 'learning_rate': 0.0002207551876172665, 'num_resblk': 10, 'num_features': 128, 'weight_decay': 1.390030874434964e-06, 'domain_hidden_dim': 256, 'alpha_domain': 0.08129867140251375}. Best is trial 50 with value: 3.7798875446977287.
Early stopping triggered for trial 052 at epoch 035 | best epoch: 005
[I 2026-05-04 15:21:39,404] Trial 52 finished with value: 4.135507489072865 and parameters: {'batch_size': 128, 'learning_rate': 0.00022092807314231172, 'num_resblk': 10, 'num_features': 128, 'weight_decay': 1.4907693187283364e-06, 'domain_hidden_dim': 256, 'alpha_domain': 0.08008396231764253}. Best is trial 50 with value: 3.7798875446977287.
Early stopping triggered for trial 053 at epoch 034 | best epoch: 004
[I 2026-05-04 15:25:19,761] Trial 53 finished with value: 4.125538275159639 and parameters: {'batch_size': 128, 'learning_rate': 0.0002504858403007502, 'num_resblk': 8, 'num_features': 128, 'weight_decay': 1.3781096690474506e-06, 'domain_hidden_dim': 256, 'alpha_domain': 0.061558992566958695}. Best is trial 50 with value: 3.7798875446977287.
Early stopping triggered for trial 054 at epoch 033 | best epoch: 003
[I 2026-05-04 15:29:17,961] Trial 54 finished with value: 3.93775239072997 and parameters: {'batch_size': 128, 'learning_rate': 0.0002793011143251502, 'num_resblk': 10, 'num_features': 128, 'weight_decay': 2.4806096191058498e-06, 'domain_hidden_dim': 256, 'alpha_domain': 0.10424024978092519}. Best is trial 50 with value: 3.7798875446977287.
Early stopping triggered for trial 055 at epoch 043 | best epoch: 013
[I 2026-05-04 15:34:58,959] Trial 55 finished with value: 4.096201867892824 and parameters: {'batch_size': 128, 'learning_rate': 0.00022519780575172715, 'num_resblk': 12, 'num_features': 128, 'weight_decay': 0.00022856749859591924, 'domain_hidden_dim': 256, 'alpha_domain': 0.05034392085523902}. Best is trial 50 with value: 3.7798875446977287.
Early stopping triggered for trial 056 at epoch 032 | best epoch: 002
[I 2026-05-04 15:38:02,597] Trial 56 finished with value: 4.049711617930182 and parameters: {'batch_size': 128, 'learning_rate': 0.00023814183787997925, 'num_resblk': 6, 'num_features': 128, 'weight_decay': 1.044660913653434e-06, 'domain_hidden_dim': 256, 'alpha_domain': 0.0678055171321231}. Best is trial 50 with value: 3.7798875446977287.
[I 2026-05-04 15:38:31,886] Trial 57 pruned. 
Early stopping triggered for trial 058 at epoch 036 | best epoch: 006
[I 2026-05-04 15:42:51,519] Trial 58 finished with value: 3.8647727226388864 and parameters: {'batch_size': 128, 'learning_rate': 0.0002506660018930292, 'num_resblk': 10, 'num_features': 128, 'weight_decay': 1.322269508243242e-06, 'domain_hidden_dim': 256, 'alpha_domain': 0.12634022927958666}. Best is trial 50 with value: 3.7798875446977287.
Early stopping triggered for trial 059 at epoch 035 | best epoch: 005
[I 2026-05-04 15:44:58,704] Trial 59 finished with value: 4.1165927155264495 and parameters: {'batch_size': 128, 'learning_rate': 0.00026902971280373493, 'num_resblk': 12, 'num_features': 32, 'weight_decay': 1.3139485085507732e-06, 'domain_hidden_dim': 256, 'alpha_domain': 0.1360772407799323}. Best is trial 50 with value: 3.7798875446977287.
Early stopping triggered for trial 060 at epoch 037 | best epoch: 007
