Using device: cuda
All trial checkpoints will be saved to: /projects/sds-lab/Shuochen/downscaling/cordex_canesm2/tmean.CanESM2.CanRCM4.day.NAM-44i.mbcn-gridMET/trained_models/SRResNet_DANN
Loaded shapes:
X       : torch.Size([55115, 1, 13, 29])
y       : torch.Size([55115, 1, 52, 116])
mask_hr : torch.Size([55115, 1, 52, 116])

Year-based split:
Source train : 1950-01-01 to 2005-12-31
Skipped years: 2006-01-01 to 2080-12-31
Target val   : 2081-01-01 to 2100-12-31

Source train shapes:
X_source_train    : torch.Size([20440, 1, 13, 29])
y_source_train    : torch.Size([20440, 1, 52, 116])
mask_source_train : torch.Size([20440, 1, 52, 116])

Target val shapes:
X_target_val      : torch.Size([7300, 1, 13, 29])
y_target_val      : torch.Size([7300, 1, 52, 116])
mask_target_val   : torch.Size([7300, 1, 52, 116])
[I 2026-04-24 11:31:16,489] A new study created in memory with name: no-name-ae8b42e4-0d58-478b-8914-272ae72d038f
[I 2026-04-24 11:32:34,317] Trial 0 finished with value: 1.2903749213136475 and parameters: {'batch_size': 128, 'learning_rate': 0.0001383344470608585, 'num_resblk': 4, 'num_features': 128, 'weight_decay': 8.97059451643904e-06, 'domain_hidden_dim': 128, 'alpha_domain': 0.3067215650344371}. Best is trial 0 with value: 1.2903749213136475.
[I 2026-04-24 11:33:09,912] Trial 1 finished with value: 2.3732438621849847 and parameters: {'batch_size': 128, 'learning_rate': 0.00021543240753275447, 'num_resblk': 6, 'num_features': 32, 'weight_decay': 9.133466823568421e-05, 'domain_hidden_dim': 256, 'alpha_domain': 0.624417512970568}. Best is trial 0 with value: 1.2903749213136475.
[I 2026-04-24 11:33:40,708] Trial 2 finished with value: 2.1376474109189263 and parameters: {'batch_size': 128, 'learning_rate': 0.00011342906049655114, 'num_resblk': 4, 'num_features': 32, 'weight_decay': 0.00014711758284967553, 'domain_hidden_dim': 256, 'alpha_domain': 0.4575301720197381}. Best is trial 0 with value: 1.2903749213136475.
[I 2026-04-24 11:35:24,049] Trial 3 finished with value: 1.2131791166190444 and parameters: {'batch_size': 128, 'learning_rate': 0.0001619092966334106, 'num_resblk': 14, 'num_features': 96, 'weight_decay': 4.088510879686729e-06, 'domain_hidden_dim': 64, 'alpha_domain': 0.6433394821107192}. Best is trial 3 with value: 1.2131791166190444.
[I 2026-04-24 11:36:48,345] Trial 4 finished with value: 2.802266303835244 and parameters: {'batch_size': 128, 'learning_rate': 0.0002486027054929855, 'num_resblk': 10, 'num_features': 96, 'weight_decay': 0.0001956132699498589, 'domain_hidden_dim': 128, 'alpha_domain': 0.6497489218258036}. Best is trial 3 with value: 1.2131791166190444.
[I 2026-04-24 11:38:21,391] Trial 5 finished with value: 1.8223543362370853 and parameters: {'batch_size': 128, 'learning_rate': 0.0001820198042774077, 'num_resblk': 8, 'num_features': 128, 'weight_decay': 7.76385443794432e-06, 'domain_hidden_dim': 64, 'alpha_domain': 0.39708978714098675}. Best is trial 3 with value: 1.2131791166190444.
[I 2026-04-24 11:40:15,767] Trial 6 finished with value: 1.6531127958462155 and parameters: {'batch_size': 128, 'learning_rate': 0.00014219350384756676, 'num_resblk': 12, 'num_features': 128, 'weight_decay': 3.3945616219134785e-06, 'domain_hidden_dim': 128, 'alpha_domain': 0.8332336231558899}. Best is trial 3 with value: 1.2131791166190444.
[I 2026-04-24 11:40:47,350] Trial 7 pruned. 
[I 2026-04-24 11:41:36,348] Trial 8 finished with value: 1.0182214255990654 and parameters: {'batch_size': 128, 'learning_rate': 0.00019636364326111252, 'num_resblk': 6, 'num_features': 64, 'weight_decay': 2.5408802883248144e-06, 'domain_hidden_dim': 128, 'alpha_domain': 0.030402142241974513}. Best is trial 8 with value: 1.0182214255990654.
[I 2026-04-24 11:42:46,972] Trial 9 finished with value: 1.5223951791894847 and parameters: {'batch_size': 256, 'learning_rate': 0.00015231138091193616, 'num_resblk': 8, 'num_features': 96, 'weight_decay': 1.2320139645910779e-06, 'domain_hidden_dim': 64, 'alpha_domain': 0.08742734059358087}. Best is trial 8 with value: 1.0182214255990654.
[I 2026-04-24 11:44:05,327] Trial 10 finished with value: 1.0019905834362424 and parameters: {'batch_size': 256, 'learning_rate': 0.00027763923331586797, 'num_resblk': 16, 'num_features': 64, 'weight_decay': 2.5565259943315997e-05, 'domain_hidden_dim': 128, 'alpha_domain': 0.015590968120205509}. Best is trial 10 with value: 1.0019905834362424.
[I 2026-04-24 11:45:23,610] Trial 11 finished with value: 0.9066821275086239 and parameters: {'batch_size': 256, 'learning_rate': 0.00027999953834113964, 'num_resblk': 16, 'num_features': 64, 'weight_decay': 2.7553477083857858e-05, 'domain_hidden_dim': 128, 'alpha_domain': 0.015702751547484153}. Best is trial 11 with value: 0.9066821275086239.
[I 2026-04-24 11:46:41,882] Trial 12 finished with value: 1.0914255133990585 and parameters: {'batch_size': 256, 'learning_rate': 0.000285206433525122, 'num_resblk': 16, 'num_features': 64, 'weight_decay': 1.9024278215124105e-05, 'domain_hidden_dim': 128, 'alpha_domain': 0.010163275339668711}. Best is trial 11 with value: 0.9066821275086239.
[I 2026-04-24 11:48:00,018] Trial 13 finished with value: 0.9092328055151577 and parameters: {'batch_size': 256, 'learning_rate': 0.0002968397342609723, 'num_resblk': 16, 'num_features': 64, 'weight_decay': 3.5860261684836464e-05, 'domain_hidden_dim': 128, 'alpha_domain': 0.010172732963844746}. Best is trial 11 with value: 0.9066821275086239.
[I 2026-04-24 11:49:11,931] Trial 14 finished with value: 1.1376511516242191 and parameters: {'batch_size': 256, 'learning_rate': 0.00023575538529622546, 'num_resblk': 14, 'num_features': 64, 'weight_decay': 6.255316371288344e-05, 'domain_hidden_dim': 128, 'alpha_domain': 0.03196180527002576}. Best is trial 11 with value: 0.9066821275086239.
[I 2026-04-24 11:49:40,604] Trial 15 pruned. 
[I 2026-04-24 11:50:17,245] Trial 16 pruned. 
[I 2026-04-24 11:50:55,615] Trial 17 pruned. 
[I 2026-04-24 11:52:00,975] Trial 18 finished with value: 1.113231136881072 and parameters: {'batch_size': 256, 'learning_rate': 0.00026326964400528953, 'num_resblk': 12, 'num_features': 64, 'weight_decay': 3.661380551836902e-05, 'domain_hidden_dim': 128, 'alpha_domain': 0.014469603823977818}. Best is trial 11 with value: 0.9066821275086239.
[I 2026-04-24 11:52:18,611] Trial 19 pruned. 
[I 2026-04-24 11:53:36,917] Trial 20 finished with value: 0.9350673289134585 and parameters: {'batch_size': 256, 'learning_rate': 0.00018667631216528701, 'num_resblk': 16, 'num_features': 64, 'weight_decay': 0.00032257697648330517, 'domain_hidden_dim': 128, 'alpha_domain': 0.02111639167148397}. Best is trial 11 with value: 0.9066821275086239.
[I 2026-04-24 11:54:55,033] Trial 21 finished with value: 1.0546050092269634 and parameters: {'batch_size': 256, 'learning_rate': 0.00018456024795174402, 'num_resblk': 16, 'num_features': 64, 'weight_decay': 0.00043246202946093314, 'domain_hidden_dim': 128, 'alpha_domain': 0.01796000331210498}. Best is trial 11 with value: 0.9066821275086239.
[I 2026-04-24 11:56:13,491] Trial 22 finished with value: 0.9533515223141374 and parameters: {'batch_size': 256, 'learning_rate': 0.0001285182049439642, 'num_resblk': 16, 'num_features': 64, 'weight_decay': 0.00025551935949621476, 'domain_hidden_dim': 128, 'alpha_domain': 0.01076303171206422}. Best is trial 11 with value: 0.9066821275086239.
[I 2026-04-24 11:57:25,574] Trial 23 finished with value: 1.0391722938110088 and parameters: {'batch_size': 256, 'learning_rate': 0.0002663144970989661, 'num_resblk': 14, 'num_features': 64, 'weight_decay': 5.258584420939998e-05, 'domain_hidden_dim': 128, 'alpha_domain': 0.020506468396548738}. Best is trial 11 with value: 0.9066821275086239.
[I 2026-04-24 11:58:02,115] Trial 24 pruned. 
[I 2026-04-24 11:59:07,512] Trial 25 finished with value: 1.2596123136323074 and parameters: {'batch_size': 256, 'learning_rate': 0.0002339173321913746, 'num_resblk': 12, 'num_features': 64, 'weight_decay': 1.3285516977130998e-05, 'domain_hidden_dim': 128, 'alpha_domain': 0.022042609604536193}. Best is trial 11 with value: 0.9066821275086239.
[I 2026-04-24 11:59:36,305] Trial 26 pruned. 
[I 2026-04-24 11:59:57,489] Trial 27 pruned. 
[I 2026-04-24 12:00:43,918] Trial 28 pruned. 
[I 2026-04-24 12:02:49,207] Trial 29 finished with value: 1.1322055356255893 and parameters: {'batch_size': 256, 'learning_rate': 0.0002534695862088526, 'num_resblk': 16, 'num_features': 128, 'weight_decay': 7.781347293475469e-06, 'domain_hidden_dim': 64, 'alpha_domain': 0.08063310612181562}. Best is trial 11 with value: 0.9066821275086239.
[I 2026-04-24 12:03:15,627] Trial 30 pruned. 
[I 2026-04-24 12:03:57,684] Trial 31 pruned. 
[I 2026-04-24 12:04:29,138] Trial 32 pruned. 
[I 2026-04-24 12:04:58,242] Trial 33 pruned. 
[I 2026-04-24 12:05:19,409] Trial 34 pruned. 
[I 2026-04-24 12:06:35,716] Trial 35 finished with value: 0.9361920603390398 and parameters: {'batch_size': 128, 'learning_rate': 0.00012226191725823703, 'num_resblk': 14, 'num_features': 64, 'weight_decay': 6.312538622627723e-05, 'domain_hidden_dim': 128, 'alpha_domain': 0.019278923096413138}. Best is trial 11 with value: 0.9066821275086239.
[I 2026-04-24 12:08:18,744] Trial 36 finished with value: 1.152563804182513 and parameters: {'batch_size': 128, 'learning_rate': 0.00010435934159879051, 'num_resblk': 14, 'num_features': 96, 'weight_decay': 6.836669728280745e-05, 'domain_hidden_dim': 128, 'alpha_domain': 0.03772919943077656}. Best is trial 11 with value: 0.9066821275086239.
[I 2026-04-24 12:09:00,996] Trial 37 finished with value: 0.8417477700217016 and parameters: {'batch_size': 128, 'learning_rate': 0.00011864253688527684, 'num_resblk': 4, 'num_features': 64, 'weight_decay': 1.8669140926598784e-05, 'domain_hidden_dim': 64, 'alpha_domain': 0.01884458147084425}. Best is trial 37 with value: 0.8417477700217016.
[I 2026-04-24 12:10:12,972] Trial 38 finished with value: 1.1191289527662869 and parameters: {'batch_size': 128, 'learning_rate': 0.00020465312650474565, 'num_resblk': 4, 'num_features': 128, 'weight_decay': 1.5839938795277406e-05, 'domain_hidden_dim': 64, 'alpha_domain': 0.13050498321167228}. Best is trial 37 with value: 0.8417477700217016.
[I 2026-04-24 12:10:27,297] Trial 39 pruned. 
[I 2026-04-24 12:11:24,742] Trial 40 finished with value: 1.1121360782919258 and parameters: {'batch_size': 128, 'learning_rate': 0.00015145746367313255, 'num_resblk': 4, 'num_features': 96, 'weight_decay': 5.857137534363888e-06, 'domain_hidden_dim': 64, 'alpha_domain': 0.0677461085116833}. Best is trial 37 with value: 0.8417477700217016.
[I 2026-04-24 12:12:20,634] Trial 41 finished with value: 0.7484136922606106 and parameters: {'batch_size': 128, 'learning_rate': 0.0001147674152540292, 'num_resblk': 8, 'num_features': 64, 'weight_decay': 2.0877932269631776e-05, 'domain_hidden_dim': 64, 'alpha_domain': 0.01854158336805895}. Best is trial 41 with value: 0.7484136922606106.
[I 2026-04-24 12:13:16,483] Trial 42 finished with value: 0.8558448347552069 and parameters: {'batch_size': 128, 'learning_rate': 0.00011284189845951563, 'num_resblk': 8, 'num_features': 64, 'weight_decay': 2.243309026065177e-05, 'domain_hidden_dim': 64, 'alpha_domain': 0.02749577731629089}. Best is trial 41 with value: 0.7484136922606106.
[I 2026-04-24 12:14:12,518] Trial 43 finished with value: 0.886286021306597 and parameters: {'batch_size': 128, 'learning_rate': 0.00011033455304149479, 'num_resblk': 8, 'num_features': 64, 'weight_decay': 2.3240970180832276e-05, 'domain_hidden_dim': 64, 'alpha_domain': 0.027631194053329474}. Best is trial 41 with value: 0.7484136922606106.
[I 2026-04-24 12:14:38,570] Trial 44 pruned. 
[I 2026-04-24 12:15:40,971] Trial 45 finished with value: 0.9642677399618872 and parameters: {'batch_size': 128, 'learning_rate': 0.00011787857475413651, 'num_resblk': 10, 'num_features': 64, 'weight_decay': 9.97019720511306e-06, 'domain_hidden_dim': 64, 'alpha_domain': 0.03378710443072403}. Best is trial 41 with value: 0.7484136922606106.
[I 2026-04-24 12:16:36,884] Trial 46 finished with value: 0.7139475006481697 and parameters: {'batch_size': 128, 'learning_rate': 0.00010805969529019657, 'num_resblk': 8, 'num_features': 64, 'weight_decay': 2.5665162708600725e-05, 'domain_hidden_dim': 64, 'alpha_domain': 0.024228161851979475}. Best is trial 46 with value: 0.7139475006481697.
[I 2026-04-24 12:17:52,487] Trial 47 finished with value: 0.930559174767856 and parameters: {'batch_size': 128, 'learning_rate': 0.000109346750155665, 'num_resblk': 8, 'num_features': 96, 'weight_decay': 2.068192970239242e-05, 'domain_hidden_dim': 64, 'alpha_domain': 0.04365800049689823}. Best is trial 46 with value: 0.7139475006481697.
[I 2026-04-24 12:18:22,286] Trial 48 pruned. 
[I 2026-04-24 12:19:01,014] Trial 49 pruned. 
[I 2026-04-24 12:20:03,616] Trial 50 finished with value: 0.783788608065967 and parameters: {'batch_size': 128, 'learning_rate': 0.0001197802271660308, 'num_resblk': 10, 'num_features': 64, 'weight_decay': 4.485779648698712e-05, 'domain_hidden_dim': 64, 'alpha_domain': 0.05724429591916994}. Best is trial 46 with value: 0.7139475006481697.
[I 2026-04-24 12:21:06,181] Trial 51 finished with value: 1.0737930392396862 and parameters: {'batch_size': 128, 'learning_rate': 0.00011925421783938328, 'num_resblk': 10, 'num_features': 64, 'weight_decay': 4.3744292511479373e-05, 'domain_hidden_dim': 64, 'alpha_domain': 0.06089551051606158}. Best is trial 46 with value: 0.7139475006481697.
[I 2026-04-24 12:21:32,250] Trial 52 pruned. 
[I 2026-04-24 12:22:01,518] Trial 53 pruned. 
[I 2026-04-24 12:22:56,932] Trial 54 finished with value: 0.9013138197619339 and parameters: {'batch_size': 128, 'learning_rate': 0.00011608951585590474, 'num_resblk': 8, 'num_features': 64, 'weight_decay': 1.2337689212801878e-05, 'domain_hidden_dim': 64, 'alpha_domain': 0.016733511996613232}. Best is trial 46 with value: 0.7139475006481697.
[I 2026-04-24 12:23:26,618] Trial 55 pruned. 
[I 2026-04-24 12:23:52,781] Trial 56 pruned. 
[I 2026-04-24 12:24:21,875] Trial 57 pruned. 
[I 2026-04-24 12:25:17,478] Trial 58 finished with value: 0.9388922154903412 and parameters: {'batch_size': 128, 'learning_rate': 0.00013826576192673957, 'num_resblk': 8, 'num_features': 64, 'weight_decay': 3.125451719341263e-05, 'domain_hidden_dim': 64, 'alpha_domain': 0.027789216878039143}. Best is trial 46 with value: 0.7139475006481697.
[I 2026-04-24 12:26:06,340] Trial 59 finished with value: 0.9465383486501102 and parameters: {'batch_size': 128, 'learning_rate': 0.00011451008009484008, 'num_resblk': 6, 'num_features': 64, 'weight_decay': 1.2831835733144187e-06, 'domain_hidden_dim': 64, 'alpha_domain': 0.013936990851723436}. Best is trial 46 with value: 0.7139475006481697.
[I 2026-04-24 12:26:22,603] Trial 60 pruned. 
[I 2026-04-24 12:27:18,390] Trial 61 finished with value: 0.7886593742617245 and parameters: {'batch_size': 128, 'learning_rate': 0.00011719349678507896, 'num_resblk': 8, 'num_features': 64, 'weight_decay': 1.3161890532948698e-05, 'domain_hidden_dim': 64, 'alpha_domain': 0.017113204600768178}. Best is trial 46 with value: 0.7139475006481697.
[I 2026-04-24 12:28:20,589] Trial 62 finished with value: 0.9753294104132159 and parameters: {'batch_size': 128, 'learning_rate': 0.00010767012268311327, 'num_resblk': 10, 'num_features': 64, 'weight_decay': 1.1522185235911327e-05, 'domain_hidden_dim': 64, 'alpha_domain': 0.01534373500342878}. Best is trial 46 with value: 0.7139475006481697.
[I 2026-04-24 12:29:16,201] Trial 63 finished with value: 0.9203452878984911 and parameters: {'batch_size': 128, 'learning_rate': 0.0001333843124814928, 'num_resblk': 8, 'num_features': 64, 'weight_decay': 1.8774187386908728e-05, 'domain_hidden_dim': 64, 'alpha_domain': 0.01773139764117556}. Best is trial 46 with value: 0.7139475006481697.
[I 2026-04-24 12:30:18,892] Trial 64 finished with value: 0.7289872436687864 and parameters: {'batch_size': 128, 'learning_rate': 0.00011947100294034305, 'num_resblk': 10, 'num_features': 64, 'weight_decay': 8.326239112232589e-06, 'domain_hidden_dim': 64, 'alpha_domain': 0.011843605953933899}. Best is trial 46 with value: 0.7139475006481697.
[I 2026-04-24 12:31:21,111] Trial 65 finished with value: 0.8001085992517143 and parameters: {'batch_size': 128, 'learning_rate': 0.0001178955041410588, 'num_resblk': 10, 'num_features': 64, 'weight_decay': 6.0901915188856836e-06, 'domain_hidden_dim': 64, 'alpha_domain': 0.01200744297044547}. Best is trial 46 with value: 0.7139475006481697.
[I 2026-04-24 12:32:23,309] Trial 66 finished with value: 0.9866947634466763 and parameters: {'batch_size': 128, 'learning_rate': 0.00011946130616123814, 'num_resblk': 10, 'num_features': 64, 'weight_decay': 7.362363511972346e-06, 'domain_hidden_dim': 64, 'alpha_domain': 0.01131156675122999}. Best is trial 46 with value: 0.7139475006481697.
[I 2026-04-24 12:33:57,030] Trial 67 finished with value: 0.9222577430050949 and parameters: {'batch_size': 128, 'learning_rate': 0.00012737343706747291, 'num_resblk': 12, 'num_features': 96, 'weight_decay': 4.311558395575268e-06, 'domain_hidden_dim': 256, 'alpha_domain': 0.012310862053230608}. Best is trial 46 with value: 0.7139475006481697.
[I 2026-04-24 12:34:59,435] Trial 68 finished with value: 0.7438811690642916 and parameters: {'batch_size': 128, 'learning_rate': 0.0001445491704439273, 'num_resblk': 10, 'num_features': 64, 'weight_decay': 8.173562858821339e-06, 'domain_hidden_dim': 64, 'alpha_domain': 0.015485274710879675}. Best is trial 46 with value: 0.7139475006481697.
[I 2026-04-24 12:36:02,027] Trial 69 finished with value: 1.1250365170939216 and parameters: {'batch_size': 128, 'learning_rate': 0.00014534140575651503, 'num_resblk': 10, 'num_features': 64, 'weight_decay': 8.167316250963126e-06, 'domain_hidden_dim': 64, 'alpha_domain': 0.014577468797044055}. Best is trial 46 with value: 0.7139475006481697.
[I 2026-04-24 12:37:45,430] Trial 70 finished with value: 0.9291444657177761 and parameters: {'batch_size': 128, 'learning_rate': 0.0001501513233419794, 'num_resblk': 10, 'num_features': 128, 'weight_decay': 6.302117392826431e-06, 'domain_hidden_dim': 64, 'alpha_domain': 0.012160752959974732}. Best is trial 46 with value: 0.7139475006481697.
[I 2026-04-24 12:38:54,684] Trial 71 finished with value: 0.9061229691423219 and parameters: {'batch_size': 128, 'learning_rate': 0.00011986125573941719, 'num_resblk': 12, 'num_features': 64, 'weight_decay': 3.846586663388837e-06, 'domain_hidden_dim': 64, 'alpha_domain': 0.022236237907822847}. Best is trial 46 with value: 0.7139475006481697.
[I 2026-04-24 12:39:57,138] Trial 72 finished with value: 0.9239971534959202 and parameters: {'batch_size': 128, 'learning_rate': 0.00013568588042032876, 'num_resblk': 10, 'num_features': 64, 'weight_decay': 1.5022712179272875e-05, 'domain_hidden_dim': 64, 'alpha_domain': 0.01626751822459723}. Best is trial 46 with value: 0.7139475006481697.
[I 2026-04-24 12:40:59,738] Trial 73 finished with value: 0.781935414363598 and parameters: {'batch_size': 128, 'learning_rate': 0.00011611283800740468, 'num_resblk': 10, 'num_features': 64, 'weight_decay': 5.262031876878041e-06, 'domain_hidden_dim': 64, 'alpha_domain': 0.018283687472036167}. Best is trial 46 with value: 0.7139475006481697.
[I 2026-04-24 12:42:02,349] Trial 74 finished with value: 0.9959078359192816 and parameters: {'batch_size': 128, 'learning_rate': 0.00012438643663753988, 'num_resblk': 10, 'num_features': 64, 'weight_decay': 3.2730815875351866e-06, 'domain_hidden_dim': 64, 'alpha_domain': 0.014950389318439339}. Best is trial 46 with value: 0.7139475006481697.
[I 2026-04-24 12:43:05,010] Trial 75 finished with value: 0.8990351146665113 and parameters: {'batch_size': 128, 'learning_rate': 0.00010385338664788836, 'num_resblk': 10, 'num_features': 64, 'weight_decay': 9.632159706204992e-06, 'domain_hidden_dim': 64, 'alpha_domain': 0.013041950570482099}. Best is trial 46 with value: 0.7139475006481697.
[I 2026-04-24 12:44:14,443] Trial 76 finished with value: 0.7936439699140089 and parameters: {'batch_size': 128, 'learning_rate': 0.00011499390771649483, 'num_resblk': 12, 'num_features': 64, 'weight_decay': 4.708904436145511e-06, 'domain_hidden_dim': 256, 'alpha_domain': 0.010106182411325416}. Best is trial 46 with value: 0.7139475006481697.
[I 2026-04-24 12:45:24,001] Trial 77 finished with value: 0.7707537566793377 and parameters: {'batch_size': 128, 'learning_rate': 0.00012996409530851015, 'num_resblk': 12, 'num_features': 64, 'weight_decay': 4.612429115843648e-06, 'domain_hidden_dim': 256, 'alpha_domain': 0.022129485292554426}. Best is trial 46 with value: 0.7139475006481697.
[I 2026-04-24 12:45:44,374] Trial 78 pruned. 
[I 2026-04-24 12:46:12,092] Trial 79 pruned. 
[I 2026-04-24 12:46:37,082] Trial 80 pruned. 
[I 2026-04-24 12:47:09,539] Trial 81 pruned. 
[I 2026-04-24 12:48:18,960] Trial 82 finished with value: 0.7021614744745451 and parameters: {'batch_size': 128, 'learning_rate': 0.00012173358042812769, 'num_resblk': 12, 'num_features': 64, 'weight_decay': 4.45899573993726e-06, 'domain_hidden_dim': 256, 'alpha_domain': 0.010123889608411046}. Best is trial 82 with value: 0.7021614744745451.
[I 2026-04-24 12:48:44,079] Trial 83 pruned. 
[I 2026-04-24 12:49:53,304] Trial 84 finished with value: 0.9873910741559391 and parameters: {'batch_size': 128, 'learning_rate': 0.00013169502887024986, 'num_resblk': 12, 'num_features': 64, 'weight_decay': 3.0430625795039486e-06, 'domain_hidden_dim': 256, 'alpha_domain': 0.01831610777380105}. Best is trial 82 with value: 0.7021614744745451.
[I 2026-04-24 12:50:19,523] Trial 85 pruned. 
[I 2026-04-24 12:51:52,843] Trial 86 finished with value: 1.0052108117218674 and parameters: {'batch_size': 128, 'learning_rate': 0.00010738768106325825, 'num_resblk': 12, 'num_features': 96, 'weight_decay': 8.794163820031063e-06, 'domain_hidden_dim': 256, 'alpha_domain': 0.03132627471223766}. Best is trial 82 with value: 0.7021614744745451.
