[I 2026-04-24 12:52:48,766] Trial 87 finished with value: 0.9393168934460344 and parameters: {'batch_size': 128, 'learning_rate': 0.0001429867787264083, 'num_resblk': 8, 'num_features': 64, 'weight_decay': 1.3505326739431852e-05, 'domain_hidden_dim': 256, 'alpha_domain': 0.022841712655012544}. Best is trial 82 with value: 0.7021614744745451.
[I 2026-04-24 12:53:30,093] Trial 88 pruned. 
[I 2026-04-24 12:54:26,059] Trial 89 finished with value: 0.8905530232807686 and parameters: {'batch_size': 128, 'learning_rate': 0.0001023720821623303, 'num_resblk': 8, 'num_features': 64, 'weight_decay': 7.000627255522632e-06, 'domain_hidden_dim': 64, 'alpha_domain': 0.014984065079499946}. Best is trial 82 with value: 0.7021614744745451.
[I 2026-04-24 12:55:22,192] Trial 90 finished with value: 1.0034116455193223 and parameters: {'batch_size': 128, 'learning_rate': 0.00017836184634339961, 'num_resblk': 8, 'num_features': 64, 'weight_decay': 2.862975732663089e-05, 'domain_hidden_dim': 256, 'alpha_domain': 0.01959716109848258}. Best is trial 82 with value: 0.7021614744745451.
[I 2026-04-24 12:55:50,217] Trial 91 pruned. 
[I 2026-04-24 12:56:18,091] Trial 92 pruned. 
[I 2026-04-24 12:57:21,032] Trial 93 finished with value: 0.8205587720048839 and parameters: {'batch_size': 128, 'learning_rate': 0.00010982105768057075, 'num_resblk': 10, 'num_features': 64, 'weight_decay': 4.433097904653176e-06, 'domain_hidden_dim': 256, 'alpha_domain': 0.011209320538873725}. Best is trial 82 with value: 0.7021614744745451.
[I 2026-04-24 12:57:48,999] Trial 94 pruned. 
[I 2026-04-24 12:58:51,797] Trial 95 finished with value: 0.8753129346617337 and parameters: {'batch_size': 128, 'learning_rate': 0.0001061586781731473, 'num_resblk': 10, 'num_features': 64, 'weight_decay': 3.816246732291922e-06, 'domain_hidden_dim': 64, 'alpha_domain': 0.013097313147819516}. Best is trial 82 with value: 0.7021614744745451.
[I 2026-04-24 13:00:01,406] Trial 96 finished with value: 1.008608404932351 and parameters: {'batch_size': 128, 'learning_rate': 0.00012106555838806938, 'num_resblk': 12, 'num_features': 64, 'weight_decay': 8.715189051409713e-06, 'domain_hidden_dim': 256, 'alpha_domain': 0.01616849809163689}. Best is trial 82 with value: 0.7021614744745451.
[I 2026-04-24 13:00:18,247] Trial 97 pruned. 
[I 2026-04-24 13:00:43,304] Trial 98 pruned. 
[I 2026-04-24 13:01:53,035] Trial 99 finished with value: 0.7870027402351643 and parameters: {'batch_size': 128, 'learning_rate': 0.00011410252405129087, 'num_resblk': 12, 'num_features': 64, 'weight_decay': 4.0818831117870877e-05, 'domain_hidden_dim': 64, 'alpha_domain': 0.017749255624763042}. Best is trial 82 with value: 0.7021614744745451.
[I 2026-04-24 13:02:48,965] Trial 100 finished with value: 0.803416410396839 and parameters: {'batch_size': 128, 'learning_rate': 0.00014065774734187247, 'num_resblk': 8, 'num_features': 64, 'weight_decay': 4.406913007000761e-05, 'domain_hidden_dim': 64, 'alpha_domain': 0.02085405108013935}. Best is trial 82 with value: 0.7021614744745451.
[I 2026-04-24 13:03:58,200] Trial 101 finished with value: 0.8342005970149204 and parameters: {'batch_size': 128, 'learning_rate': 0.00011419578512935114, 'num_resblk': 12, 'num_features': 64, 'weight_decay': 1.7237930283098633e-05, 'domain_hidden_dim': 64, 'alpha_domain': 0.01773559620703388}. Best is trial 82 with value: 0.7021614744745451.
[I 2026-04-24 13:05:14,815] Trial 102 finished with value: 0.8608215852030392 and parameters: {'batch_size': 128, 'learning_rate': 0.00011713921554071632, 'num_resblk': 14, 'num_features': 64, 'weight_decay': 5.748643286287532e-05, 'domain_hidden_dim': 64, 'alpha_domain': 0.01441800852457328}. Best is trial 82 with value: 0.7021614744745451.
[I 2026-04-24 13:05:42,710] Trial 103 pruned. 
[I 2026-04-24 13:06:52,317] Trial 104 finished with value: 0.899957569508717 and parameters: {'batch_size': 128, 'learning_rate': 0.0001304148212129512, 'num_resblk': 12, 'num_features': 64, 'weight_decay': 4.101953020055667e-05, 'domain_hidden_dim': 64, 'alpha_domain': 0.012305278085611658}. Best is trial 82 with value: 0.7021614744745451.
[I 2026-04-24 13:07:55,115] Trial 105 finished with value: 0.8153054477839634 and parameters: {'batch_size': 128, 'learning_rate': 0.0001258553262973402, 'num_resblk': 10, 'num_features': 64, 'weight_decay': 2.5161365021345786e-05, 'domain_hidden_dim': 64, 'alpha_domain': 0.017765727701251142}. Best is trial 82 with value: 0.7021614744745451.
[I 2026-04-24 13:09:19,839] Trial 106 finished with value: 0.9536870193892512 and parameters: {'batch_size': 128, 'learning_rate': 0.00011285906844383905, 'num_resblk': 10, 'num_features': 96, 'weight_decay': 1.2759075385123986e-05, 'domain_hidden_dim': 64, 'alpha_domain': 0.013743257600834781}. Best is trial 82 with value: 0.7021614744745451.
[I 2026-04-24 13:10:29,576] Trial 107 finished with value: 0.7952951562815699 and parameters: {'batch_size': 128, 'learning_rate': 0.00011851292003281232, 'num_resblk': 12, 'num_features': 64, 'weight_decay': 3.2147951535830424e-05, 'domain_hidden_dim': 256, 'alpha_domain': 0.023867905340961452}. Best is trial 82 with value: 0.7021614744745451.
[I 2026-04-24 13:11:00,246] Trial 108 pruned. 
[I 2026-04-24 13:11:26,464] Trial 109 pruned. 
[I 2026-04-24 13:13:10,207] Trial 110 finished with value: 0.7198051758881273 and parameters: {'batch_size': 128, 'learning_rate': 0.00012254568000438735, 'num_resblk': 10, 'num_features': 128, 'weight_decay': 7.414624640218352e-05, 'domain_hidden_dim': 64, 'alpha_domain': 0.010056839099096956}. Best is trial 82 with value: 0.7021614744745451.
[I 2026-04-24 13:13:51,777] Trial 111 pruned. 
[I 2026-04-24 13:15:35,853] Trial 112 finished with value: 0.8684153145757215 and parameters: {'batch_size': 128, 'learning_rate': 0.00012048686316962447, 'num_resblk': 10, 'num_features': 128, 'weight_decay': 0.00015085030375517646, 'domain_hidden_dim': 64, 'alpha_domain': 0.011474119233264794}. Best is trial 82 with value: 0.7021614744745451.
[I 2026-04-24 13:17:20,299] Trial 113 finished with value: 0.8679073031606346 and parameters: {'batch_size': 128, 'learning_rate': 0.00012861535212265498, 'num_resblk': 10, 'num_features': 128, 'weight_decay': 7.53365515017217e-05, 'domain_hidden_dim': 64, 'alpha_domain': 0.011931398864386785}. Best is trial 82 with value: 0.7021614744745451.
[I 2026-04-24 13:18:53,583] Trial 114 finished with value: 0.8812487187056706 and parameters: {'batch_size': 128, 'learning_rate': 0.0001162678676209353, 'num_resblk': 8, 'num_features': 128, 'weight_decay': 5.825077213163309e-05, 'domain_hidden_dim': 64, 'alpha_domain': 0.01276352864816352}. Best is trial 82 with value: 0.7021614744745451.
[I 2026-04-24 13:20:02,532] Trial 115 pruned. 
[I 2026-04-24 13:21:10,774] Trial 116 finished with value: 0.7899808421217162 and parameters: {'batch_size': 128, 'learning_rate': 0.00010967643048324001, 'num_resblk': 12, 'num_features': 64, 'weight_decay': 3.843723881695315e-05, 'domain_hidden_dim': 256, 'alpha_domain': 0.010902159365188211}. Best is trial 82 with value: 0.7021614744745451.
[I 2026-04-24 13:22:05,157] Trial 117 finished with value: 0.7932260961368166 and parameters: {'batch_size': 128, 'learning_rate': 0.0001092003860208773, 'num_resblk': 8, 'num_features': 64, 'weight_decay': 9.724540435556025e-05, 'domain_hidden_dim': 64, 'alpha_domain': 0.01694462801462224}. Best is trial 82 with value: 0.7021614744745451.
[I 2026-04-24 13:22:29,676] Trial 118 pruned. 
[I 2026-04-24 13:22:47,536] Trial 119 pruned. 
[I 2026-04-24 13:23:14,818] Trial 120 pruned. 
[I 2026-04-24 13:24:09,139] Trial 121 finished with value: 0.9963856205858034 and parameters: {'batch_size': 128, 'learning_rate': 0.00010733429388814367, 'num_resblk': 8, 'num_features': 64, 'weight_decay': 8.369460593828447e-05, 'domain_hidden_dim': 64, 'alpha_domain': 0.016963137687600445}. Best is trial 82 with value: 0.7021614744745451.
[I 2026-04-24 13:24:31,034] Trial 122 pruned. 
[I 2026-04-24 13:24:52,889] Trial 123 pruned. 
[I 2026-04-24 13:25:47,206] Trial 124 finished with value: 1.014846785315152 and parameters: {'batch_size': 128, 'learning_rate': 0.00011339788485069314, 'num_resblk': 8, 'num_features': 64, 'weight_decay': 3.8626987303451836e-05, 'domain_hidden_dim': 64, 'alpha_domain': 0.013824896011443152}. Best is trial 82 with value: 0.7021614744745451.
[I 2026-04-24 13:26:34,816] Trial 125 finished with value: 0.9283701931608135 and parameters: {'batch_size': 128, 'learning_rate': 0.00012136258486043952, 'num_resblk': 6, 'num_features': 64, 'weight_decay': 1.921870785090131e-05, 'domain_hidden_dim': 64, 'alpha_domain': 0.011097275095336291}. Best is trial 82 with value: 0.7021614744745451.
[I 2026-04-24 13:27:02,162] Trial 126 pruned. 
[I 2026-04-24 13:27:56,539] Trial 127 finished with value: 0.9026250017100367 and parameters: {'batch_size': 128, 'learning_rate': 0.00015760400025039738, 'num_resblk': 8, 'num_features': 64, 'weight_decay': 5.420353910759082e-05, 'domain_hidden_dim': 256, 'alpha_domain': 0.012324450852550246}. Best is trial 82 with value: 0.7021614744745451.
[I 2026-04-24 13:28:21,030] Trial 128 pruned. 
[I 2026-04-24 13:29:26,077] Trial 129 finished with value: 0.9586051784712692 and parameters: {'batch_size': 128, 'learning_rate': 0.00012589069973709802, 'num_resblk': 6, 'num_features': 96, 'weight_decay': 1.568629044273441e-05, 'domain_hidden_dim': 64, 'alpha_domain': 0.01583268209690376}. Best is trial 82 with value: 0.7021614744745451.
[I 2026-04-24 13:30:02,846] Trial 130 pruned. 
[I 2026-04-24 13:30:30,122] Trial 131 pruned. 
[I 2026-04-24 13:30:57,579] Trial 132 pruned. 
[I 2026-04-24 13:32:05,633] Trial 133 finished with value: 0.8217783323649702 and parameters: {'batch_size': 128, 'learning_rate': 0.00011500119239772154, 'num_resblk': 12, 'num_features': 64, 'weight_decay': 2.3201973249636454e-05, 'domain_hidden_dim': 256, 'alpha_domain': 0.012956094201664981}. Best is trial 82 with value: 0.7021614744745451.
[I 2026-04-24 13:32:37,449] Trial 134 pruned. 
[I 2026-04-24 13:33:07,589] Trial 135 pruned. 
[I 2026-04-24 13:34:15,761] Trial 136 finished with value: 0.9179868215116961 and parameters: {'batch_size': 128, 'learning_rate': 0.00010490753302327861, 'num_resblk': 12, 'num_features': 64, 'weight_decay': 3.2679114523357665e-06, 'domain_hidden_dim': 64, 'alpha_domain': 0.02248996760943272}. Best is trial 82 with value: 0.7021614744745451.
[I 2026-04-24 13:34:59,266] Trial 137 pruned. 
[I 2026-04-24 13:35:23,922] Trial 138 pruned. 
[I 2026-04-24 13:36:31,905] Trial 139 finished with value: 0.8576794194764105 and parameters: {'batch_size': 128, 'learning_rate': 0.00011654757054962596, 'num_resblk': 12, 'num_features': 64, 'weight_decay': 1.1474019629421019e-05, 'domain_hidden_dim': 64, 'alpha_domain': 0.010007062540145642}. Best is trial 82 with value: 0.7021614744745451.
[I 2026-04-24 13:37:33,093] Trial 140 finished with value: 0.8632188840159054 and parameters: {'batch_size': 128, 'learning_rate': 0.0001140665788069181, 'num_resblk': 10, 'num_features': 64, 'weight_decay': 7.104176547691486e-05, 'domain_hidden_dim': 64, 'alpha_domain': 0.011851933298233717}. Best is trial 82 with value: 0.7021614744745451.
[I 2026-04-24 13:38:41,081] Trial 141 finished with value: 1.018074080861848 and parameters: {'batch_size': 128, 'learning_rate': 0.00011909369702176586, 'num_resblk': 12, 'num_features': 64, 'weight_decay': 3.2099815159074775e-05, 'domain_hidden_dim': 256, 'alpha_domain': 0.024008622161220797}. Best is trial 82 with value: 0.7021614744745451.
[I 2026-04-24 13:39:49,319] Trial 142 finished with value: 0.9008215902180507 and parameters: {'batch_size': 128, 'learning_rate': 0.0001291278074911188, 'num_resblk': 12, 'num_features': 64, 'weight_decay': 2.8174485155182082e-05, 'domain_hidden_dim': 256, 'alpha_domain': 0.030191863256838584}. Best is trial 82 with value: 0.7021614744745451.
[I 2026-04-24 13:40:16,862] Trial 143 pruned. 
[I 2026-04-24 13:40:53,951] Trial 144 pruned. 
[I 2026-04-24 13:41:55,732] Trial 145 finished with value: 1.0603867779517997 and parameters: {'batch_size': 128, 'learning_rate': 0.00010864115472400716, 'num_resblk': 10, 'num_features': 64, 'weight_decay': 9.371740902533492e-06, 'domain_hidden_dim': 256, 'alpha_domain': 0.024380285075276936}. Best is trial 82 with value: 0.7021614744745451.
[I 2026-04-24 13:42:21,713] Trial 146 pruned. 
[I 2026-04-24 13:42:41,644] Trial 147 pruned. 
[I 2026-04-24 13:43:06,479] Trial 148 pruned. 
[I 2026-04-24 13:44:21,569] Trial 149 finished with value: 0.8216747939586639 and parameters: {'batch_size': 128, 'learning_rate': 0.00011288059234452693, 'num_resblk': 14, 'num_features': 64, 'weight_decay': 2.15417081489728e-05, 'domain_hidden_dim': 256, 'alpha_domain': 0.014822508186981862}. Best is trial 82 with value: 0.7021614744745451.
[I 2026-04-24 13:45:53,221] Trial 150 finished with value: 0.7838315419081984 and parameters: {'batch_size': 128, 'learning_rate': 0.0001907644705536057, 'num_resblk': 8, 'num_features': 128, 'weight_decay': 7.567516265169014e-06, 'domain_hidden_dim': 64, 'alpha_domain': 0.011530426074469248}. Best is trial 82 with value: 0.7021614744745451.
[I 2026-04-24 13:47:24,980] Trial 151 finished with value: 0.761599181027248 and parameters: {'batch_size': 128, 'learning_rate': 0.00020326366853129767, 'num_resblk': 8, 'num_features': 128, 'weight_decay': 6.7021665474224524e-06, 'domain_hidden_dim': 64, 'alpha_domain': 0.011050574792144793}. Best is trial 82 with value: 0.7021614744745451.
[I 2026-04-24 13:48:56,591] Trial 152 finished with value: 0.7702504273118644 and parameters: {'batch_size': 128, 'learning_rate': 0.0001936861851440531, 'num_resblk': 8, 'num_features': 128, 'weight_decay': 4.991174954043621e-06, 'domain_hidden_dim': 64, 'alpha_domain': 0.011201536247433606}. Best is trial 82 with value: 0.7021614744745451.
[I 2026-04-24 13:50:28,210] Trial 153 finished with value: 0.8381397148658489 and parameters: {'batch_size': 128, 'learning_rate': 0.0001888013076367925, 'num_resblk': 8, 'num_features': 128, 'weight_decay': 8.037351366358593e-06, 'domain_hidden_dim': 64, 'alpha_domain': 0.011506386319426949}. Best is trial 82 with value: 0.7021614744745451.
[I 2026-04-24 13:51:17,419] Trial 154 pruned. 
[I 2026-04-24 13:52:49,071] Trial 155 finished with value: 0.6974308470199848 and parameters: {'batch_size': 128, 'learning_rate': 0.00021629158513968686, 'num_resblk': 8, 'num_features': 128, 'weight_decay': 7.28131617825306e-06, 'domain_hidden_dim': 64, 'alpha_domain': 0.012324662170270664}. Best is trial 155 with value: 0.6974308470199848.
[I 2026-04-24 13:54:20,654] Trial 156 finished with value: 0.655673008540581 and parameters: {'batch_size': 128, 'learning_rate': 0.00021738202820142377, 'num_resblk': 8, 'num_features': 128, 'weight_decay': 6.440710687311551e-06, 'domain_hidden_dim': 64, 'alpha_domain': 0.012575817524424946}. Best is trial 156 with value: 0.655673008540581.
[I 2026-04-24 13:55:52,776] Trial 157 finished with value: 0.7351314343255142 and parameters: {'batch_size': 128, 'learning_rate': 0.0002191957544722941, 'num_resblk': 8, 'num_features': 128, 'weight_decay': 7.220837601166818e-06, 'domain_hidden_dim': 64, 'alpha_domain': 0.012122767255738033}. Best is trial 156 with value: 0.655673008540581.
[I 2026-04-24 13:57:24,484] Trial 158 finished with value: 0.9993013092156114 and parameters: {'batch_size': 128, 'learning_rate': 0.0002159927404774521, 'num_resblk': 8, 'num_features': 128, 'weight_decay': 6.21834834504859e-06, 'domain_hidden_dim': 64, 'alpha_domain': 0.012300544779372398}. Best is trial 156 with value: 0.655673008540581.
[I 2026-04-24 13:58:56,461] Trial 159 finished with value: 0.8826597836510889 and parameters: {'batch_size': 128, 'learning_rate': 0.00022579393500998346, 'num_resblk': 8, 'num_features': 128, 'weight_decay': 7.852003859663838e-06, 'domain_hidden_dim': 64, 'alpha_domain': 0.012405442401574538}. Best is trial 156 with value: 0.655673008540581.
[I 2026-04-24 14:00:28,447] Trial 160 finished with value: 0.9812275654283064 and parameters: {'batch_size': 128, 'learning_rate': 0.00020638231883613606, 'num_resblk': 8, 'num_features': 128, 'weight_decay': 5.23794372187627e-06, 'domain_hidden_dim': 64, 'alpha_domain': 0.014061368195226217}. Best is trial 156 with value: 0.655673008540581.
[I 2026-04-24 14:02:00,122] Trial 161 finished with value: 0.8274027376339353 and parameters: {'batch_size': 128, 'learning_rate': 0.00021137870309507903, 'num_resblk': 8, 'num_features': 128, 'weight_decay': 8.950847145608097e-06, 'domain_hidden_dim': 64, 'alpha_domain': 0.011234606574860242}. Best is trial 156 with value: 0.655673008540581.
[I 2026-04-24 14:03:31,560] Trial 162 finished with value: 0.7835117999849648 and parameters: {'batch_size': 128, 'learning_rate': 0.0001890227493062836, 'num_resblk': 8, 'num_features': 128, 'weight_decay': 1.0084163263677077e-05, 'domain_hidden_dim': 64, 'alpha_domain': 0.01536598879188081}. Best is trial 156 with value: 0.655673008540581.
[I 2026-04-24 14:05:03,341] Trial 163 finished with value: 0.8580336375483151 and parameters: {'batch_size': 128, 'learning_rate': 0.0001909703732277131, 'num_resblk': 8, 'num_features': 128, 'weight_decay': 6.890798325928001e-06, 'domain_hidden_dim': 64, 'alpha_domain': 0.014522883707176982}. Best is trial 156 with value: 0.655673008540581.
[I 2026-04-24 14:06:35,032] Trial 164 finished with value: 0.7998362224677513 and parameters: {'batch_size': 128, 'learning_rate': 0.0001929848719909093, 'num_resblk': 8, 'num_features': 128, 'weight_decay': 1.0379231566384959e-05, 'domain_hidden_dim': 64, 'alpha_domain': 0.012466620888607336}. Best is trial 156 with value: 0.655673008540581.
[I 2026-04-24 14:08:06,762] Trial 165 finished with value: 0.7700040032123697 and parameters: {'batch_size': 128, 'learning_rate': 0.00018290629193648994, 'num_resblk': 8, 'num_features': 128, 'weight_decay': 5.8090169252369076e-06, 'domain_hidden_dim': 64, 'alpha_domain': 0.010821380099915507}. Best is trial 156 with value: 0.655673008540581.
[I 2026-04-24 14:08:56,215] Trial 166 pruned. 
[I 2026-04-24 14:10:27,863] Trial 167 finished with value: 0.6505923969992276 and parameters: {'batch_size': 128, 'learning_rate': 0.00017312064086753568, 'num_resblk': 8, 'num_features': 128, 'weight_decay': 6.989108894010086e-06, 'domain_hidden_dim': 64, 'alpha_domain': 0.011108954252847148}. Best is trial 167 with value: 0.6505923969992276.
[I 2026-04-24 14:11:25,298] Trial 168 pruned. 
[I 2026-04-24 14:12:57,095] Trial 169 finished with value: 0.8624560935743923 and parameters: {'batch_size': 128, 'learning_rate': 0.00024275043263314368, 'num_resblk': 8, 'num_features': 128, 'weight_decay': 6.4762456550557916e-06, 'domain_hidden_dim': 64, 'alpha_domain': 0.010081685492360593}. Best is trial 167 with value: 0.6505923969992276.
[I 2026-04-24 14:14:28,476] Trial 170 finished with value: 1.099457401653816 and parameters: {'batch_size': 128, 'learning_rate': 0.00018326281180593878, 'num_resblk': 8, 'num_features': 128, 'weight_decay': 4.790950300858298e-06, 'domain_hidden_dim': 64, 'alpha_domain': 0.013240431716609853}. Best is trial 167 with value: 0.6505923969992276.
[I 2026-04-24 14:16:00,334] Trial 171 finished with value: 0.6348235113867398 and parameters: {'batch_size': 128, 'learning_rate': 0.00021758780138300018, 'num_resblk': 8, 'num_features': 128, 'weight_decay': 7.471500829354589e-06, 'domain_hidden_dim': 64, 'alpha_domain': 0.011074659287152048}. Best is trial 171 with value: 0.6348235113867398.
[I 2026-04-24 14:17:32,072] Trial 172 finished with value: 0.9563873153308342 and parameters: {'batch_size': 128, 'learning_rate': 0.00021835285372170672, 'num_resblk': 8, 'num_features': 128, 'weight_decay': 8.670475760998563e-06, 'domain_hidden_dim': 64, 'alpha_domain': 0.011186766053886674}. Best is trial 171 with value: 0.6348235113867398.
[I 2026-04-24 14:19:03,716] Trial 173 finished with value: 0.9270622401401915 and parameters: {'batch_size': 128, 'learning_rate': 0.0002241019600033437, 'num_resblk': 8, 'num_features': 128, 'weight_decay': 5.688745313182911e-06, 'domain_hidden_dim': 64, 'alpha_domain': 0.012776475359701993}. Best is trial 171 with value: 0.6348235113867398.
[I 2026-04-24 14:20:35,269] Trial 174 finished with value: 0.7941573858261108 and parameters: {'batch_size': 128, 'learning_rate': 0.00019625576131516526, 'num_resblk': 8, 'num_features': 128, 'weight_decay': 7.69454090471457e-06, 'domain_hidden_dim': 64, 'alpha_domain': 0.010023558494122323}. Best is trial 171 with value: 0.6348235113867398.
[I 2026-04-24 14:21:11,850] Trial 175 pruned. 
[I 2026-04-24 14:22:43,290] Trial 176 finished with value: 0.8013130940240005 and parameters: {'batch_size': 128, 'learning_rate': 0.00020980615017660337, 'num_resblk': 8, 'num_features': 128, 'weight_decay': 5.18474993484678e-06, 'domain_hidden_dim': 64, 'alpha_domain': 0.013763064591752526}. Best is trial 171 with value: 0.6348235113867398.
[I 2026-04-24 14:24:14,537] Trial 177 finished with value: 0.6934764909333196 and parameters: {'batch_size': 128, 'learning_rate': 0.00022914071869186052, 'num_resblk': 8, 'num_features': 128, 'weight_decay': 3.5175310969302547e-06, 'domain_hidden_dim': 64, 'alpha_domain': 0.011073077619707813}. Best is trial 171 with value: 0.6348235113867398.
[I 2026-04-24 14:25:45,647] Trial 178 finished with value: 0.9047725940572804 and parameters: {'batch_size': 128, 'learning_rate': 0.00023587501690984747, 'num_resblk': 8, 'num_features': 128, 'weight_decay': 2.6506815784745665e-06, 'domain_hidden_dim': 64, 'alpha_domain': 0.011228676237278648}. Best is trial 171 with value: 0.6348235113867398.
[I 2026-04-24 14:27:17,112] Trial 179 finished with value: 1.001674946012168 and parameters: {'batch_size': 128, 'learning_rate': 0.00022542303813851075, 'num_resblk': 8, 'num_features': 128, 'weight_decay': 3.51082479962193e-06, 'domain_hidden_dim': 128, 'alpha_domain': 0.012317589350437697}. Best is trial 171 with value: 0.6348235113867398.
