Running with:
rcm_var = tmean
gcm_name = CanESM2
rcm_name = CanRCM4
grid = NAM-44i
factor = 4
input_source = gcm
input_channels = 3
hr_aux_channels = 2
hr_elevation_file = high_res_elevation.pth
alpha_coarse = 0.5
n_trials = 3000
epochs = 300
early_stopping_patience = 30
batch_size = 256
model_name = SRResNet
Using device: cuda
Input source: gcm
Input file: low_res.pth
Input mask file: low_res_mask.pth
Input elevation file: low_res_elevation.pth
HR elevation file: high_res_elevation.pth
Coarse consistency target file: coarse_4x.pth
Coarse consistency mask file: coarse_4x_mask.pth
Input channels: 3
Loss setup: full_image_loss_no_ocean_constraint
All trial checkpoints will be saved to: /projects/sds-lab/Shuochen/downscaling/CORDEX/tmean.CanESM2.CanRCM4.day.NAM-44i.GCM_to_HR_RCM/trained_models/SRResNet/GCM_low_res_with_mask_elevation/full_image_loss_no_ocean_constraint
Loaded shapes:
X          : torch.Size([55115, 1, 13, 29])
X_mask     : torch.Size([55115, 1, 13, 29])
X_elev     : torch.Size([55115, 1, 13, 29])
y          : torch.Size([55115, 1, 52, 116])
mask_hr    : torch.Size([55115, 1, 52, 116])
y_coarse   : torch.Size([55115, 1, 13, 29])
mask_coarse: torch.Size([55115, 1, 13, 29])
After checks:
X          : torch.Size([55115, 1, 13, 29])
X_mask     : torch.Size([55115, 1, 13, 29])
X_elev     : torch.Size([55115, 1, 13, 29])
y          : torch.Size([55115, 1, 52, 116])
mask_hr    : torch.Size([55115, 1, 52, 116])
y_coarse   : torch.Size([55115, 1, 13, 29])
mask_coarse: torch.Size([55115, 1, 13, 29])
train_end_idx = 20440
val_start_idx = 47815
Total samples  = 55115
Train/Val shapes before model input construction:
X_train          : torch.Size([20440, 1, 13, 29])
X_mask_train     : torch.Size([20440, 1, 13, 29])
X_elev_train     : torch.Size([20440, 1, 13, 29])
y_train          : torch.Size([20440, 1, 52, 116])
mask_train       : torch.Size([20440, 1, 52, 116])
y_coarse_train   : torch.Size([20440, 1, 13, 29])
mask_coarse_train: torch.Size([20440, 1, 13, 29])
X_val            : torch.Size([7300, 1, 13, 29])
X_mask_val       : torch.Size([7300, 1, 13, 29])
X_elev_val       : torch.Size([7300, 1, 13, 29])
y_val            : torch.Size([7300, 1, 52, 116])
mask_val         : torch.Size([7300, 1, 52, 116])
y_coarse_val     : torch.Size([7300, 1, 13, 29])
mask_coarse_val  : torch.Size([7300, 1, 13, 29])
Full-image normalization stats:
X_mean: 15.384552955627441
X_std : 11.16005802154541
X_max : 42.550724029541016
y_mean: 6.068472385406494
y_std : 9.728343963623047
y_max : 40.61493682861328
Train/Val shapes after model input construction:
X_train_in: torch.Size([20440, 3, 13, 29])
X_val_in  : torch.Size([7300, 3, 13, 29])
[I 2026-05-05 16:44:38,905] A new study created in memory with name: no-name-69360471-4edb-47cb-9d2e-64ffb150fc67
Early stopping triggered for trial 000 at epoch 067 | best epoch: 037
[I 2026-05-05 16:46:01,328] Trial 0 finished with value: 4.512594478988772 and parameters: {'batch_size': 256, 'learning_rate': 0.00010683766415754635, 'num_resblk': 4, 'num_features': 32, 'weight_decay': 0.00011376671648994884}. Best is trial 0 with value: 4.512594478988772.
Early stopping triggered for trial 001 at epoch 043 | best epoch: 013
[I 2026-05-05 16:47:10,872] Trial 1 finished with value: 4.401436346335526 and parameters: {'batch_size': 256, 'learning_rate': 0.00026173682910318134, 'num_resblk': 4, 'num_features': 64, 'weight_decay': 4.340874126848471e-05}. Best is trial 1 with value: 4.401436346335526.
Early stopping triggered for trial 002 at epoch 035 | best epoch: 005
[I 2026-05-05 16:49:04,032] Trial 2 finished with value: 4.682395505931834 and parameters: {'batch_size': 256, 'learning_rate': 0.00019576957857286116, 'num_resblk': 10, 'num_features': 96, 'weight_decay': 0.0001211985983911924}. Best is trial 1 with value: 4.401436346335526.
Early stopping triggered for trial 003 at epoch 038 | best epoch: 008
[I 2026-05-05 16:50:44,566] Trial 3 finished with value: 4.108437681679445 and parameters: {'batch_size': 256, 'learning_rate': 0.00017086246357306064, 'num_resblk': 6, 'num_features': 96, 'weight_decay': 4.984817356934538e-06}. Best is trial 3 with value: 4.108437681679445.
Early stopping triggered for trial 004 at epoch 052 | best epoch: 022
[I 2026-05-05 16:52:19,376] Trial 4 finished with value: 4.779268490425493 and parameters: {'batch_size': 256, 'learning_rate': 0.00011307886904076453, 'num_resblk': 14, 'num_features': 32, 'weight_decay': 1.307191499555252e-06}. Best is trial 3 with value: 4.108437681679445.
Early stopping triggered for trial 005 at epoch 034 | best epoch: 004
[I 2026-05-05 16:54:26,514] Trial 5 finished with value: 4.557245637422332 and parameters: {'batch_size': 256, 'learning_rate': 0.00016827819886955687, 'num_resblk': 8, 'num_features': 128, 'weight_decay': 5.8609775705185595e-06}. Best is trial 3 with value: 4.108437681679445.
Early stopping triggered for trial 006 at epoch 033 | best epoch: 003
[I 2026-05-05 16:56:53,388] Trial 6 finished with value: 4.64379422758984 and parameters: {'batch_size': 256, 'learning_rate': 0.00023356422319382702, 'num_resblk': 12, 'num_features': 128, 'weight_decay': 0.0008756369317966532}. Best is trial 3 with value: 4.108437681679445.
[I 2026-05-05 16:57:03,450] Trial 7 pruned. 
Early stopping triggered for trial 008 at epoch 034 | best epoch: 004
[I 2026-05-05 16:58:53,474] Trial 8 finished with value: 4.759802400893863 and parameters: {'batch_size': 256, 'learning_rate': 0.0001263003263221059, 'num_resblk': 10, 'num_features': 96, 'weight_decay': 1.4520888277255382e-06}. Best is trial 3 with value: 4.108437681679445.
[I 2026-05-05 16:59:11,461] Trial 9 pruned. 
Early stopping triggered for trial 010 at epoch 035 | best epoch: 005
[I 2026-05-05 17:00:44,156] Trial 10 finished with value: 4.462733565958723 and parameters: {'batch_size': 256, 'learning_rate': 0.00014331461744541228, 'num_resblk': 6, 'num_features': 96, 'weight_decay': 5.449676638462671e-06}. Best is trial 3 with value: 4.108437681679445.
Early stopping triggered for trial 011 at epoch 035 | best epoch: 005
[I 2026-05-05 17:01:41,016] Trial 11 finished with value: 4.770273177755168 and parameters: {'batch_size': 256, 'learning_rate': 0.0002761945147507561, 'num_resblk': 4, 'num_features': 64, 'weight_decay': 5.8573979089796146e-05}. Best is trial 3 with value: 4.108437681679445.
Early stopping triggered for trial 012 at epoch 038 | best epoch: 008
[I 2026-05-05 17:02:51,599] Trial 12 finished with value: 4.436756936748301 and parameters: {'batch_size': 256, 'learning_rate': 0.0002875431436810136, 'num_resblk': 6, 'num_features': 64, 'weight_decay': 1.821032925708357e-05}. Best is trial 3 with value: 4.108437681679445.
[I 2026-05-05 17:03:02,739] Trial 13 pruned. 
Early stopping triggered for trial 014 at epoch 036 | best epoch: 006
[I 2026-05-05 17:04:27,206] Trial 14 finished with value: 4.392206417372188 and parameters: {'batch_size': 256, 'learning_rate': 0.00015155527294866424, 'num_resblk': 4, 'num_features': 96, 'weight_decay': 4.106753066017692e-05}. Best is trial 3 with value: 4.108437681679445.
Early stopping triggered for trial 015 at epoch 041 | best epoch: 011
[I 2026-05-05 17:06:27,641] Trial 15 finished with value: 4.869649602803314 and parameters: {'batch_size': 256, 'learning_rate': 0.00015022008319024542, 'num_resblk': 8, 'num_features': 96, 'weight_decay': 0.00020690697761259328}. Best is trial 3 with value: 4.108437681679445.
Early stopping triggered for trial 016 at epoch 039 | best epoch: 009
[I 2026-05-05 17:08:22,007] Trial 16 finished with value: 4.439920793439555 and parameters: {'batch_size': 256, 'learning_rate': 0.00013840595057003805, 'num_resblk': 8, 'num_features': 96, 'weight_decay': 3.3357162145285827e-06}. Best is trial 3 with value: 4.108437681679445.
Early stopping triggered for trial 017 at epoch 052 | best epoch: 022
[I 2026-05-05 17:10:38,684] Trial 17 finished with value: 4.3170887969641365 and parameters: {'batch_size': 256, 'learning_rate': 0.00017996692797651306, 'num_resblk': 6, 'num_features': 96, 'weight_decay': 1.9590953269875577e-05}. Best is trial 3 with value: 4.108437681679445.
Early stopping triggered for trial 018 at epoch 035 | best epoch: 005
[I 2026-05-05 17:12:11,271] Trial 18 finished with value: 4.12697251644199 and parameters: {'batch_size': 256, 'learning_rate': 0.00019355271370193324, 'num_resblk': 6, 'num_features': 96, 'weight_decay': 1.4394551567474333e-05}. Best is trial 3 with value: 4.108437681679445.
Early stopping triggered for trial 019 at epoch 033 | best epoch: 003
[I 2026-05-05 17:13:58,169] Trial 19 finished with value: 4.801153051306275 and parameters: {'batch_size': 256, 'learning_rate': 0.00021350220543688093, 'num_resblk': 10, 'num_features': 96, 'weight_decay': 1.0376945583389223e-05}. Best is trial 3 with value: 4.108437681679445.
Early stopping triggered for trial 020 at epoch 046 | best epoch: 016
[I 2026-05-05 17:16:48,889] Trial 20 finished with value: 4.5136109357399805 and parameters: {'batch_size': 256, 'learning_rate': 0.000189445811557122, 'num_resblk': 8, 'num_features': 128, 'weight_decay': 2.5564081067040917e-06}. Best is trial 3 with value: 4.108437681679445.
[I 2026-05-05 17:17:04,697] Trial 21 pruned. 
Early stopping triggered for trial 022 at epoch 037 | best epoch: 007
[I 2026-05-05 17:18:42,507] Trial 22 finished with value: 4.285715885142255 and parameters: {'batch_size': 256, 'learning_rate': 0.0001880396976981896, 'num_resblk': 6, 'num_features': 96, 'weight_decay': 1.138712685522515e-05}. Best is trial 3 with value: 4.108437681679445.
[I 2026-05-05 17:19:00,160] Trial 23 pruned. 
Early stopping triggered for trial 024 at epoch 049 | best epoch: 019
[I 2026-05-05 17:21:08,801] Trial 24 finished with value: 4.464772639529814 and parameters: {'batch_size': 256, 'learning_rate': 0.0002383977278111363, 'num_resblk': 6, 'num_features': 96, 'weight_decay': 9.47493715231736e-06}. Best is trial 3 with value: 4.108437681679445.
Early stopping triggered for trial 025 at epoch 046 | best epoch: 016
[I 2026-05-05 17:22:55,635] Trial 25 finished with value: 4.211617849778351 and parameters: {'batch_size': 256, 'learning_rate': 0.00016109385334958586, 'num_resblk': 4, 'num_features': 96, 'weight_decay': 1.1383403958204834e-05}. Best is trial 3 with value: 4.108437681679445.
Early stopping triggered for trial 026 at epoch 040 | best epoch: 010
[I 2026-05-05 17:24:28,944] Trial 26 finished with value: 4.3636649683423565 and parameters: {'batch_size': 256, 'learning_rate': 0.00015971805889125807, 'num_resblk': 4, 'num_features': 96, 'weight_decay': 2.699085312045661e-05}. Best is trial 3 with value: 4.108437681679445.
Early stopping triggered for trial 027 at epoch 038 | best epoch: 008
[I 2026-05-05 17:25:57,574] Trial 27 finished with value: 4.456875431488681 and parameters: {'batch_size': 256, 'learning_rate': 0.00012763553094809362, 'num_resblk': 4, 'num_features': 96, 'weight_decay': 2.214902706219979e-06}. Best is trial 3 with value: 4.108437681679445.
Early stopping triggered for trial 028 at epoch 037 | best epoch: 007
[I 2026-05-05 17:27:49,280] Trial 28 finished with value: 4.293660409323789 and parameters: {'batch_size': 256, 'learning_rate': 0.0001632742411266894, 'num_resblk': 4, 'num_features': 128, 'weight_decay': 4.405422256458192e-06}. Best is trial 3 with value: 4.108437681679445.
Early stopping triggered for trial 029 at epoch 040 | best epoch: 010
[I 2026-05-05 17:29:22,632] Trial 29 finished with value: 4.281085301905818 and parameters: {'batch_size': 256, 'learning_rate': 0.00012261669187693411, 'num_resblk': 4, 'num_features': 96, 'weight_decay': 6.282080339646365e-05}. Best is trial 3 with value: 4.108437681679445.
[I 2026-05-05 17:29:30,889] Trial 30 pruned. 
[I 2026-05-05 17:29:44,901] Trial 31 pruned. 
[I 2026-05-05 17:29:58,952] Trial 32 pruned. 
Early stopping triggered for trial 033 at epoch 035 | best epoch: 005
[I 2026-05-05 17:31:31,723] Trial 33 finished with value: 4.536129398913557 and parameters: {'batch_size': 256, 'learning_rate': 0.00015229083580308724, 'num_resblk': 6, 'num_features': 96, 'weight_decay': 7.064565194578787e-05}. Best is trial 3 with value: 4.108437681679445.
[I 2026-05-05 17:31:38,347] Trial 34 pruned. 
[I 2026-05-05 17:31:52,255] Trial 35 pruned. 
[I 2026-05-05 17:32:13,340] Trial 36 pruned. 
Early stopping triggered for trial 037 at epoch 034 | best epoch: 004
[I 2026-05-05 17:34:08,770] Trial 37 finished with value: 4.244901507030995 and parameters: {'batch_size': 256, 'learning_rate': 0.00022491661192537317, 'num_resblk': 6, 'num_features': 128, 'weight_decay': 0.00018514109866351033}. Best is trial 3 with value: 4.108437681679445.
[I 2026-05-05 17:34:32,934] Trial 38 pruned. 
[I 2026-05-05 17:34:53,154] Trial 39 pruned. 
[I 2026-05-05 17:35:15,592] Trial 40 pruned. 
Early stopping triggered for trial 041 at epoch 034 | best epoch: 004
[I 2026-05-05 17:37:11,015] Trial 41 finished with value: 4.652764616111333 and parameters: {'batch_size': 256, 'learning_rate': 0.00018702697371319194, 'num_resblk': 6, 'num_features': 128, 'weight_decay': 0.00015963590145107648}. Best is trial 3 with value: 4.108437681679445.
[I 2026-05-05 17:37:17,498] Trial 42 pruned. 
Early stopping triggered for trial 043 at epoch 033 | best epoch: 003
[I 2026-05-05 17:39:08,999] Trial 43 finished with value: 4.257702589613386 and parameters: {'batch_size': 256, 'learning_rate': 0.0002305135266865988, 'num_resblk': 6, 'num_features': 128, 'weight_decay': 0.000371843590694062}. Best is trial 3 with value: 4.108437681679445.
[I 2026-05-05 17:39:40,233] Trial 44 pruned. 
Early stopping triggered for trial 045 at epoch 037 | best epoch: 007
[I 2026-05-05 17:41:44,972] Trial 45 finished with value: 4.340239124214237 and parameters: {'batch_size': 256, 'learning_rate': 0.0002236761562095786, 'num_resblk': 6, 'num_features': 128, 'weight_decay': 0.000239977592772025}. Best is trial 3 with value: 4.108437681679445.
[I 2026-05-05 17:42:13,318] Trial 46 pruned. 
Early stopping triggered for trial 047 at epoch 038 | best epoch: 008
[I 2026-05-05 17:43:32,873] Trial 47 finished with value: 4.516115205206933 and parameters: {'batch_size': 256, 'learning_rate': 0.0001981467348847028, 'num_resblk': 8, 'num_features': 64, 'weight_decay': 6.356639074047828e-06}. Best is trial 3 with value: 4.108437681679445.
Early stopping triggered for trial 048 at epoch 035 | best epoch: 005
[I 2026-05-05 17:45:31,160] Trial 48 finished with value: 4.542364830493078 and parameters: {'batch_size': 256, 'learning_rate': 0.00023463376987813142, 'num_resblk': 6, 'num_features': 128, 'weight_decay': 4.601774927772668e-06}. Best is trial 3 with value: 4.108437681679445.
[I 2026-05-05 17:45:43,584] Trial 49 pruned. 
[I 2026-05-05 17:46:03,738] Trial 50 pruned. 
[I 2026-05-05 17:46:17,555] Trial 51 pruned. 
[I 2026-05-05 17:46:31,701] Trial 52 pruned. 
Early stopping triggered for trial 053 at epoch 035 | best epoch: 005
[I 2026-05-05 17:48:04,607] Trial 53 finished with value: 4.441909859743468 and parameters: {'batch_size': 256, 'learning_rate': 0.000227033013061189, 'num_resblk': 6, 'num_features': 96, 'weight_decay': 8.368132524007032e-05}. Best is trial 3 with value: 4.108437681679445.
[I 2026-05-05 17:48:11,221] Trial 54 pruned. 
Early stopping triggered for trial 055 at epoch 037 | best epoch: 007
[I 2026-05-05 17:49:48,967] Trial 55 finished with value: 4.410502831928346 and parameters: {'batch_size': 256, 'learning_rate': 0.0002477926789341151, 'num_resblk': 6, 'num_features': 96, 'weight_decay': 7.896662376208158e-06}. Best is trial 3 with value: 4.108437681679445.
[I 2026-05-05 17:50:06,496] Trial 56 pruned. 
Early stopping triggered for trial 057 at epoch 043 | best epoch: 013
[I 2026-05-05 17:52:16,021] Trial 57 finished with value: 4.217016091121326 and parameters: {'batch_size': 256, 'learning_rate': 0.00020822295573859627, 'num_resblk': 4, 'num_features': 128, 'weight_decay': 2.2841542803179937e-05}. Best is trial 3 with value: 4.108437681679445.
Early stopping triggered for trial 058 at epoch 041 | best epoch: 011
[I 2026-05-05 17:54:34,061] Trial 58 finished with value: 4.521214958577087 and parameters: {'batch_size': 256, 'learning_rate': 0.00020448622272182718, 'num_resblk': 6, 'num_features': 128, 'weight_decay': 2.3930947993483606e-05}. Best is trial 3 with value: 4.108437681679445.
Early stopping triggered for trial 059 at epoch 034 | best epoch: 004
[I 2026-05-05 17:56:52,587] Trial 59 finished with value: 4.648382360288507 and parameters: {'batch_size': 256, 'learning_rate': 0.00019276062916820066, 'num_resblk': 10, 'num_features': 128, 'weight_decay': 3.563951504731159e-05}. Best is trial 3 with value: 4.108437681679445.
Early stopping triggered for trial 060 at epoch 038 | best epoch: 008
[I 2026-05-05 17:59:00,377] Trial 60 finished with value: 4.516933057937575 and parameters: {'batch_size': 256, 'learning_rate': 0.00021219600919301668, 'num_resblk': 6, 'num_features': 128, 'weight_decay': 2.173884908886301e-05}. Best is trial 3 with value: 4.108437681679445.
Early stopping triggered for trial 061 at epoch 039 | best epoch: 009
[I 2026-05-05 18:00:58,105] Trial 61 finished with value: 4.345343408215545 and parameters: {'batch_size': 256, 'learning_rate': 0.000145894517980279, 'num_resblk': 4, 'num_features': 128, 'weight_decay': 1.5088786977423682e-05}. Best is trial 3 with value: 4.108437681679445.
Early stopping triggered for trial 062 at epoch 038 | best epoch: 008
[I 2026-05-05 18:02:26,965] Trial 62 finished with value: 4.053634906071727 and parameters: {'batch_size': 256, 'learning_rate': 0.00018406776683563655, 'num_resblk': 4, 'num_features': 96, 'weight_decay': 5.574477092855363e-05}. Best is trial 62 with value: 4.053634906071727.
[I 2026-05-05 18:02:36,850] Trial 63 pruned. 
[I 2026-05-05 18:02:50,746] Trial 64 pruned. 
[I 2026-05-05 18:03:10,872] Trial 65 pruned. 
[I 2026-05-05 18:03:24,889] Trial 66 pruned. 
Early stopping triggered for trial 067 at epoch 034 | best epoch: 004
[I 2026-05-05 18:04:54,963] Trial 67 finished with value: 4.467377213082737 and parameters: {'batch_size': 256, 'learning_rate': 0.00015390506088091844, 'num_resblk': 6, 'num_features': 96, 'weight_decay': 1.6239422043720865e-05}. Best is trial 62 with value: 4.053634906071727.
Early stopping triggered for trial 068 at epoch 036 | best epoch: 006
[I 2026-05-05 18:06:44,707] Trial 68 finished with value: 4.280958711075179 and parameters: {'batch_size': 256, 'learning_rate': 0.00017707840611218606, 'num_resblk': 4, 'num_features': 128, 'weight_decay': 0.00047034168929625326}. Best is trial 62 with value: 4.053634906071727.
Early stopping triggered for trial 069 at epoch 036 | best epoch: 006
[I 2026-05-05 18:08:20,375] Trial 69 finished with value: 4.526003540478181 and parameters: {'batch_size': 256, 'learning_rate': 0.00020691263302464303, 'num_resblk': 6, 'num_features': 96, 'weight_decay': 8.231812514449891e-06}. Best is trial 62 with value: 4.053634906071727.
[I 2026-05-05 18:08:27,053] Trial 70 pruned. 
Early stopping triggered for trial 071 at epoch 043 | best epoch: 013
[I 2026-05-05 18:10:38,050] Trial 71 finished with value: 4.277514000672214 and parameters: {'batch_size': 256, 'learning_rate': 0.00019845371636434146, 'num_resblk': 4, 'num_features': 128, 'weight_decay': 0.0003642659873905928}. Best is trial 62 with value: 4.053634906071727.
Early stopping triggered for trial 072 at epoch 033 | best epoch: 003
[I 2026-05-05 18:12:19,046] Trial 72 finished with value: 4.2918370289960395 and parameters: {'batch_size': 256, 'learning_rate': 0.00019920495287029729, 'num_resblk': 4, 'num_features': 128, 'weight_decay': 0.0003241289681064048}. Best is trial 62 with value: 4.053634906071727.
Early stopping triggered for trial 073 at epoch 038 | best epoch: 008
[I 2026-05-05 18:14:15,573] Trial 73 finished with value: 4.559474821499945 and parameters: {'batch_size': 256, 'learning_rate': 0.00018922710445039927, 'num_resblk': 4, 'num_features': 128, 'weight_decay': 0.00024560666325268963}. Best is trial 62 with value: 4.053634906071727.
Early stopping triggered for trial 074 at epoch 040 | best epoch: 010
[I 2026-05-05 18:16:19,133] Trial 74 finished with value: 4.538314860697286 and parameters: {'batch_size': 256, 'learning_rate': 0.0002300542108424138, 'num_resblk': 4, 'num_features': 128, 'weight_decay': 0.00037865308371123234}. Best is trial 62 with value: 4.053634906071727.
Early stopping triggered for trial 075 at epoch 042 | best epoch: 012
[I 2026-05-05 18:18:43,155] Trial 75 finished with value: 4.508374514007485 and parameters: {'batch_size': 256, 'learning_rate': 0.0001731997157128451, 'num_resblk': 6, 'num_features': 128, 'weight_decay': 0.0002086605062677369}. Best is trial 62 with value: 4.053634906071727.
Early stopping triggered for trial 076 at epoch 045 | best epoch: 015
[I 2026-05-05 18:20:56,525] Trial 76 finished with value: 4.567175952000291 and parameters: {'batch_size': 256, 'learning_rate': 0.0002386231770234249, 'num_resblk': 8, 'num_features': 96, 'weight_decay': 0.000696603886419822}. Best is trial 62 with value: 4.053634906071727.
Early stopping triggered for trial 077 at epoch 040 | best epoch: 010
[I 2026-05-05 18:23:14,123] Trial 77 finished with value: 4.642690331928345 and parameters: {'batch_size': 256, 'learning_rate': 0.0002083075555333488, 'num_resblk': 6, 'num_features': 128, 'weight_decay': 2.922524292400634e-05}. Best is trial 62 with value: 4.053634906071727.
[I 2026-05-05 18:23:28,345] Trial 78 pruned. 
[I 2026-05-05 18:23:38,340] Trial 79 pruned. 
[I 2026-05-05 18:24:07,252] Trial 80 pruned. 
Early stopping triggered for trial 081 at epoch 040 | best epoch: 010
