[I 2026-05-04 19:29:47,168] Trial 143 finished with value: 3.8518122557936043 and parameters: {'batch_size': 128, 'learning_rate': 0.00020694174239918543, 'num_resblk': 10, 'num_features': 128, 'weight_decay': 2.139517865861233e-06, 'domain_hidden_dim': 256, 'alpha_domain': 0.10925106752635129}. Best is trial 103 with value: 3.6855437015664987.
Early stopping triggered for trial 144 at epoch 034 | best epoch: 004
[I 2026-05-04 19:33:51,326] Trial 144 finished with value: 3.733371775725792 and parameters: {'batch_size': 128, 'learning_rate': 0.00021891733345710192, 'num_resblk': 10, 'num_features': 128, 'weight_decay': 2.143901056367174e-06, 'domain_hidden_dim': 256, 'alpha_domain': 0.10066018105523507}. Best is trial 103 with value: 3.6855437015664987.
Early stopping triggered for trial 145 at epoch 044 | best epoch: 014
[I 2026-05-04 19:39:05,379] Trial 145 finished with value: 4.10151114134953 and parameters: {'batch_size': 128, 'learning_rate': 0.00022081125285703485, 'num_resblk': 10, 'num_features': 128, 'weight_decay': 2.4149515387353113e-06, 'domain_hidden_dim': 256, 'alpha_domain': 0.09637457726031091}. Best is trial 103 with value: 3.6855437015664987.
Early stopping triggered for trial 146 at epoch 037 | best epoch: 007
[I 2026-05-04 19:43:03,787] Trial 146 finished with value: 3.986073777593415 and parameters: {'batch_size': 128, 'learning_rate': 0.00020586946809163673, 'num_resblk': 8, 'num_features': 128, 'weight_decay': 2.083526153177366e-06, 'domain_hidden_dim': 256, 'alpha_domain': 0.04625824679640613}. Best is trial 103 with value: 3.6855437015664987.
Early stopping triggered for trial 147 at epoch 041 | best epoch: 011
[I 2026-05-04 19:47:57,128] Trial 147 finished with value: 4.185462392609695 and parameters: {'batch_size': 128, 'learning_rate': 0.0002222204001800131, 'num_resblk': 10, 'num_features': 128, 'weight_decay': 3.516282179754104e-05, 'domain_hidden_dim': 128, 'alpha_domain': 0.0635486660607574}. Best is trial 103 with value: 3.6855437015664987.
[I 2026-05-04 19:48:16,221] Trial 148 pruned. 
[I 2026-05-04 19:48:50,755] Trial 149 pruned. 
Early stopping triggered for trial 150 at epoch 040 | best epoch: 010
[I 2026-05-04 19:54:07,002] Trial 150 finished with value: 4.033521816648286 and parameters: {'batch_size': 128, 'learning_rate': 0.00022986240931937817, 'num_resblk': 12, 'num_features': 128, 'weight_decay': 1.4478197100308774e-06, 'domain_hidden_dim': 256, 'alpha_domain': 0.02301747048043001}. Best is trial 103 with value: 3.6855437015664987.
Early stopping triggered for trial 151 at epoch 032 | best epoch: 002
[I 2026-05-04 19:57:57,043] Trial 151 finished with value: 4.035681621781711 and parameters: {'batch_size': 128, 'learning_rate': 0.00023578831817386764, 'num_resblk': 10, 'num_features': 128, 'weight_decay': 1.2405255952634042e-06, 'domain_hidden_dim': 256, 'alpha_domain': 0.11171692859962724}. Best is trial 103 with value: 3.6855437015664987.
Early stopping triggered for trial 152 at epoch 036 | best epoch: 006
[I 2026-05-04 20:02:15,120] Trial 152 finished with value: 3.8121133631673354 and parameters: {'batch_size': 128, 'learning_rate': 0.000256445863201015, 'num_resblk': 10, 'num_features': 128, 'weight_decay': 1.6719772141045338e-06, 'domain_hidden_dim': 256, 'alpha_domain': 0.08438979667552919}. Best is trial 103 with value: 3.6855437015664987.
[I 2026-05-04 20:02:57,570] Trial 153 pruned. 
Early stopping triggered for trial 154 at epoch 032 | best epoch: 002
[I 2026-05-04 20:06:47,571] Trial 154 finished with value: 3.9678083452685127 and parameters: {'batch_size': 128, 'learning_rate': 0.00021865264444505765, 'num_resblk': 10, 'num_features': 128, 'weight_decay': 2.472810035635112e-06, 'domain_hidden_dim': 256, 'alpha_domain': 0.10311774703843749}. Best is trial 103 with value: 3.6855437015664987.
Early stopping triggered for trial 155 at epoch 045 | best epoch: 015
[I 2026-05-04 20:12:08,306] Trial 155 finished with value: 3.76137218804195 and parameters: {'batch_size': 128, 'learning_rate': 0.0002455113291927868, 'num_resblk': 10, 'num_features': 128, 'weight_decay': 1.5548963553622973e-06, 'domain_hidden_dim': 256, 'alpha_domain': 0.01183652504099749}. Best is trial 103 with value: 3.6855437015664987.
Early stopping triggered for trial 156 at epoch 041 | best epoch: 011
[I 2026-05-04 20:17:01,006] Trial 156 finished with value: 3.807988133923761 and parameters: {'batch_size': 128, 'learning_rate': 0.00024659061597259355, 'num_resblk': 10, 'num_features': 128, 'weight_decay': 1.995040255615527e-06, 'domain_hidden_dim': 128, 'alpha_domain': 0.01061221348985884}. Best is trial 103 with value: 3.6855437015664987.
Early stopping triggered for trial 157 at epoch 044 | best epoch: 014
[I 2026-05-04 20:22:14,859] Trial 157 finished with value: 3.820193253714463 and parameters: {'batch_size': 128, 'learning_rate': 0.00024428996923895317, 'num_resblk': 10, 'num_features': 128, 'weight_decay': 6.149441594520667e-06, 'domain_hidden_dim': 128, 'alpha_domain': 0.011459080721569405}. Best is trial 103 with value: 3.6855437015664987.
Early stopping triggered for trial 158 at epoch 039 | best epoch: 009
[I 2026-05-04 20:26:53,998] Trial 158 finished with value: 3.815295433175975 and parameters: {'batch_size': 128, 'learning_rate': 0.00024646032360313934, 'num_resblk': 10, 'num_features': 128, 'weight_decay': 5.851301377506634e-06, 'domain_hidden_dim': 128, 'alpha_domain': 0.011053755260618213}. Best is trial 103 with value: 3.6855437015664987.
slurmstepd: error: *** JOB 6534008 ON d4052 CANCELLED AT 2026-05-04T20:29:54 DUE TO TIME LIMIT ***
