[I 2026-04-30 19:40:51,532] Trial 105 finished with value: 4.083516449763857 and parameters: {'batch_size': 256, 'learning_rate': 0.00028423247662501234, 'num_resblk': 4, 'num_features': 128, 'weight_decay': 2.91930991693928e-06, 'domain_hidden_dim': 256, 'alpha_domain': 0.18536426929665345}. Best is trial 96 with value: 3.731310219600283.
[I 2026-04-30 19:41:07,562] Trial 106 pruned. 
Early stopping triggered for trial 107 at epoch 048 | best epoch: 018
[I 2026-04-30 19:44:46,506] Trial 107 finished with value: 4.071830165797267 and parameters: {'batch_size': 256, 'learning_rate': 0.00027179194256348734, 'num_resblk': 4, 'num_features': 128, 'weight_decay': 1.394720951871587e-06, 'domain_hidden_dim': 256, 'alpha_domain': 0.17186031943772448}. Best is trial 96 with value: 3.731310219600283.
[I 2026-04-30 19:45:28,711] Trial 108 pruned. 
Early stopping triggered for trial 109 at epoch 033 | best epoch: 003
[I 2026-04-30 19:48:22,430] Trial 109 finished with value: 4.656673628708412 and parameters: {'batch_size': 256, 'learning_rate': 0.0002494270564149712, 'num_resblk': 6, 'num_features': 128, 'weight_decay': 3.1534560091666062e-06, 'domain_hidden_dim': 128, 'alpha_domain': 0.3014668158475565}. Best is trial 96 with value: 3.731310219600283.
Early stopping triggered for trial 110 at epoch 036 | best epoch: 006
[I 2026-04-30 19:49:59,993] Trial 110 finished with value: 4.081772804260254 and parameters: {'batch_size': 256, 'learning_rate': 0.0002920756017409486, 'num_resblk': 4, 'num_features': 64, 'weight_decay': 2.2526117676437576e-06, 'domain_hidden_dim': 256, 'alpha_domain': 0.026193343063799134}. Best is trial 96 with value: 3.731310219600283.
Early stopping triggered for trial 111 at epoch 039 | best epoch: 009
[I 2026-04-30 19:52:58,840] Trial 111 finished with value: 4.133640897685084 and parameters: {'batch_size': 256, 'learning_rate': 0.0002774657807827711, 'num_resblk': 4, 'num_features': 128, 'weight_decay': 1.0691401197605928e-06, 'domain_hidden_dim': 256, 'alpha_domain': 0.12586298348699776}. Best is trial 96 with value: 3.731310219600283.
Early stopping triggered for trial 112 at epoch 034 | best epoch: 004
[I 2026-04-30 19:55:42,370] Trial 112 finished with value: 4.2321713052946945 and parameters: {'batch_size': 128, 'learning_rate': 0.0002839248481768905, 'num_resblk': 4, 'num_features': 128, 'weight_decay': 2.7112811957926147e-06, 'domain_hidden_dim': 256, 'alpha_domain': 0.019069037773289846}. Best is trial 96 with value: 3.731310219600283.
Early stopping triggered for trial 113 at epoch 035 | best epoch: 005
[I 2026-04-30 19:58:23,950] Trial 113 finished with value: 3.9628331661224365 and parameters: {'batch_size': 256, 'learning_rate': 0.0002688294294855088, 'num_resblk': 4, 'num_features': 128, 'weight_decay': 1.65384126334706e-06, 'domain_hidden_dim': 256, 'alpha_domain': 0.023161449556596776}. Best is trial 96 with value: 3.731310219600283.
Early stopping triggered for trial 114 at epoch 039 | best epoch: 009
[I 2026-04-30 20:01:22,475] Trial 114 finished with value: 4.213569682219933 and parameters: {'batch_size': 256, 'learning_rate': 0.00025757272941204527, 'num_resblk': 4, 'num_features': 128, 'weight_decay': 1.8324392024797806e-06, 'domain_hidden_dim': 256, 'alpha_domain': 0.022659867489016633}. Best is trial 96 with value: 3.731310219600283.
Early stopping triggered for trial 115 at epoch 036 | best epoch: 006
[I 2026-04-30 20:04:07,433] Trial 115 finished with value: 4.1788418210785965 and parameters: {'batch_size': 256, 'learning_rate': 0.0002692622604637559, 'num_resblk': 4, 'num_features': 128, 'weight_decay': 1.2166946985218527e-06, 'domain_hidden_dim': 256, 'alpha_domain': 0.03271410157078768}. Best is trial 96 with value: 3.731310219600283.
Early stopping triggered for trial 116 at epoch 038 | best epoch: 008
[I 2026-04-30 20:07:01,608] Trial 116 finished with value: 3.9624887170462775 and parameters: {'batch_size': 256, 'learning_rate': 0.00024292795300012477, 'num_resblk': 4, 'num_features': 128, 'weight_decay': 1.5097643182770108e-06, 'domain_hidden_dim': 256, 'alpha_domain': 0.243595122173887}. Best is trial 96 with value: 3.731310219600283.
Early stopping triggered for trial 117 at epoch 047 | best epoch: 017
[I 2026-04-30 20:10:19,508] Trial 117 finished with value: 4.542100273329636 and parameters: {'batch_size': 256, 'learning_rate': 0.00023875461895160336, 'num_resblk': 6, 'num_features': 96, 'weight_decay': 2.152087221442545e-06, 'domain_hidden_dim': 256, 'alpha_domain': 0.24493281106891956}. Best is trial 96 with value: 3.731310219600283.
[I 2026-04-30 20:10:58,029] Trial 118 pruned. 
[I 2026-04-30 20:11:09,194] Trial 119 pruned. 
Early stopping triggered for trial 120 at epoch 035 | best epoch: 005
[I 2026-04-30 20:12:44,251] Trial 120 finished with value: 4.791620764239081 and parameters: {'batch_size': 256, 'learning_rate': 0.0002321521556342154, 'num_resblk': 4, 'num_features': 64, 'weight_decay': 3.351815908137437e-06, 'domain_hidden_dim': 256, 'alpha_domain': 0.15344835951468414}. Best is trial 96 with value: 3.731310219600283.
Early stopping triggered for trial 121 at epoch 041 | best epoch: 011
[I 2026-04-30 20:15:52,084] Trial 121 finished with value: 4.176624265210382 and parameters: {'batch_size': 256, 'learning_rate': 0.00025214681954660785, 'num_resblk': 4, 'num_features': 128, 'weight_decay': 1.8116989090854916e-06, 'domain_hidden_dim': 256, 'alpha_domain': 0.20130391133305733}. Best is trial 96 with value: 3.731310219600283.
[I 2026-04-30 20:20:19,771] Trial 122 pruned. 
Early stopping triggered for trial 123 at epoch 037 | best epoch: 007
[I 2026-04-30 20:23:09,825] Trial 123 finished with value: 4.086923089520685 and parameters: {'batch_size': 256, 'learning_rate': 0.00027819025791597004, 'num_resblk': 4, 'num_features': 128, 'weight_decay': 1.5682923863894499e-06, 'domain_hidden_dim': 256, 'alpha_domain': 0.023698323348627297}. Best is trial 96 with value: 3.731310219600283.
Early stopping triggered for trial 124 at epoch 037 | best epoch: 007
[I 2026-04-30 20:25:59,259] Trial 124 finished with value: 4.003689749487515 and parameters: {'batch_size': 256, 'learning_rate': 0.0002618066335704506, 'num_resblk': 4, 'num_features': 128, 'weight_decay': 1.1822367602151955e-06, 'domain_hidden_dim': 256, 'alpha_domain': 0.028758636429377097}. Best is trial 96 with value: 3.731310219600283.
Early stopping triggered for trial 125 at epoch 039 | best epoch: 009
[I 2026-04-30 20:28:58,297] Trial 125 finished with value: 3.966854111901645 and parameters: {'batch_size': 256, 'learning_rate': 0.00028894291339769845, 'num_resblk': 4, 'num_features': 128, 'weight_decay': 1.9992224454602128e-06, 'domain_hidden_dim': 256, 'alpha_domain': 0.10991400838359876}. Best is trial 96 with value: 3.731310219600283.
Early stopping triggered for trial 126 at epoch 034 | best epoch: 004
[I 2026-04-30 20:31:34,685] Trial 126 finished with value: 4.198390697610789 and parameters: {'batch_size': 256, 'learning_rate': 0.00027035079889099295, 'num_resblk': 4, 'num_features': 128, 'weight_decay': 2.7807393206538847e-06, 'domain_hidden_dim': 256, 'alpha_domain': 0.01764501369218477}. Best is trial 96 with value: 3.731310219600283.
[I 2026-04-30 20:32:01,660] Trial 127 pruned. 
Early stopping triggered for trial 128 at epoch 044 | best epoch: 014
[I 2026-04-30 20:35:22,100] Trial 128 finished with value: 4.378838514459544 and parameters: {'batch_size': 256, 'learning_rate': 0.000293672627400927, 'num_resblk': 4, 'num_features': 128, 'weight_decay': 1.3108551753467413e-06, 'domain_hidden_dim': 256, 'alpha_domain': 0.01997032331074888}. Best is trial 96 with value: 3.731310219600283.
Early stopping triggered for trial 129 at epoch 033 | best epoch: 003
[I 2026-04-30 20:38:36,226] Trial 129 finished with value: 4.217710273019199 and parameters: {'batch_size': 256, 'learning_rate': 0.00021808284861958845, 'num_resblk': 8, 'num_features': 128, 'weight_decay': 1.6126921024717368e-06, 'domain_hidden_dim': 64, 'alpha_domain': 0.022237031389808714}. Best is trial 96 with value: 3.731310219600283.
Early stopping triggered for trial 130 at epoch 046 | best epoch: 016
[I 2026-04-30 20:40:41,287] Trial 130 finished with value: 4.150797564407875 and parameters: {'batch_size': 256, 'learning_rate': 0.00025395812290299186, 'num_resblk': 4, 'num_features': 64, 'weight_decay': 2.0631406674009664e-06, 'domain_hidden_dim': 256, 'alpha_domain': 0.014569997242666544}. Best is trial 96 with value: 3.731310219600283.
Early stopping triggered for trial 131 at epoch 044 | best epoch: 014
[I 2026-04-30 20:44:04,047] Trial 131 finished with value: 3.86419494398709 and parameters: {'batch_size': 256, 'learning_rate': 0.0002883808789031997, 'num_resblk': 4, 'num_features': 128, 'weight_decay': 1.9433979693694275e-06, 'domain_hidden_dim': 256, 'alpha_domain': 0.08686728685569735}. Best is trial 96 with value: 3.731310219600283.
Early stopping triggered for trial 132 at epoch 052 | best epoch: 022
[I 2026-04-30 20:48:02,213] Trial 132 finished with value: 4.276693689412084 and parameters: {'batch_size': 256, 'learning_rate': 0.0002851982006387042, 'num_resblk': 4, 'num_features': 128, 'weight_decay': 2.389875623183205e-06, 'domain_hidden_dim': 256, 'alpha_domain': 0.0847512115432358}. Best is trial 96 with value: 3.731310219600283.
Early stopping triggered for trial 133 at epoch 042 | best epoch: 012
[I 2026-04-30 20:51:16,317] Trial 133 finished with value: 3.9021961195715544 and parameters: {'batch_size': 256, 'learning_rate': 0.0002815166454900048, 'num_resblk': 4, 'num_features': 128, 'weight_decay': 3.557595390613319e-06, 'domain_hidden_dim': 256, 'alpha_domain': 0.06015213348393906}. Best is trial 96 with value: 3.731310219600283.
Early stopping triggered for trial 134 at epoch 037 | best epoch: 007
[I 2026-04-30 20:54:07,633] Trial 134 finished with value: 4.24572702111869 and parameters: {'batch_size': 256, 'learning_rate': 0.0002774646099057591, 'num_resblk': 4, 'num_features': 128, 'weight_decay': 3.866781591487967e-06, 'domain_hidden_dim': 256, 'alpha_domain': 0.05228450074962873}. Best is trial 96 with value: 3.731310219600283.
[I 2026-04-30 20:58:35,719] Trial 135 pruned. 
Early stopping triggered for trial 136 at epoch 040 | best epoch: 010
[I 2026-04-30 21:01:38,794] Trial 136 finished with value: 4.171421231894658 and parameters: {'batch_size': 256, 'learning_rate': 0.00028712508180561686, 'num_resblk': 4, 'num_features': 128, 'weight_decay': 4.738193258838829e-06, 'domain_hidden_dim': 256, 'alpha_domain': 0.08987962651527871}. Best is trial 96 with value: 3.731310219600283.
Early stopping triggered for trial 137 at epoch 035 | best epoch: 005
[I 2026-04-30 21:04:42,448] Trial 137 finished with value: 4.784262311869655 and parameters: {'batch_size': 256, 'learning_rate': 0.00027989374957877467, 'num_resblk': 6, 'num_features': 128, 'weight_decay': 0.0009176081560187618, 'domain_hidden_dim': 128, 'alpha_domain': 0.05968062174183434}. Best is trial 96 with value: 3.731310219600283.
Early stopping triggered for trial 138 at epoch 037 | best epoch: 007
[I 2026-04-30 21:07:33,329] Trial 138 finished with value: 4.248224866801295 and parameters: {'batch_size': 256, 'learning_rate': 0.0002923761616732047, 'num_resblk': 4, 'num_features': 128, 'weight_decay': 2.5733374399841985e-06, 'domain_hidden_dim': 256, 'alpha_domain': 0.07001683631016811}. Best is trial 96 with value: 3.731310219600283.
Early stopping triggered for trial 139 at epoch 058 | best epoch: 028
[I 2026-04-30 21:10:11,085] Trial 139 finished with value: 4.1863114176125364 and parameters: {'batch_size': 256, 'learning_rate': 0.0002603276467670573, 'num_resblk': 4, 'num_features': 64, 'weight_decay': 0.00012320826172901512, 'domain_hidden_dim': 256, 'alpha_domain': 0.05655092904357867}. Best is trial 96 with value: 3.731310219600283.
Early stopping triggered for trial 140 at epoch 039 | best epoch: 009
[I 2026-04-30 21:12:35,950] Trial 140 finished with value: 3.962341234601777 and parameters: {'batch_size': 256, 'learning_rate': 0.00027269580850950163, 'num_resblk': 4, 'num_features': 96, 'weight_decay': 2.913667305171281e-06, 'domain_hidden_dim': 256, 'alpha_domain': 0.04064836175849898}. Best is trial 96 with value: 3.731310219600283.
Early stopping triggered for trial 141 at epoch 040 | best epoch: 010
[I 2026-04-30 21:15:03,739] Trial 141 finished with value: 3.9434168585415543 and parameters: {'batch_size': 256, 'learning_rate': 0.0002735135606861615, 'num_resblk': 4, 'num_features': 96, 'weight_decay': 5.374863031956522e-06, 'domain_hidden_dim': 256, 'alpha_domain': 0.04192260017827064}. Best is trial 96 with value: 3.731310219600283.
Early stopping triggered for trial 142 at epoch 035 | best epoch: 005
[I 2026-04-30 21:17:13,542] Trial 142 finished with value: 4.1881922360124255 and parameters: {'batch_size': 256, 'learning_rate': 0.00027312703966450667, 'num_resblk': 4, 'num_features': 96, 'weight_decay': 5.380040048214457e-06, 'domain_hidden_dim': 256, 'alpha_domain': 0.04107473475317727}. Best is trial 96 with value: 3.731310219600283.
Early stopping triggered for trial 143 at epoch 041 | best epoch: 011
[I 2026-04-30 21:19:45,134] Trial 143 finished with value: 4.1722784206785 and parameters: {'batch_size': 256, 'learning_rate': 0.0002790929181256737, 'num_resblk': 4, 'num_features': 96, 'weight_decay': 3.010470828740716e-06, 'domain_hidden_dim': 256, 'alpha_domain': 0.04419674391676466}. Best is trial 96 with value: 3.731310219600283.
Early stopping triggered for trial 144 at epoch 038 | best epoch: 008
[I 2026-04-30 21:22:05,846] Trial 144 finished with value: 4.45650159079453 and parameters: {'batch_size': 256, 'learning_rate': 0.00028460351292440854, 'num_resblk': 4, 'num_features': 96, 'weight_decay': 6.1864239648346475e-06, 'domain_hidden_dim': 256, 'alpha_domain': 0.035286555326250794}. Best is trial 96 with value: 3.731310219600283.
Early stopping triggered for trial 145 at epoch 040 | best epoch: 010
[I 2026-04-30 21:24:33,420] Trial 145 finished with value: 3.701799310486892 and parameters: {'batch_size': 256, 'learning_rate': 0.00027360119198568966, 'num_resblk': 4, 'num_features': 96, 'weight_decay': 3.791939377679279e-06, 'domain_hidden_dim': 256, 'alpha_domain': 0.039753131007869265}. Best is trial 145 with value: 3.701799310486892.
Early stopping triggered for trial 146 at epoch 043 | best epoch: 013
[I 2026-04-30 21:27:11,142] Trial 146 finished with value: 4.208559677518648 and parameters: {'batch_size': 256, 'learning_rate': 0.0001846833881552611, 'num_resblk': 4, 'num_features': 96, 'weight_decay': 3.881318745611345e-06, 'domain_hidden_dim': 256, 'alpha_domain': 0.03133801613451498}. Best is trial 145 with value: 3.701799310486892.
Early stopping triggered for trial 147 at epoch 043 | best epoch: 013
[I 2026-04-30 21:29:49,278] Trial 147 finished with value: 4.235488792945599 and parameters: {'batch_size': 256, 'learning_rate': 0.0002923107404744137, 'num_resblk': 4, 'num_features': 96, 'weight_decay': 4.346449311024052e-06, 'domain_hidden_dim': 256, 'alpha_domain': 0.05258474469105115}. Best is trial 145 with value: 3.701799310486892.
Early stopping triggered for trial 148 at epoch 039 | best epoch: 009
[I 2026-04-30 21:32:36,105] Trial 148 finished with value: 4.208164749474361 and parameters: {'batch_size': 256, 'learning_rate': 0.00026487889143840987, 'num_resblk': 6, 'num_features': 96, 'weight_decay': 4.843142294769257e-06, 'domain_hidden_dim': 256, 'alpha_domain': 0.046166164583154416}. Best is trial 145 with value: 3.701799310486892.
Early stopping triggered for trial 149 at epoch 033 | best epoch: 003
[I 2026-04-30 21:36:32,254] Trial 149 finished with value: 4.442186561124078 and parameters: {'batch_size': 256, 'learning_rate': 0.000284453531022719, 'num_resblk': 16, 'num_features': 96, 'weight_decay': 7.642228680020213e-05, 'domain_hidden_dim': 256, 'alpha_domain': 0.03601071183358876}. Best is trial 145 with value: 3.701799310486892.
Early stopping triggered for trial 150 at epoch 041 | best epoch: 011
[I 2026-04-30 21:39:03,393] Trial 150 finished with value: 4.18921395827984 and parameters: {'batch_size': 256, 'learning_rate': 0.00027824938381691385, 'num_resblk': 4, 'num_features': 96, 'weight_decay': 3.2888324066100943e-06, 'domain_hidden_dim': 256, 'alpha_domain': 0.02739377252663194}. Best is trial 145 with value: 3.701799310486892.
Early stopping triggered for trial 151 at epoch 038 | best epoch: 008
[I 2026-04-30 21:41:23,780] Trial 151 finished with value: 4.086939491074661 and parameters: {'batch_size': 256, 'learning_rate': 0.00027226155488905564, 'num_resblk': 4, 'num_features': 96, 'weight_decay': 3.481786227928281e-06, 'domain_hidden_dim': 256, 'alpha_domain': 0.038097005894365536}. Best is trial 145 with value: 3.701799310486892.
Early stopping triggered for trial 152 at epoch 038 | best epoch: 008
[I 2026-04-30 21:43:44,359] Trial 152 finished with value: 4.12645358052747 and parameters: {'batch_size': 256, 'learning_rate': 0.000257645678923099, 'num_resblk': 4, 'num_features': 96, 'weight_decay': 2.7406092409263886e-06, 'domain_hidden_dim': 256, 'alpha_domain': 0.032951611762220674}. Best is trial 145 with value: 3.701799310486892.
Early stopping triggered for trial 153 at epoch 039 | best epoch: 009
[I 2026-04-30 21:46:08,498] Trial 153 finished with value: 4.204390106530025 and parameters: {'batch_size': 256, 'learning_rate': 0.0002732006177953727, 'num_resblk': 4, 'num_features': 96, 'weight_decay': 2.976200233489897e-06, 'domain_hidden_dim': 256, 'alpha_domain': 0.029627378432410808}. Best is trial 145 with value: 3.701799310486892.
Early stopping triggered for trial 154 at epoch 042 | best epoch: 012
[I 2026-04-30 21:48:43,141] Trial 154 finished with value: 3.980511500917632 and parameters: {'batch_size': 256, 'learning_rate': 0.00026609507515439377, 'num_resblk': 4, 'num_features': 96, 'weight_decay': 1.9893698264993356e-05, 'domain_hidden_dim': 256, 'alpha_domain': 0.03919545689064557}. Best is trial 145 with value: 3.701799310486892.
[I 2026-04-30 21:50:37,499] Trial 155 pruned. 
Early stopping triggered for trial 156 at epoch 034 | best epoch: 004
[I 2026-04-30 21:52:43,940] Trial 156 finished with value: 4.372894032248135 and parameters: {'batch_size': 256, 'learning_rate': 0.0002936732700496526, 'num_resblk': 4, 'num_features': 96, 'weight_decay': 3.9014657667067985e-06, 'domain_hidden_dim': 256, 'alpha_domain': 0.047475603916858636}. Best is trial 145 with value: 3.701799310486892.
Early stopping triggered for trial 157 at epoch 044 | best epoch: 014
[I 2026-04-30 21:54:42,709] Trial 157 finished with value: 4.0683973822100405 and parameters: {'batch_size': 256, 'learning_rate': 0.0002862191554847572, 'num_resblk': 4, 'num_features': 64, 'weight_decay': 5.318422534754691e-06, 'domain_hidden_dim': 256, 'alpha_domain': 0.04039422935171368}. Best is trial 145 with value: 3.701799310486892.
[I 2026-04-30 21:55:09,857] Trial 158 pruned. 
Early stopping triggered for trial 159 at epoch 037 | best epoch: 007
[I 2026-04-30 21:57:46,888] Trial 159 finished with value: 3.7352181303090064 and parameters: {'batch_size': 256, 'learning_rate': 0.0002608069855415097, 'num_resblk': 6, 'num_features': 96, 'weight_decay': 3.620417395378055e-05, 'domain_hidden_dim': 64, 'alpha_domain': 0.016270569948170926}. Best is trial 145 with value: 3.701799310486892.
[I 2026-04-30 21:58:23,877] Trial 160 pruned. 
Early stopping triggered for trial 161 at epoch 035 | best epoch: 005
[I 2026-04-30 22:01:13,633] Trial 161 finished with value: 4.695898656187387 and parameters: {'batch_size': 256, 'learning_rate': 0.0002698963987152283, 'num_resblk': 8, 'num_features': 96, 'weight_decay': 3.1818068605218787e-06, 'domain_hidden_dim': 64, 'alpha_domain': 0.019995149490615465}. Best is trial 145 with value: 3.701799310486892.
Early stopping triggered for trial 162 at epoch 036 | best epoch: 006
[I 2026-04-30 22:03:47,153] Trial 162 finished with value: 4.449058746469432 and parameters: {'batch_size': 256, 'learning_rate': 0.000253416395937286, 'num_resblk': 6, 'num_features': 96, 'weight_decay': 4.8089858132155395e-05, 'domain_hidden_dim': 64, 'alpha_domain': 0.01701272872074427}. Best is trial 145 with value: 3.701799310486892.
Early stopping triggered for trial 163 at epoch 036 | best epoch: 006
[I 2026-04-30 22:06:01,342] Trial 163 finished with value: 4.3162019992696825 and parameters: {'batch_size': 256, 'learning_rate': 0.00029992026369147123, 'num_resblk': 4, 'num_features': 96, 'weight_decay': 2.092690004239633e-06, 'domain_hidden_dim': 64, 'alpha_domain': 0.01538805816891355}. Best is trial 145 with value: 3.701799310486892.
Early stopping triggered for trial 164 at epoch 034 | best epoch: 004
[I 2026-04-30 22:08:07,852] Trial 164 finished with value: 4.1238303102295975 and parameters: {'batch_size': 256, 'learning_rate': 0.00026814705245644624, 'num_resblk': 4, 'num_features': 96, 'weight_decay': 2.684914124056807e-06, 'domain_hidden_dim': 64, 'alpha_domain': 0.07504942610690615}. Best is trial 145 with value: 3.701799310486892.
Early stopping triggered for trial 165 at epoch 040 | best epoch: 010
[I 2026-04-30 22:10:58,284] Trial 165 finished with value: 4.1147343372476515 and parameters: {'batch_size': 256, 'learning_rate': 0.000281263979849016, 'num_resblk': 6, 'num_features': 96, 'weight_decay': 0.00098081766644879, 'domain_hidden_dim': 128, 'alpha_domain': 0.013858700661016783}. Best is trial 145 with value: 3.701799310486892.
Early stopping triggered for trial 166 at epoch 039 | best epoch: 009
[I 2026-04-30 22:12:45,262] Trial 166 finished with value: 3.949365994025921 and parameters: {'batch_size': 256, 'learning_rate': 0.0002606565053133306, 'num_resblk': 4, 'num_features': 64, 'weight_decay': 4.329839854792086e-06, 'domain_hidden_dim': 256, 'alpha_domain': 0.03495292905182581}. Best is trial 145 with value: 3.701799310486892.
Early stopping triggered for trial 167 at epoch 036 | best epoch: 006
