[I 2026-05-05 18:26:11,155] Trial 81 finished with value: 4.540839194387922 and parameters: {'batch_size': 256, 'learning_rate': 0.00017462208955453152, 'num_resblk': 4, 'num_features': 128, 'weight_decay': 0.0005141573222158624}. Best is trial 62 with value: 4.053634906071727.
Early stopping triggered for trial 082 at epoch 038 | best epoch: 008
[I 2026-05-05 18:28:08,554] Trial 82 finished with value: 4.164283036136042 and parameters: {'batch_size': 256, 'learning_rate': 0.00017779153272288266, 'num_resblk': 4, 'num_features': 128, 'weight_decay': 0.00040567270220426234}. Best is trial 62 with value: 4.053634906071727.
Early stopping triggered for trial 083 at epoch 039 | best epoch: 009
[I 2026-05-05 18:30:09,018] Trial 83 finished with value: 3.902641198993496 and parameters: {'batch_size': 256, 'learning_rate': 0.00020011299006958842, 'num_resblk': 4, 'num_features': 128, 'weight_decay': 2.0427989455063885e-05}. Best is trial 83 with value: 3.902641198993496.
Early stopping triggered for trial 084 at epoch 040 | best epoch: 010
[I 2026-05-05 18:32:25,695] Trial 84 finished with value: 4.366812014007485 and parameters: {'batch_size': 256, 'learning_rate': 0.0001571924149022928, 'num_resblk': 6, 'num_features': 128, 'weight_decay': 1.9775870214599967e-05}. Best is trial 83 with value: 3.902641198993496.
Early stopping triggered for trial 085 at epoch 039 | best epoch: 009
[I 2026-05-05 18:33:58,758] Trial 85 finished with value: 4.756304594673159 and parameters: {'batch_size': 256, 'learning_rate': 0.0001948293838228061, 'num_resblk': 4, 'num_features': 96, 'weight_decay': 3.7701449108690653e-06}. Best is trial 83 with value: 3.902641198993496.
Early stopping triggered for trial 086 at epoch 039 | best epoch: 009
[I 2026-05-05 18:36:12,906] Trial 86 finished with value: 4.573704580138803 and parameters: {'batch_size': 256, 'learning_rate': 0.00019042187903102174, 'num_resblk': 6, 'num_features': 128, 'weight_decay': 2.4165869988034928e-05}. Best is trial 83 with value: 3.902641198993496.
Early stopping triggered for trial 087 at epoch 048 | best epoch: 018
[I 2026-05-05 18:38:06,166] Trial 87 finished with value: 4.477717572490098 and parameters: {'batch_size': 256, 'learning_rate': 0.00018414935522413747, 'num_resblk': 4, 'num_features': 96, 'weight_decay': 7.171146592570119e-06}. Best is trial 83 with value: 3.902641198993496.
[I 2026-05-05 18:38:12,941] Trial 88 pruned. 
Early stopping triggered for trial 089 at epoch 037 | best epoch: 007
[I 2026-05-05 18:40:20,066] Trial 89 finished with value: 4.155147705388612 and parameters: {'batch_size': 256, 'learning_rate': 0.00016872509615027475, 'num_resblk': 6, 'num_features': 128, 'weight_decay': 5.81336803736077e-06}. Best is trial 83 with value: 3.902641198993496.
Early stopping triggered for trial 090 at epoch 034 | best epoch: 004
[I 2026-05-05 18:41:51,405] Trial 90 finished with value: 4.4508182217670145 and parameters: {'batch_size': 256, 'learning_rate': 0.0001801051968167465, 'num_resblk': 6, 'num_features': 96, 'weight_decay': 9.994678670312124e-06}. Best is trial 83 with value: 3.902641198993496.
Early stopping triggered for trial 091 at epoch 037 | best epoch: 007
[I 2026-05-05 18:43:58,615] Trial 91 finished with value: 4.506169635233094 and parameters: {'batch_size': 256, 'learning_rate': 0.00016938564663235774, 'num_resblk': 6, 'num_features': 128, 'weight_decay': 2.4680447755124323e-06}. Best is trial 83 with value: 3.902641198993496.
Early stopping triggered for trial 092 at epoch 037 | best epoch: 007
[I 2026-05-05 18:46:18,590] Trial 92 finished with value: 4.367730715862432 and parameters: {'batch_size': 256, 'learning_rate': 0.00016649553827027905, 'num_resblk': 8, 'num_features': 128, 'weight_decay': 5.9359966496654964e-06}. Best is trial 83 with value: 3.902641198993496.
Early stopping triggered for trial 093 at epoch 041 | best epoch: 011
[I 2026-05-05 18:48:38,368] Trial 93 finished with value: 4.914857813124523 and parameters: {'batch_size': 256, 'learning_rate': 0.00014538207122633676, 'num_resblk': 6, 'num_features': 128, 'weight_decay': 1.2962524489903983e-05}. Best is trial 83 with value: 3.902641198993496.
Early stopping triggered for trial 094 at epoch 038 | best epoch: 008
[I 2026-05-05 18:50:34,777] Trial 94 finished with value: 4.343754996184732 and parameters: {'batch_size': 256, 'learning_rate': 0.00015826863509646054, 'num_resblk': 4, 'num_features': 128, 'weight_decay': 9.200345921788625e-06}. Best is trial 83 with value: 3.902641198993496.
Early stopping triggered for trial 095 at epoch 034 | best epoch: 004
[I 2026-05-05 18:52:31,987] Trial 95 finished with value: 4.397214206878384 and parameters: {'batch_size': 256, 'learning_rate': 0.00020140336879655336, 'num_resblk': 6, 'num_features': 128, 'weight_decay': 1.7281767983983183e-05}. Best is trial 83 with value: 3.902641198993496.
Early stopping triggered for trial 096 at epoch 040 | best epoch: 010
[I 2026-05-05 18:55:32,296] Trial 96 finished with value: 4.327445416681806 and parameters: {'batch_size': 256, 'learning_rate': 0.00017622372187991837, 'num_resblk': 12, 'num_features': 128, 'weight_decay': 5.35004079718125e-06}. Best is trial 83 with value: 3.902641198993496.
[I 2026-05-05 18:55:46,781] Trial 97 pruned. 
[I 2026-05-05 18:55:58,325] Trial 98 pruned. 
Early stopping triggered for trial 099 at epoch 033 | best epoch: 003
[I 2026-05-05 18:57:52,473] Trial 99 finished with value: 4.314242862268813 and parameters: {'batch_size': 256, 'learning_rate': 0.00022758923736442826, 'num_resblk': 6, 'num_features': 128, 'weight_decay': 0.00012917936518029444}. Best is trial 83 with value: 3.902641198993496.
Early stopping triggered for trial 100 at epoch 035 | best epoch: 005
[I 2026-05-05 18:59:47,654] Trial 100 finished with value: 4.602771712964645 and parameters: {'batch_size': 256, 'learning_rate': 0.00018612274344306594, 'num_resblk': 10, 'num_features': 96, 'weight_decay': 9.163976100094074e-05}. Best is trial 83 with value: 3.902641198993496.
Early stopping triggered for trial 101 at epoch 035 | best epoch: 005
[I 2026-05-05 19:01:34,791] Trial 101 finished with value: 4.403796044384288 and parameters: {'batch_size': 256, 'learning_rate': 0.0002104137278894806, 'num_resblk': 4, 'num_features': 128, 'weight_decay': 0.00041142127749220004}. Best is trial 83 with value: 3.902641198993496.
Early stopping triggered for trial 102 at epoch 043 | best epoch: 013
[I 2026-05-05 19:03:46,223] Trial 102 finished with value: 4.4580318892845465 and parameters: {'batch_size': 256, 'learning_rate': 0.00019356453230658734, 'num_resblk': 4, 'num_features': 128, 'weight_decay': 0.0006049505976381727}. Best is trial 83 with value: 3.902641198993496.
Early stopping triggered for trial 103 at epoch 038 | best epoch: 008
[I 2026-05-05 19:05:42,545] Trial 103 finished with value: 4.424749872824389 and parameters: {'batch_size': 256, 'learning_rate': 0.0002031512341988746, 'num_resblk': 4, 'num_features': 128, 'weight_decay': 0.00027270816380277904}. Best is trial 83 with value: 3.902641198993496.
Early stopping triggered for trial 104 at epoch 042 | best epoch: 012
[I 2026-05-05 19:07:51,027] Trial 104 finished with value: 4.368171163611424 and parameters: {'batch_size': 256, 'learning_rate': 0.0001794108867816913, 'num_resblk': 4, 'num_features': 128, 'weight_decay': 0.0003068257619879288}. Best is trial 83 with value: 3.902641198993496.
[I 2026-05-05 19:08:09,539] Trial 105 pruned. 
Early stopping triggered for trial 106 at epoch 037 | best epoch: 007
[I 2026-05-05 19:10:28,576] Trial 106 finished with value: 4.602423115529959 and parameters: {'batch_size': 256, 'learning_rate': 0.00019854521101317666, 'num_resblk': 8, 'num_features': 128, 'weight_decay': 2.181270642500874e-05}. Best is trial 83 with value: 3.902641198993496.
Early stopping triggered for trial 107 at epoch 043 | best epoch: 013
[I 2026-05-05 19:12:10,023] Trial 107 finished with value: 4.2683418003524585 and parameters: {'batch_size': 256, 'learning_rate': 0.0001713405513496415, 'num_resblk': 4, 'num_features': 96, 'weight_decay': 0.0008014575321759999}. Best is trial 83 with value: 3.902641198993496.
Early stopping triggered for trial 108 at epoch 043 | best epoch: 013
[I 2026-05-05 19:14:03,600] Trial 108 finished with value: 4.541847748083282 and parameters: {'batch_size': 256, 'learning_rate': 0.00015439687131548065, 'num_resblk': 6, 'num_features': 96, 'weight_decay': 1.4317993873026867e-05}. Best is trial 83 with value: 3.902641198993496.
Early stopping triggered for trial 109 at epoch 047 | best epoch: 017
[I 2026-05-05 19:15:53,236] Trial 109 finished with value: 4.636584937411431 and parameters: {'batch_size': 256, 'learning_rate': 0.00023820879038945257, 'num_resblk': 4, 'num_features': 96, 'weight_decay': 0.0008519754486850853}. Best is trial 83 with value: 3.902641198993496.
Early stopping triggered for trial 110 at epoch 042 | best epoch: 012
[I 2026-05-05 19:17:44,059] Trial 110 finished with value: 4.3907685494713125 and parameters: {'batch_size': 256, 'learning_rate': 0.00017058640733010692, 'num_resblk': 6, 'num_features': 96, 'weight_decay': 3.1886580917906504e-05}. Best is trial 83 with value: 3.902641198993496.
Early stopping triggered for trial 111 at epoch 042 | best epoch: 012
[I 2026-05-05 19:19:22,097] Trial 111 finished with value: 4.283477736319538 and parameters: {'batch_size': 256, 'learning_rate': 0.0001899278128237063, 'num_resblk': 4, 'num_features': 96, 'weight_decay': 0.00022519270920114273}. Best is trial 83 with value: 3.902641198993496.
[I 2026-05-05 19:19:35,991] Trial 112 pruned. 
[I 2026-05-05 19:19:42,536] Trial 113 pruned. 
Early stopping triggered for trial 114 at epoch 042 | best epoch: 012
[I 2026-05-05 19:21:49,627] Trial 114 finished with value: 4.399057339168271 and parameters: {'batch_size': 256, 'learning_rate': 0.00018205769970625895, 'num_resblk': 4, 'num_features': 128, 'weight_decay': 0.00018119206268379782}. Best is trial 83 with value: 3.902641198993496.
[I 2026-05-05 19:22:03,717] Trial 115 pruned. 
Early stopping triggered for trial 116 at epoch 033 | best epoch: 003
[I 2026-05-05 19:23:55,403] Trial 116 finished with value: 4.5498881649467675 and parameters: {'batch_size': 256, 'learning_rate': 0.0001753391425986427, 'num_resblk': 6, 'num_features': 128, 'weight_decay': 1.934411035158239e-05}. Best is trial 83 with value: 3.902641198993496.
Early stopping triggered for trial 117 at epoch 041 | best epoch: 011
[I 2026-05-05 19:25:31,060] Trial 117 finished with value: 4.350865452745176 and parameters: {'batch_size': 256, 'learning_rate': 0.0002062001517058625, 'num_resblk': 4, 'num_features': 96, 'weight_decay': 0.000723965360780465}. Best is trial 83 with value: 3.902641198993496.
Early stopping triggered for trial 118 at epoch 036 | best epoch: 006
[I 2026-05-05 19:27:20,166] Trial 118 finished with value: 4.444369362259729 and parameters: {'batch_size': 256, 'learning_rate': 0.00021643583482050774, 'num_resblk': 4, 'num_features': 128, 'weight_decay': 0.0005852182722592831}. Best is trial 83 with value: 3.902641198993496.
[I 2026-05-05 19:27:31,353] Trial 119 pruned. 
Early stopping triggered for trial 120 at epoch 042 | best epoch: 012
[I 2026-05-05 19:29:09,353] Trial 120 finished with value: 4.39379808260056 and parameters: {'batch_size': 256, 'learning_rate': 0.0001961163418626346, 'num_resblk': 4, 'num_features': 96, 'weight_decay': 2.75303477599617e-05}. Best is trial 83 with value: 3.902641198993496.
Early stopping triggered for trial 121 at epoch 040 | best epoch: 010
[I 2026-05-05 19:31:10,393] Trial 121 finished with value: 4.312631240688929 and parameters: {'batch_size': 256, 'learning_rate': 0.00017640153918459757, 'num_resblk': 4, 'num_features': 128, 'weight_decay': 0.0004289893934003307}. Best is trial 83 with value: 3.902641198993496.
Early stopping triggered for trial 122 at epoch 038 | best epoch: 008
[I 2026-05-05 19:33:05,807] Trial 122 finished with value: 4.280487230206025 and parameters: {'batch_size': 256, 'learning_rate': 0.00017240145357809525, 'num_resblk': 4, 'num_features': 128, 'weight_decay': 0.00048251343260880366}. Best is trial 83 with value: 3.902641198993496.
Early stopping triggered for trial 123 at epoch 035 | best epoch: 005
[I 2026-05-05 19:34:52,247] Trial 123 finished with value: 4.44333884806148 and parameters: {'batch_size': 256, 'learning_rate': 0.00017035392369721113, 'num_resblk': 4, 'num_features': 128, 'weight_decay': 0.0002895338007522262}. Best is trial 83 with value: 3.902641198993496.
Early stopping triggered for trial 124 at epoch 039 | best epoch: 009
[I 2026-05-05 19:36:50,103] Trial 124 finished with value: 4.211031774599397 and parameters: {'batch_size': 256, 'learning_rate': 0.00017978100790359475, 'num_resblk': 4, 'num_features': 128, 'weight_decay': 0.0003432715422967127}. Best is trial 83 with value: 3.902641198993496.
Early stopping triggered for trial 125 at epoch 034 | best epoch: 004
[I 2026-05-05 19:38:44,920] Trial 125 finished with value: 4.729632326223611 and parameters: {'batch_size': 256, 'learning_rate': 0.00018093641384204733, 'num_resblk': 6, 'num_features': 128, 'weight_decay': 0.0003568078615689914}. Best is trial 83 with value: 3.902641198993496.
Early stopping triggered for trial 126 at epoch 038 | best epoch: 008
[I 2026-05-05 19:40:39,974] Trial 126 finished with value: 4.663734988735874 and parameters: {'batch_size': 256, 'learning_rate': 0.0001920683028426252, 'num_resblk': 4, 'num_features': 128, 'weight_decay': 0.00018575200948731715}. Best is trial 83 with value: 3.902641198993496.
Early stopping triggered for trial 127 at epoch 045 | best epoch: 015
[I 2026-05-05 19:42:55,930] Trial 127 finished with value: 4.609650272746267 and parameters: {'batch_size': 256, 'learning_rate': 0.00020003998847456565, 'num_resblk': 4, 'num_features': 128, 'weight_decay': 1.1580926956545477e-05}. Best is trial 83 with value: 3.902641198993496.
[I 2026-05-05 19:43:09,989] Trial 128 pruned. 
Early stopping triggered for trial 129 at epoch 049 | best epoch: 019
[I 2026-05-05 19:45:55,478] Trial 129 finished with value: 4.578484685558301 and parameters: {'batch_size': 256, 'learning_rate': 0.00023118767897356449, 'num_resblk': 6, 'num_features': 128, 'weight_decay': 0.0002477764522077647}. Best is trial 83 with value: 3.902641198993496.
Early stopping triggered for trial 130 at epoch 035 | best epoch: 005
[I 2026-05-05 19:47:17,771] Trial 130 finished with value: 4.382612028087642 and parameters: {'batch_size': 256, 'learning_rate': 0.00024960485467285625, 'num_resblk': 4, 'num_features': 96, 'weight_decay': 0.0005499730825889117}. Best is trial 83 with value: 3.902641198993496.
Early stopping triggered for trial 131 at epoch 034 | best epoch: 004
[I 2026-05-05 19:49:01,014] Trial 131 finished with value: 4.451872922041351 and parameters: {'batch_size': 256, 'learning_rate': 0.00017298757789312226, 'num_resblk': 4, 'num_features': 128, 'weight_decay': 0.000488706345989574}. Best is trial 83 with value: 3.902641198993496.
Early stopping triggered for trial 132 at epoch 035 | best epoch: 005
[I 2026-05-05 19:50:47,548] Trial 132 finished with value: 4.1788899726572435 and parameters: {'batch_size': 256, 'learning_rate': 0.00017809917809119623, 'num_resblk': 4, 'num_features': 128, 'weight_decay': 0.0001355730625861328}. Best is trial 83 with value: 3.902641198993496.
Early stopping triggered for trial 133 at epoch 040 | best epoch: 010
[I 2026-05-05 19:52:48,971] Trial 133 finished with value: 4.532898837478653 and parameters: {'batch_size': 256, 'learning_rate': 0.00018896239629228733, 'num_resblk': 4, 'num_features': 128, 'weight_decay': 0.00014527219611806873}. Best is trial 83 with value: 3.902641198993496.
Early stopping triggered for trial 134 at epoch 033 | best epoch: 003
[I 2026-05-05 19:54:29,719] Trial 134 finished with value: 4.2784600793484975 and parameters: {'batch_size': 256, 'learning_rate': 0.00018497802812255523, 'num_resblk': 4, 'num_features': 128, 'weight_decay': 1.6090597336495937e-05}. Best is trial 83 with value: 3.902641198993496.
Early stopping triggered for trial 135 at epoch 034 | best epoch: 004
[I 2026-05-05 19:56:13,158] Trial 135 finished with value: 4.646391289833218 and parameters: {'batch_size': 256, 'learning_rate': 0.0001786883535642918, 'num_resblk': 4, 'num_features': 128, 'weight_decay': 0.00018727691532552664}. Best is trial 83 with value: 3.902641198993496.
[I 2026-05-05 19:56:20,611] Trial 136 pruned. 
Early stopping triggered for trial 137 at epoch 038 | best epoch: 008
[I 2026-05-05 19:58:16,021] Trial 137 finished with value: 4.188837098261327 and parameters: {'batch_size': 256, 'learning_rate': 0.00016042002562265088, 'num_resblk': 4, 'num_features': 128, 'weight_decay': 0.00010622238603108627}. Best is trial 83 with value: 3.902641198993496.
Early stopping triggered for trial 138 at epoch 033 | best epoch: 003
[I 2026-05-05 20:00:19,555] Trial 138 finished with value: 4.224119814187348 and parameters: {'batch_size': 256, 'learning_rate': 0.00015642587186897341, 'num_resblk': 8, 'num_features': 128, 'weight_decay': 0.00010183264592818313}. Best is trial 83 with value: 3.902641198993496.
Early stopping triggered for trial 139 at epoch 042 | best epoch: 012
[I 2026-05-05 20:02:55,726] Trial 139 finished with value: 4.718824443152502 and parameters: {'batch_size': 256, 'learning_rate': 0.00015735193859784524, 'num_resblk': 8, 'num_features': 128, 'weight_decay': 8.920598299895761e-05}. Best is trial 83 with value: 3.902641198993496.
Early stopping triggered for trial 140 at epoch 034 | best epoch: 004
[I 2026-05-05 20:05:14,661] Trial 140 finished with value: 4.3164797563678645 and parameters: {'batch_size': 256, 'learning_rate': 0.00014903508415373763, 'num_resblk': 10, 'num_features': 128, 'weight_decay': 0.00010812175153062373}. Best is trial 83 with value: 3.902641198993496.
Early stopping triggered for trial 141 at epoch 039 | best epoch: 009
[I 2026-05-05 20:07:40,417] Trial 141 finished with value: 4.773095136441263 and parameters: {'batch_size': 256, 'learning_rate': 0.00016150167997876032, 'num_resblk': 8, 'num_features': 128, 'weight_decay': 0.00011762299391807513}. Best is trial 83 with value: 3.902641198993496.
Early stopping triggered for trial 142 at epoch 037 | best epoch: 007
[I 2026-05-05 20:09:45,724] Trial 142 finished with value: 4.283714822317503 and parameters: {'batch_size': 256, 'learning_rate': 0.0001538685692873007, 'num_resblk': 6, 'num_features': 128, 'weight_decay': 6.235465103063052e-05}. Best is trial 83 with value: 3.902641198993496.
Early stopping triggered for trial 143 at epoch 034 | best epoch: 004
[I 2026-05-05 20:11:40,870] Trial 143 finished with value: 4.547188090458196 and parameters: {'batch_size': 256, 'learning_rate': 0.00016536554014872796, 'num_resblk': 6, 'num_features': 128, 'weight_decay': 7.178825717139492e-05}. Best is trial 83 with value: 3.902641198993496.
[I 2026-05-05 20:12:00,057] Trial 144 pruned. 
Early stopping triggered for trial 145 at epoch 044 | best epoch: 014
[I 2026-05-05 20:14:44,602] Trial 145 finished with value: 4.118686690390974 and parameters: {'batch_size': 256, 'learning_rate': 0.00016971155556292538, 'num_resblk': 8, 'num_features': 128, 'weight_decay': 2.3602851020468538e-05}. Best is trial 83 with value: 3.902641198993496.
Early stopping triggered for trial 146 at epoch 038 | best epoch: 008
[I 2026-05-05 20:17:06,735] Trial 146 finished with value: 4.55628454180444 and parameters: {'batch_size': 256, 'learning_rate': 0.00016817291606564626, 'num_resblk': 8, 'num_features': 128, 'weight_decay': 2.4549757970656687e-05}. Best is trial 83 with value: 3.902641198993496.
Early stopping triggered for trial 147 at epoch 038 | best epoch: 008
[I 2026-05-05 20:19:15,499] Trial 147 finished with value: 4.544437406889284 and parameters: {'batch_size': 256, 'learning_rate': 0.00017656378910868166, 'num_resblk': 6, 'num_features': 128, 'weight_decay': 3.891501511751636e-05}. Best is trial 83 with value: 3.902641198993496.
Early stopping triggered for trial 148 at epoch 037 | best epoch: 007
[I 2026-05-05 20:21:33,792] Trial 148 finished with value: 4.743057755895498 and parameters: {'batch_size': 256, 'learning_rate': 0.00014082786267990876, 'num_resblk': 8, 'num_features': 128, 'weight_decay': 0.00010549193970524895}. Best is trial 83 with value: 3.902641198993496.
[I 2026-05-05 20:21:53,952] Trial 149 pruned. 
Early stopping triggered for trial 150 at epoch 047 | best epoch: 017
[I 2026-05-05 20:24:48,134] Trial 150 finished with value: 4.7841204784528175 and parameters: {'batch_size': 256, 'learning_rate': 0.00015509479928305577, 'num_resblk': 8, 'num_features': 128, 'weight_decay': 4.405352099911621e-05}. Best is trial 83 with value: 3.902641198993496.
Early stopping triggered for trial 151 at epoch 037 | best epoch: 007
[I 2026-05-05 20:26:15,151] Trial 151 finished with value: 4.431288249200611 and parameters: {'batch_size': 256, 'learning_rate': 0.000169375615233041, 'num_resblk': 4, 'num_features': 96, 'weight_decay': 1.8877978393568547e-05}. Best is trial 83 with value: 3.902641198993496.
Early stopping triggered for trial 152 at epoch 046 | best epoch: 016
[I 2026-05-05 20:28:33,622] Trial 152 finished with value: 4.602049855110643 and parameters: {'batch_size': 256, 'learning_rate': 0.00017403486007961657, 'num_resblk': 4, 'num_features': 128, 'weight_decay': 3.279584378879908e-05}. Best is trial 83 with value: 3.902641198993496.
[I 2026-05-05 20:28:49,126] Trial 153 pruned. 
Early stopping triggered for trial 154 at epoch 041 | best epoch: 011
[I 2026-05-05 20:30:53,747] Trial 154 finished with value: 4.275282239017478 and parameters: {'batch_size': 256, 'learning_rate': 0.00016189458292622616, 'num_resblk': 4, 'num_features': 128, 'weight_decay': 5.298580930948609e-05}. Best is trial 83 with value: 3.902641198993496.
Early stopping triggered for trial 155 at epoch 040 | best epoch: 010
