Running with:
rcm_var = tmean
gcm_name = CanESM2
rcm_name = CanRCM4
grid = NAM-44i
factor = 4
input_source = gcm
n_trials = 3000
epochs = 200
early_stopping_patience = 30
batch_sizes = [128, 256]
model_name = SRResNet_DANN
train_end_year = 2005
val_start_year = 2081
end_year = 2100
Using device: cuda
Source input file: low_res.pth
Source mask file: low_res_mask.pth
Target adversarial input file: coarse_4x.pth
Target validation input file: low_res.pth
All trial checkpoints will be saved to: /projects/sds-lab/Shuochen/downscaling/CORDEX/tmean.CanESM2.CanRCM4.day.NAM-44i.GCM_to_HR_RCM/trained_models/SRResNet_DANN/source_GCM_low_res/target_domain_coarse_val_gcm
Loaded shapes:
X_source_all             : torch.Size([55115, 1, 13, 29])
X_source_mask_all        : torch.Size([55115, 1, 13, 29])
X_target_domain_all      : torch.Size([55115, 1, 13, 29])
X_target_domain_mask_all : torch.Size([55115, 1, 13, 29])
X_target_val_all         : torch.Size([55115, 1, 13, 29])
X_target_val_mask_all    : torch.Size([55115, 1, 13, 29])
y                        : torch.Size([55115, 1, 52, 116])
mask_hr                  : torch.Size([55115, 1, 52, 116])

Year-based split:
Source train : 1950-01-01 to 2005-12-31
Skipped years: 2006-01-01 to 2080-12-31
Target period: 2081-01-01 to 2100-12-31
Calendar     : no leap years

Domain definition:
Source supervised input : low_res.pth
Target adversarial input: coarse_4x.pth
Target validation input : low_res.pth

Computed indices:
train_end_idx: 20440
val_start_idx: 47815
expected_total: 55115

Source train shapes:
X_source_train      : torch.Size([20440, 1, 13, 29])
X_mask_source_train : torch.Size([20440, 1, 13, 29])
y_source_train      : torch.Size([20440, 1, 52, 116])
mask_source_train   : torch.Size([20440, 1, 52, 116])

Target adversarial shapes:
X_target_domain      : torch.Size([7300, 1, 13, 29])
X_mask_target_domain : torch.Size([7300, 1, 13, 29])

Target validation shapes:
X_target_val      : torch.Size([7300, 1, 13, 29])
X_mask_target_val : torch.Size([7300, 1, 13, 29])
y_target_val      : torch.Size([7300, 1, 52, 116])
mask_target_val   : torch.Size([7300, 1, 52, 116])

Normalization stats:
X_mean: 15.384552955627441
X_std : 11.16005802154541
X_max : 42.550724029541016
y_mean: 10.907337188720703
y_std : 10.831708908081055
y_max : 40.61493682861328
[I 2026-04-30 14:38:13,227] A new study created in memory with name: no-name-3de80c2c-6a3f-46f1-a68b-73ddad362de0
Early stopping triggered for trial 000 at epoch 047 | best epoch: 017
[I 2026-04-30 14:40:20,362] Trial 0 finished with value: 5.052926162193561 and parameters: {'batch_size': 256, 'learning_rate': 0.00017426992674861598, 'num_resblk': 8, 'num_features': 32, 'weight_decay': 0.0009815359626376018, 'domain_hidden_dim': 256, 'alpha_domain': 0.24205666618135}. Best is trial 0 with value: 5.052926162193561.
Early stopping triggered for trial 001 at epoch 042 | best epoch: 012
[I 2026-04-30 14:43:28,566] Trial 1 finished with value: 4.630699100165532 and parameters: {'batch_size': 256, 'learning_rate': 0.0001159040754587003, 'num_resblk': 12, 'num_features': 64, 'weight_decay': 4.574504343518615e-06, 'domain_hidden_dim': 256, 'alpha_domain': 0.012379645802278464}. Best is trial 1 with value: 4.630699100165532.
Early stopping triggered for trial 002 at epoch 036 | best epoch: 006
[I 2026-04-30 14:48:09,979] Trial 2 finished with value: 4.568718490929439 and parameters: {'batch_size': 128, 'learning_rate': 0.000249439292689826, 'num_resblk': 12, 'num_features': 128, 'weight_decay': 1.4742894972867799e-05, 'domain_hidden_dim': 128, 'alpha_domain': 0.012047947957911621}. Best is trial 2 with value: 4.568718490929439.
Early stopping triggered for trial 003 at epoch 045 | best epoch: 015
[I 2026-04-30 14:49:58,335] Trial 3 finished with value: 5.01760732305461 and parameters: {'batch_size': 128, 'learning_rate': 0.00011867197967003612, 'num_resblk': 6, 'num_features': 32, 'weight_decay': 2.3340311933239338e-06, 'domain_hidden_dim': 256, 'alpha_domain': 0.09868404535162507}. Best is trial 2 with value: 4.568718490929439.
Early stopping triggered for trial 004 at epoch 050 | best epoch: 020
[I 2026-04-30 14:56:29,632] Trial 4 finished with value: 4.769389267625479 and parameters: {'batch_size': 256, 'learning_rate': 0.00029909124441806627, 'num_resblk': 14, 'num_features': 128, 'weight_decay': 0.0001538681588606849, 'domain_hidden_dim': 256, 'alpha_domain': 0.253859039712266}. Best is trial 2 with value: 4.568718490929439.
Early stopping triggered for trial 005 at epoch 057 | best epoch: 027
[I 2026-04-30 14:59:57,963] Trial 5 finished with value: 4.359135183794745 and parameters: {'batch_size': 256, 'learning_rate': 0.0002100223296557909, 'num_resblk': 4, 'num_features': 96, 'weight_decay': 2.872795809642689e-05, 'domain_hidden_dim': 128, 'alpha_domain': 0.5875283954951145}. Best is trial 5 with value: 4.359135183794745.
Early stopping triggered for trial 006 at epoch 035 | best epoch: 005
[I 2026-04-30 15:02:47,418] Trial 6 finished with value: 4.174066153065912 and parameters: {'batch_size': 128, 'learning_rate': 0.0002730647266048456, 'num_resblk': 4, 'num_features': 128, 'weight_decay': 0.0005039656564422369, 'domain_hidden_dim': 256, 'alpha_domain': 0.01830382168751884}. Best is trial 6 with value: 4.174066153065912.
Early stopping triggered for trial 007 at epoch 031 | best epoch: 001
[I 2026-04-30 15:06:50,315] Trial 7 finished with value: 5.0782686718578995 and parameters: {'batch_size': 128, 'learning_rate': 0.00016063280775572696, 'num_resblk': 12, 'num_features': 128, 'weight_decay': 1.6925369972947452e-05, 'domain_hidden_dim': 128, 'alpha_domain': 0.3665615199440205}. Best is trial 6 with value: 4.174066153065912.
Early stopping triggered for trial 008 at epoch 032 | best epoch: 002
[I 2026-04-30 15:09:36,769] Trial 8 finished with value: 4.173988013431944 and parameters: {'batch_size': 128, 'learning_rate': 0.00019995245109874168, 'num_resblk': 14, 'num_features': 64, 'weight_decay': 0.0006709788469692925, 'domain_hidden_dim': 256, 'alpha_domain': 0.040921221104111026}. Best is trial 8 with value: 4.173988013431944.
Early stopping triggered for trial 009 at epoch 036 | best epoch: 006
[I 2026-04-30 15:13:54,692] Trial 9 finished with value: 4.4333565975057665 and parameters: {'batch_size': 256, 'learning_rate': 0.00024216307799046263, 'num_resblk': 16, 'num_features': 96, 'weight_decay': 1.088615708276312e-06, 'domain_hidden_dim': 64, 'alpha_domain': 0.06533029754495001}. Best is trial 8 with value: 4.173988013431944.
Early stopping triggered for trial 010 at epoch 033 | best epoch: 003
[I 2026-04-30 15:17:01,169] Trial 10 finished with value: 5.023451850332063 and parameters: {'batch_size': 128, 'learning_rate': 0.00015438335582069066, 'num_resblk': 16, 'num_features': 64, 'weight_decay': 0.0001375948395559117, 'domain_hidden_dim': 64, 'alpha_domain': 0.03967968308092473}. Best is trial 8 with value: 4.173988013431944.
Early stopping triggered for trial 011 at epoch 034 | best epoch: 004
[I 2026-04-30 15:19:11,753] Trial 11 finished with value: 3.934458218771836 and parameters: {'batch_size': 128, 'learning_rate': 0.00029167691981205025, 'num_resblk': 8, 'num_features': 64, 'weight_decay': 0.0007116853801888061, 'domain_hidden_dim': 256, 'alpha_domain': 0.03046399474004218}. Best is trial 11 with value: 3.934458218771836.
Early stopping triggered for trial 012 at epoch 043 | best epoch: 013
[I 2026-04-30 15:21:56,067] Trial 12 finished with value: 4.557136416435242 and parameters: {'batch_size': 128, 'learning_rate': 0.00020444184922738937, 'num_resblk': 8, 'num_features': 64, 'weight_decay': 0.00026082625286797317, 'domain_hidden_dim': 256, 'alpha_domain': 0.03461441667305632}. Best is trial 11 with value: 3.934458218771836.
Early stopping triggered for trial 013 at epoch 036 | best epoch: 006
[I 2026-04-30 15:24:29,498] Trial 13 finished with value: 4.548310431940802 and parameters: {'batch_size': 128, 'learning_rate': 0.00019917779274400229, 'num_resblk': 10, 'num_features': 64, 'weight_decay': 7.874284350021634e-05, 'domain_hidden_dim': 256, 'alpha_domain': 0.02894676394496366}. Best is trial 11 with value: 3.934458218771836.
Early stopping triggered for trial 014 at epoch 034 | best epoch: 004
[I 2026-04-30 15:26:40,280] Trial 14 finished with value: 4.48584402840713 and parameters: {'batch_size': 128, 'learning_rate': 0.00012971862372467797, 'num_resblk': 8, 'num_features': 64, 'weight_decay': 0.0009524552854420019, 'domain_hidden_dim': 256, 'alpha_domain': 0.07168307148066544}. Best is trial 11 with value: 3.934458218771836.
Early stopping triggered for trial 015 at epoch 033 | best epoch: 003
[I 2026-04-30 15:29:02,370] Trial 15 finished with value: 4.536908885528302 and parameters: {'batch_size': 128, 'learning_rate': 0.00022932009546190014, 'num_resblk': 10, 'num_features': 64, 'weight_decay': 0.00037756985573210856, 'domain_hidden_dim': 64, 'alpha_domain': 0.13811661856571386}. Best is trial 11 with value: 3.934458218771836.
Early stopping triggered for trial 016 at epoch 033 | best epoch: 003
[I 2026-04-30 15:31:55,904] Trial 16 finished with value: 4.561806312922774 and parameters: {'batch_size': 128, 'learning_rate': 0.00013993843968725653, 'num_resblk': 14, 'num_features': 64, 'weight_decay': 6.654861715888548e-05, 'domain_hidden_dim': 256, 'alpha_domain': 0.027083933829974594}. Best is trial 11 with value: 3.934458218771836.
Early stopping triggered for trial 017 at epoch 031 | best epoch: 001
[I 2026-04-30 15:33:39,074] Trial 17 finished with value: 4.447181364585614 and parameters: {'batch_size': 128, 'learning_rate': 0.0002977973151220136, 'num_resblk': 6, 'num_features': 64, 'weight_decay': 0.00043406749896082286, 'domain_hidden_dim': 256, 'alpha_domain': 0.06459226503159948}. Best is trial 11 with value: 3.934458218771836.
Early stopping triggered for trial 018 at epoch 048 | best epoch: 018
[I 2026-04-30 15:36:39,430] Trial 18 finished with value: 4.2918258699877505 and parameters: {'batch_size': 128, 'learning_rate': 0.00010236819944905171, 'num_resblk': 14, 'num_features': 32, 'weight_decay': 0.00016653743172841292, 'domain_hidden_dim': 128, 'alpha_domain': 0.01788369442213945}. Best is trial 11 with value: 3.934458218771836.
Early stopping triggered for trial 019 at epoch 037 | best epoch: 007
[I 2026-04-30 15:40:12,213] Trial 19 finished with value: 4.172693737621965 and parameters: {'batch_size': 128, 'learning_rate': 0.00018261130921266272, 'num_resblk': 10, 'num_features': 96, 'weight_decay': 5.8907113364460076e-05, 'domain_hidden_dim': 64, 'alpha_domain': 0.1509810278548385}. Best is trial 11 with value: 3.934458218771836.
[I 2026-04-30 15:40:46,142] Trial 20 pruned. 
Early stopping triggered for trial 021 at epoch 037 | best epoch: 007
[I 2026-04-30 15:43:56,157] Trial 21 finished with value: 4.337528339747725 and parameters: {'batch_size': 128, 'learning_rate': 0.00018195192519614712, 'num_resblk': 8, 'num_features': 96, 'weight_decay': 4.998474521164849e-05, 'domain_hidden_dim': 64, 'alpha_domain': 0.043408147630863786}. Best is trial 11 with value: 3.934458218771836.
Early stopping triggered for trial 022 at epoch 033 | best epoch: 003
[I 2026-04-30 15:47:06,925] Trial 22 finished with value: 4.870030172939958 and parameters: {'batch_size': 128, 'learning_rate': 0.00022249701883514573, 'num_resblk': 10, 'num_features': 96, 'weight_decay': 0.0005947967612399389, 'domain_hidden_dim': 64, 'alpha_domain': 0.11424191372702122}. Best is trial 11 with value: 3.934458218771836.
[I 2026-04-30 15:47:33,335] Trial 23 pruned. 
Early stopping triggered for trial 024 at epoch 033 | best epoch: 003
[I 2026-04-30 15:50:09,009] Trial 24 finished with value: 4.764605053539934 and parameters: {'batch_size': 128, 'learning_rate': 0.00015685881408708475, 'num_resblk': 12, 'num_features': 64, 'weight_decay': 9.856722379660163e-05, 'domain_hidden_dim': 256, 'alpha_domain': 0.05563992532781836}. Best is trial 11 with value: 3.934458218771836.
Early stopping triggered for trial 025 at epoch 033 | best epoch: 003
[I 2026-04-30 15:52:28,606] Trial 25 finished with value: 4.413378086583368 and parameters: {'batch_size': 128, 'learning_rate': 0.0002585901939059375, 'num_resblk': 10, 'num_features': 64, 'weight_decay': 2.9947826790024627e-05, 'domain_hidden_dim': 64, 'alpha_domain': 0.0216175933818537}. Best is trial 11 with value: 3.934458218771836.
Early stopping triggered for trial 026 at epoch 036 | best epoch: 006
[I 2026-04-30 15:56:23,952] Trial 26 finished with value: 5.106860588336813 and parameters: {'batch_size': 256, 'learning_rate': 0.00014312997523425195, 'num_resblk': 14, 'num_features': 96, 'weight_decay': 0.00033743485581068936, 'domain_hidden_dim': 256, 'alpha_domain': 0.2172237730692753}. Best is trial 11 with value: 3.934458218771836.
Early stopping triggered for trial 027 at epoch 037 | best epoch: 007
[I 2026-04-30 15:58:05,963] Trial 27 finished with value: 4.264033708079108 and parameters: {'batch_size': 128, 'learning_rate': 0.0002179282530691665, 'num_resblk': 8, 'num_features': 32, 'weight_decay': 0.000617329426076232, 'domain_hidden_dim': 256, 'alpha_domain': 0.08056732052925704}. Best is trial 11 with value: 3.934458218771836.
Early stopping triggered for trial 028 at epoch 035 | best epoch: 005
[I 2026-04-30 16:00:01,734] Trial 28 finished with value: 4.785433037527676 and parameters: {'batch_size': 128, 'learning_rate': 0.00026641391086708934, 'num_resblk': 6, 'num_features': 64, 'weight_decay': 0.0009916943478505994, 'domain_hidden_dim': 64, 'alpha_domain': 0.0410823725789416}. Best is trial 11 with value: 3.934458218771836.
Early stopping triggered for trial 029 at epoch 038 | best epoch: 008
[I 2026-04-30 16:01:57,050] Trial 29 finished with value: 4.658710644162935 and parameters: {'batch_size': 256, 'learning_rate': 0.00017277180476729385, 'num_resblk': 12, 'num_features': 32, 'weight_decay': 4.87869242724097e-05, 'domain_hidden_dim': 128, 'alpha_domain': 0.28173181201954567}. Best is trial 11 with value: 3.934458218771836.
Early stopping triggered for trial 030 at epoch 040 | best epoch: 010
[I 2026-04-30 16:06:58,983] Trial 30 finished with value: 4.3539361460455535 and parameters: {'batch_size': 128, 'learning_rate': 0.00023608597146424295, 'num_resblk': 16, 'num_features': 96, 'weight_decay': 0.0002756463103619996, 'domain_hidden_dim': 256, 'alpha_domain': 0.050875526720927794}. Best is trial 11 with value: 3.934458218771836.
Early stopping triggered for trial 031 at epoch 032 | best epoch: 002
[I 2026-04-30 16:09:34,016] Trial 31 finished with value: 4.390250156665671 and parameters: {'batch_size': 128, 'learning_rate': 0.00026809910293745456, 'num_resblk': 4, 'num_features': 128, 'weight_decay': 0.000561215244537657, 'domain_hidden_dim': 256, 'alpha_domain': 0.017198708994495195}. Best is trial 11 with value: 3.934458218771836.
Early stopping triggered for trial 032 at epoch 040 | best epoch: 010
[I 2026-04-30 16:12:46,622] Trial 32 finished with value: 3.9815376544820853 and parameters: {'batch_size': 128, 'learning_rate': 0.00027707299661322045, 'num_resblk': 4, 'num_features': 128, 'weight_decay': 0.0007183937597977717, 'domain_hidden_dim': 256, 'alpha_domain': 0.014897325467890148}. Best is trial 11 with value: 3.934458218771836.
Early stopping triggered for trial 033 at epoch 040 | best epoch: 010
[I 2026-04-30 16:16:57,276] Trial 33 finished with value: 4.36128215543155 and parameters: {'batch_size': 128, 'learning_rate': 0.00028046244366265976, 'num_resblk': 8, 'num_features': 128, 'weight_decay': 0.0008816319518813019, 'domain_hidden_dim': 256, 'alpha_domain': 0.010563227519798227}. Best is trial 11 with value: 3.934458218771836.
Early stopping triggered for trial 034 at epoch 036 | best epoch: 006
[I 2026-04-30 16:20:17,711] Trial 34 finished with value: 4.081033743661026 and parameters: {'batch_size': 128, 'learning_rate': 0.00025480226612428124, 'num_resblk': 6, 'num_features': 128, 'weight_decay': 6.9464515084280915e-06, 'domain_hidden_dim': 256, 'alpha_domain': 0.015360655877959355}. Best is trial 11 with value: 3.934458218771836.
Early stopping triggered for trial 035 at epoch 034 | best epoch: 004
[I 2026-04-30 16:23:17,219] Trial 35 finished with value: 4.342040727878439 and parameters: {'batch_size': 256, 'learning_rate': 0.0002501935734308581, 'num_resblk': 6, 'num_features': 128, 'weight_decay': 5.2617814438882046e-06, 'domain_hidden_dim': 256, 'alpha_domain': 0.012758639445091004}. Best is trial 11 with value: 3.934458218771836.
Early stopping triggered for trial 036 at epoch 034 | best epoch: 004
[I 2026-04-30 16:26:01,843] Trial 36 finished with value: 4.185098384988719 and parameters: {'batch_size': 128, 'learning_rate': 0.000291736038027202, 'num_resblk': 4, 'num_features': 128, 'weight_decay': 1.5547589350390527e-05, 'domain_hidden_dim': 256, 'alpha_domain': 0.01428500641846496}. Best is trial 11 with value: 3.934458218771836.
Early stopping triggered for trial 037 at epoch 032 | best epoch: 002
[I 2026-04-30 16:29:00,035] Trial 37 finished with value: 4.4193104916605455 and parameters: {'batch_size': 128, 'learning_rate': 0.00025358572920186726, 'num_resblk': 6, 'num_features': 128, 'weight_decay': 2.558717744073039e-06, 'domain_hidden_dim': 128, 'alpha_domain': 0.026030653180176392}. Best is trial 11 with value: 3.934458218771836.
Early stopping triggered for trial 038 at epoch 040 | best epoch: 010
[I 2026-04-30 16:32:03,322] Trial 38 finished with value: 3.9898628366404565 and parameters: {'batch_size': 256, 'learning_rate': 0.0002810994346129353, 'num_resblk': 4, 'num_features': 128, 'weight_decay': 1.0592419606385899e-05, 'domain_hidden_dim': 256, 'alpha_domain': 0.010049911144249407}. Best is trial 11 with value: 3.934458218771836.
Early stopping triggered for trial 039 at epoch 036 | best epoch: 006
[I 2026-04-30 16:34:49,821] Trial 39 finished with value: 4.230872565302356 and parameters: {'batch_size': 256, 'learning_rate': 0.00028200867801216636, 'num_resblk': 4, 'num_features': 128, 'weight_decay': 1.0369107050022847e-05, 'domain_hidden_dim': 256, 'alpha_domain': 0.013526027960758174}. Best is trial 11 with value: 3.934458218771836.
Early stopping triggered for trial 040 at epoch 035 | best epoch: 005
[I 2026-04-30 16:37:30,574] Trial 40 finished with value: 4.16822705597713 and parameters: {'batch_size': 256, 'learning_rate': 0.00028571712640848454, 'num_resblk': 4, 'num_features': 128, 'weight_decay': 3.062849784463381e-06, 'domain_hidden_dim': 256, 'alpha_domain': 0.010546659630252232}. Best is trial 11 with value: 3.934458218771836.
Early stopping triggered for trial 041 at epoch 044 | best epoch: 014
[I 2026-04-30 16:40:52,849] Trial 41 finished with value: 4.401496418591203 and parameters: {'batch_size': 256, 'learning_rate': 0.0002796652114771508, 'num_resblk': 4, 'num_features': 128, 'weight_decay': 3.19425368516641e-06, 'domain_hidden_dim': 256, 'alpha_domain': 0.01018467132078442}. Best is trial 11 with value: 3.934458218771836.
Early stopping triggered for trial 042 at epoch 055 | best epoch: 025
[I 2026-04-30 16:45:04,170] Trial 42 finished with value: 4.000373338830882 and parameters: {'batch_size': 256, 'learning_rate': 0.000298071286918891, 'num_resblk': 4, 'num_features': 128, 'weight_decay': 1.5391216461472941e-06, 'domain_hidden_dim': 256, 'alpha_domain': 0.021236264089996}. Best is trial 11 with value: 3.934458218771836.
Early stopping triggered for trial 043 at epoch 040 | best epoch: 010
[I 2026-04-30 16:48:08,400] Trial 43 finished with value: 4.1764622145685655 and parameters: {'batch_size': 256, 'learning_rate': 0.000263618923260965, 'num_resblk': 4, 'num_features': 128, 'weight_decay': 1.263837040470605e-06, 'domain_hidden_dim': 256, 'alpha_domain': 0.021541080201951664}. Best is trial 11 with value: 3.934458218771836.
Early stopping triggered for trial 044 at epoch 035 | best epoch: 005
[I 2026-04-30 16:51:14,369] Trial 44 finished with value: 4.030510672207536 and parameters: {'batch_size': 256, 'learning_rate': 0.0002978629355028908, 'num_resblk': 6, 'num_features': 128, 'weight_decay': 1.8342367392678095e-06, 'domain_hidden_dim': 256, 'alpha_domain': 0.02035473203453418}. Best is trial 11 with value: 3.934458218771836.
Early stopping triggered for trial 045 at epoch 044 | best epoch: 014
[I 2026-04-30 16:55:06,912] Trial 45 finished with value: 4.614750919670894 and parameters: {'batch_size': 256, 'learning_rate': 0.0002990385911031232, 'num_resblk': 6, 'num_features': 128, 'weight_decay': 1.7095237078569253e-06, 'domain_hidden_dim': 256, 'alpha_domain': 0.02134384742395882}. Best is trial 11 with value: 3.934458218771836.
Early stopping triggered for trial 046 at epoch 043 | best epoch: 013
[I 2026-04-30 16:58:26,609] Trial 46 finished with value: 4.033541523177048 and parameters: {'batch_size': 256, 'learning_rate': 0.00023849004974171785, 'num_resblk': 4, 'num_features': 128, 'weight_decay': 2.158219210351334e-05, 'domain_hidden_dim': 256, 'alpha_domain': 0.02498708316655454}. Best is trial 11 with value: 3.934458218771836.
Early stopping triggered for trial 047 at epoch 043 | best epoch: 013
[I 2026-04-30 17:01:47,372] Trial 47 finished with value: 4.222092620257674 and parameters: {'batch_size': 256, 'learning_rate': 0.000271335196214402, 'num_resblk': 4, 'num_features': 128, 'weight_decay': 2.0509848543011607e-06, 'domain_hidden_dim': 256, 'alpha_domain': 0.0328838623569639}. Best is trial 11 with value: 3.934458218771836.
Early stopping triggered for trial 048 at epoch 034 | best epoch: 004
[I 2026-04-30 17:04:48,927] Trial 48 finished with value: 4.279962720542119 and parameters: {'batch_size': 256, 'learning_rate': 0.00029845765349822165, 'num_resblk': 6, 'num_features': 128, 'weight_decay': 1.4783874241331557e-06, 'domain_hidden_dim': 256, 'alpha_domain': 0.01607395323152867}. Best is trial 11 with value: 3.934458218771836.
Early stopping triggered for trial 049 at epoch 034 | best epoch: 004
