Running with:
rcm_var = tmean
gcm_name = CanESM2
rcm_name = CanRCM4
grid = NAM-44i
factor = 4
input_source = gcm
input_channels = 1
hr_aux_channels = 2
hr_elevation_file = high_res_elevation.pth
alpha_coarse = 0.5
n_trials = 3000
epochs = 300
early_stopping_patience = 30
batch_size = 256
data_root = /projects/sds-lab/Shuochen/downscaling/CORDEX
save_dir = None
num_workers = 4
pin_memory = True
amp = True
grad_clip_norm = 1.0
deterministic = False
log_every = 5
study_name = climatercan_tmean_CanESM2_CanRCM4_NAM44i_gcm
optuna_storage = None
resume_study = False
model_name = ClimateRCAN
Using device: cuda
Input source: gcm
Input file: low_res.pth
Input mask file: None
Input elevation file: None
HR elevation file: high_res_elevation.pth
Coarse consistency target file: coarse_4x.pth
Coarse consistency mask file: coarse_4x_mask.pth
Input channels: 1
Loss setup: full_image_loss_no_ocean_constraint
All trial checkpoints will be saved to: /projects/sds-lab/Shuochen/downscaling/CORDEX/tmean.CanESM2.CanRCM4.day.NAM-44i.GCM_to_HR_RCM/trained_models/ClimateRCAN/GCM_low_res_with_HR_mask_elevation_aux/full_image_loss_no_ocean_constraint
Loaded shapes:
X          : torch.Size([55115, 1, 13, 29])
X_hr_elev  : torch.Size([55115, 1, 52, 116])
y          : torch.Size([55115, 1, 52, 116])
mask_hr    : torch.Size([55115, 1, 52, 116])
y_coarse   : torch.Size([55115, 1, 13, 29])
mask_coarse: torch.Size([55115, 1, 13, 29])
After checks:
X          : torch.Size([55115, 1, 13, 29])
X_hr_elev  : torch.Size([55115, 1, 52, 116])
y          : torch.Size([55115, 1, 52, 116])
mask_hr    : torch.Size([55115, 1, 52, 116])
y_coarse   : torch.Size([55115, 1, 13, 29])
mask_coarse: torch.Size([55115, 1, 13, 29])
train_end_idx = 20440
val_start_idx = 47815
Total samples  = 55115
Train/Val shapes before model input construction:
X_train          : torch.Size([20440, 1, 13, 29])
X_hr_elev_train  : torch.Size([20440, 1, 52, 116])
y_train          : torch.Size([20440, 1, 52, 116])
mask_train       : torch.Size([20440, 1, 52, 116])
y_coarse_train   : torch.Size([20440, 1, 13, 29])
mask_coarse_train: torch.Size([20440, 1, 13, 29])
X_val            : torch.Size([7300, 1, 13, 29])
X_hr_elev_val    : torch.Size([7300, 1, 52, 116])
y_val            : torch.Size([7300, 1, 52, 116])
mask_val         : torch.Size([7300, 1, 52, 116])
y_coarse_val     : torch.Size([7300, 1, 13, 29])
mask_coarse_val  : torch.Size([7300, 1, 13, 29])
Full-image normalization stats:
X_mean: 15.384552955627441
X_std : 11.16005802154541
X_max : 42.550724029541016
y_mean: 6.068472385406494
y_std : 9.728343963623047
y_max : 40.61493682861328
Train/Val shapes after model input construction:
X_train_in: torch.Size([20440, 1, 13, 29])
X_val_in  : torch.Size([7300, 1, 13, 29])
X_train_hr_aux: torch.Size([20440, 2, 52, 116])
X_val_hr_aux  : torch.Size([7300, 2, 52, 116])
[I 2026-05-06 11:48:56,078] A new study created in memory with name: climatercan_tmean_CanESM2_CanRCM4_NAM44i_gcm
/home/wang.shuoc/downscaling/train.py:1018: FutureWarning: `torch.cuda.amp.GradScaler(args...)` is deprecated. Please use `torch.amp.GradScaler('cuda', args...)` instead.
  scaler = torch.cuda.amp.GradScaler(enabled=USE_AMP and device.type == "cuda")
/home/wang.shuoc/downscaling/train.py:1095: FutureWarning: `torch.cuda.amp.autocast(args...)` is deprecated. Please use `torch.amp.autocast('cuda', args...)` instead.
  with torch.cuda.amp.autocast(enabled=USE_AMP and device.type == "cuda"):
/home/wang.shuoc/downscaling/train.py:1186: FutureWarning: `torch.cuda.amp.autocast(args...)` is deprecated. Please use `torch.amp.autocast('cuda', args...)` instead.
  with torch.cuda.amp.autocast(enabled=USE_AMP and device.type == "cuda"):
Early stopping triggered for trial 000 at epoch 091 | best epoch: 061
[I 2026-05-06 11:53:25,456] Trial 0 finished with value: 5.099899701591512 and parameters: {'batch_size': 256, 'learning_rate': 0.00015090410414033437, 'num_resblk': 16, 'num_features': 32, 'weight_decay': 1.493656855461763e-06}. Best is trial 0 with value: 5.099899701591512.
Early stopping triggered for trial 001 at epoch 056 | best epoch: 026
[I 2026-05-06 11:58:19,747] Trial 1 finished with value: 4.787781557719559 and parameters: {'batch_size': 256, 'learning_rate': 0.0002589828760528173, 'num_resblk': 12, 'num_features': 96, 'weight_decay': 4.335281794951567e-06}. Best is trial 1 with value: 4.787781557719559.
Early stopping triggered for trial 002 at epoch 084 | best epoch: 054
[I 2026-05-06 12:02:55,333] Trial 2 finished with value: 4.478841929799063 and parameters: {'batch_size': 256, 'learning_rate': 0.0001221103726196681, 'num_resblk': 6, 'num_features': 64, 'weight_decay': 6.847920095574779e-05}. Best is trial 2 with value: 4.478841929799063.
Early stopping triggered for trial 003 at epoch 049 | best epoch: 019
[I 2026-05-06 12:06:55,785] Trial 3 finished with value: 4.445875734666255 and parameters: {'batch_size': 256, 'learning_rate': 0.00011656159613778751, 'num_resblk': 8, 'num_features': 96, 'weight_decay': 3.489018845491386e-05}. Best is trial 3 with value: 4.445875734666255.
Early stopping triggered for trial 004 at epoch 044 | best epoch: 014
[I 2026-05-06 12:11:07,623] Trial 4 finished with value: 4.365603641310273 and parameters: {'batch_size': 256, 'learning_rate': 0.00019171389132957922, 'num_resblk': 4, 'num_features': 128, 'weight_decay': 0.0007886714129990489}. Best is trial 4 with value: 4.365603641310273.
[I 2026-05-06 12:11:44,523] Trial 5 pruned. 
[I 2026-05-06 12:12:08,655] Trial 6 pruned. 
[I 2026-05-06 12:12:33,257] Trial 7 pruned. 
[I 2026-05-06 12:13:10,938] Trial 8 pruned. 
[I 2026-05-06 12:14:02,977] Trial 9 pruned. 
Early stopping triggered for trial 010 at epoch 051 | best epoch: 021
[I 2026-05-06 12:18:51,179] Trial 10 finished with value: 4.478805190808837 and parameters: {'batch_size': 256, 'learning_rate': 0.00020169321720022067, 'num_resblk': 4, 'num_features': 128, 'weight_decay': 0.00017619810037224775}. Best is trial 4 with value: 4.365603641310273.
[I 2026-05-06 12:20:00,442] Trial 11 pruned. 
[I 2026-05-06 12:21:02,281] Trial 12 pruned. 
[I 2026-05-06 12:21:18,315] Trial 13 pruned. 
Early stopping triggered for trial 014 at epoch 045 | best epoch: 015
[I 2026-05-06 12:25:16,366] Trial 14 finished with value: 4.330596709103957 and parameters: {'batch_size': 256, 'learning_rate': 0.00029009926342073855, 'num_resblk': 12, 'num_features': 96, 'weight_decay': 1.4651480370087785e-06}. Best is trial 14 with value: 4.330596709103957.
Early stopping triggered for trial 015 at epoch 050 | best epoch: 020
[I 2026-05-06 12:30:42,235] Trial 15 finished with value: 4.338072040441844 and parameters: {'batch_size': 256, 'learning_rate': 0.0002802121220474242, 'num_resblk': 12, 'num_features': 128, 'weight_decay': 1.8159620377484482e-06}. Best is trial 14 with value: 4.330596709103957.
[I 2026-05-06 12:31:27,775] Trial 16 pruned. 
Early stopping triggered for trial 017 at epoch 039 | best epoch: 009
[I 2026-05-06 12:35:01,528] Trial 17 finished with value: 4.718566225564115 and parameters: {'batch_size': 256, 'learning_rate': 0.0002965365716262845, 'num_resblk': 14, 'num_features': 96, 'weight_decay': 2.865830730342055e-06}. Best is trial 14 with value: 4.330596709103957.
[I 2026-05-06 12:35:17,887] Trial 18 pruned. 
[I 2026-05-06 12:36:05,066] Trial 19 pruned. 
Early stopping triggered for trial 020 at epoch 047 | best epoch: 017
[I 2026-05-06 12:40:24,602] Trial 20 finished with value: 4.820517593383235 and parameters: {'batch_size': 256, 'learning_rate': 0.0002712955946845992, 'num_resblk': 14, 'num_features': 96, 'weight_decay': 2.254720878254017e-06}. Best is trial 14 with value: 4.330596709103957.
Early stopping triggered for trial 021 at epoch 047 | best epoch: 017
[I 2026-05-06 12:45:33,475] Trial 21 finished with value: 4.79415187493187 and parameters: {'batch_size': 256, 'learning_rate': 0.00022154693440368378, 'num_resblk': 12, 'num_features': 128, 'weight_decay': 1.016903963262378e-06}. Best is trial 14 with value: 4.330596709103957.
[I 2026-05-06 12:46:10,794] Trial 22 pruned. 
[I 2026-05-06 12:46:49,086] Trial 23 pruned. 
[I 2026-05-06 12:47:34,113] Trial 24 pruned. 
[I 2026-05-06 12:48:15,607] Trial 25 pruned. 
[I 2026-05-06 12:48:47,242] Trial 26 pruned. 
[I 2026-05-06 12:49:02,033] Trial 27 pruned. 
[I 2026-05-06 12:49:40,315] Trial 28 pruned. 
[I 2026-05-06 12:49:56,947] Trial 29 pruned. 
[I 2026-05-06 12:50:28,798] Trial 30 pruned. 
[I 2026-05-06 12:50:56,034] Trial 31 pruned. 
[I 2026-05-06 12:51:30,563] Trial 32 pruned. 
[I 2026-05-06 12:51:58,347] Trial 33 pruned. 
[I 2026-05-06 12:52:27,426] Trial 34 pruned. 
[I 2026-05-06 12:52:49,280] Trial 35 pruned. 
[I 2026-05-06 12:53:16,263] Trial 36 pruned. 
[I 2026-05-06 12:53:35,774] Trial 37 pruned. 
[I 2026-05-06 12:54:06,028] Trial 38 pruned. 
Early stopping triggered for trial 039 at epoch 052 | best epoch: 022
[I 2026-05-06 12:59:12,937] Trial 39 finished with value: 4.832077731550452 and parameters: {'batch_size': 256, 'learning_rate': 0.00021230047751065294, 'num_resblk': 6, 'num_features': 128, 'weight_decay': 0.0005169807335327059}. Best is trial 14 with value: 4.330596709103957.
[I 2026-05-06 12:59:37,328] Trial 40 pruned. 
[I 2026-05-06 13:00:10,886] Trial 41 pruned. 
[I 2026-05-06 13:00:50,249] Trial 42 pruned. 
Early stopping triggered for trial 043 at epoch 036 | best epoch: 006
[I 2026-05-06 13:04:14,708] Trial 43 finished with value: 4.566152574397733 and parameters: {'batch_size': 256, 'learning_rate': 0.000182593253389364, 'num_resblk': 4, 'num_features': 128, 'weight_decay': 0.00036241513466034244}. Best is trial 14 with value: 4.330596709103957.
[I 2026-05-06 13:04:49,964] Trial 44 pruned. 
[I 2026-05-06 13:05:27,341] Trial 45 pruned. 
[I 2026-05-06 13:05:54,205] Trial 46 pruned. 
[I 2026-05-06 13:06:09,586] Trial 47 pruned. 
Early stopping triggered for trial 048 at epoch 050 | best epoch: 020
[I 2026-05-06 13:11:34,769] Trial 48 finished with value: 4.8877169139021115 and parameters: {'batch_size': 256, 'learning_rate': 0.0002585619951794257, 'num_resblk': 12, 'num_features': 128, 'weight_decay': 9.309877073408077e-05}. Best is trial 14 with value: 4.330596709103957.
[I 2026-05-06 13:12:02,886] Trial 49 pruned. 
[I 2026-05-06 13:12:43,912] Trial 50 pruned. 
[I 2026-05-06 13:13:03,823] Trial 51 pruned. 
[I 2026-05-06 13:13:22,509] Trial 52 pruned. 
[I 2026-05-06 13:13:42,213] Trial 53 pruned. 
[I 2026-05-06 13:14:01,274] Trial 54 pruned. 
[I 2026-05-06 13:14:36,860] Trial 55 pruned. 
[I 2026-05-06 13:14:57,846] Trial 56 pruned. 
[I 2026-05-06 13:15:36,542] Trial 57 pruned. 
[I 2026-05-06 13:15:53,139] Trial 58 pruned. 
Early stopping triggered for trial 059 at epoch 039 | best epoch: 009
[I 2026-05-06 13:18:51,066] Trial 59 finished with value: 4.828735261255042 and parameters: {'batch_size': 256, 'learning_rate': 0.0002981476840846892, 'num_resblk': 4, 'num_features': 96, 'weight_decay': 2.649021598802094e-05}. Best is trial 14 with value: 4.330596709103957.
Early stopping triggered for trial 060 at epoch 047 | best epoch: 017
[I 2026-05-06 13:23:37,034] Trial 60 finished with value: 4.674711589558882 and parameters: {'batch_size': 256, 'learning_rate': 0.00026870586368503527, 'num_resblk': 8, 'num_features': 128, 'weight_decay': 4.188016624459073e-05}. Best is trial 14 with value: 4.330596709103957.
[I 2026-05-06 13:24:11,289] Trial 61 pruned. 
[I 2026-05-06 13:24:45,750] Trial 62 pruned. 
[I 2026-05-06 13:25:19,984] Trial 63 pruned. 
[I 2026-05-06 13:25:55,431] Trial 64 pruned. 
[I 2026-05-06 13:26:22,212] Trial 65 pruned. 
[I 2026-05-06 13:27:03,772] Trial 66 pruned. 
[I 2026-05-06 13:27:35,702] Trial 67 pruned. 
[I 2026-05-06 13:28:10,212] Trial 68 pruned. 
[I 2026-05-06 13:28:27,566] Trial 69 pruned. 
[I 2026-05-06 13:28:48,574] Trial 70 pruned. 
[I 2026-05-06 13:29:30,540] Trial 71 pruned. 
[I 2026-05-06 13:30:12,827] Trial 72 pruned. 
[I 2026-05-06 13:30:54,222] Trial 73 pruned. 
[I 2026-05-06 13:31:38,334] Trial 74 pruned. 
Early stopping triggered for trial 075 at epoch 036 | best epoch: 006
[I 2026-05-06 13:35:27,731] Trial 75 finished with value: 4.833686304322154 and parameters: {'batch_size': 256, 'learning_rate': 0.0002673567517743097, 'num_resblk': 10, 'num_features': 128, 'weight_decay': 1.0112480074048832e-06}. Best is trial 14 with value: 4.330596709103957.
[I 2026-05-06 13:36:04,878] Trial 76 pruned. 
[I 2026-05-06 13:36:40,611] Trial 77 pruned. 
[I 2026-05-06 13:37:08,012] Trial 78 pruned. 
[I 2026-05-06 13:37:51,236] Trial 79 pruned. 
[I 2026-05-06 13:38:25,428] Trial 80 pruned. 
Early stopping triggered for trial 081 at epoch 041 | best epoch: 011
[I 2026-05-06 13:42:18,252] Trial 81 finished with value: 4.302392315186585 and parameters: {'batch_size': 256, 'learning_rate': 0.0002839957968027274, 'num_resblk': 16, 'num_features': 96, 'weight_decay': 2.900485756264099e-06}. Best is trial 81 with value: 4.302392315186585.
[I 2026-05-06 13:42:52,648] Trial 82 pruned. 
Early stopping triggered for trial 083 at epoch 048 | best epoch: 018
[I 2026-05-06 13:47:23,824] Trial 83 finished with value: 4.512496894416991 and parameters: {'batch_size': 256, 'learning_rate': 0.00026056294916649013, 'num_resblk': 16, 'num_features': 96, 'weight_decay': 2.146776103269728e-06}. Best is trial 81 with value: 4.302392315186585.
[I 2026-05-06 13:48:02,927] Trial 84 pruned. 
[I 2026-05-06 13:48:37,186] Trial 85 pruned. 
[I 2026-05-06 13:49:11,665] Trial 86 pruned. 
[I 2026-05-06 13:49:45,213] Trial 87 pruned. 
[I 2026-05-06 13:50:18,106] Trial 88 pruned. 
[I 2026-05-06 13:50:52,181] Trial 89 pruned. 
[I 2026-05-06 13:51:16,412] Trial 90 pruned. 
[I 2026-05-06 13:51:49,093] Trial 91 pruned. 
[I 2026-05-06 13:52:17,442] Trial 92 pruned. 
[I 2026-05-06 13:52:32,932] Trial 93 pruned. 
[I 2026-05-06 13:53:12,543] Trial 94 pruned. 
[I 2026-05-06 13:53:35,634] Trial 95 pruned. 
[I 2026-05-06 13:54:17,938] Trial 96 pruned. 
[I 2026-05-06 13:54:44,815] Trial 97 pruned. 
[I 2026-05-06 13:55:21,362] Trial 98 pruned. 
[I 2026-05-06 13:55:52,149] Trial 99 pruned. 
[I 2026-05-06 13:56:26,588] Trial 100 pruned. 
[I 2026-05-06 13:56:58,789] Trial 101 pruned. 
[I 2026-05-06 13:57:31,937] Trial 102 pruned. 
[I 2026-05-06 13:58:06,024] Trial 103 pruned. 
[I 2026-05-06 13:58:43,139] Trial 104 pruned. 
[I 2026-05-06 13:59:07,454] Trial 105 pruned. 
Early stopping triggered for trial 106 at epoch 051 | best epoch: 021
[I 2026-05-06 14:05:06,514] Trial 106 finished with value: 4.555983487609462 and parameters: {'batch_size': 256, 'learning_rate': 0.00026436929643081444, 'num_resblk': 16, 'num_features': 128, 'weight_decay': 2.0426868217200376e-06}. Best is trial 81 with value: 4.302392315186585.
[I 2026-05-06 14:05:48,354] Trial 107 pruned. 
Early stopping triggered for trial 108 at epoch 048 | best epoch: 018
[I 2026-05-06 14:11:23,620] Trial 108 finished with value: 4.60687120744159 and parameters: {'batch_size': 256, 'learning_rate': 0.0002634755051936023, 'num_resblk': 16, 'num_features': 128, 'weight_decay': 2.046245172647712e-06}. Best is trial 81 with value: 4.302392315186585.
Early stopping triggered for trial 109 at epoch 040 | best epoch: 010
[I 2026-05-06 14:16:02,429] Trial 109 finished with value: 4.62898015379165 and parameters: {'batch_size': 256, 'learning_rate': 0.00025599825271861536, 'num_resblk': 16, 'num_features': 128, 'weight_decay': 1.6324257078878538e-06}. Best is trial 81 with value: 4.302392315186585.
[I 2026-05-06 14:16:50,871] Trial 110 pruned. 
[I 2026-05-06 14:17:33,304] Trial 111 pruned. 
Early stopping triggered for trial 112 at epoch 051 | best epoch: 021
[I 2026-05-06 14:23:30,278] Trial 112 finished with value: 4.586797468296937 and parameters: {'batch_size': 256, 'learning_rate': 0.00026085335482194463, 'num_resblk': 16, 'num_features': 128, 'weight_decay': 1.995458547476325e-06}. Best is trial 81 with value: 4.302392315186585.
Early stopping triggered for trial 113 at epoch 051 | best epoch: 021
[I 2026-05-06 14:29:25,042] Trial 113 finished with value: 4.641174693870136 and parameters: {'batch_size': 256, 'learning_rate': 0.0002629009976833655, 'num_resblk': 16, 'num_features': 128, 'weight_decay': 1.9407245168378125e-06}. Best is trial 81 with value: 4.302392315186585.
Early stopping triggered for trial 114 at epoch 056 | best epoch: 026
[I 2026-05-06 14:35:51,089] Trial 114 finished with value: 4.7256259992369465 and parameters: {'batch_size': 256, 'learning_rate': 0.0002464713968982577, 'num_resblk': 16, 'num_features': 128, 'weight_decay': 1.4387152216761232e-06}. Best is trial 81 with value: 4.302392315186585.
Early stopping triggered for trial 115 at epoch 041 | best epoch: 011
[I 2026-05-06 14:40:35,914] Trial 115 finished with value: 4.546761331119872 and parameters: {'batch_size': 256, 'learning_rate': 0.00027707469528889355, 'num_resblk': 16, 'num_features': 128, 'weight_decay': 0.0006524697280983897}. Best is trial 81 with value: 4.302392315186585.
[I 2026-05-06 14:41:18,416] Trial 116 pruned. 
[I 2026-05-06 14:41:35,851] Trial 117 pruned. 
[I 2026-05-06 14:42:18,693] Trial 118 pruned. 
[I 2026-05-06 14:42:52,830] Trial 119 pruned. 
[I 2026-05-06 14:43:17,129] Trial 120 pruned. 
Early stopping triggered for trial 121 at epoch 045 | best epoch: 015
[I 2026-05-06 14:48:33,069] Trial 121 finished with value: 4.659393395043785 and parameters: {'batch_size': 256, 'learning_rate': 0.00028456738236513733, 'num_resblk': 16, 'num_features': 128, 'weight_decay': 1.1859748409553832e-06}. Best is trial 81 with value: 4.302392315186585.
[I 2026-05-06 14:49:14,863] Trial 122 pruned. 
[I 2026-05-06 14:49:56,477] Trial 123 pruned. 
Early stopping triggered for trial 124 at epoch 041 | best epoch: 011
[I 2026-05-06 14:54:42,055] Trial 124 finished with value: 4.713146029395734 and parameters: {'batch_size': 256, 'learning_rate': 0.00027580442428530745, 'num_resblk': 16, 'num_features': 128, 'weight_decay': 3.423690187497616e-06}. Best is trial 81 with value: 4.302392315186585.
[I 2026-05-06 14:55:30,960] Trial 125 pruned. 
[I 2026-05-06 14:56:05,774] Trial 126 pruned. 
[I 2026-05-06 14:56:40,880] Trial 127 pruned. 
Early stopping triggered for trial 128 at epoch 040 | best epoch: 010
[I 2026-05-06 15:01:18,588] Trial 128 finished with value: 4.725388430652956 and parameters: {'batch_size': 256, 'learning_rate': 0.0002997625918381225, 'num_resblk': 16, 'num_features': 128, 'weight_decay': 2.4771100152183003e-06}. Best is trial 81 with value: 4.302392315186585.
[I 2026-05-06 15:01:41,656] Trial 129 pruned. 
[I 2026-05-06 15:02:15,444] Trial 130 pruned. 
[I 2026-05-06 15:03:03,707] Trial 131 pruned. 
[I 2026-05-06 15:03:45,855] Trial 132 pruned. 
Early stopping triggered for trial 133 at epoch 041 | best epoch: 011
[I 2026-05-06 15:08:32,194] Trial 133 finished with value: 4.695133909105774 and parameters: {'batch_size': 256, 'learning_rate': 0.0002844664395810134, 'num_resblk': 16, 'num_features': 128, 'weight_decay': 2.174317985018394e-06}. Best is trial 81 with value: 4.302392315186585.
Early stopping triggered for trial 134 at epoch 043 | best epoch: 013
[I 2026-05-06 15:13:38,021] Trial 134 finished with value: 4.352721211756477 and parameters: {'batch_size': 256, 'learning_rate': 0.00024424592890184604, 'num_resblk': 16, 'num_features': 128, 'weight_decay': 3.063004292994473e-06}. Best is trial 81 with value: 4.302392315186585.
[I 2026-05-06 15:14:11,699] Trial 135 pruned. 
[I 2026-05-06 15:14:53,665] Trial 136 pruned. 
[I 2026-05-06 15:15:10,868] Trial 137 pruned. 
Early stopping triggered for trial 138 at epoch 051 | best epoch: 021
[I 2026-05-06 15:21:06,286] Trial 138 finished with value: 4.75111262762981 and parameters: {'batch_size': 256, 'learning_rate': 0.00029050209653333096, 'num_resblk': 16, 'num_features': 128, 'weight_decay': 3.7535385059519337e-06}. Best is trial 81 with value: 4.302392315186585.
[I 2026-05-06 15:21:33,574] Trial 139 pruned. 
[I 2026-05-06 15:22:08,874] Trial 140 pruned. 
[I 2026-05-06 15:22:57,426] Trial 141 pruned. 
[I 2026-05-06 15:23:46,656] Trial 142 pruned. 
[I 2026-05-06 15:24:28,510] Trial 143 pruned. 
Early stopping triggered for trial 144 at epoch 054 | best epoch: 024
[I 2026-05-06 15:30:44,262] Trial 144 finished with value: 4.834573144144471 and parameters: {'batch_size': 256, 'learning_rate': 0.00021981893482948868, 'num_resblk': 16, 'num_features': 128, 'weight_decay': 2.5261366037041615e-06}. Best is trial 81 with value: 4.302392315186585.
Early stopping triggered for trial 145 at epoch 053 | best epoch: 023
[I 2026-05-06 15:36:51,954] Trial 145 finished with value: 4.251896773145961 and parameters: {'batch_size': 256, 'learning_rate': 0.00028014356572676573, 'num_resblk': 16, 'num_features': 128, 'weight_decay': 5.083990752069364e-05}. Best is trial 145 with value: 4.251896773145961.
Early stopping triggered for trial 146 at epoch 048 | best epoch: 018
[I 2026-05-06 15:41:16,570] Trial 146 finished with value: 4.5006183857327136 and parameters: {'batch_size': 256, 'learning_rate': 0.00027910694857512225, 'num_resblk': 14, 'num_features': 96, 'weight_decay': 3.7193678868964815e-05}. Best is trial 145 with value: 4.251896773145961.
[I 2026-05-06 15:41:48,327] Trial 147 pruned. 
Early stopping triggered for trial 148 at epoch 043 | best epoch: 013
[I 2026-05-06 15:45:46,372] Trial 148 finished with value: 4.4498134606300646 and parameters: {'batch_size': 256, 'learning_rate': 0.0002941571642442007, 'num_resblk': 14, 'num_features': 96, 'weight_decay': 3.478377299380668e-05}. Best is trial 145 with value: 4.251896773145961.
[I 2026-05-06 15:46:23,548] Trial 149 pruned. 
[I 2026-05-06 15:46:56,275] Trial 150 pruned. 
[I 2026-05-06 15:47:34,516] Trial 151 pruned. 
[I 2026-05-06 15:48:11,086] Trial 152 pruned. 
[I 2026-05-06 15:48:49,662] Trial 153 pruned. 
Early stopping triggered for trial 154 at epoch 038 | best epoch: 008
