Running with:
rcm_var = tmean
gcm_name = CanESM2
rcm_name = CanRCM4
grid = NAM-44i
factor = 4
input_source = gcm
n_trials = 3000
epochs = 300
early_stopping_patience = 30
batch_size = 1024
model_name = SRResNet
Using device: cuda
Input file: low_res.pth
Input mask file: low_res_mask.pth
All trial checkpoints will be saved to: /projects/sds-lab/Shuochen/downscaling/CORDEX/tmean.CanESM2.CanRCM4.day.NAM-44i.GCM_to_HR_RCM/trained_models/SRResNet/GCM_low_res
Loaded shapes:
X       : torch.Size([55115, 1, 13, 29])
X_mask  : torch.Size([55115, 1, 13, 29])
y       : torch.Size([55115, 1, 52, 116])
mask_hr : torch.Size([55115, 1, 52, 116])
X_coarse_reference: torch.Size([55115, 1, 13, 29])
X_coarse_mask_reference: torch.Size([55115, 1, 13, 29])
train_end_idx = 20440
val_start_idx = 47815
Total samples  = 55115
Train/Val shapes:
X_train      : torch.Size([20440, 1, 13, 29])
X_mask_train : torch.Size([20440, 1, 13, 29])
y_train      : torch.Size([20440, 1, 52, 116])
mask_train   : torch.Size([20440, 1, 52, 116])
X_val        : torch.Size([7300, 1, 13, 29])
X_mask_val   : torch.Size([7300, 1, 13, 29])
y_val        : torch.Size([7300, 1, 52, 116])
mask_val     : torch.Size([7300, 1, 52, 116])
Normalization stats:
X_mean: 15.384552955627441
X_std : 11.16005802154541
X_max : 42.550724029541016
y_mean: 10.907337188720703
y_std : 10.831708908081055
y_max : 40.61493682861328
[I 2026-04-30 12:43:19,467] A new study created in memory with name: no-name-13979c0a-4bf4-4ef8-a112-6d4905753605
Early stopping triggered for trial 000 at epoch 044 | best epoch: 014
[I 2026-04-30 12:45:08,264] Trial 0 finished with value: 5.561882376670837 and parameters: {'batch_size': 1024, 'learning_rate': 0.00029442011730474474, 'num_resblk': 8, 'num_features': 64, 'weight_decay': 0.00011295229825575995}. Best is trial 0 with value: 5.561882376670837.
Early stopping triggered for trial 001 at epoch 067 | best epoch: 037
[I 2026-04-30 12:47:42,724] Trial 1 finished with value: 5.067667365074158 and parameters: {'batch_size': 1024, 'learning_rate': 0.000200908631334335, 'num_resblk': 16, 'num_features': 32, 'weight_decay': 1.563771062248521e-05}. Best is trial 1 with value: 5.067667365074158.
Early stopping triggered for trial 002 at epoch 056 | best epoch: 026
[I 2026-04-30 12:49:55,849] Trial 2 finished with value: 4.733157277107239 and parameters: {'batch_size': 1024, 'learning_rate': 0.00016955784587638795, 'num_resblk': 8, 'num_features': 64, 'weight_decay': 0.0005713384025438371}. Best is trial 2 with value: 4.733157277107239.
Early stopping triggered for trial 003 at epoch 042 | best epoch: 012
[I 2026-04-30 12:52:10,248] Trial 3 finished with value: 4.651011884212494 and parameters: {'batch_size': 1024, 'learning_rate': 0.0002662743657721526, 'num_resblk': 8, 'num_features': 96, 'weight_decay': 1.3187679978029738e-05}. Best is trial 3 with value: 4.651011884212494.
Early stopping triggered for trial 004 at epoch 038 | best epoch: 008
[I 2026-04-30 12:53:33,825] Trial 4 finished with value: 5.423128545284271 and parameters: {'batch_size': 1024, 'learning_rate': 0.00022453664503729173, 'num_resblk': 14, 'num_features': 32, 'weight_decay': 1.8244214686738507e-06}. Best is trial 3 with value: 4.651011884212494.
[I 2026-04-30 12:53:50,459] Trial 5 pruned. 
[I 2026-04-30 12:54:25,679] Trial 6 pruned. 
[I 2026-04-30 12:54:36,242] Trial 7 pruned. 
Early stopping triggered for trial 008 at epoch 057 | best epoch: 027
[I 2026-04-30 12:59:29,137] Trial 8 finished with value: 5.12198543548584 and parameters: {'batch_size': 1024, 'learning_rate': 0.00021765945480115823, 'num_resblk': 16, 'num_features': 128, 'weight_decay': 0.0006588642352911669}. Best is trial 3 with value: 4.651011884212494.
[I 2026-04-30 12:59:42,151] Trial 9 pruned. 
Early stopping triggered for trial 010 at epoch 065 | best epoch: 035
[I 2026-04-30 13:02:36,100] Trial 10 finished with value: 4.524531841278076 and parameters: {'batch_size': 1024, 'learning_rate': 0.00013973208894722952, 'num_resblk': 4, 'num_features': 96, 'weight_decay': 8.389842577744131e-06}. Best is trial 10 with value: 4.524531841278076.
[I 2026-04-30 13:02:52,033] Trial 11 pruned. 
[I 2026-04-30 13:03:08,154] Trial 12 pruned. 
Early stopping triggered for trial 013 at epoch 052 | best epoch: 022
[I 2026-04-30 13:05:39,687] Trial 13 finished with value: 4.521816968917847 and parameters: {'batch_size': 1024, 'learning_rate': 0.00015381896276786016, 'num_resblk': 6, 'num_features': 96, 'weight_decay': 1.2671353333863654e-05}. Best is trial 13 with value: 4.521816968917847.
[I 2026-04-30 13:05:57,223] Trial 14 pruned. 
[I 2026-04-30 13:06:19,059] Trial 15 pruned. 
Early stopping triggered for trial 016 at epoch 065 | best epoch: 035
[I 2026-04-30 13:09:13,080] Trial 16 finished with value: 4.539808750152588 and parameters: {'batch_size': 1024, 'learning_rate': 0.00015285355468607693, 'num_resblk': 4, 'num_features': 96, 'weight_decay': 1.1749791948107406e-06}. Best is trial 13 with value: 4.521816968917847.
[I 2026-04-30 13:09:30,557] Trial 17 pruned. 
[I 2026-04-30 13:09:51,099] Trial 18 pruned. 
Early stopping triggered for trial 019 at epoch 046 | best epoch: 016
[I 2026-04-30 13:12:39,465] Trial 19 finished with value: 4.507273375988007 and parameters: {'batch_size': 1024, 'learning_rate': 0.00010434647118876973, 'num_resblk': 6, 'num_features': 128, 'weight_decay': 2.6170548304412014e-05}. Best is trial 19 with value: 4.507273375988007.
[I 2026-04-30 13:13:04,996] Trial 20 pruned. 
[I 2026-04-30 13:13:26,827] Trial 21 pruned. 
Early stopping triggered for trial 022 at epoch 052 | best epoch: 022
[I 2026-04-30 13:16:21,340] Trial 22 finished with value: 4.43424117565155 and parameters: {'batch_size': 1024, 'learning_rate': 0.00011754404661388537, 'num_resblk': 4, 'num_features': 128, 'weight_decay': 1.058755094429986e-05}. Best is trial 22 with value: 4.43424117565155.
Early stopping triggered for trial 023 at epoch 046 | best epoch: 016
[I 2026-04-30 13:19:08,870] Trial 23 finished with value: 4.968918681144714 and parameters: {'batch_size': 1024, 'learning_rate': 0.00011313838071287428, 'num_resblk': 6, 'num_features': 128, 'weight_decay': 3.900722734276142e-05}. Best is trial 22 with value: 4.43424117565155.
Early stopping triggered for trial 024 at epoch 054 | best epoch: 024
[I 2026-04-30 13:22:08,773] Trial 24 finished with value: 4.353920757770538 and parameters: {'batch_size': 1024, 'learning_rate': 0.00011047636168319279, 'num_resblk': 4, 'num_features': 128, 'weight_decay': 9.248363340198549e-05}. Best is trial 24 with value: 4.353920757770538.
Early stopping triggered for trial 025 at epoch 051 | best epoch: 021
[I 2026-04-30 13:24:58,844] Trial 25 finished with value: 4.4904574155807495 and parameters: {'batch_size': 1024, 'learning_rate': 0.00011107306422300647, 'num_resblk': 4, 'num_features': 128, 'weight_decay': 0.00010644204592344286}. Best is trial 24 with value: 4.353920757770538.
Early stopping triggered for trial 026 at epoch 044 | best epoch: 014
[I 2026-04-30 13:27:26,244] Trial 26 finished with value: 4.748230814933777 and parameters: {'batch_size': 1024, 'learning_rate': 0.00011336111673523449, 'num_resblk': 4, 'num_features': 128, 'weight_decay': 0.00015421161267680276}. Best is trial 24 with value: 4.353920757770538.
[I 2026-04-30 13:27:46,117] Trial 27 pruned. 
Early stopping triggered for trial 028 at epoch 061 | best epoch: 031
[I 2026-04-30 13:31:08,857] Trial 28 finished with value: 4.668337643146515 and parameters: {'batch_size': 1024, 'learning_rate': 0.00010954765936871569, 'num_resblk': 4, 'num_features': 128, 'weight_decay': 6.590770026672533e-05}. Best is trial 24 with value: 4.353920757770538.
Early stopping triggered for trial 029 at epoch 039 | best epoch: 009
[I 2026-04-30 13:33:42,918] Trial 29 finished with value: 4.906669974327087 and parameters: {'batch_size': 1024, 'learning_rate': 0.0002981629109312506, 'num_resblk': 8, 'num_features': 128, 'weight_decay': 0.0001205205039403263}. Best is trial 24 with value: 4.353920757770538.
[I 2026-04-30 13:33:59,519] Trial 30 pruned. 
Early stopping triggered for trial 031 at epoch 047 | best epoch: 017
[I 2026-04-30 13:36:37,113] Trial 31 finished with value: 4.563733220100403 and parameters: {'batch_size': 1024, 'learning_rate': 0.0001056685385231701, 'num_resblk': 4, 'num_features': 128, 'weight_decay': 8.872809632773594e-05}. Best is trial 24 with value: 4.353920757770538.
[I 2026-04-30 13:36:59,083] Trial 32 pruned. 
Early stopping triggered for trial 033 at epoch 053 | best epoch: 023
[I 2026-04-30 13:39:55,520] Trial 33 finished with value: 4.356384634971619 and parameters: {'batch_size': 1024, 'learning_rate': 0.00010678315417535714, 'num_resblk': 4, 'num_features': 128, 'weight_decay': 2.6763044272929745e-05}. Best is trial 24 with value: 4.353920757770538.
Early stopping triggered for trial 034 at epoch 069 | best epoch: 039
[I 2026-04-30 13:43:45,647] Trial 34 finished with value: 4.572036385536194 and parameters: {'batch_size': 1024, 'learning_rate': 0.00012050294428574295, 'num_resblk': 4, 'num_features': 128, 'weight_decay': 1.458082982425279e-05}. Best is trial 24 with value: 4.353920757770538.
[I 2026-04-30 13:44:05,695] Trial 35 pruned. 
Early stopping triggered for trial 036 at epoch 044 | best epoch: 014
[I 2026-04-30 13:46:59,532] Trial 36 finished with value: 5.098661959171295 and parameters: {'batch_size': 1024, 'learning_rate': 0.00013595730644165393, 'num_resblk': 8, 'num_features': 128, 'weight_decay': 0.0004453642241159568}. Best is trial 24 with value: 4.353920757770538.
[I 2026-04-30 13:47:12,758] Trial 37 pruned. 
Early stopping triggered for trial 038 at epoch 044 | best epoch: 014
[I 2026-04-30 13:50:06,865] Trial 38 finished with value: 4.673848807811737 and parameters: {'batch_size': 1024, 'learning_rate': 0.00011091068742767938, 'num_resblk': 8, 'num_features': 128, 'weight_decay': 0.0009474293007402324}. Best is trial 24 with value: 4.353920757770538.
[I 2026-04-30 13:50:15,896] Trial 39 pruned. 
[I 2026-04-30 13:50:32,567] Trial 40 pruned. 
[I 2026-04-30 13:50:54,396] Trial 41 pruned. 
Early stopping triggered for trial 042 at epoch 059 | best epoch: 029
[I 2026-04-30 13:54:11,563] Trial 42 finished with value: 4.66762101650238 and parameters: {'batch_size': 1024, 'learning_rate': 0.00012043579132513065, 'num_resblk': 4, 'num_features': 128, 'weight_decay': 2.7989977971990942e-05}. Best is trial 24 with value: 4.353920757770538.
[I 2026-04-30 13:54:31,707] Trial 43 pruned. 
[I 2026-04-30 13:55:04,214] Trial 44 pruned. 
[I 2026-04-30 13:55:13,158] Trial 45 pruned. 
[I 2026-04-30 13:55:33,240] Trial 46 pruned. 
[I 2026-04-30 13:55:55,081] Trial 47 pruned. 
Early stopping triggered for trial 048 at epoch 047 | best epoch: 017
[I 2026-04-30 13:59:15,072] Trial 48 finished with value: 4.681205570697784 and parameters: {'batch_size': 1024, 'learning_rate': 0.00012528564695532513, 'num_resblk': 10, 'num_features': 128, 'weight_decay': 8.11580441584247e-06}. Best is trial 24 with value: 4.353920757770538.
[I 2026-04-30 13:59:29,076] Trial 49 pruned. 
Early stopping triggered for trial 050 at epoch 052 | best epoch: 022
[I 2026-04-30 14:02:23,056] Trial 50 finished with value: 4.698942542076111 and parameters: {'batch_size': 1024, 'learning_rate': 0.0002709083780683815, 'num_resblk': 4, 'num_features': 128, 'weight_decay': 4.595186184321939e-06}. Best is trial 24 with value: 4.353920757770538.
Early stopping triggered for trial 051 at epoch 035 | best epoch: 005
[I 2026-04-30 14:04:06,351] Trial 51 finished with value: 5.148069441318512 and parameters: {'batch_size': 1024, 'learning_rate': 0.0001570464721697724, 'num_resblk': 6, 'num_features': 96, 'weight_decay': 1.9977141513861927e-05}. Best is trial 24 with value: 4.353920757770538.
[I 2026-04-30 14:04:23,695] Trial 52 pruned. 
[I 2026-04-30 14:04:37,965] Trial 53 pruned. 
[I 2026-04-30 14:04:53,886] Trial 54 pruned. 
[I 2026-04-30 14:05:33,684] Trial 55 pruned. 
Early stopping triggered for trial 056 at epoch 046 | best epoch: 016
[I 2026-04-30 14:08:07,826] Trial 56 finished with value: 4.790907680988312 and parameters: {'batch_size': 1024, 'learning_rate': 0.00011545362552744621, 'num_resblk': 4, 'num_features': 128, 'weight_decay': 1.2310554199486645e-05}. Best is trial 24 with value: 4.353920757770538.
[I 2026-04-30 14:08:25,442] Trial 57 pruned. 
Early stopping triggered for trial 058 at epoch 044 | best epoch: 014
[I 2026-04-30 14:11:19,645] Trial 58 finished with value: 5.152197539806366 and parameters: {'batch_size': 1024, 'learning_rate': 0.00012142764616402557, 'num_resblk': 8, 'num_features': 128, 'weight_decay': 5.261276142986407e-05}. Best is trial 24 with value: 4.353920757770538.
[I 2026-04-30 14:11:28,604] Trial 59 pruned. 
Early stopping triggered for trial 060 at epoch 043 | best epoch: 013
[I 2026-04-30 14:14:05,094] Trial 60 finished with value: 4.450959801673889 and parameters: {'batch_size': 1024, 'learning_rate': 0.000129626845854221, 'num_resblk': 6, 'num_features': 128, 'weight_decay': 7.44468513982027e-05}. Best is trial 24 with value: 4.353920757770538.
Early stopping triggered for trial 061 at epoch 061 | best epoch: 031
[I 2026-04-30 14:17:46,967] Trial 61 finished with value: 4.3058677315711975 and parameters: {'batch_size': 1024, 'learning_rate': 0.00012886406120220058, 'num_resblk': 6, 'num_features': 128, 'weight_decay': 8.35669612773534e-05}. Best is trial 61 with value: 4.3058677315711975.
[I 2026-04-30 14:18:08,733] Trial 62 pruned. 
[I 2026-04-30 14:18:38,707] Trial 63 pruned. 
[I 2026-04-30 14:19:00,557] Trial 64 pruned. 
Early stopping triggered for trial 065 at epoch 051 | best epoch: 021
[I 2026-04-30 14:21:51,562] Trial 65 finished with value: 4.538007020950317 and parameters: {'batch_size': 1024, 'learning_rate': 0.00012730443898010133, 'num_resblk': 4, 'num_features': 128, 'weight_decay': 0.0002001888721307786}. Best is trial 61 with value: 4.3058677315711975.
Early stopping triggered for trial 066 at epoch 046 | best epoch: 016
[I 2026-04-30 14:24:53,489] Trial 66 finished with value: 4.63658207654953 and parameters: {'batch_size': 1024, 'learning_rate': 0.00011661194920036799, 'num_resblk': 8, 'num_features': 128, 'weight_decay': 0.0001143207915929487}. Best is trial 61 with value: 4.3058677315711975.
[I 2026-04-30 14:25:13,448] Trial 67 pruned. 
[I 2026-04-30 14:26:00,181] Trial 68 pruned. 
Early stopping triggered for trial 069 at epoch 054 | best epoch: 024
[I 2026-04-30 14:29:33,279] Trial 69 finished with value: 4.6454761028289795 and parameters: {'batch_size': 1024, 'learning_rate': 0.00010922046467453372, 'num_resblk': 8, 'num_features': 128, 'weight_decay': 0.0002462409770473503}. Best is trial 61 with value: 4.3058677315711975.
[I 2026-04-30 14:30:40,629] Trial 70 pruned. 
[I 2026-04-30 14:31:12,505] Trial 71 pruned. 
[I 2026-04-30 14:31:34,330] Trial 72 pruned. 
[I 2026-04-30 14:31:46,137] Trial 73 pruned. 
Early stopping triggered for trial 074 at epoch 075 | best epoch: 045
[I 2026-04-30 14:35:55,772] Trial 74 finished with value: 4.875315427780151 and parameters: {'batch_size': 1024, 'learning_rate': 0.0001567773909544509, 'num_resblk': 4, 'num_features': 128, 'weight_decay': 6.649442475141513e-05}. Best is trial 61 with value: 4.3058677315711975.
[I 2026-04-30 14:36:19,278] Trial 75 pruned. 
[I 2026-04-30 14:36:36,594] Trial 76 pruned. 
Early stopping triggered for trial 077 at epoch 063 | best epoch: 033
[I 2026-04-30 14:40:06,485] Trial 77 finished with value: 4.384394556283951 and parameters: {'batch_size': 1024, 'learning_rate': 0.0001787581287688003, 'num_resblk': 4, 'num_features': 128, 'weight_decay': 6.972071784062633e-06}. Best is trial 61 with value: 4.3058677315711975.
Early stopping triggered for trial 078 at epoch 038 | best epoch: 008
[I 2026-04-30 14:42:14,286] Trial 78 finished with value: 4.70766007900238 and parameters: {'batch_size': 1024, 'learning_rate': 0.00018486610014411758, 'num_resblk': 4, 'num_features': 128, 'weight_decay': 4.9186273087991216e-06}. Best is trial 61 with value: 4.3058677315711975.
[I 2026-04-30 14:42:34,249] Trial 79 pruned. 
[I 2026-04-30 14:42:54,134] Trial 80 pruned. 
[I 2026-04-30 14:43:19,362] Trial 81 pruned. 
[I 2026-04-30 14:43:39,207] Trial 82 pruned. 
[I 2026-04-30 14:44:01,012] Trial 83 pruned. 
[I 2026-04-30 14:44:10,703] Trial 84 pruned. 
[I 2026-04-30 14:44:30,623] Trial 85 pruned. 
[I 2026-04-30 14:44:42,437] Trial 86 pruned. 
[I 2026-04-30 14:45:04,191] Trial 87 pruned. 
[I 2026-04-30 14:45:20,084] Trial 88 pruned. 
Early stopping triggered for trial 089 at epoch 056 | best epoch: 026
[I 2026-04-30 14:48:27,373] Trial 89 finished with value: 4.364874601364136 and parameters: {'batch_size': 1024, 'learning_rate': 0.00012037673623449409, 'num_resblk': 4, 'num_features': 128, 'weight_decay': 2.0587520699189957e-05}. Best is trial 61 with value: 4.3058677315711975.
[I 2026-04-30 14:48:47,498] Trial 90 pruned. 
[I 2026-04-30 14:49:07,513] Trial 91 pruned. 
Early stopping triggered for trial 092 at epoch 051 | best epoch: 021
[I 2026-04-30 14:51:57,688] Trial 92 finished with value: 4.583110868930817 and parameters: {'batch_size': 1024, 'learning_rate': 0.00012049419347250232, 'num_resblk': 4, 'num_features': 128, 'weight_decay': 2.8564566575292636e-05}. Best is trial 61 with value: 4.3058677315711975.
[I 2026-04-30 14:52:17,623] Trial 93 pruned. 
Early stopping triggered for trial 094 at epoch 051 | best epoch: 021
[I 2026-04-30 14:55:23,149] Trial 94 finished with value: 4.210934937000275 and parameters: {'batch_size': 1024, 'learning_rate': 0.00019512039017389738, 'num_resblk': 6, 'num_features': 128, 'weight_decay': 1.720908611101091e-05}. Best is trial 94 with value: 4.210934937000275.
[I 2026-04-30 14:55:44,801] Trial 95 pruned. 
[I 2026-04-30 14:56:04,702] Trial 96 pruned. 
[I 2026-04-30 14:56:37,203] Trial 97 pruned. 
Early stopping triggered for trial 098 at epoch 046 | best epoch: 016
[I 2026-04-30 14:59:10,803] Trial 98 finished with value: 4.601027727127075 and parameters: {'batch_size': 1024, 'learning_rate': 0.00011129756780974279, 'num_resblk': 4, 'num_features': 128, 'weight_decay': 1.5463549330475867e-05}. Best is trial 94 with value: 4.210934937000275.
Early stopping triggered for trial 099 at epoch 057 | best epoch: 027
[I 2026-04-30 15:02:20,306] Trial 99 finished with value: 4.229006260633469 and parameters: {'batch_size': 1024, 'learning_rate': 0.0001151589913193452, 'num_resblk': 4, 'num_features': 128, 'weight_decay': 3.291137694602566e-05}. Best is trial 94 with value: 4.210934937000275.
[I 2026-04-30 15:02:40,251] Trial 100 pruned. 
[I 2026-04-30 15:03:00,222] Trial 101 pruned. 
Early stopping triggered for trial 102 at epoch 056 | best epoch: 026
[I 2026-04-30 15:06:06,281] Trial 102 finished with value: 4.602762997150421 and parameters: {'batch_size': 1024, 'learning_rate': 0.00011004655675783276, 'num_resblk': 4, 'num_features': 128, 'weight_decay': 9.551560263307355e-06}. Best is trial 94 with value: 4.210934937000275.
Early stopping triggered for trial 103 at epoch 049 | best epoch: 019
[I 2026-04-30 15:08:49,211] Trial 103 finished with value: 4.2092679142951965 and parameters: {'batch_size': 1024, 'learning_rate': 0.00011502600543322947, 'num_resblk': 4, 'num_features': 128, 'weight_decay': 3.6119035680928804e-05}. Best is trial 103 with value: 4.2092679142951965.
Early stopping triggered for trial 104 at epoch 067 | best epoch: 037
[I 2026-04-30 15:12:30,834] Trial 104 finished with value: 4.593512773513794 and parameters: {'batch_size': 1024, 'learning_rate': 0.00020326751039660663, 'num_resblk': 4, 'num_features': 128, 'weight_decay': 5.192139868055141e-05}. Best is trial 103 with value: 4.2092679142951965.
Early stopping triggered for trial 105 at epoch 049 | best epoch: 019
[I 2026-04-30 15:15:13,778] Trial 105 finished with value: 4.60993880033493 and parameters: {'batch_size': 1024, 'learning_rate': 0.00011545472667300214, 'num_resblk': 4, 'num_features': 128, 'weight_decay': 0.00017245437545019537}. Best is trial 103 with value: 4.2092679142951965.
Early stopping triggered for trial 106 at epoch 058 | best epoch: 028
[I 2026-04-30 15:18:26,247] Trial 106 finished with value: 4.613187670707703 and parameters: {'batch_size': 1024, 'learning_rate': 0.00013275232505779687, 'num_resblk': 4, 'num_features': 128, 'weight_decay': 3.3282462014760316e-05}. Best is trial 103 with value: 4.2092679142951965.
Early stopping triggered for trial 107 at epoch 060 | best epoch: 030
[I 2026-04-30 15:21:45,134] Trial 107 finished with value: 3.884291172027588 and parameters: {'batch_size': 1024, 'learning_rate': 0.00012122556911887273, 'num_resblk': 4, 'num_features': 128, 'weight_decay': 8.031663047980697e-05}. Best is trial 107 with value: 3.884291172027588.
Early stopping triggered for trial 108 at epoch 065 | best epoch: 035
[I 2026-04-30 15:25:20,474] Trial 108 finished with value: 4.428374826908112 and parameters: {'batch_size': 1024, 'learning_rate': 0.00012183394080047418, 'num_resblk': 4, 'num_features': 128, 'weight_decay': 7.8274448101471e-05}. Best is trial 107 with value: 3.884291172027588.
Early stopping triggered for trial 109 at epoch 058 | best epoch: 028
[I 2026-04-30 15:28:32,873] Trial 109 finished with value: 4.566207826137543 and parameters: {'batch_size': 1024, 'learning_rate': 0.00011508652093413963, 'num_resblk': 4, 'num_features': 128, 'weight_decay': 1.255693502621793e-05}. Best is trial 107 with value: 3.884291172027588.
[I 2026-04-30 15:28:41,638] Trial 110 pruned. 
[I 2026-04-30 15:29:01,484] Trial 111 pruned. 
Early stopping triggered for trial 112 at epoch 052 | best epoch: 022
[I 2026-04-30 15:31:54,764] Trial 112 finished with value: 4.391580164432526 and parameters: {'batch_size': 1024, 'learning_rate': 0.00022035078457561586, 'num_resblk': 4, 'num_features': 128, 'weight_decay': 5.908755781607769e-05}. Best is trial 107 with value: 3.884291172027588.
[I 2026-04-30 15:32:14,660] Trial 113 pruned. 
[I 2026-04-30 15:32:41,542] Trial 114 pruned. 
