[I 2026-05-04 14:20:28,151] Trial 67 finished with value: 4.157983007102177 and parameters: {'batch_size': 256, 'learning_rate': 0.00018601338909295573, 'num_resblk': 6, 'num_features': 96, 'weight_decay': 0.0005450755395191696}. Best is trial 56 with value: 3.737924362051076.
[I 2026-05-04 14:20:53,903] Trial 68 pruned. 
Early stopping triggered for trial 069 at epoch 035 | best epoch: 005
[I 2026-05-04 14:22:33,410] Trial 69 finished with value: 3.6709319311996986 and parameters: {'batch_size': 256, 'learning_rate': 0.000264524761727062, 'num_resblk': 4, 'num_features': 96, 'weight_decay': 2.745499213386579e-06}. Best is trial 69 with value: 3.6709319311996986.
Early stopping triggered for trial 070 at epoch 036 | best epoch: 006
[I 2026-05-04 14:24:15,168] Trial 70 finished with value: 4.034673657910577 and parameters: {'batch_size': 256, 'learning_rate': 0.00026295224941836546, 'num_resblk': 4, 'num_features': 96, 'weight_decay': 1.8079876027848463e-06}. Best is trial 69 with value: 3.6709319311996986.
Early stopping triggered for trial 071 at epoch 036 | best epoch: 006
[I 2026-05-04 14:25:56,359] Trial 71 finished with value: 3.8584316681171287 and parameters: {'batch_size': 256, 'learning_rate': 0.00026804840541002094, 'num_resblk': 4, 'num_features': 96, 'weight_decay': 5.231431311929369e-06}. Best is trial 69 with value: 3.6709319311996986.
Early stopping triggered for trial 072 at epoch 043 | best epoch: 013
[I 2026-05-04 14:27:54,685] Trial 72 finished with value: 4.10756751586651 and parameters: {'batch_size': 256, 'learning_rate': 0.0002779804756839892, 'num_resblk': 4, 'num_features': 96, 'weight_decay': 5.618420498992959e-06}. Best is trial 69 with value: 3.6709319311996986.
Early stopping triggered for trial 073 at epoch 040 | best epoch: 010
[I 2026-05-04 14:29:45,280] Trial 73 finished with value: 3.8558254735223176 and parameters: {'batch_size': 256, 'learning_rate': 0.00029663485748979113, 'num_resblk': 4, 'num_features': 96, 'weight_decay': 2.192551690562117e-06}. Best is trial 69 with value: 3.6709319311996986.
Early stopping triggered for trial 074 at epoch 034 | best epoch: 004
[I 2026-05-04 14:31:30,157] Trial 74 finished with value: 4.210896072716548 and parameters: {'batch_size': 256, 'learning_rate': 0.0002986946786955095, 'num_resblk': 6, 'num_features': 96, 'weight_decay': 3.243890553597866e-06}. Best is trial 69 with value: 3.6709319311996986.
Early stopping triggered for trial 075 at epoch 034 | best epoch: 004
[I 2026-05-04 14:33:04,978] Trial 75 finished with value: 3.851501777254302 and parameters: {'batch_size': 256, 'learning_rate': 0.00026240829114237616, 'num_resblk': 4, 'num_features': 96, 'weight_decay': 1.9139785042229075e-06}. Best is trial 69 with value: 3.6709319311996986.
Early stopping triggered for trial 076 at epoch 039 | best epoch: 009
[I 2026-05-04 14:34:52,998] Trial 76 finished with value: 4.071704724739337 and parameters: {'batch_size': 256, 'learning_rate': 0.0002730402113708032, 'num_resblk': 4, 'num_features': 96, 'weight_decay': 2.0898678102060946e-06}. Best is trial 69 with value: 3.6709319311996986.
[I 2026-05-04 14:35:11,065] Trial 77 pruned. 
Early stopping triggered for trial 078 at epoch 033 | best epoch: 003
[I 2026-05-04 14:36:42,773] Trial 78 finished with value: 4.242182624751124 and parameters: {'batch_size': 256, 'learning_rate': 0.0002606595767543513, 'num_resblk': 4, 'num_features': 96, 'weight_decay': 4.604130554928144e-06}. Best is trial 69 with value: 3.6709319311996986.
Early stopping triggered for trial 079 at epoch 033 | best epoch: 003
[I 2026-05-04 14:38:14,408] Trial 79 finished with value: 3.8327679305241027 and parameters: {'batch_size': 256, 'learning_rate': 0.000283721403671503, 'num_resblk': 4, 'num_features': 96, 'weight_decay': 2.8345946625853902e-06}. Best is trial 69 with value: 3.6709319311996986.
Early stopping triggered for trial 080 at epoch 034 | best epoch: 004
[I 2026-05-04 14:39:48,502] Trial 80 finished with value: 4.04552880648909 and parameters: {'batch_size': 256, 'learning_rate': 0.00028683281127528913, 'num_resblk': 4, 'num_features': 96, 'weight_decay': 2.8914945328937826e-06}. Best is trial 69 with value: 3.6709319311996986.
Early stopping triggered for trial 081 at epoch 035 | best epoch: 005
[I 2026-05-04 14:41:25,878] Trial 81 finished with value: 3.8034775174897293 and parameters: {'batch_size': 256, 'learning_rate': 0.00026998429544228513, 'num_resblk': 4, 'num_features': 96, 'weight_decay': 1.5945471746911805e-06}. Best is trial 69 with value: 3.6709319311996986.
Early stopping triggered for trial 082 at epoch 040 | best epoch: 010
[I 2026-05-04 14:43:15,720] Trial 82 finished with value: 3.783409727030787 and parameters: {'batch_size': 256, 'learning_rate': 0.0002665321847229744, 'num_resblk': 4, 'num_features': 96, 'weight_decay': 1.499757931840011e-06}. Best is trial 69 with value: 3.6709319311996986.
Early stopping triggered for trial 083 at epoch 044 | best epoch: 014
[I 2026-05-04 14:45:17,316] Trial 83 finished with value: 4.530597530562302 and parameters: {'batch_size': 256, 'learning_rate': 0.00029764061026401126, 'num_resblk': 4, 'num_features': 96, 'weight_decay': 1.683539443909211e-06}. Best is trial 69 with value: 3.6709319311996986.
Early stopping triggered for trial 084 at epoch 044 | best epoch: 014
[I 2026-05-04 14:47:18,524] Trial 84 finished with value: 4.324167161152281 and parameters: {'batch_size': 256, 'learning_rate': 0.0002814760903994328, 'num_resblk': 4, 'num_features': 96, 'weight_decay': 1.3195811843570928e-06}. Best is trial 69 with value: 3.6709319311996986.
Early stopping triggered for trial 085 at epoch 034 | best epoch: 004
[I 2026-05-04 14:48:52,373] Trial 85 finished with value: 3.9625812727829506 and parameters: {'batch_size': 256, 'learning_rate': 0.0002688626985195042, 'num_resblk': 4, 'num_features': 96, 'weight_decay': 2.579646922579832e-06}. Best is trial 69 with value: 3.6709319311996986.
Early stopping triggered for trial 086 at epoch 041 | best epoch: 011
[I 2026-05-04 14:50:57,771] Trial 86 finished with value: 4.330465514084389 and parameters: {'batch_size': 256, 'learning_rate': 0.0002588401104840055, 'num_resblk': 6, 'num_features': 96, 'weight_decay': 3.3894591238631037e-06}. Best is trial 69 with value: 3.6709319311996986.
Early stopping triggered for trial 087 at epoch 036 | best epoch: 006
[I 2026-05-04 14:52:37,293] Trial 87 finished with value: 3.7205635925819136 and parameters: {'batch_size': 256, 'learning_rate': 0.0002833091262750481, 'num_resblk': 4, 'num_features': 96, 'weight_decay': 1.0102666044619835e-06}. Best is trial 69 with value: 3.6709319311996986.
Early stopping triggered for trial 088 at epoch 041 | best epoch: 011
[I 2026-05-04 14:53:37,972] Trial 88 finished with value: 4.375617791866434 and parameters: {'batch_size': 256, 'learning_rate': 0.00024899130135052684, 'num_resblk': 4, 'num_features': 32, 'weight_decay': 1.025671183958667e-06}. Best is trial 69 with value: 3.6709319311996986.
Early stopping triggered for trial 089 at epoch 041 | best epoch: 011
[I 2026-05-04 14:55:43,475] Trial 89 finished with value: 4.317868035415123 and parameters: {'batch_size': 256, 'learning_rate': 0.00028404605734770464, 'num_resblk': 6, 'num_features': 96, 'weight_decay': 1.324278745612876e-06}. Best is trial 69 with value: 3.6709319311996986.
Early stopping triggered for trial 090 at epoch 038 | best epoch: 008
[I 2026-05-04 14:57:28,289] Trial 90 finished with value: 3.8379209206022065 and parameters: {'batch_size': 256, 'learning_rate': 0.00026871591376678386, 'num_resblk': 4, 'num_features': 96, 'weight_decay': 1.656414052918721e-06}. Best is trial 69 with value: 3.6709319311996986.
Early stopping triggered for trial 091 at epoch 037 | best epoch: 007
[I 2026-05-04 14:59:10,768] Trial 91 finished with value: 3.9827586289109855 and parameters: {'batch_size': 256, 'learning_rate': 0.00027010908325500194, 'num_resblk': 4, 'num_features': 96, 'weight_decay': 1.5359847221224037e-06}. Best is trial 69 with value: 3.6709319311996986.
Early stopping triggered for trial 092 at epoch 037 | best epoch: 007
[I 2026-05-04 15:00:52,520] Trial 92 finished with value: 4.162775047894182 and parameters: {'batch_size': 256, 'learning_rate': 0.00024483141193446184, 'num_resblk': 4, 'num_features': 96, 'weight_decay': 1.8892200379921767e-06}. Best is trial 69 with value: 3.6709319311996986.
Early stopping triggered for trial 093 at epoch 037 | best epoch: 007
[I 2026-05-04 15:03:00,483] Trial 93 finished with value: 4.080143895642511 and parameters: {'batch_size': 256, 'learning_rate': 0.00025502452074291094, 'num_resblk': 4, 'num_features': 128, 'weight_decay': 1.1756896457229177e-06}. Best is trial 69 with value: 3.6709319311996986.
Early stopping triggered for trial 094 at epoch 045 | best epoch: 015
[I 2026-05-04 15:05:04,951] Trial 94 finished with value: 4.130389451980591 and parameters: {'batch_size': 256, 'learning_rate': 0.0002621806825392606, 'num_resblk': 4, 'num_features': 96, 'weight_decay': 1.5014870578538495e-06}. Best is trial 69 with value: 3.6709319311996986.
Early stopping triggered for trial 095 at epoch 038 | best epoch: 008
[I 2026-05-04 15:06:50,627] Trial 95 finished with value: 4.3312442220490555 and parameters: {'batch_size': 256, 'learning_rate': 0.00015228733688302777, 'num_resblk': 4, 'num_features': 96, 'weight_decay': 3.7471754530509843e-06}. Best is trial 69 with value: 3.6709319311996986.
Early stopping triggered for trial 096 at epoch 037 | best epoch: 007
[I 2026-05-04 15:08:32,744] Trial 96 finished with value: 4.103722153038814 and parameters: {'batch_size': 256, 'learning_rate': 0.0002783292750051568, 'num_resblk': 4, 'num_features': 96, 'weight_decay': 1.2170965942438372e-06}. Best is trial 69 with value: 3.6709319311996986.
Early stopping triggered for trial 097 at epoch 033 | best epoch: 003
[I 2026-05-04 15:10:03,826] Trial 97 finished with value: 4.205354920749007 and parameters: {'batch_size': 256, 'learning_rate': 0.0002354134029110624, 'num_resblk': 4, 'num_features': 96, 'weight_decay': 2.6038363845315083e-06}. Best is trial 69 with value: 3.6709319311996986.
Early stopping triggered for trial 098 at epoch 033 | best epoch: 003
[I 2026-05-04 15:11:45,407] Trial 98 finished with value: 4.360562414958559 and parameters: {'batch_size': 256, 'learning_rate': 0.0002907950739861335, 'num_resblk': 6, 'num_features': 96, 'weight_decay': 2.1848226028826733e-05}. Best is trial 69 with value: 3.6709319311996986.
Early stopping triggered for trial 099 at epoch 033 | best epoch: 003
[I 2026-05-04 15:13:18,091] Trial 99 finished with value: 4.189570583146194 and parameters: {'batch_size': 256, 'learning_rate': 0.00026681401790504944, 'num_resblk': 4, 'num_features': 96, 'weight_decay': 7.2685749531147936e-06}. Best is trial 69 with value: 3.6709319311996986.
[I 2026-05-04 15:13:27,077] Trial 100 pruned. 
Early stopping triggered for trial 101 at epoch 050 | best epoch: 020
[I 2026-05-04 15:15:46,512] Trial 101 finished with value: 4.142000469668158 and parameters: {'batch_size': 256, 'learning_rate': 0.00029912770961744526, 'num_resblk': 4, 'num_features': 96, 'weight_decay': 2.674717707789451e-06}. Best is trial 69 with value: 3.6709319311996986.
[I 2026-05-04 15:16:02,986] Trial 102 pruned. 
Early stopping triggered for trial 103 at epoch 039 | best epoch: 009
[I 2026-05-04 15:17:51,800] Trial 103 finished with value: 3.9423539638519287 and parameters: {'batch_size': 256, 'learning_rate': 0.0002718328452826211, 'num_resblk': 4, 'num_features': 96, 'weight_decay': 1.9718230655494652e-06}. Best is trial 69 with value: 3.6709319311996986.
Early stopping triggered for trial 104 at epoch 040 | best epoch: 010
[I 2026-05-04 15:19:42,396] Trial 104 finished with value: 4.457756905720152 and parameters: {'batch_size': 256, 'learning_rate': 0.000256338491739561, 'num_resblk': 4, 'num_features': 96, 'weight_decay': 1.0737603718263032e-06}. Best is trial 69 with value: 3.6709319311996986.
Early stopping triggered for trial 105 at epoch 037 | best epoch: 007
[I 2026-05-04 15:21:24,931] Trial 105 finished with value: 3.9974662106612633 and parameters: {'batch_size': 256, 'learning_rate': 0.00027784936623811524, 'num_resblk': 4, 'num_features': 96, 'weight_decay': 2.305788264473939e-06}. Best is trial 69 with value: 3.6709319311996986.
Early stopping triggered for trial 106 at epoch 042 | best epoch: 012
[I 2026-05-04 15:23:49,045] Trial 106 finished with value: 4.280324113780055 and parameters: {'batch_size': 256, 'learning_rate': 0.00026384907204347175, 'num_resblk': 4, 'num_features': 128, 'weight_decay': 1.506519645319374e-06}. Best is trial 69 with value: 3.6709319311996986.
Early stopping triggered for trial 107 at epoch 039 | best epoch: 009
[I 2026-05-04 15:25:36,437] Trial 107 finished with value: 4.417060120352383 and parameters: {'batch_size': 256, 'learning_rate': 0.00024843835265268453, 'num_resblk': 4, 'num_features': 96, 'weight_decay': 3.880833115343031e-06}. Best is trial 69 with value: 3.6709319311996986.
Early stopping triggered for trial 108 at epoch 041 | best epoch: 011
[I 2026-05-04 15:27:29,524] Trial 108 finished with value: 4.187132087247125 and parameters: {'batch_size': 256, 'learning_rate': 0.00029184339858664494, 'num_resblk': 4, 'num_features': 96, 'weight_decay': 3.405169563009137e-05}. Best is trial 69 with value: 3.6709319311996986.
Early stopping triggered for trial 109 at epoch 034 | best epoch: 004
[I 2026-05-04 15:29:14,353] Trial 109 finished with value: 4.566668757076921 and parameters: {'batch_size': 256, 'learning_rate': 0.00016234888934306573, 'num_resblk': 6, 'num_features': 96, 'weight_decay': 1.4342109527104765e-06}. Best is trial 69 with value: 3.6709319311996986.
[I 2026-05-04 15:29:30,707] Trial 110 pruned. 
Early stopping triggered for trial 111 at epoch 035 | best epoch: 005
[I 2026-05-04 15:31:07,283] Trial 111 finished with value: 4.3917738240340665 and parameters: {'batch_size': 256, 'learning_rate': 0.00026625157721498936, 'num_resblk': 4, 'num_features': 96, 'weight_decay': 1.1954250729406105e-05}. Best is trial 69 with value: 3.6709319311996986.
Early stopping triggered for trial 112 at epoch 043 | best epoch: 013
[I 2026-05-04 15:33:05,334] Trial 112 finished with value: 4.281449531686717 and parameters: {'batch_size': 256, 'learning_rate': 0.00027460247844281714, 'num_resblk': 4, 'num_features': 96, 'weight_decay': 4.958137243755757e-06}. Best is trial 69 with value: 3.6709319311996986.
Early stopping triggered for trial 113 at epoch 046 | best epoch: 016
[I 2026-05-04 15:35:11,456] Trial 113 finished with value: 4.3263083819685315 and parameters: {'batch_size': 256, 'learning_rate': 0.00028644027611593757, 'num_resblk': 4, 'num_features': 96, 'weight_decay': 1.800193360817351e-06}. Best is trial 69 with value: 3.6709319311996986.
Early stopping triggered for trial 114 at epoch 041 | best epoch: 011
[I 2026-05-04 15:37:03,983] Trial 114 finished with value: 4.3255453520807725 and parameters: {'batch_size': 256, 'learning_rate': 0.000280563379113785, 'num_resblk': 4, 'num_features': 96, 'weight_decay': 6.356221741005326e-06}. Best is trial 69 with value: 3.6709319311996986.
Early stopping triggered for trial 115 at epoch 035 | best epoch: 005
[I 2026-05-04 15:38:41,062] Trial 115 finished with value: 4.10607909334117 and parameters: {'batch_size': 256, 'learning_rate': 0.0002695722547164478, 'num_resblk': 4, 'num_features': 96, 'weight_decay': 2.3464277384554968e-06}. Best is trial 69 with value: 3.6709319311996986.
Early stopping triggered for trial 116 at epoch 033 | best epoch: 003
[I 2026-05-04 15:40:12,891] Trial 116 finished with value: 3.90757679117137 and parameters: {'batch_size': 256, 'learning_rate': 0.0002930445739916084, 'num_resblk': 4, 'num_features': 96, 'weight_decay': 3.0578984396080806e-06}. Best is trial 69 with value: 3.6709319311996986.
Early stopping triggered for trial 117 at epoch 060 | best epoch: 030
[I 2026-05-04 15:42:56,276] Trial 117 finished with value: 4.27194699747809 and parameters: {'batch_size': 256, 'learning_rate': 0.0002580778414951969, 'num_resblk': 4, 'num_features': 96, 'weight_decay': 1.1535915352836645e-06}. Best is trial 69 with value: 3.6709319311996986.
Early stopping triggered for trial 118 at epoch 039 | best epoch: 009
[I 2026-05-04 15:44:56,040] Trial 118 finished with value: 4.362141938045107 and parameters: {'batch_size': 256, 'learning_rate': 0.00017952914911133642, 'num_resblk': 6, 'num_features': 96, 'weight_decay': 4.184946524006285e-06}. Best is trial 69 with value: 3.6709319311996986.
Early stopping triggered for trial 119 at epoch 051 | best epoch: 021
[I 2026-05-04 15:47:16,319] Trial 119 finished with value: 4.2783595857949095 and parameters: {'batch_size': 256, 'learning_rate': 0.00017175143303016917, 'num_resblk': 4, 'num_features': 96, 'weight_decay': 1.6726581855937215e-06}. Best is trial 69 with value: 3.6709319311996986.
[I 2026-05-04 15:47:25,358] Trial 120 pruned. 
Early stopping triggered for trial 121 at epoch 034 | best epoch: 004
[I 2026-05-04 15:48:59,901] Trial 121 finished with value: 4.746899867879933 and parameters: {'batch_size': 256, 'learning_rate': 0.00029826002163746207, 'num_resblk': 4, 'num_features': 96, 'weight_decay': 3.1803691771865967e-06}. Best is trial 69 with value: 3.6709319311996986.
Early stopping triggered for trial 122 at epoch 036 | best epoch: 006
[I 2026-05-04 15:50:40,076] Trial 122 finished with value: 3.902134212954291 and parameters: {'batch_size': 256, 'learning_rate': 0.00028547654254138145, 'num_resblk': 4, 'num_features': 96, 'weight_decay': 2.957400262171376e-06}. Best is trial 69 with value: 3.6709319311996986.
[I 2026-05-04 15:50:56,418] Trial 123 pruned. 
Early stopping triggered for trial 124 at epoch 036 | best epoch: 006
[I 2026-05-04 15:52:35,748] Trial 124 finished with value: 4.133159193499335 and parameters: {'batch_size': 256, 'learning_rate': 0.0002755087705293703, 'num_resblk': 4, 'num_features': 96, 'weight_decay': 2.7757265961044475e-06}. Best is trial 69 with value: 3.6709319311996986.
Early stopping triggered for trial 125 at epoch 036 | best epoch: 006
[I 2026-05-04 15:54:15,678] Trial 125 finished with value: 4.345298002506125 and parameters: {'batch_size': 256, 'learning_rate': 0.0002662990537286117, 'num_resblk': 4, 'num_features': 96, 'weight_decay': 1.3094253320714967e-06}. Best is trial 69 with value: 3.6709319311996986.
Early stopping triggered for trial 126 at epoch 042 | best epoch: 012
[I 2026-05-04 15:56:11,271] Trial 126 finished with value: 4.301315011649296 and parameters: {'batch_size': 256, 'learning_rate': 0.00011979168099590789, 'num_resblk': 4, 'num_features': 96, 'weight_decay': 2.3639584047529738e-06}. Best is trial 69 with value: 3.6709319311996986.
Early stopping triggered for trial 127 at epoch 036 | best epoch: 006
[I 2026-05-04 15:58:16,737] Trial 127 finished with value: 4.522605937102745 and parameters: {'batch_size': 256, 'learning_rate': 0.0002721805102995531, 'num_resblk': 4, 'num_features': 128, 'weight_decay': 1.8525426511844315e-06}. Best is trial 69 with value: 3.6709319311996986.
[I 2026-05-04 15:58:33,393] Trial 128 pruned. 
Early stopping triggered for trial 129 at epoch 034 | best epoch: 004
[I 2026-05-04 16:00:19,420] Trial 129 finished with value: 4.101509464198146 and parameters: {'batch_size': 256, 'learning_rate': 0.00028041253169897127, 'num_resblk': 6, 'num_features': 96, 'weight_decay': 1.568999141779641e-06}. Best is trial 69 with value: 3.6709319311996986.
Early stopping triggered for trial 130 at epoch 036 | best epoch: 006
[I 2026-05-04 16:02:00,708] Trial 130 finished with value: 4.314743765469255 and parameters: {'batch_size': 256, 'learning_rate': 0.00019404946200864156, 'num_resblk': 4, 'num_features': 96, 'weight_decay': 1.998777881075841e-06}. Best is trial 69 with value: 3.6709319311996986.
Early stopping triggered for trial 131 at epoch 038 | best epoch: 008
[I 2026-05-04 16:03:46,734] Trial 131 finished with value: 4.265137614875004 and parameters: {'batch_size': 256, 'learning_rate': 0.0002912583068834237, 'num_resblk': 4, 'num_features': 96, 'weight_decay': 2.6222112469253322e-06}. Best is trial 69 with value: 3.6709319311996986.
Early stopping triggered for trial 132 at epoch 041 | best epoch: 011
[I 2026-05-04 16:05:39,874] Trial 132 finished with value: 4.181525049538448 and parameters: {'batch_size': 256, 'learning_rate': 0.000286550984293255, 'num_resblk': 4, 'num_features': 96, 'weight_decay': 3.2548104516071884e-06}. Best is trial 69 with value: 3.6709319311996986.
Early stopping triggered for trial 133 at epoch 045 | best epoch: 015
[I 2026-05-04 16:07:43,372] Trial 133 finished with value: 4.229256605279857 and parameters: {'batch_size': 256, 'learning_rate': 0.00027694609204779883, 'num_resblk': 4, 'num_features': 96, 'weight_decay': 4.441363202961683e-06}. Best is trial 69 with value: 3.6709319311996986.
Early stopping triggered for trial 134 at epoch 037 | best epoch: 007
[I 2026-05-04 16:09:26,321] Trial 134 finished with value: 4.189256076155038 and parameters: {'batch_size': 256, 'learning_rate': 0.000294040379934726, 'num_resblk': 4, 'num_features': 96, 'weight_decay': 1.297348224688379e-06}. Best is trial 69 with value: 3.6709319311996986.
Early stopping triggered for trial 135 at epoch 038 | best epoch: 008
[I 2026-05-04 16:11:11,278] Trial 135 finished with value: 3.994296304110823 and parameters: {'batch_size': 256, 'learning_rate': 0.0002837887508578824, 'num_resblk': 4, 'num_features': 96, 'weight_decay': 2.9157264646303426e-06}. Best is trial 69 with value: 3.6709319311996986.
Early stopping triggered for trial 136 at epoch 051 | best epoch: 021
