[I 2026-05-04 16:13:31,500] Trial 136 finished with value: 4.462421540556283 and parameters: {'batch_size': 256, 'learning_rate': 0.0002550173581739329, 'num_resblk': 4, 'num_features': 96, 'weight_decay': 5.636002724463505e-06}. Best is trial 69 with value: 3.6709319311996986.
Early stopping triggered for trial 137 at epoch 037 | best epoch: 007
[I 2026-05-04 16:15:14,080] Trial 137 finished with value: 4.008660669984488 and parameters: {'batch_size': 256, 'learning_rate': 0.00026738902032533846, 'num_resblk': 4, 'num_features': 96, 'weight_decay': 1.068017042292762e-05}. Best is trial 69 with value: 3.6709319311996986.
[I 2026-05-04 16:15:30,250] Trial 138 pruned. 
Early stopping triggered for trial 139 at epoch 036 | best epoch: 006
[I 2026-05-04 16:17:10,082] Trial 139 finished with value: 3.8710176944732666 and parameters: {'batch_size': 256, 'learning_rate': 0.0002990785350751798, 'num_resblk': 4, 'num_features': 96, 'weight_decay': 3.856715097630738e-06}. Best is trial 69 with value: 3.6709319311996986.
Early stopping triggered for trial 140 at epoch 042 | best epoch: 012
[I 2026-05-04 16:19:05,796] Trial 140 finished with value: 4.182126382301593 and parameters: {'batch_size': 256, 'learning_rate': 0.00015922593459339682, 'num_resblk': 4, 'num_features': 96, 'weight_decay': 1.7695041008860528e-06}. Best is trial 69 with value: 3.6709319311996986.
Early stopping triggered for trial 141 at epoch 036 | best epoch: 006
[I 2026-05-04 16:20:45,332] Trial 141 finished with value: 4.072457683497462 and parameters: {'batch_size': 256, 'learning_rate': 0.00029884665020289437, 'num_resblk': 4, 'num_features': 96, 'weight_decay': 3.1311222389236792e-06}. Best is trial 69 with value: 3.6709319311996986.
Early stopping triggered for trial 142 at epoch 041 | best epoch: 011
[I 2026-05-04 16:22:37,993] Trial 142 finished with value: 4.112911150373262 and parameters: {'batch_size': 256, 'learning_rate': 0.0002874310510587102, 'num_resblk': 4, 'num_features': 96, 'weight_decay': 3.6778704860371202e-06}. Best is trial 69 with value: 3.6709319311996986.
Early stopping triggered for trial 143 at epoch 036 | best epoch: 006
[I 2026-05-04 16:24:18,255] Trial 143 finished with value: 4.345532606387961 and parameters: {'batch_size': 256, 'learning_rate': 0.0002731283641080849, 'num_resblk': 4, 'num_features': 96, 'weight_decay': 2.2276505431544116e-05}. Best is trial 69 with value: 3.6709319311996986.
Early stopping triggered for trial 144 at epoch 037 | best epoch: 007
[I 2026-05-04 16:26:00,870] Trial 144 finished with value: 4.020918953007665 and parameters: {'batch_size': 256, 'learning_rate': 0.0002805715486379003, 'num_resblk': 4, 'num_features': 96, 'weight_decay': 0.0008828845199639339}. Best is trial 69 with value: 3.6709319311996986.
Early stopping triggered for trial 145 at epoch 034 | best epoch: 004
[I 2026-05-04 16:27:35,449] Trial 145 finished with value: 4.127940194360141 and parameters: {'batch_size': 256, 'learning_rate': 0.0002933587206821935, 'num_resblk': 4, 'num_features': 96, 'weight_decay': 2.533248331632541e-06}. Best is trial 69 with value: 3.6709319311996986.
Early stopping triggered for trial 146 at epoch 043 | best epoch: 013
[I 2026-05-04 16:29:33,866] Trial 146 finished with value: 4.209974872654882 and parameters: {'batch_size': 256, 'learning_rate': 0.00018741184704690398, 'num_resblk': 4, 'num_features': 96, 'weight_decay': 4.3049407382760745e-06}. Best is trial 69 with value: 3.6709319311996986.
[I 2026-05-04 16:29:42,789] Trial 147 pruned. 
Early stopping triggered for trial 148 at epoch 043 | best epoch: 013
[I 2026-05-04 16:31:42,157] Trial 148 finished with value: 3.9798996201876937 and parameters: {'batch_size': 256, 'learning_rate': 0.0001769453094003384, 'num_resblk': 4, 'num_features': 96, 'weight_decay': 9.216953608861254e-05}. Best is trial 69 with value: 3.6709319311996986.
Early stopping triggered for trial 149 at epoch 041 | best epoch: 011
[I 2026-05-04 16:33:34,987] Trial 149 finished with value: 4.4097253289716 and parameters: {'batch_size': 256, 'learning_rate': 0.0001820279107791385, 'num_resblk': 4, 'num_features': 96, 'weight_decay': 1.4392348777461993e-06}. Best is trial 69 with value: 3.6709319311996986.
Early stopping triggered for trial 150 at epoch 038 | best epoch: 008
[I 2026-05-04 16:35:32,098] Trial 150 finished with value: 4.616115282321799 and parameters: {'batch_size': 256, 'learning_rate': 0.00026301624731892763, 'num_resblk': 6, 'num_features': 96, 'weight_decay': 2.9155332649060002e-06}. Best is trial 69 with value: 3.6709319311996986.
Early stopping triggered for trial 151 at epoch 035 | best epoch: 005
[I 2026-05-04 16:37:08,569] Trial 151 finished with value: 4.120886062753612 and parameters: {'batch_size': 256, 'learning_rate': 0.0002710335525809706, 'num_resblk': 4, 'num_features': 96, 'weight_decay': 2.0006348634736556e-06}. Best is trial 69 with value: 3.6709319311996986.
Early stopping triggered for trial 152 at epoch 035 | best epoch: 005
[I 2026-05-04 16:38:45,083] Trial 152 finished with value: 3.952608190733811 and parameters: {'batch_size': 256, 'learning_rate': 0.0002770318676719411, 'num_resblk': 4, 'num_features': 96, 'weight_decay': 1.1404088100610271e-06}. Best is trial 69 with value: 3.6709319311996986.
Early stopping triggered for trial 153 at epoch 040 | best epoch: 010
[I 2026-05-04 16:40:37,265] Trial 153 finished with value: 4.1355315816813505 and parameters: {'batch_size': 256, 'learning_rate': 0.0002998809646984623, 'num_resblk': 4, 'num_features': 96, 'weight_decay': 1.7057698364013482e-06}. Best is trial 69 with value: 3.6709319311996986.
Early stopping triggered for trial 154 at epoch 046 | best epoch: 016
[I 2026-05-04 16:42:46,752] Trial 154 finished with value: 3.8182395408893455 and parameters: {'batch_size': 256, 'learning_rate': 0.00027061432431709355, 'num_resblk': 4, 'num_features': 96, 'weight_decay': 2.2548941412800677e-06}. Best is trial 69 with value: 3.6709319311996986.
Early stopping triggered for trial 155 at epoch 037 | best epoch: 007
[I 2026-05-04 16:44:30,661] Trial 155 finished with value: 4.123622203695363 and parameters: {'batch_size': 256, 'learning_rate': 0.0002858920874190462, 'num_resblk': 4, 'num_features': 96, 'weight_decay': 3.5862234388884763e-06}. Best is trial 69 with value: 3.6709319311996986.
Early stopping triggered for trial 156 at epoch 035 | best epoch: 005
[I 2026-05-04 16:46:32,827] Trial 156 finished with value: 4.276526533324143 and parameters: {'batch_size': 256, 'learning_rate': 0.00025644980522418216, 'num_resblk': 4, 'num_features': 128, 'weight_decay': 2.3909475937372757e-06}. Best is trial 69 with value: 3.6709319311996986.
Early stopping triggered for trial 157 at epoch 035 | best epoch: 005
[I 2026-05-04 16:48:11,542] Trial 157 finished with value: 4.258794488578007 and parameters: {'batch_size': 256, 'learning_rate': 0.00014229949852401447, 'num_resblk': 4, 'num_features': 96, 'weight_decay': 4.805265634182449e-06}. Best is trial 69 with value: 3.6709319311996986.
Early stopping triggered for trial 158 at epoch 036 | best epoch: 006
[I 2026-05-04 16:49:51,920] Trial 158 finished with value: 4.486992942875829 and parameters: {'batch_size': 256, 'learning_rate': 0.00026731972174824203, 'num_resblk': 4, 'num_features': 96, 'weight_decay': 1.0110552566552027e-06}. Best is trial 69 with value: 3.6709319311996986.
Early stopping triggered for trial 159 at epoch 041 | best epoch: 011
[I 2026-05-04 16:52:22,281] Trial 159 finished with value: 4.456636297291722 and parameters: {'batch_size': 256, 'learning_rate': 0.0002444354516220127, 'num_resblk': 10, 'num_features': 96, 'weight_decay': 1.4432685372901248e-06}. Best is trial 69 with value: 3.6709319311996986.
Early stopping triggered for trial 160 at epoch 034 | best epoch: 004
[I 2026-05-04 16:53:56,691] Trial 160 finished with value: 4.070306810839423 and parameters: {'batch_size': 256, 'learning_rate': 0.00028163909702787486, 'num_resblk': 4, 'num_features': 96, 'weight_decay': 2.7714488925408777e-06}. Best is trial 69 with value: 3.6709319311996986.
Early stopping triggered for trial 161 at epoch 036 | best epoch: 006
[I 2026-05-04 16:55:36,623] Trial 161 finished with value: 4.314174734312912 and parameters: {'batch_size': 256, 'learning_rate': 0.00027459034442219076, 'num_resblk': 4, 'num_features': 96, 'weight_decay': 2.200426671969415e-06}. Best is trial 69 with value: 3.6709319311996986.
Early stopping triggered for trial 162 at epoch 038 | best epoch: 008
[I 2026-05-04 16:57:21,996] Trial 162 finished with value: 3.6653419691940834 and parameters: {'batch_size': 256, 'learning_rate': 0.0002622084380326862, 'num_resblk': 4, 'num_features': 96, 'weight_decay': 1.8543452967494344e-06}. Best is trial 162 with value: 3.6653419691940834.
Early stopping triggered for trial 163 at epoch 039 | best epoch: 009
[I 2026-05-04 16:59:10,432] Trial 163 finished with value: 3.7255845316525162 and parameters: {'batch_size': 256, 'learning_rate': 0.0002588400549787874, 'num_resblk': 4, 'num_features': 96, 'weight_decay': 1.6167181610396465e-06}. Best is trial 162 with value: 3.6653419691940834.
Early stopping triggered for trial 164 at epoch 034 | best epoch: 004
[I 2026-05-04 17:00:44,987] Trial 164 finished with value: 4.191685734124019 and parameters: {'batch_size': 256, 'learning_rate': 0.00026132468435871673, 'num_resblk': 4, 'num_features': 96, 'weight_decay': 1.5635409911542543e-06}. Best is trial 162 with value: 3.6653419691940834.
Early stopping triggered for trial 165 at epoch 042 | best epoch: 012
[I 2026-05-04 17:02:41,167] Trial 165 finished with value: 4.359806924030699 and parameters: {'batch_size': 256, 'learning_rate': 0.00025159473735387696, 'num_resblk': 4, 'num_features': 96, 'weight_decay': 1.8574521409920177e-06}. Best is trial 162 with value: 3.6653419691940834.
Early stopping triggered for trial 166 at epoch 037 | best epoch: 007
[I 2026-05-04 17:04:24,121] Trial 166 finished with value: 4.180813444071803 and parameters: {'batch_size': 256, 'learning_rate': 0.0002608772143696842, 'num_resblk': 4, 'num_features': 96, 'weight_decay': 1.2297723241081185e-06}. Best is trial 162 with value: 3.6653419691940834.
Early stopping triggered for trial 167 at epoch 039 | best epoch: 009
[I 2026-05-04 17:06:12,567] Trial 167 finished with value: 4.563702402443721 and parameters: {'batch_size': 256, 'learning_rate': 0.0002677541018949458, 'num_resblk': 4, 'num_features': 96, 'weight_decay': 1.6903052662452228e-06}. Best is trial 162 with value: 3.6653419691940834.
Early stopping triggered for trial 168 at epoch 036 | best epoch: 006
[I 2026-05-04 17:07:52,693] Trial 168 finished with value: 4.314933152034365 and parameters: {'batch_size': 256, 'learning_rate': 0.000236100888686791, 'num_resblk': 4, 'num_features': 96, 'weight_decay': 2.122413640240289e-06}. Best is trial 162 with value: 3.6653419691940834.
Early stopping triggered for trial 169 at epoch 046 | best epoch: 016
[I 2026-05-04 17:10:00,740] Trial 169 finished with value: 4.240746818739792 and parameters: {'batch_size': 256, 'learning_rate': 0.0002546877806615926, 'num_resblk': 4, 'num_features': 96, 'weight_decay': 1.3512053085646712e-06}. Best is trial 162 with value: 3.6653419691940834.
Early stopping triggered for trial 170 at epoch 038 | best epoch: 008
[I 2026-05-04 17:11:46,632] Trial 170 finished with value: 4.089771492727872 and parameters: {'batch_size': 256, 'learning_rate': 0.0002713731706485222, 'num_resblk': 4, 'num_features': 96, 'weight_decay': 2.532433203759138e-06}. Best is trial 162 with value: 3.6653419691940834.
Early stopping triggered for trial 171 at epoch 040 | best epoch: 010
[I 2026-05-04 17:13:38,085] Trial 171 finished with value: 4.04934051941181 and parameters: {'batch_size': 256, 'learning_rate': 0.00028910403101209707, 'num_resblk': 4, 'num_features': 96, 'weight_decay': 2.943970181406015e-06}. Best is trial 162 with value: 3.6653419691940834.
Early stopping triggered for trial 172 at epoch 042 | best epoch: 012
[I 2026-05-04 17:15:34,069] Trial 172 finished with value: 4.035398450391046 and parameters: {'batch_size': 256, 'learning_rate': 0.0002815344007700741, 'num_resblk': 4, 'num_features': 96, 'weight_decay': 3.3295839444036837e-06}. Best is trial 162 with value: 3.6653419691940834.
Early stopping triggered for trial 173 at epoch 041 | best epoch: 011
[I 2026-05-04 17:17:27,371] Trial 173 finished with value: 4.463610048951773 and parameters: {'batch_size': 256, 'learning_rate': 0.0002775742775025505, 'num_resblk': 4, 'num_features': 96, 'weight_decay': 1.922703536572224e-06}. Best is trial 162 with value: 3.6653419691940834.
Early stopping triggered for trial 174 at epoch 034 | best epoch: 004
[I 2026-05-04 17:19:01,219] Trial 174 finished with value: 4.162375063731752 and parameters: {'batch_size': 256, 'learning_rate': 0.0002935352565757015, 'num_resblk': 4, 'num_features': 96, 'weight_decay': 3.89721409793794e-06}. Best is trial 162 with value: 3.6653419691940834.
Early stopping triggered for trial 175 at epoch 040 | best epoch: 010
[I 2026-05-04 17:20:51,202] Trial 175 finished with value: 4.231760477197581 and parameters: {'batch_size': 256, 'learning_rate': 0.0002649801383413813, 'num_resblk': 4, 'num_features': 96, 'weight_decay': 1.6070928010927773e-06}. Best is trial 162 with value: 3.6653419691940834.
Early stopping triggered for trial 176 at epoch 040 | best epoch: 010
[I 2026-05-04 17:22:40,603] Trial 176 finished with value: 4.288401907887952 and parameters: {'batch_size': 256, 'learning_rate': 0.0002475376156540843, 'num_resblk': 4, 'num_features': 96, 'weight_decay': 5.9885315982366845e-05}. Best is trial 162 with value: 3.6653419691940834.
[I 2026-05-04 17:22:49,495] Trial 177 pruned. 
Early stopping triggered for trial 178 at epoch 038 | best epoch: 008
[I 2026-05-04 17:24:34,678] Trial 178 finished with value: 4.015367697025168 and parameters: {'batch_size': 256, 'learning_rate': 0.000287979394854613, 'num_resblk': 4, 'num_features': 96, 'weight_decay': 2.5997362658924953e-06}. Best is trial 162 with value: 3.6653419691940834.
Early stopping triggered for trial 179 at epoch 034 | best epoch: 004
[I 2026-05-04 17:26:08,622] Trial 179 finished with value: 4.133687068676126 and parameters: {'batch_size': 256, 'learning_rate': 0.00027258814269780316, 'num_resblk': 4, 'num_features': 96, 'weight_decay': 0.0008569330198451704}. Best is trial 162 with value: 3.6653419691940834.
Early stopping triggered for trial 180 at epoch 032 | best epoch: 002
[I 2026-05-04 17:27:37,114] Trial 180 finished with value: 3.882648805092121 and parameters: {'batch_size': 256, 'learning_rate': 0.0002799772030827562, 'num_resblk': 4, 'num_features': 96, 'weight_decay': 3.112179714730479e-06}. Best is trial 162 with value: 3.6653419691940834.
Early stopping triggered for trial 181 at epoch 047 | best epoch: 017
[I 2026-05-04 17:29:45,646] Trial 181 finished with value: 4.603565602466978 and parameters: {'batch_size': 256, 'learning_rate': 0.0002811155136395631, 'num_resblk': 4, 'num_features': 96, 'weight_decay': 2.855683311193623e-06}. Best is trial 162 with value: 3.6653419691940834.
Early stopping triggered for trial 182 at epoch 038 | best epoch: 008
[I 2026-05-04 17:31:30,253] Trial 182 finished with value: 4.587548880741514 and parameters: {'batch_size': 256, 'learning_rate': 0.00029328675773584106, 'num_resblk': 4, 'num_features': 96, 'weight_decay': 3.4290315386568113e-06}. Best is trial 162 with value: 3.6653419691940834.
[I 2026-05-04 17:31:46,633] Trial 183 pruned. 
Early stopping triggered for trial 184 at epoch 034 | best epoch: 004
[I 2026-05-04 17:33:20,488] Trial 184 finished with value: 4.108213695986517 and parameters: {'batch_size': 256, 'learning_rate': 0.00026524589598922503, 'num_resblk': 4, 'num_features': 96, 'weight_decay': 0.0007160411161181255}. Best is trial 162 with value: 3.6653419691940834.
Early stopping triggered for trial 185 at epoch 041 | best epoch: 011
[I 2026-05-04 17:35:13,250] Trial 185 finished with value: 4.097276843827347 and parameters: {'batch_size': 256, 'learning_rate': 0.00019801509446280214, 'num_resblk': 4, 'num_features': 96, 'weight_decay': 1.802625386133059e-06}. Best is trial 162 with value: 3.6653419691940834.
Early stopping triggered for trial 186 at epoch 037 | best epoch: 007
[I 2026-05-04 17:37:20,962] Trial 186 finished with value: 4.10055476221545 and parameters: {'batch_size': 256, 'learning_rate': 0.0002766309211252239, 'num_resblk': 4, 'num_features': 128, 'weight_decay': 4.067890128750999e-06}. Best is trial 162 with value: 3.6653419691940834.
Early stopping triggered for trial 187 at epoch 039 | best epoch: 009
[I 2026-05-04 17:39:10,160] Trial 187 finished with value: 3.937930781265785 and parameters: {'batch_size': 256, 'learning_rate': 0.00028540205715642144, 'num_resblk': 4, 'num_features': 96, 'weight_decay': 0.0001466626959212691}. Best is trial 162 with value: 3.6653419691940834.
Early stopping triggered for trial 188 at epoch 046 | best epoch: 016
[I 2026-05-04 17:41:18,364] Trial 188 finished with value: 4.0146460779782 and parameters: {'batch_size': 256, 'learning_rate': 0.00027157971835784834, 'num_resblk': 4, 'num_features': 96, 'weight_decay': 3.1039783953903246e-06}. Best is trial 162 with value: 3.6653419691940834.
[I 2026-05-04 17:41:34,896] Trial 189 pruned. 
Early stopping triggered for trial 190 at epoch 037 | best epoch: 007
[I 2026-05-04 17:43:18,432] Trial 190 finished with value: 3.9377161469952813 and parameters: {'batch_size': 256, 'learning_rate': 0.00026174473707129046, 'num_resblk': 4, 'num_features': 96, 'weight_decay': 2.4183141330676086e-06}. Best is trial 162 with value: 3.6653419691940834.
Early stopping triggered for trial 191 at epoch 036 | best epoch: 006
[I 2026-05-04 17:44:59,319] Trial 191 finished with value: 4.085552264904154 and parameters: {'batch_size': 256, 'learning_rate': 0.00026221074949172885, 'num_resblk': 4, 'num_features': 96, 'weight_decay': 2.37182998363475e-06}. Best is trial 162 with value: 3.6653419691940834.
Early stopping triggered for trial 192 at epoch 038 | best epoch: 008
[I 2026-05-04 17:46:45,623] Trial 192 finished with value: 3.6489980878501105 and parameters: {'batch_size': 256, 'learning_rate': 0.0002563368640372436, 'num_resblk': 4, 'num_features': 96, 'weight_decay': 2.6105313269860617e-06}. Best is trial 192 with value: 3.6489980878501105.
Early stopping triggered for trial 193 at epoch 046 | best epoch: 016
[I 2026-05-04 17:48:54,022] Trial 193 finished with value: 4.301883639960454 and parameters: {'batch_size': 256, 'learning_rate': 0.00025309107158354697, 'num_resblk': 4, 'num_features': 96, 'weight_decay': 3.1020213894948228e-06}. Best is trial 192 with value: 3.6489980878501105.
Early stopping triggered for trial 194 at epoch 039 | best epoch: 009
[I 2026-05-04 17:50:43,361] Trial 194 finished with value: 4.2883995154808305 and parameters: {'batch_size': 256, 'learning_rate': 0.0002690998692852912, 'num_resblk': 4, 'num_features': 96, 'weight_decay': 4.474692003138899e-05}. Best is trial 192 with value: 3.6489980878501105.
Early stopping triggered for trial 195 at epoch 040 | best epoch: 010
[I 2026-05-04 17:52:35,418] Trial 195 finished with value: 3.735982196084384 and parameters: {'batch_size': 256, 'learning_rate': 0.0002797079077916926, 'num_resblk': 4, 'num_features': 96, 'weight_decay': 1.974189585294907e-06}. Best is trial 192 with value: 3.6489980878501105.
Early stopping triggered for trial 196 at epoch 040 | best epoch: 010
[I 2026-05-04 17:54:27,470] Trial 196 finished with value: 4.1837261627460345 and parameters: {'batch_size': 256, 'learning_rate': 0.00027663755058340915, 'num_resblk': 4, 'num_features': 96, 'weight_decay': 1.8714730259168597e-06}. Best is trial 192 with value: 3.6489980878501105.
[I 2026-05-04 17:54:44,023] Trial 197 pruned. 
Early stopping triggered for trial 198 at epoch 045 | best epoch: 015
[I 2026-05-04 17:56:49,897] Trial 198 finished with value: 3.8653155935221704 and parameters: {'batch_size': 256, 'learning_rate': 0.0002678775236565699, 'num_resblk': 4, 'num_features': 96, 'weight_decay': 1.185773954138844e-06}. Best is trial 192 with value: 3.6489980878501105.
Early stopping triggered for trial 199 at epoch 038 | best epoch: 008
[I 2026-05-04 17:58:36,088] Trial 199 finished with value: 4.243364334106445 and parameters: {'batch_size': 256, 'learning_rate': 0.000266995485147252, 'num_resblk': 4, 'num_features': 96, 'weight_decay': 1.1561077583022902e-06}. Best is trial 192 with value: 3.6489980878501105.
[I 2026-05-04 17:58:52,705] Trial 200 pruned. 
Early stopping triggered for trial 201 at epoch 036 | best epoch: 006
[I 2026-05-04 18:00:33,233] Trial 201 finished with value: 4.022639208826526 and parameters: {'batch_size': 256, 'learning_rate': 0.00027282624227406446, 'num_resblk': 4, 'num_features': 96, 'weight_decay': 1.0584791806780429e-06}. Best is trial 192 with value: 3.6489980878501105.
Early stopping triggered for trial 202 at epoch 036 | best epoch: 006
[I 2026-05-04 18:02:14,005] Trial 202 finished with value: 4.110217291733314 and parameters: {'batch_size': 256, 'learning_rate': 0.00022129190800423778, 'num_resblk': 4, 'num_features': 96, 'weight_decay': 1.5849518320307747e-06}. Best is trial 192 with value: 3.6489980878501105.
Early stopping triggered for trial 203 at epoch 038 | best epoch: 008
[I 2026-05-04 18:04:00,460] Trial 203 finished with value: 4.328489320031528 and parameters: {'batch_size': 256, 'learning_rate': 0.0002823451223124198, 'num_resblk': 4, 'num_features': 96, 'weight_decay': 1.4252277674628997e-06}. Best is trial 192 with value: 3.6489980878501105.
Early stopping triggered for trial 204 at epoch 043 | best epoch: 013
