[I 2026-05-06 00:37:18,234] Trial 311 finished with value: 3.9446204262199775 and parameters: {'batch_size': 256, 'learning_rate': 0.0001348291236690724, 'num_resblk': 4, 'num_features': 128, 'weight_decay': 7.325816834502125e-06}. Best is trial 169 with value: 3.6230897996075724.
[I 2026-05-06 00:37:36,510] Trial 312 pruned. 
Early stopping triggered for trial 313 at epoch 036 | best epoch: 006
[I 2026-05-06 00:40:03,661] Trial 313 finished with value: 4.789386150575924 and parameters: {'batch_size': 256, 'learning_rate': 0.00013357151806532566, 'num_resblk': 10, 'num_features': 128, 'weight_decay': 6.493282189247518e-06}. Best is trial 169 with value: 3.6230897996075724.
Early stopping triggered for trial 314 at epoch 039 | best epoch: 009
[I 2026-05-06 00:42:02,607] Trial 314 finished with value: 4.601228232531521 and parameters: {'batch_size': 256, 'learning_rate': 0.00014625785989622164, 'num_resblk': 4, 'num_features': 128, 'weight_decay': 4.606556205839556e-06}. Best is trial 169 with value: 3.6230897996075724.
[I 2026-05-06 00:42:12,356] Trial 315 pruned. 
slurmstepd: error: *** JOB 6569436 ON d4053 CANCELLED AT 2026-05-06T00:44:26 DUE TO TIME LIMIT ***
