[I 2026-05-05 20:33:03,459] Trial 155 finished with value: 4.515805294139021 and parameters: {'batch_size': 256, 'learning_rate': 0.00016827895349468341, 'num_resblk': 10, 'num_features': 96, 'weight_decay': 7.888858074462622e-05}. Best is trial 83 with value: 3.902641198993496.
Early stopping triggered for trial 156 at epoch 038 | best epoch: 008
[I 2026-05-05 20:35:12,026] Trial 156 finished with value: 4.450855312761164 and parameters: {'batch_size': 256, 'learning_rate': 0.00017976848197347262, 'num_resblk': 6, 'num_features': 128, 'weight_decay': 9.919942084100261e-05}. Best is trial 83 with value: 3.902641198993496.
[I 2026-05-05 20:35:26,175] Trial 157 pruned. 
Early stopping triggered for trial 158 at epoch 040 | best epoch: 010
[I 2026-05-05 20:37:27,474] Trial 158 finished with value: 4.631595338559645 and parameters: {'batch_size': 256, 'learning_rate': 0.0001727080213303033, 'num_resblk': 4, 'num_features': 128, 'weight_decay': 9.228407561734982e-06}. Best is trial 83 with value: 3.902641198993496.
Early stopping triggered for trial 159 at epoch 039 | best epoch: 009
[I 2026-05-05 20:39:25,782] Trial 159 finished with value: 4.266436073816358 and parameters: {'batch_size': 256, 'learning_rate': 0.0002423445573372793, 'num_resblk': 4, 'num_features': 128, 'weight_decay': 0.00016395380581062634}. Best is trial 83 with value: 3.902641198993496.
Early stopping triggered for trial 160 at epoch 035 | best epoch: 005
[I 2026-05-05 20:41:25,168] Trial 160 finished with value: 4.393099996366411 and parameters: {'batch_size': 256, 'learning_rate': 0.00024259229550818492, 'num_resblk': 6, 'num_features': 128, 'weight_decay': 0.00026479936270509493}. Best is trial 83 with value: 3.902641198993496.
[I 2026-05-05 20:41:43,477] Trial 161 pruned. 
Early stopping triggered for trial 162 at epoch 050 | best epoch: 020
[I 2026-05-05 20:44:14,747] Trial 162 finished with value: 4.382242571581701 and parameters: {'batch_size': 256, 'learning_rate': 0.00025812810594644345, 'num_resblk': 4, 'num_features': 128, 'weight_decay': 0.00016026655173113485}. Best is trial 83 with value: 3.902641198993496.
Early stopping triggered for trial 163 at epoch 039 | best epoch: 009
[I 2026-05-05 20:46:13,745] Trial 163 finished with value: 4.211162527024817 and parameters: {'batch_size': 256, 'learning_rate': 0.00026995720371319966, 'num_resblk': 4, 'num_features': 128, 'weight_decay': 0.00020130073148842621}. Best is trial 83 with value: 3.902641198993496.
Early stopping triggered for trial 164 at epoch 033 | best epoch: 003
[I 2026-05-05 20:47:54,791] Trial 164 finished with value: 4.220268056665819 and parameters: {'batch_size': 256, 'learning_rate': 0.0002697632410282818, 'num_resblk': 4, 'num_features': 128, 'weight_decay': 0.00012315826968063663}. Best is trial 83 with value: 3.902641198993496.
Early stopping triggered for trial 165 at epoch 050 | best epoch: 020
[I 2026-05-05 20:50:26,289] Trial 165 finished with value: 4.684137931034483 and parameters: {'batch_size': 256, 'learning_rate': 0.0002694515408175458, 'num_resblk': 4, 'num_features': 128, 'weight_decay': 0.00020676892171928908}. Best is trial 83 with value: 3.902641198993496.
[I 2026-05-05 20:50:44,446] Trial 166 pruned. 
Early stopping triggered for trial 167 at epoch 036 | best epoch: 006
[I 2026-05-05 20:52:47,174] Trial 167 finished with value: 4.305240935331201 and parameters: {'batch_size': 256, 'learning_rate': 0.00026179960792712244, 'num_resblk': 6, 'num_features': 128, 'weight_decay': 0.00032553594292648055}. Best is trial 83 with value: 3.902641198993496.
Early stopping triggered for trial 168 at epoch 040 | best epoch: 010
[I 2026-05-05 20:54:49,671] Trial 168 finished with value: 4.312327290977799 and parameters: {'batch_size': 256, 'learning_rate': 0.000283391921829196, 'num_resblk': 4, 'num_features': 128, 'weight_decay': 0.00012473808883340835}. Best is trial 83 with value: 3.902641198993496.
Early stopping triggered for trial 169 at epoch 036 | best epoch: 006
[I 2026-05-05 20:56:39,730] Trial 169 finished with value: 3.6230897996075724 and parameters: {'batch_size': 256, 'learning_rate': 0.000275206046665459, 'num_resblk': 4, 'num_features': 128, 'weight_decay': 2.8412013766082124e-05}. Best is trial 169 with value: 3.6230897996075724.
Early stopping triggered for trial 170 at epoch 037 | best epoch: 007
[I 2026-05-05 20:58:32,816] Trial 170 finished with value: 4.481201724365031 and parameters: {'batch_size': 256, 'learning_rate': 0.0002705763255445623, 'num_resblk': 4, 'num_features': 128, 'weight_decay': 2.7255126518741893e-05}. Best is trial 169 with value: 3.6230897996075724.
Early stopping triggered for trial 171 at epoch 037 | best epoch: 007
[I 2026-05-05 21:00:26,016] Trial 171 finished with value: 4.36913175393336 and parameters: {'batch_size': 256, 'learning_rate': 0.0002785379067611168, 'num_resblk': 4, 'num_features': 128, 'weight_decay': 1.7214245183641735e-05}. Best is trial 169 with value: 3.6230897996075724.
Early stopping triggered for trial 172 at epoch 032 | best epoch: 002
[I 2026-05-05 21:02:04,640] Trial 172 finished with value: 4.461912085316667 and parameters: {'batch_size': 256, 'learning_rate': 0.0002624148756962273, 'num_resblk': 4, 'num_features': 128, 'weight_decay': 3.1380096650175365e-05}. Best is trial 169 with value: 3.6230897996075724.
Early stopping triggered for trial 173 at epoch 043 | best epoch: 013
[I 2026-05-05 21:04:17,971] Trial 173 finished with value: 4.564863888030958 and parameters: {'batch_size': 256, 'learning_rate': 0.00029299373017351347, 'num_resblk': 4, 'num_features': 128, 'weight_decay': 2.0765382720867905e-05}. Best is trial 169 with value: 3.6230897996075724.
Early stopping triggered for trial 174 at epoch 038 | best epoch: 008
[I 2026-05-05 21:06:13,518] Trial 174 finished with value: 4.522061607499728 and parameters: {'batch_size': 256, 'learning_rate': 0.00027192460424541645, 'num_resblk': 4, 'num_features': 128, 'weight_decay': 2.3891514004279896e-05}. Best is trial 169 with value: 3.6230897996075724.
[I 2026-05-05 21:06:25,398] Trial 175 pruned. 
Early stopping triggered for trial 176 at epoch 034 | best epoch: 004
[I 2026-05-05 21:08:10,197] Trial 176 finished with value: 4.102421559899713 and parameters: {'batch_size': 256, 'learning_rate': 0.00018568888743003445, 'num_resblk': 4, 'num_features': 128, 'weight_decay': 9.848943721458384e-05}. Best is trial 169 with value: 3.6230897996075724.
Early stopping triggered for trial 177 at epoch 041 | best epoch: 011
[I 2026-05-05 21:10:15,964] Trial 177 finished with value: 4.511398977144726 and parameters: {'batch_size': 256, 'learning_rate': 0.00018806722659356622, 'num_resblk': 4, 'num_features': 128, 'weight_decay': 0.00010760111456365952}. Best is trial 169 with value: 3.6230897996075724.
Early stopping triggered for trial 178 at epoch 040 | best epoch: 010
[I 2026-05-05 21:12:18,174] Trial 178 finished with value: 4.423376137767523 and parameters: {'batch_size': 256, 'learning_rate': 0.000184485534571138, 'num_resblk': 4, 'num_features': 128, 'weight_decay': 0.00013238210835459714}. Best is trial 169 with value: 3.6230897996075724.
Early stopping triggered for trial 179 at epoch 041 | best epoch: 011
[I 2026-05-05 21:14:23,595] Trial 179 finished with value: 4.273869999273282 and parameters: {'batch_size': 256, 'learning_rate': 0.0002776252665764358, 'num_resblk': 4, 'num_features': 128, 'weight_decay': 8.638526029508934e-05}. Best is trial 169 with value: 3.6230897996075724.
Early stopping triggered for trial 180 at epoch 037 | best epoch: 007
[I 2026-05-05 21:16:16,930] Trial 180 finished with value: 4.083100007721376 and parameters: {'batch_size': 256, 'learning_rate': 0.00019194654675134756, 'num_resblk': 4, 'num_features': 128, 'weight_decay': 9.51782055303277e-05}. Best is trial 169 with value: 3.6230897996075724.
Early stopping triggered for trial 181 at epoch 032 | best epoch: 002
[I 2026-05-05 21:17:55,204] Trial 181 finished with value: 4.480061214617928 and parameters: {'batch_size': 256, 'learning_rate': 0.00019212969609949283, 'num_resblk': 4, 'num_features': 128, 'weight_decay': 9.436399697054497e-05}. Best is trial 169 with value: 3.6230897996075724.
[I 2026-05-05 21:18:13,681] Trial 182 pruned. 
Early stopping triggered for trial 183 at epoch 035 | best epoch: 005
[I 2026-05-05 21:20:01,061] Trial 183 finished with value: 4.38724858971331 and parameters: {'batch_size': 256, 'learning_rate': 0.00020426093077636974, 'num_resblk': 4, 'num_features': 128, 'weight_decay': 8.19341308465423e-05}. Best is trial 169 with value: 3.6230897996075724.
[I 2026-05-05 21:20:19,366] Trial 184 pruned. 
Early stopping triggered for trial 185 at epoch 033 | best epoch: 003
[I 2026-05-05 21:22:00,635] Trial 185 finished with value: 4.639025533910468 and parameters: {'batch_size': 256, 'learning_rate': 0.00018334069334410174, 'num_resblk': 4, 'num_features': 128, 'weight_decay': 3.8116629944696214e-06}. Best is trial 169 with value: 3.6230897996075724.
Early stopping triggered for trial 186 at epoch 045 | best epoch: 015
[I 2026-05-05 21:24:17,947] Trial 186 finished with value: 4.164070425765779 and parameters: {'batch_size': 256, 'learning_rate': 0.00017742654385690851, 'num_resblk': 4, 'num_features': 128, 'weight_decay': 0.00018248838466739683}. Best is trial 169 with value: 3.6230897996075724.
Early stopping triggered for trial 187 at epoch 046 | best epoch: 016
[I 2026-05-05 21:26:38,385] Trial 187 finished with value: 4.648143519948403 and parameters: {'batch_size': 256, 'learning_rate': 0.00017698847970761065, 'num_resblk': 4, 'num_features': 128, 'weight_decay': 4.73544480351099e-06}. Best is trial 169 with value: 3.6230897996075724.
Early stopping triggered for trial 188 at epoch 038 | best epoch: 008
[I 2026-05-05 21:27:40,683] Trial 188 finished with value: 4.399174374795611 and parameters: {'batch_size': 256, 'learning_rate': 0.00017869831387967507, 'num_resblk': 4, 'num_features': 64, 'weight_decay': 0.00013789267766943175}. Best is trial 169 with value: 3.6230897996075724.
Early stopping triggered for trial 189 at epoch 037 | best epoch: 007
[I 2026-05-05 21:29:34,807] Trial 189 finished with value: 3.8280171391846225 and parameters: {'batch_size': 256, 'learning_rate': 0.0001884667025505117, 'num_resblk': 4, 'num_features': 128, 'weight_decay': 7.926719336069472e-06}. Best is trial 169 with value: 3.6230897996075724.
Early stopping triggered for trial 190 at epoch 038 | best epoch: 008
[I 2026-05-05 21:31:31,127] Trial 190 finished with value: 4.386381252043893 and parameters: {'batch_size': 256, 'learning_rate': 0.0001886360500114538, 'num_resblk': 4, 'num_features': 128, 'weight_decay': 1.1131954451715754e-05}. Best is trial 169 with value: 3.6230897996075724.
Early stopping triggered for trial 191 at epoch 043 | best epoch: 013
[I 2026-05-05 21:33:41,252] Trial 191 finished with value: 4.102583084281094 and parameters: {'batch_size': 256, 'learning_rate': 0.0001861021454577883, 'num_resblk': 4, 'num_features': 128, 'weight_decay': 7.3619779453122705e-06}. Best is trial 169 with value: 3.6230897996075724.
Early stopping triggered for trial 192 at epoch 034 | best epoch: 004
[I 2026-05-05 21:35:25,282] Trial 192 finished with value: 4.59494983944079 and parameters: {'batch_size': 256, 'learning_rate': 0.0001852137015238105, 'num_resblk': 4, 'num_features': 128, 'weight_decay': 5.326325297183885e-06}. Best is trial 169 with value: 3.6230897996075724.
Early stopping triggered for trial 193 at epoch 044 | best epoch: 014
[I 2026-05-05 21:37:39,043] Trial 193 finished with value: 4.282349285545584 and parameters: {'batch_size': 256, 'learning_rate': 0.00018112512320079594, 'num_resblk': 4, 'num_features': 128, 'weight_decay': 7.6062178850016175e-06}. Best is trial 169 with value: 3.6230897996075724.
Early stopping triggered for trial 194 at epoch 036 | best epoch: 006
[I 2026-05-05 21:39:28,546] Trial 194 finished with value: 4.392453847743541 and parameters: {'batch_size': 256, 'learning_rate': 0.00019057049842996585, 'num_resblk': 4, 'num_features': 128, 'weight_decay': 8.32263044726943e-06}. Best is trial 169 with value: 3.6230897996075724.
[I 2026-05-05 21:39:46,796] Trial 195 pruned. 
Early stopping triggered for trial 196 at epoch 044 | best epoch: 014
[I 2026-05-05 21:41:59,993] Trial 196 finished with value: 4.531733227580757 and parameters: {'batch_size': 256, 'learning_rate': 0.0001871271453598809, 'num_resblk': 4, 'num_features': 128, 'weight_decay': 9.984210266488197e-06}. Best is trial 169 with value: 3.6230897996075724.
[I 2026-05-05 21:42:18,193] Trial 197 pruned. 
Early stopping triggered for trial 198 at epoch 037 | best epoch: 007
[I 2026-05-05 21:44:11,138] Trial 198 finished with value: 4.053966147441954 and parameters: {'batch_size': 256, 'learning_rate': 0.00018004751118606558, 'num_resblk': 4, 'num_features': 128, 'weight_decay': 2.6069678315253285e-05}. Best is trial 169 with value: 3.6230897996075724.
Early stopping triggered for trial 199 at epoch 040 | best epoch: 010
[I 2026-05-05 21:45:47,235] Trial 199 finished with value: 4.033663986137858 and parameters: {'batch_size': 256, 'learning_rate': 0.0001788279426210948, 'num_resblk': 4, 'num_features': 96, 'weight_decay': 2.7398729573826595e-05}. Best is trial 169 with value: 3.6230897996075724.
[I 2026-05-05 21:46:01,984] Trial 200 pruned. 
Early stopping triggered for trial 201 at epoch 034 | best epoch: 004
[I 2026-05-05 21:47:24,008] Trial 201 finished with value: 4.512898366247593 and parameters: {'batch_size': 256, 'learning_rate': 0.00018244593043175412, 'num_resblk': 4, 'num_features': 96, 'weight_decay': 2.4596563771868995e-05}. Best is trial 169 with value: 3.6230897996075724.
Early stopping triggered for trial 202 at epoch 041 | best epoch: 011
[I 2026-05-05 21:49:00,960] Trial 202 finished with value: 4.724998257012826 and parameters: {'batch_size': 256, 'learning_rate': 0.00017486808717234997, 'num_resblk': 4, 'num_features': 96, 'weight_decay': 7.411767515612565e-06}. Best is trial 169 with value: 3.6230897996075724.
[I 2026-05-05 21:49:15,126] Trial 203 pruned. 
[I 2026-05-05 21:49:29,406] Trial 204 pruned. 
[I 2026-05-05 21:49:47,639] Trial 205 pruned. 
Early stopping triggered for trial 206 at epoch 038 | best epoch: 008
[I 2026-05-05 21:51:43,532] Trial 206 finished with value: 4.5116317879982555 and parameters: {'batch_size': 256, 'learning_rate': 0.00017914592981894522, 'num_resblk': 4, 'num_features': 128, 'weight_decay': 1.7345299027263485e-05}. Best is trial 169 with value: 3.6230897996075724.
[I 2026-05-05 21:51:57,469] Trial 207 pruned. 
[I 2026-05-05 21:52:04,005] Trial 208 pruned. 
Early stopping triggered for trial 209 at epoch 037 | best epoch: 007
[I 2026-05-05 21:53:56,925] Trial 209 finished with value: 4.19729013753134 and parameters: {'batch_size': 256, 'learning_rate': 0.00016879178795731027, 'num_resblk': 4, 'num_features': 128, 'weight_decay': 1.4942239907284792e-05}. Best is trial 169 with value: 3.6230897996075724.
Early stopping triggered for trial 210 at epoch 040 | best epoch: 010
[I 2026-05-05 21:55:58,827] Trial 210 finished with value: 4.06708807592384 and parameters: {'batch_size': 256, 'learning_rate': 0.00017075986817490706, 'num_resblk': 4, 'num_features': 128, 'weight_decay': 1.5071021584603888e-05}. Best is trial 169 with value: 3.6230897996075724.
Early stopping triggered for trial 211 at epoch 046 | best epoch: 016
[I 2026-05-05 21:58:19,695] Trial 211 finished with value: 4.4587387415519055 and parameters: {'batch_size': 256, 'learning_rate': 0.00013356342458736148, 'num_resblk': 4, 'num_features': 128, 'weight_decay': 1.446395173731354e-05}. Best is trial 169 with value: 3.6230897996075724.
Early stopping triggered for trial 212 at epoch 036 | best epoch: 006
[I 2026-05-05 22:00:10,426] Trial 212 finished with value: 4.446688551469787 and parameters: {'batch_size': 256, 'learning_rate': 0.00016812261911299426, 'num_resblk': 4, 'num_features': 128, 'weight_decay': 1.3008656713787215e-05}. Best is trial 169 with value: 3.6230897996075724.
Early stopping triggered for trial 213 at epoch 035 | best epoch: 005
[I 2026-05-05 22:01:57,865] Trial 213 finished with value: 4.322227106118964 and parameters: {'batch_size': 256, 'learning_rate': 0.00017238834002244338, 'num_resblk': 4, 'num_features': 128, 'weight_decay': 1.630501358505018e-05}. Best is trial 169 with value: 3.6230897996075724.
Early stopping triggered for trial 214 at epoch 035 | best epoch: 005
[I 2026-05-05 22:03:45,491] Trial 214 finished with value: 4.295292537971004 and parameters: {'batch_size': 256, 'learning_rate': 0.00017604773461164317, 'num_resblk': 4, 'num_features': 128, 'weight_decay': 1.2387531324595605e-05}. Best is trial 169 with value: 3.6230897996075724.
Early stopping triggered for trial 215 at epoch 040 | best epoch: 010
[I 2026-05-05 22:05:47,127] Trial 215 finished with value: 4.413757289887722 and parameters: {'batch_size': 256, 'learning_rate': 0.00016585602898836377, 'num_resblk': 4, 'num_features': 128, 'weight_decay': 8.857823385410086e-06}. Best is trial 169 with value: 3.6230897996075724.
Early stopping triggered for trial 216 at epoch 035 | best epoch: 005
[I 2026-05-05 22:07:34,983] Trial 216 finished with value: 4.270883836433996 and parameters: {'batch_size': 256, 'learning_rate': 0.00016069376986409538, 'num_resblk': 4, 'num_features': 128, 'weight_decay': 1.549079554765553e-05}. Best is trial 169 with value: 3.6230897996075724.
[I 2026-05-05 22:07:49,165] Trial 217 pruned. 
Early stopping triggered for trial 218 at epoch 036 | best epoch: 006
[I 2026-05-05 22:09:38,412] Trial 218 finished with value: 4.333659977835108 and parameters: {'batch_size': 256, 'learning_rate': 0.0001818947120072828, 'num_resblk': 4, 'num_features': 128, 'weight_decay': 1.8401259820617934e-05}. Best is trial 169 with value: 3.6230897996075724.
Early stopping triggered for trial 219 at epoch 039 | best epoch: 009
[I 2026-05-05 22:11:36,744] Trial 219 finished with value: 4.203055865293775 and parameters: {'batch_size': 256, 'learning_rate': 0.00017792463845131115, 'num_resblk': 4, 'num_features': 128, 'weight_decay': 2.9080796929160825e-05}. Best is trial 169 with value: 3.6230897996075724.
[I 2026-05-05 22:11:54,952] Trial 220 pruned. 
Early stopping triggered for trial 221 at epoch 038 | best epoch: 008
[I 2026-05-05 22:13:50,040] Trial 221 finished with value: 4.607496389121035 and parameters: {'batch_size': 256, 'learning_rate': 0.00017390808326318364, 'num_resblk': 4, 'num_features': 128, 'weight_decay': 2.0499752191267455e-05}. Best is trial 169 with value: 3.6230897996075724.
Early stopping triggered for trial 222 at epoch 056 | best epoch: 026
[I 2026-05-05 22:16:38,396] Trial 222 finished with value: 4.739448829984376 and parameters: {'batch_size': 256, 'learning_rate': 0.00018584119451671213, 'num_resblk': 4, 'num_features': 128, 'weight_decay': 3.968394474592409e-05}. Best is trial 169 with value: 3.6230897996075724.
Early stopping triggered for trial 223 at epoch 042 | best epoch: 012
[I 2026-05-05 22:18:46,007] Trial 223 finished with value: 4.718880553713528 and parameters: {'batch_size': 256, 'learning_rate': 0.00018045256337634734, 'num_resblk': 4, 'num_features': 128, 'weight_decay': 4.9705054698042414e-05}. Best is trial 169 with value: 3.6230897996075724.
Early stopping triggered for trial 224 at epoch 035 | best epoch: 005
[I 2026-05-05 22:20:32,567] Trial 224 finished with value: 4.315289267740998 and parameters: {'batch_size': 256, 'learning_rate': 0.00016831634133495095, 'num_resblk': 4, 'num_features': 128, 'weight_decay': 4.411931357535646e-06}. Best is trial 169 with value: 3.6230897996075724.
Early stopping triggered for trial 225 at epoch 033 | best epoch: 003
[I 2026-05-05 22:22:14,102] Trial 225 finished with value: 4.163763887122561 and parameters: {'batch_size': 256, 'learning_rate': 0.00017674791224827458, 'num_resblk': 4, 'num_features': 128, 'weight_decay': 5.878946770310012e-06}. Best is trial 169 with value: 3.6230897996075724.
Early stopping triggered for trial 226 at epoch 037 | best epoch: 007
[I 2026-05-05 22:24:06,282] Trial 226 finished with value: 4.3990816671814255 and parameters: {'batch_size': 256, 'learning_rate': 0.0001771849363031906, 'num_resblk': 4, 'num_features': 128, 'weight_decay': 5.316464009883655e-06}. Best is trial 169 with value: 3.6230897996075724.
Early stopping triggered for trial 227 at epoch 042 | best epoch: 012
[I 2026-05-05 22:26:14,290] Trial 227 finished with value: 4.178704074842847 and parameters: {'batch_size': 256, 'learning_rate': 0.00018272992591696852, 'num_resblk': 4, 'num_features': 128, 'weight_decay': 6.334137593731539e-06}. Best is trial 169 with value: 3.6230897996075724.
Early stopping triggered for trial 228 at epoch 044 | best epoch: 014
[I 2026-05-05 22:28:28,135] Trial 228 finished with value: 4.176642643345082 and parameters: {'batch_size': 256, 'learning_rate': 0.0001831134781866468, 'num_resblk': 4, 'num_features': 128, 'weight_decay': 7.623771446542685e-06}. Best is trial 169 with value: 3.6230897996075724.
Early stopping triggered for trial 229 at epoch 038 | best epoch: 008
[I 2026-05-05 22:30:26,309] Trial 229 finished with value: 4.547937506812979 and parameters: {'batch_size': 256, 'learning_rate': 0.0001835546438453662, 'num_resblk': 4, 'num_features': 128, 'weight_decay': 6.272426224094953e-06}. Best is trial 169 with value: 3.6230897996075724.
Early stopping triggered for trial 230 at epoch 045 | best epoch: 015
[I 2026-05-05 22:32:43,538] Trial 230 finished with value: 4.414431859988736 and parameters: {'batch_size': 256, 'learning_rate': 0.0001875391045926129, 'num_resblk': 4, 'num_features': 128, 'weight_decay': 6.947182787540199e-06}. Best is trial 169 with value: 3.6230897996075724.
Early stopping triggered for trial 231 at epoch 034 | best epoch: 004
