[I 2026-05-04 15:49:24,915] Trial 60 finished with value: 3.7492652350458604 and parameters: {'batch_size': 128, 'learning_rate': 0.00025574623130238653, 'num_resblk': 10, 'num_features': 128, 'weight_decay': 3.849793518300026e-06, 'domain_hidden_dim': 256, 'alpha_domain': 0.18289403450922642}. Best is trial 60 with value: 3.7492652350458604.
[I 2026-05-04 15:50:07,464] Trial 61 pruned. 
Early stopping triggered for trial 062 at epoch 041 | best epoch: 011
[I 2026-05-04 15:55:00,287] Trial 62 finished with value: 4.174253365089154 and parameters: {'batch_size': 128, 'learning_rate': 0.00029967340527873725, 'num_resblk': 10, 'num_features': 128, 'weight_decay': 2.0871910373043378e-06, 'domain_hidden_dim': 256, 'alpha_domain': 0.11615196449084973}. Best is trial 60 with value: 3.7492652350458604.
Early stopping triggered for trial 063 at epoch 039 | best epoch: 009
[I 2026-05-04 15:59:42,587] Trial 63 finished with value: 4.002438043725902 and parameters: {'batch_size': 128, 'learning_rate': 0.00022722728991715675, 'num_resblk': 10, 'num_features': 128, 'weight_decay': 2.6386195136620126e-06, 'domain_hidden_dim': 256, 'alpha_domain': 0.09084802446055001}. Best is trial 60 with value: 3.7492652350458604.
Early stopping triggered for trial 064 at epoch 034 | best epoch: 004
[I 2026-05-04 16:03:25,812] Trial 64 finished with value: 4.437695190824312 and parameters: {'batch_size': 128, 'learning_rate': 0.0002602151603740036, 'num_resblk': 8, 'num_features': 128, 'weight_decay': 3.0691700411245764e-06, 'domain_hidden_dim': 256, 'alpha_domain': 0.20385610803010326}. Best is trial 60 with value: 3.7492652350458604.
Early stopping triggered for trial 065 at epoch 036 | best epoch: 006
[I 2026-05-04 16:07:44,960] Trial 65 finished with value: 4.165499128144363 and parameters: {'batch_size': 128, 'learning_rate': 0.00023242420931960306, 'num_resblk': 10, 'num_features': 128, 'weight_decay': 1.2717376936349936e-06, 'domain_hidden_dim': 256, 'alpha_domain': 0.06931246162154935}. Best is trial 60 with value: 3.7492652350458604.
Early stopping triggered for trial 066 at epoch 039 | best epoch: 009
[I 2026-05-04 16:12:24,730] Trial 66 finished with value: 3.9346397991838127 and parameters: {'batch_size': 128, 'learning_rate': 0.00021667481904218656, 'num_resblk': 10, 'num_features': 128, 'weight_decay': 1.8859853772013853e-06, 'domain_hidden_dim': 256, 'alpha_domain': 0.09338281051346756}. Best is trial 60 with value: 3.7492652350458604.
[I 2026-05-04 16:13:08,045] Trial 67 pruned. 
Early stopping triggered for trial 068 at epoch 035 | best epoch: 005
[I 2026-05-04 16:16:53,543] Trial 68 finished with value: 4.1775267576349195 and parameters: {'batch_size': 128, 'learning_rate': 0.0002700691657547023, 'num_resblk': 8, 'num_features': 128, 'weight_decay': 3.774674094986708e-06, 'domain_hidden_dim': 256, 'alpha_domain': 0.22224702063731852}. Best is trial 60 with value: 3.7492652350458604.
Early stopping triggered for trial 069 at epoch 036 | best epoch: 006
[I 2026-05-04 16:21:11,511] Trial 69 finished with value: 4.231474539329266 and parameters: {'batch_size': 128, 'learning_rate': 0.00029551790214896564, 'num_resblk': 10, 'num_features': 128, 'weight_decay': 6.425838420746896e-06, 'domain_hidden_dim': 256, 'alpha_domain': 0.3619557568382116}. Best is trial 60 with value: 3.7492652350458604.
Early stopping triggered for trial 070 at epoch 043 | best epoch: 013
[I 2026-05-04 16:23:19,154] Trial 70 finished with value: 4.203242404707547 and parameters: {'batch_size': 128, 'learning_rate': 0.00024107814978526108, 'num_resblk': 4, 'num_features': 64, 'weight_decay': 1.6003366657311096e-06, 'domain_hidden_dim': 256, 'alpha_domain': 0.04634953491288099}. Best is trial 60 with value: 3.7492652350458604.
Early stopping triggered for trial 071 at epoch 035 | best epoch: 005
[I 2026-05-04 16:27:30,820] Trial 71 finished with value: 3.8687276223610185 and parameters: {'batch_size': 128, 'learning_rate': 0.00020074867550232264, 'num_resblk': 10, 'num_features': 128, 'weight_decay': 3.021289279666405e-06, 'domain_hidden_dim': 256, 'alpha_domain': 0.11896427674355586}. Best is trial 60 with value: 3.7492652350458604.
Early stopping triggered for trial 072 at epoch 037 | best epoch: 007
[I 2026-05-04 16:31:56,254] Trial 72 finished with value: 4.152137402830453 and parameters: {'batch_size': 128, 'learning_rate': 0.00021485683710054318, 'num_resblk': 10, 'num_features': 128, 'weight_decay': 2.7994273310679905e-06, 'domain_hidden_dim': 256, 'alpha_domain': 0.11188332308430166}. Best is trial 60 with value: 3.7492652350458604.
Early stopping triggered for trial 073 at epoch 035 | best epoch: 005
[I 2026-05-04 16:36:07,875] Trial 73 finished with value: 4.031132023909996 and parameters: {'batch_size': 128, 'learning_rate': 0.00023243587690614508, 'num_resblk': 10, 'num_features': 128, 'weight_decay': 5.1845823851916194e-06, 'domain_hidden_dim': 256, 'alpha_domain': 0.05711436334791211}. Best is trial 60 with value: 3.7492652350458604.
Early stopping triggered for trial 074 at epoch 037 | best epoch: 007
[I 2026-05-04 16:41:02,880] Trial 74 finished with value: 4.128799031520712 and parameters: {'batch_size': 128, 'learning_rate': 0.00018880540340041838, 'num_resblk': 12, 'num_features': 128, 'weight_decay': 0.0008503263906354188, 'domain_hidden_dim': 256, 'alpha_domain': 0.13859096289963635}. Best is trial 60 with value: 3.7492652350458604.
Early stopping triggered for trial 075 at epoch 034 | best epoch: 004
[I 2026-05-04 16:45:10,252] Trial 75 finished with value: 3.9548010908324143 and parameters: {'batch_size': 128, 'learning_rate': 0.0001989333773197528, 'num_resblk': 10, 'num_features': 128, 'weight_decay': 1.3045892893373181e-06, 'domain_hidden_dim': 64, 'alpha_domain': 0.19730666320028153}. Best is trial 60 with value: 3.7492652350458604.
Early stopping triggered for trial 076 at epoch 038 | best epoch: 008
[I 2026-05-04 16:49:15,255] Trial 76 finished with value: 3.8592433765016754 and parameters: {'batch_size': 128, 'learning_rate': 0.00017077074436781618, 'num_resblk': 8, 'num_features': 128, 'weight_decay': 1.700610651617458e-06, 'domain_hidden_dim': 256, 'alpha_domain': 0.07155100721352257}. Best is trial 60 with value: 3.7492652350458604.
Early stopping triggered for trial 077 at epoch 038 | best epoch: 008
[I 2026-05-04 16:52:34,934] Trial 77 finished with value: 3.833847506292935 and parameters: {'batch_size': 128, 'learning_rate': 0.00016867912369531194, 'num_resblk': 8, 'num_features': 96, 'weight_decay': 1.837329962136287e-06, 'domain_hidden_dim': 256, 'alpha_domain': 0.03425640465001828}. Best is trial 60 with value: 3.7492652350458604.
Early stopping triggered for trial 078 at epoch 036 | best epoch: 006
[I 2026-05-04 16:55:21,553] Trial 78 finished with value: 4.112947994265063 and parameters: {'batch_size': 128, 'learning_rate': 0.00016767715062127243, 'num_resblk': 6, 'num_features': 96, 'weight_decay': 2.3041442025467307e-06, 'domain_hidden_dim': 256, 'alpha_domain': 0.06934021265980438}. Best is trial 60 with value: 3.7492652350458604.
Early stopping triggered for trial 079 at epoch 042 | best epoch: 012
[I 2026-05-04 16:59:01,168] Trial 79 finished with value: 3.7289870401908614 and parameters: {'batch_size': 128, 'learning_rate': 0.00014461256130941493, 'num_resblk': 8, 'num_features': 96, 'weight_decay': 1.6291566439962352e-06, 'domain_hidden_dim': 256, 'alpha_domain': 0.033122698374390205}. Best is trial 79 with value: 3.7289870401908614.
[I 2026-05-04 16:59:31,983] Trial 80 pruned. 
Early stopping triggered for trial 081 at epoch 035 | best epoch: 005
[I 2026-05-04 17:02:35,980] Trial 81 finished with value: 4.102168905323949 and parameters: {'batch_size': 128, 'learning_rate': 0.0001746882701412389, 'num_resblk': 8, 'num_features': 96, 'weight_decay': 1.6024313853433998e-06, 'domain_hidden_dim': 256, 'alpha_domain': 0.028045627015206145}. Best is trial 79 with value: 3.7289870401908614.
Early stopping triggered for trial 082 at epoch 046 | best epoch: 016
[I 2026-05-04 17:06:07,938] Trial 82 finished with value: 4.01898534544583 and parameters: {'batch_size': 128, 'learning_rate': 0.0001356126059532793, 'num_resblk': 6, 'num_features': 96, 'weight_decay': 1.1548575582644671e-06, 'domain_hidden_dim': 256, 'alpha_domain': 0.03712991949120203}. Best is trial 79 with value: 3.7289870401908614.
Early stopping triggered for trial 083 at epoch 050 | best epoch: 020
[I 2026-05-04 17:10:30,952] Trial 83 finished with value: 4.1425642350624345 and parameters: {'batch_size': 128, 'learning_rate': 0.0001682761916820526, 'num_resblk': 8, 'num_features': 96, 'weight_decay': 3.777383800836115e-06, 'domain_hidden_dim': 256, 'alpha_domain': 0.04499129210060799}. Best is trial 79 with value: 3.7289870401908614.
[I 2026-05-04 17:11:02,117] Trial 84 pruned. 
[I 2026-05-04 17:11:29,660] Trial 85 pruned. 
[I 2026-05-04 17:11:59,243] Trial 86 pruned. 
[I 2026-05-04 17:12:16,495] Trial 87 pruned. 
[I 2026-05-04 17:12:47,632] Trial 88 pruned. 
[I 2026-05-04 17:13:22,315] Trial 89 pruned. 
Early stopping triggered for trial 090 at epoch 033 | best epoch: 003
[I 2026-05-04 17:18:11,139] Trial 90 finished with value: 4.109811856828887 and parameters: {'batch_size': 128, 'learning_rate': 0.0001487616595960469, 'num_resblk': 14, 'num_features': 128, 'weight_decay': 1.0036434056122428e-06, 'domain_hidden_dim': 256, 'alpha_domain': 0.04160294966690498}. Best is trial 79 with value: 3.7289870401908614.
Early stopping triggered for trial 091 at epoch 033 | best epoch: 003
[I 2026-05-04 17:22:09,306] Trial 91 finished with value: 3.9860147854377486 and parameters: {'batch_size': 128, 'learning_rate': 0.000250779467109144, 'num_resblk': 10, 'num_features': 128, 'weight_decay': 1.30178120308925e-06, 'domain_hidden_dim': 256, 'alpha_domain': 0.09091601535284961}. Best is trial 79 with value: 3.7289870401908614.
[I 2026-05-04 17:22:51,391] Trial 92 pruned. 
[I 2026-05-04 17:23:33,460] Trial 93 pruned. 
[I 2026-05-04 17:24:10,917] Trial 94 pruned. 
Early stopping triggered for trial 095 at epoch 040 | best epoch: 010
[I 2026-05-04 17:29:26,111] Trial 95 finished with value: 4.014085317480153 and parameters: {'batch_size': 128, 'learning_rate': 0.00015772129339462038, 'num_resblk': 12, 'num_features': 128, 'weight_decay': 2.620370343480086e-06, 'domain_hidden_dim': 256, 'alpha_domain': 0.022668453890537007}. Best is trial 79 with value: 3.7289870401908614.
Early stopping triggered for trial 096 at epoch 039 | best epoch: 009
[I 2026-05-04 17:34:03,756] Trial 96 finished with value: 3.7608457803726196 and parameters: {'batch_size': 128, 'learning_rate': 0.00014425442316525505, 'num_resblk': 10, 'num_features': 128, 'weight_decay': 5.16128036288207e-05, 'domain_hidden_dim': 256, 'alpha_domain': 0.0821017395285916}. Best is trial 79 with value: 3.7289870401908614.
[I 2026-05-04 17:34:20,769] Trial 97 pruned. 
[I 2026-05-04 17:34:55,144] Trial 98 pruned. 
[I 2026-05-04 17:35:30,619] Trial 99 pruned. 
Early stopping triggered for trial 100 at epoch 032 | best epoch: 002
[I 2026-05-04 17:39:19,566] Trial 100 finished with value: 4.265112704244153 and parameters: {'batch_size': 128, 'learning_rate': 0.0001523415403925253, 'num_resblk': 10, 'num_features': 128, 'weight_decay': 6.795509068753617e-05, 'domain_hidden_dim': 128, 'alpha_domain': 0.0563222667909863}. Best is trial 79 with value: 3.7289870401908614.
[I 2026-05-04 17:40:01,448] Trial 101 pruned. 
Early stopping triggered for trial 102 at epoch 039 | best epoch: 009
[I 2026-05-04 17:44:38,887] Trial 102 finished with value: 3.883979320526123 and parameters: {'batch_size': 128, 'learning_rate': 0.0001837158726538121, 'num_resblk': 10, 'num_features': 128, 'weight_decay': 1.221033702400339e-06, 'domain_hidden_dim': 256, 'alpha_domain': 0.15102864340698546}. Best is trial 79 with value: 3.7289870401908614.
Early stopping triggered for trial 103 at epoch 036 | best epoch: 006
[I 2026-05-04 17:48:55,796] Trial 103 finished with value: 3.6855437015664987 and parameters: {'batch_size': 128, 'learning_rate': 0.00012663858204200716, 'num_resblk': 10, 'num_features': 128, 'weight_decay': 3.687461805835908e-05, 'domain_hidden_dim': 256, 'alpha_domain': 0.09257408881455186}. Best is trial 103 with value: 3.6855437015664987.
[I 2026-05-04 17:49:37,845] Trial 104 pruned. 
[I 2026-05-04 17:50:24,478] Trial 105 pruned. 
Early stopping triggered for trial 106 at epoch 043 | best epoch: 013
[I 2026-05-04 17:55:30,141] Trial 106 finished with value: 4.1442151398494325 and parameters: {'batch_size': 128, 'learning_rate': 0.00012373050192725197, 'num_resblk': 10, 'num_features': 128, 'weight_decay': 2.2779532983252693e-05, 'domain_hidden_dim': 256, 'alpha_domain': 0.10090161527613556}. Best is trial 103 with value: 3.6855437015664987.
[I 2026-05-04 17:56:07,759] Trial 107 pruned. 
[I 2026-05-04 17:56:33,485] Trial 108 pruned. 
[I 2026-05-04 17:57:19,963] Trial 109 pruned. 
[I 2026-05-04 17:58:02,020] Trial 110 pruned. 
Early stopping triggered for trial 111 at epoch 036 | best epoch: 006
[I 2026-05-04 18:02:18,938] Trial 111 finished with value: 4.046370300753363 and parameters: {'batch_size': 128, 'learning_rate': 0.000133018584304856, 'num_resblk': 10, 'num_features': 128, 'weight_decay': 1.408184147836538e-06, 'domain_hidden_dim': 256, 'alpha_domain': 0.08487371862874185}. Best is trial 103 with value: 3.6855437015664987.
[I 2026-05-04 18:03:00,950] Trial 112 pruned. 
Early stopping triggered for trial 113 at epoch 044 | best epoch: 014
[I 2026-05-04 18:07:41,236] Trial 113 finished with value: 4.058628160378029 and parameters: {'batch_size': 128, 'learning_rate': 0.00025331592144971346, 'num_resblk': 8, 'num_features': 128, 'weight_decay': 3.4093590134538616e-06, 'domain_hidden_dim': 256, 'alpha_domain': 0.12502108342063753}. Best is trial 103 with value: 3.6855437015664987.
[I 2026-05-04 18:08:23,335] Trial 114 pruned. 
Early stopping triggered for trial 115 at epoch 036 | best epoch: 006
[I 2026-05-04 18:12:16,544] Trial 115 finished with value: 3.8139293111603836 and parameters: {'batch_size': 128, 'learning_rate': 0.00022865322014651925, 'num_resblk': 12, 'num_features': 96, 'weight_decay': 1.7653964180205003e-06, 'domain_hidden_dim': 128, 'alpha_domain': 0.016149512462644632}. Best is trial 103 with value: 3.6855437015664987.
Early stopping triggered for trial 116 at epoch 040 | best epoch: 010
[I 2026-05-04 18:16:34,977] Trial 116 finished with value: 4.0363651514053345 and parameters: {'batch_size': 128, 'learning_rate': 0.00023363740787388777, 'num_resblk': 12, 'num_features': 96, 'weight_decay': 3.255742252642127e-05, 'domain_hidden_dim': 128, 'alpha_domain': 0.01419619786587135}. Best is trial 103 with value: 3.6855437015664987.
Early stopping triggered for trial 117 at epoch 041 | best epoch: 011
[I 2026-05-04 18:20:59,732] Trial 117 finished with value: 3.8536363963423104 and parameters: {'batch_size': 128, 'learning_rate': 0.00022725994521626065, 'num_resblk': 12, 'num_features': 96, 'weight_decay': 1.8130381740511854e-06, 'domain_hidden_dim': 128, 'alpha_domain': 0.01778807814203915}. Best is trial 103 with value: 3.6855437015664987.
[I 2026-05-04 18:21:35,482] Trial 118 pruned. 
Early stopping triggered for trial 119 at epoch 037 | best epoch: 007
[I 2026-05-04 18:25:57,910] Trial 119 finished with value: 3.890625974227642 and parameters: {'batch_size': 128, 'learning_rate': 0.00021783883447204367, 'num_resblk': 14, 'num_features': 96, 'weight_decay': 1.7969866526853009e-06, 'domain_hidden_dim': 128, 'alpha_domain': 0.031122048889558298}. Best is trial 103 with value: 3.6855437015664987.
Early stopping triggered for trial 120 at epoch 034 | best epoch: 004
[I 2026-05-04 18:29:38,510] Trial 120 finished with value: 4.002668084769414 and parameters: {'batch_size': 128, 'learning_rate': 0.00022726857274219406, 'num_resblk': 12, 'num_features': 96, 'weight_decay': 3.3488147589413585e-06, 'domain_hidden_dim': 128, 'alpha_domain': 0.011555384889692051}. Best is trial 103 with value: 3.6855437015664987.
[I 2026-05-04 18:30:16,696] Trial 121 pruned. 
Early stopping triggered for trial 122 at epoch 034 | best epoch: 004
[I 2026-05-04 18:33:57,260] Trial 122 finished with value: 4.061879840390436 and parameters: {'batch_size': 128, 'learning_rate': 0.0001884380146809442, 'num_resblk': 12, 'num_features': 96, 'weight_decay': 1.1630520012737496e-06, 'domain_hidden_dim': 128, 'alpha_domain': 0.01751149981822824}. Best is trial 103 with value: 3.6855437015664987.
[I 2026-05-04 18:34:39,025] Trial 123 pruned. 
[I 2026-05-04 18:35:17,324] Trial 124 pruned. 
Early stopping triggered for trial 125 at epoch 035 | best epoch: 005
[I 2026-05-04 18:38:42,118] Trial 125 finished with value: 4.254458193121286 and parameters: {'batch_size': 128, 'learning_rate': 0.00013703996819488284, 'num_resblk': 10, 'num_features': 96, 'weight_decay': 1.4562441816366069e-06, 'domain_hidden_dim': 128, 'alpha_domain': 0.021579274741445668}. Best is trial 103 with value: 3.6855437015664987.
[I 2026-05-04 18:39:03,368] Trial 126 pruned. 
Early stopping triggered for trial 127 at epoch 039 | best epoch: 009
[I 2026-05-04 18:42:51,595] Trial 127 finished with value: 3.919800647373857 and parameters: {'batch_size': 128, 'learning_rate': 0.00023704084031363334, 'num_resblk': 10, 'num_features': 96, 'weight_decay': 2.280309683574146e-06, 'domain_hidden_dim': 128, 'alpha_domain': 0.0566227287600667}. Best is trial 103 with value: 3.6855437015664987.
[I 2026-05-04 18:43:33,694] Trial 128 pruned. 
Early stopping triggered for trial 129 at epoch 033 | best epoch: 003
[I 2026-05-04 18:46:47,495] Trial 129 finished with value: 4.391313889930988 and parameters: {'batch_size': 128, 'learning_rate': 0.0002069626202423248, 'num_resblk': 10, 'num_features': 96, 'weight_decay': 2.990927072070535e-06, 'domain_hidden_dim': 256, 'alpha_domain': 0.9884893429951327}. Best is trial 103 with value: 3.6855437015664987.
Early stopping triggered for trial 130 at epoch 034 | best epoch: 004
[I 2026-05-04 18:50:01,537] Trial 130 finished with value: 4.051475866087552 and parameters: {'batch_size': 128, 'learning_rate': 0.0002253746505689353, 'num_resblk': 6, 'num_features': 128, 'weight_decay': 1.5965155448932917e-06, 'domain_hidden_dim': 256, 'alpha_domain': 0.0741895812609608}. Best is trial 103 with value: 3.6855437015664987.
Early stopping triggered for trial 131 at epoch 034 | best epoch: 004
[I 2026-05-04 18:54:04,204] Trial 131 finished with value: 4.245153139377463 and parameters: {'batch_size': 128, 'learning_rate': 0.00024527899035547946, 'num_resblk': 10, 'num_features': 128, 'weight_decay': 1.22576242185901e-06, 'domain_hidden_dim': 256, 'alpha_domain': 0.10506993918772761}. Best is trial 103 with value: 3.6855437015664987.
Early stopping triggered for trial 132 at epoch 035 | best epoch: 005
[I 2026-05-04 18:58:41,399] Trial 132 finished with value: 4.170739539738359 and parameters: {'batch_size': 128, 'learning_rate': 0.00023010902696800147, 'num_resblk': 12, 'num_features': 128, 'weight_decay': 1.3394754013008958e-06, 'domain_hidden_dim': 256, 'alpha_domain': 0.22395262537578836}. Best is trial 103 with value: 3.6855437015664987.
[I 2026-05-04 18:59:19,314] Trial 133 pruned. 
Early stopping triggered for trial 134 at epoch 033 | best epoch: 003
[I 2026-05-04 19:02:52,222] Trial 134 finished with value: 4.20764329104588 and parameters: {'batch_size': 128, 'learning_rate': 0.0002541169548150202, 'num_resblk': 8, 'num_features': 128, 'weight_decay': 1.1053598766704325e-06, 'domain_hidden_dim': 256, 'alpha_domain': 0.12752875138864359}. Best is trial 103 with value: 3.6855437015664987.
Early stopping triggered for trial 135 at epoch 039 | best epoch: 009
[I 2026-05-04 19:07:31,962] Trial 135 finished with value: 4.112686033906607 and parameters: {'batch_size': 128, 'learning_rate': 0.00010729101382058603, 'num_resblk': 10, 'num_features': 128, 'weight_decay': 1.4506497099753505e-06, 'domain_hidden_dim': 256, 'alpha_domain': 0.09413518351536632}. Best is trial 103 with value: 3.6855437015664987.
[I 2026-05-04 19:08:03,373] Trial 136 pruned. 
Early stopping triggered for trial 137 at epoch 034 | best epoch: 004
[I 2026-05-04 19:11:42,961] Trial 137 finished with value: 4.295308528275325 and parameters: {'batch_size': 128, 'learning_rate': 0.00014676943075941353, 'num_resblk': 8, 'num_features': 128, 'weight_decay': 1.6371972530431882e-06, 'domain_hidden_dim': 128, 'alpha_domain': 0.0844529369778427}. Best is trial 103 with value: 3.6855437015664987.
[I 2026-05-04 19:12:15,366] Trial 138 pruned. 
[I 2026-05-04 19:12:48,875] Trial 139 pruned. 
Early stopping triggered for trial 140 at epoch 035 | best epoch: 005
[I 2026-05-04 19:17:27,130] Trial 140 finished with value: 3.988299143725428 and parameters: {'batch_size': 128, 'learning_rate': 0.00023899878139164185, 'num_resblk': 12, 'num_features': 128, 'weight_decay': 0.00036980438048602956, 'domain_hidden_dim': 256, 'alpha_domain': 0.15382726310671352}. Best is trial 103 with value: 3.6855437015664987.
Early stopping triggered for trial 141 at epoch 035 | best epoch: 005
[I 2026-05-04 19:21:38,397] Trial 141 finished with value: 4.3110000347268995 and parameters: {'batch_size': 128, 'learning_rate': 0.00019920548001613411, 'num_resblk': 10, 'num_features': 128, 'weight_decay': 4.428853295235758e-06, 'domain_hidden_dim': 256, 'alpha_domain': 0.1208641531822245}. Best is trial 103 with value: 3.6855437015664987.
Early stopping triggered for trial 142 at epoch 036 | best epoch: 006
[I 2026-05-04 19:25:56,903] Trial 142 finished with value: 3.998693190771958 and parameters: {'batch_size': 128, 'learning_rate': 0.00021262286904557174, 'num_resblk': 10, 'num_features': 128, 'weight_decay': 2.7370190254032225e-06, 'domain_hidden_dim': 256, 'alpha_domain': 0.07967764168151506}. Best is trial 103 with value: 3.6855437015664987.
Early stopping triggered for trial 143 at epoch 032 | best epoch: 002
