[I 2026-05-25 18:10:43,473] Trial 109 finished with value: 0.044491548150651115 and parameters: {'num_resblk': 20, 'batch_size': 512, 'learning_rate': 0.00022126515807364174, 'weight_decay': 4.239742825980171e-06, 'num_features': 192, 'num_groups': 8, 'reduction': 32, 'res_scale': 0.4, 'alpha_domain': 0.0007148938843654574, 'domain_hidden_dim': 64}. Best is trial 31 with value: 0.04341142625602056.
[I 2026-05-25 18:11:37,901] Trial 110 pruned. 
[I 2026-05-25 18:12:29,448] Trial 111 pruned. 
[I 2026-05-25 18:13:21,692] Trial 112 pruned. 
[I 2026-05-25 18:14:14,725] Trial 113 pruned. 
[I 2026-05-25 18:15:07,543] Trial 114 pruned. 
[I 2026-05-25 18:15:59,707] Trial 115 pruned. 
[I 2026-05-25 18:16:28,826] Trial 116 pruned. 
Early stopping trial 0117 at epoch 029; best epoch 019.
Trial 0117 comparable metric | normalized full-image target val MSE=0.0443528858
[I 2026-05-25 18:22:06,339] Trial 117 finished with value: 0.04435288578053663 and parameters: {'num_resblk': 20, 'batch_size': 512, 'learning_rate': 0.00026900505626873, 'weight_decay': 3.717032844103331e-06, 'num_features': 192, 'num_groups': 8, 'reduction': 16, 'res_scale': 0.3, 'alpha_domain': 0.0017110217687785227, 'domain_hidden_dim': 64}. Best is trial 31 with value: 0.04341142625602056.
[I 2026-05-25 18:23:02,511] Trial 118 pruned. 
[I 2026-05-25 18:23:48,900] Trial 119 pruned. 
[I 2026-05-25 18:24:37,179] Trial 120 pruned. 
[I 2026-05-25 18:25:29,726] Trial 121 pruned. 
[I 2026-05-25 18:26:17,408] Trial 122 pruned. 
[I 2026-05-25 18:27:03,205] Trial 123 pruned. 
[I 2026-05-25 18:27:33,022] Trial 124 pruned. 
[I 2026-05-25 18:28:31,132] Trial 125 pruned. 
[I 2026-05-25 18:29:24,653] Trial 126 pruned. 
[I 2026-05-25 18:30:22,597] Trial 127 pruned. 
[I 2026-05-25 18:31:08,350] Trial 128 pruned. 
[I 2026-05-25 18:31:35,356] Trial 129 pruned. 
[I 2026-05-25 18:32:22,568] Trial 130 pruned. 
[I 2026-05-25 18:33:14,700] Trial 131 pruned. 
[I 2026-05-25 18:34:06,704] Trial 132 pruned. 
[I 2026-05-25 18:35:07,454] Trial 133 pruned. 
[I 2026-05-25 18:35:59,334] Trial 134 pruned. 
[I 2026-05-25 18:36:50,947] Trial 135 pruned. 
[I 2026-05-25 18:37:42,723] Trial 136 pruned. 
[I 2026-05-25 18:38:35,479] Trial 137 pruned. 
[I 2026-05-25 18:39:09,325] Trial 138 pruned. 
[I 2026-05-25 18:40:11,062] Trial 139 pruned. 
[I 2026-05-25 18:41:03,801] Trial 140 pruned. 
[I 2026-05-25 18:41:50,856] Trial 141 pruned. 
[I 2026-05-25 18:42:45,085] Trial 142 pruned. 
[I 2026-05-25 18:43:30,705] Trial 143 pruned. 
[I 2026-05-25 18:44:16,577] Trial 144 pruned. 
[I 2026-05-25 18:45:02,860] Trial 145 pruned. 
[I 2026-05-25 18:46:00,310] Trial 146 pruned. 
[I 2026-05-25 18:46:54,146] Trial 147 pruned. 
[I 2026-05-25 18:47:32,441] Trial 148 pruned. 
Early stopping trial 0149 at epoch 034; best epoch 024.
Trial 0149 comparable metric | normalized full-image target val MSE=0.0443452688
[I 2026-05-25 18:53:25,785] Trial 149 finished with value: 0.044345268834141215 and parameters: {'num_resblk': 14, 'batch_size': 512, 'learning_rate': 0.0002929568867590137, 'weight_decay': 1.367083681179608e-05, 'num_features': 192, 'num_groups': 8, 'reduction': 16, 'res_scale': 0.4, 'alpha_domain': 0.0010140213780854821, 'domain_hidden_dim': 32}. Best is trial 31 with value: 0.04341142625602056.
[I 2026-05-25 18:54:19,803] Trial 150 pruned. 
[I 2026-05-25 18:55:08,447] Trial 151 pruned. 
[I 2026-05-25 18:56:03,417] Trial 152 pruned. 
[I 2026-05-25 18:56:50,092] Trial 153 pruned. 
[I 2026-05-25 18:57:44,614] Trial 154 pruned. 
[I 2026-05-25 18:58:32,774] Trial 155 pruned. 
[I 2026-05-25 18:59:27,738] Trial 156 pruned. 
[I 2026-05-25 19:00:17,973] Trial 157 pruned. 
[I 2026-05-25 19:00:48,273] Trial 158 pruned. 
[I 2026-05-25 19:01:34,636] Trial 159 pruned. 
Early stopping trial 0160 at epoch 032; best epoch 022.
Trial 0160 comparable metric | normalized full-image target val MSE=0.0444447243
[I 2026-05-25 19:07:14,083] Trial 160 finished with value: 0.0444447243074989 and parameters: {'num_resblk': 16, 'batch_size': 512, 'learning_rate': 0.0002842918590526223, 'weight_decay': 1.903520029978762e-06, 'num_features': 192, 'num_groups': 8, 'reduction': 16, 'res_scale': 0.4, 'alpha_domain': 0.0007551486190476444, 'domain_hidden_dim': 32}. Best is trial 31 with value: 0.04341142625602056.
[I 2026-05-25 19:08:08,981] Trial 161 pruned. 
[I 2026-05-25 19:09:05,145] Trial 162 pruned. 
Early stopping trial 0163 at epoch 021; best epoch 011.
Trial 0163 comparable metric | normalized full-image target val MSE=0.0448776432
[I 2026-05-25 19:12:40,709] Trial 163 finished with value: 0.0448776431768837 and parameters: {'num_resblk': 16, 'batch_size': 512, 'learning_rate': 0.00027121437118305677, 'weight_decay': 2.7186588465875448e-05, 'num_features': 192, 'num_groups': 8, 'reduction': 16, 'res_scale': 0.4, 'alpha_domain': 0.0007495945008641492, 'domain_hidden_dim': 32}. Best is trial 31 with value: 0.04341142625602056.
[I 2026-05-25 19:14:55,515] Trial 164 pruned. 
[I 2026-05-25 19:15:50,971] Trial 165 pruned. 
[I 2026-05-25 19:16:38,680] Trial 166 pruned. 
[I 2026-05-25 19:17:31,351] Trial 167 pruned. 
[I 2026-05-25 19:18:17,227] Trial 168 pruned. 
[I 2026-05-25 19:18:45,486] Trial 169 pruned. 
[I 2026-05-25 19:19:44,636] Trial 170 pruned. 
[I 2026-05-25 19:20:38,097] Trial 171 pruned. 
[I 2026-05-25 19:21:53,693] Trial 172 pruned. 
[I 2026-05-25 19:22:39,291] Trial 173 pruned. 
[I 2026-05-25 19:23:25,420] Trial 174 pruned. 
[I 2026-05-25 19:24:18,734] Trial 175 pruned. 
[I 2026-05-25 19:25:04,750] Trial 176 pruned. 
[I 2026-05-25 19:26:03,363] Trial 177 pruned. 
[I 2026-05-25 19:26:56,643] Trial 178 pruned. 
[I 2026-05-25 19:27:42,395] Trial 179 pruned. 
[I 2026-05-25 19:28:13,430] Trial 180 pruned. 
[I 2026-05-25 19:29:13,449] Trial 181 pruned. 
[I 2026-05-25 19:30:14,135] Trial 182 pruned. 
[I 2026-05-25 19:31:14,205] Trial 183 pruned. 
[I 2026-05-25 19:32:14,594] Trial 184 pruned. 
[I 2026-05-25 19:33:04,608] Trial 185 pruned. 
[I 2026-05-25 19:34:04,764] Trial 186 pruned. 
[I 2026-05-25 19:34:56,712] Trial 187 pruned. 
[I 2026-05-25 19:35:49,282] Trial 188 pruned. 
[I 2026-05-25 19:36:38,545] Trial 189 pruned. 
[I 2026-05-25 19:37:24,541] Trial 190 pruned. 
[I 2026-05-25 19:38:08,802] Trial 191 pruned. 
[I 2026-05-25 19:38:59,942] Trial 192 pruned. 
Early stopping trial 0193 at epoch 033; best epoch 023.
Trial 0193 comparable metric | normalized full-image target val MSE=0.0440110300
[I 2026-05-25 19:44:14,241] Trial 193 finished with value: 0.044011029953741496 and parameters: {'num_resblk': 14, 'batch_size': 512, 'learning_rate': 0.00028102775631725247, 'weight_decay': 1.830496833512028e-06, 'num_features': 192, 'num_groups': 4, 'reduction': 32, 'res_scale': 0.4, 'alpha_domain': 0.0006601042253577472, 'domain_hidden_dim': 64}. Best is trial 31 with value: 0.04341142625602056.
[I 2026-05-25 19:45:06,177] Trial 194 pruned. 
[I 2026-05-25 19:46:38,058] Trial 195 pruned. 
[I 2026-05-25 19:47:07,624] Trial 196 pruned. 
[I 2026-05-25 19:47:53,376] Trial 197 pruned. 
[I 2026-05-25 19:48:45,402] Trial 198 pruned. 
[I 2026-05-25 19:49:36,355] Trial 199 pruned. 
[I 2026-05-25 19:50:22,166] Trial 200 pruned. 
Early stopping trial 0201 at epoch 028; best epoch 018.
Trial 0201 comparable metric | normalized full-image target val MSE=0.0450571120
[I 2026-05-25 19:54:46,000] Trial 201 finished with value: 0.04505711198029059 and parameters: {'num_resblk': 14, 'batch_size': 512, 'learning_rate': 0.00027150213062550885, 'weight_decay': 2.995135055235216e-06, 'num_features': 192, 'num_groups': 4, 'reduction': 32, 'res_scale': 0.4, 'alpha_domain': 0.0007970421065513978, 'domain_hidden_dim': 64}. Best is trial 31 with value: 0.04341142625602056.
[I 2026-05-25 19:55:37,685] Trial 202 pruned. 
[I 2026-05-25 19:56:22,095] Trial 203 pruned. 
[I 2026-05-25 19:57:55,635] Trial 204 pruned. 
[I 2026-05-25 19:58:49,082] Trial 205 pruned. 
[I 2026-05-25 19:59:33,989] Trial 206 pruned. 
[I 2026-05-25 20:00:21,860] Trial 207 pruned. 
[I 2026-05-25 20:00:53,286] Trial 208 pruned. 
[I 2026-05-25 20:01:54,280] Trial 209 pruned. 
[I 2026-05-25 20:02:37,618] Trial 210 pruned. 
[I 2026-05-25 20:03:22,846] Trial 211 pruned. 
[I 2026-05-25 20:04:09,179] Trial 212 pruned. 
[I 2026-05-25 20:04:55,719] Trial 213 pruned. 
Early stopping trial 0214 at epoch 030; best epoch 020.
Trial 0214 comparable metric | normalized full-image target val MSE=0.0437568770
[I 2026-05-25 20:09:55,444] Trial 214 finished with value: 0.043756877047431655 and parameters: {'num_resblk': 14, 'batch_size': 512, 'learning_rate': 0.0002785308374033305, 'weight_decay': 1.6553516048605927e-06, 'num_features': 192, 'num_groups': 8, 'reduction': 16, 'res_scale': 0.4, 'alpha_domain': 0.0007276580004135259, 'domain_hidden_dim': 64}. Best is trial 31 with value: 0.04341142625602056.
[I 2026-05-25 20:10:41,244] Trial 215 pruned. 
[I 2026-05-25 20:11:26,732] Trial 216 pruned. 
[I 2026-05-25 20:12:18,620] Trial 217 pruned. 
[I 2026-05-25 20:13:04,260] Trial 218 pruned. 
[I 2026-05-25 20:13:50,093] Trial 219 pruned. 
[I 2026-05-25 20:14:18,606] Trial 220 pruned. 
Early stopping trial 0221 at epoch 023; best epoch 013.
Trial 0221 comparable metric | normalized full-image target val MSE=0.0443817086
[I 2026-05-25 20:18:29,084] Trial 221 finished with value: 0.044381708637351525 and parameters: {'num_resblk': 18, 'batch_size': 512, 'learning_rate': 0.000293806763602823, 'weight_decay': 2.549370964485902e-06, 'num_features': 192, 'num_groups': 8, 'reduction': 16, 'res_scale': 0.4, 'alpha_domain': 0.0005495978185502953, 'domain_hidden_dim': 64}. Best is trial 31 with value: 0.04341142625602056.
[I 2026-05-25 20:19:27,534] Trial 222 pruned. 
[I 2026-05-25 20:20:17,671] Trial 223 pruned. 
[I 2026-05-25 20:21:07,576] Trial 224 pruned. 
[I 2026-05-25 20:22:05,434] Trial 225 pruned. 
[I 2026-05-25 20:22:57,122] Trial 226 pruned. 
[I 2026-05-25 20:23:47,121] Trial 227 pruned. 
[I 2026-05-25 20:24:32,486] Trial 228 pruned. 
[I 2026-05-25 20:25:19,268] Trial 229 pruned. 
[I 2026-05-25 20:26:06,756] Trial 230 pruned. 
[I 2026-05-25 20:26:52,151] Trial 231 pruned. 
[I 2026-05-25 20:27:37,837] Trial 232 pruned. 
[I 2026-05-25 20:28:23,607] Trial 233 pruned. 
[I 2026-05-25 20:29:09,795] Trial 234 pruned. 
[I 2026-05-25 20:30:08,083] Trial 235 pruned. 
[I 2026-05-25 20:31:01,335] Trial 236 pruned. 
[I 2026-05-25 20:31:29,327] Trial 237 pruned. 
[I 2026-05-25 20:32:21,466] Trial 238 pruned. 
[I 2026-05-25 20:33:07,467] Trial 239 pruned. 
[I 2026-05-25 20:33:54,244] Trial 240 pruned. 
[I 2026-05-25 20:34:53,528] Trial 241 pruned. 
[I 2026-05-25 20:35:52,448] Trial 242 pruned. 
[I 2026-05-25 20:36:53,023] Trial 243 pruned. 
[I 2026-05-25 20:37:44,793] Trial 244 pruned. 
[I 2026-05-25 20:38:35,576] Trial 245 pruned. 
[I 2026-05-25 20:39:34,525] Trial 246 pruned. 
[I 2026-05-25 20:40:20,603] Trial 247 pruned. 
[I 2026-05-25 20:41:09,556] Trial 248 pruned. 
[I 2026-05-25 20:42:02,144] Trial 249 pruned. 
Early stopping trial 0250 at epoch 027; best epoch 017.
Trial 0250 comparable metric | normalized full-image target val MSE=0.0442229745
[I 2026-05-25 20:46:12,650] Trial 250 finished with value: 0.044222974503763904 and parameters: {'num_resblk': 14, 'batch_size': 512, 'learning_rate': 0.0002700924937348262, 'weight_decay': 2.6604586503486793e-06, 'num_features': 192, 'num_groups': 2, 'reduction': 32, 'res_scale': 0.4, 'alpha_domain': 0.0008290219037067392, 'domain_hidden_dim': 64}. Best is trial 31 with value: 0.04341142625602056.
[I 2026-05-25 20:46:39,892] Trial 251 pruned. 
[I 2026-05-25 20:47:26,488] Trial 252 pruned. 
[I 2026-05-25 20:48:09,954] Trial 253 pruned. 
[I 2026-05-25 20:48:52,817] Trial 254 pruned. 
[I 2026-05-25 20:49:36,599] Trial 255 pruned. 
[I 2026-05-25 20:50:27,820] Trial 256 pruned. 
[I 2026-05-25 20:51:21,199] Trial 257 pruned. 
Early stopping trial 0258 at epoch 020; best epoch 010.
Trial 0258 comparable metric | normalized full-image target val MSE=0.0447272296
[I 2026-05-25 20:54:46,605] Trial 258 finished with value: 0.04472722962963226 and parameters: {'num_resblk': 16, 'batch_size': 512, 'learning_rate': 0.00029199244261690827, 'weight_decay': 5.406593326475191e-05, 'num_features': 192, 'num_groups': 8, 'reduction': 16, 'res_scale': 0.4, 'alpha_domain': 0.0009725995353908018, 'domain_hidden_dim': 64}. Best is trial 31 with value: 0.04341142625602056.
[I 2026-05-25 20:55:17,918] Trial 259 pruned. 
[I 2026-05-25 20:56:04,360] Trial 260 pruned. 
[I 2026-05-25 20:56:50,994] Trial 261 pruned. 
[I 2026-05-25 20:57:37,547] Trial 262 pruned. 
[I 2026-05-25 20:58:23,051] Trial 263 pruned. 
[I 2026-05-25 20:59:09,075] Trial 264 pruned. 
[I 2026-05-25 21:00:01,323] Trial 265 pruned. 
[I 2026-05-25 21:00:46,950] Trial 266 pruned. 
[I 2026-05-25 21:01:36,172] Trial 267 pruned. 
[I 2026-05-25 21:02:21,715] Trial 268 pruned. 
[I 2026-05-25 21:02:50,373] Trial 269 pruned. 
[I 2026-05-25 21:03:37,854] Trial 270 pruned. 
[I 2026-05-25 21:04:30,976] Trial 271 pruned. 
[I 2026-05-25 21:05:19,432] Trial 272 pruned. 
[I 2026-05-25 21:06:08,167] Trial 273 pruned. 
[I 2026-05-25 21:06:54,802] Trial 274 pruned. 
[I 2026-05-25 21:07:46,208] Trial 275 pruned. 
[I 2026-05-25 21:08:32,889] Trial 276 pruned. 
[I 2026-05-25 21:09:05,202] Trial 277 pruned. 
[I 2026-05-25 21:10:06,982] Trial 278 pruned. 
[I 2026-05-25 21:10:51,065] Trial 279 pruned. 
[I 2026-05-25 21:11:52,347] Trial 280 pruned. 
[I 2026-05-25 21:12:37,861] Trial 281 pruned. 
[I 2026-05-25 21:13:32,126] Trial 282 pruned. 
[I 2026-05-25 21:14:16,451] Trial 283 pruned. 
[I 2026-05-25 21:15:03,118] Trial 284 pruned. 
[I 2026-05-25 21:15:36,194] Trial 285 pruned. 
Early stopping trial 0286 at epoch 031; best epoch 021.
Trial 0286 comparable metric | normalized full-image target val MSE=0.0441967762
[I 2026-05-25 21:20:47,537] Trial 286 finished with value: 0.04419677622957673 and parameters: {'num_resblk': 14, 'batch_size': 512, 'learning_rate': 0.0002999055595022465, 'weight_decay': 7.089233519188399e-06, 'num_features': 192, 'num_groups': 8, 'reduction': 32, 'res_scale': 0.4, 'alpha_domain': 0.0014145299863983743, 'domain_hidden_dim': 64}. Best is trial 31 with value: 0.04341142625602056.
[I 2026-05-25 21:21:33,716] Trial 287 pruned. 
[I 2026-05-25 21:22:27,936] Trial 288 pruned. 
[I 2026-05-25 21:23:25,678] Trial 289 pruned. 
[I 2026-05-25 21:24:12,230] Trial 290 pruned. 
[I 2026-05-25 21:25:05,313] Trial 291 pruned. 
[I 2026-05-25 21:26:00,002] Trial 292 pruned. 
Early stopping trial 0293 at epoch 039; best epoch 029.
Trial 0293 comparable metric | normalized full-image target val MSE=0.0446978305
[I 2026-05-25 21:33:26,299] Trial 293 finished with value: 0.04469783046002595 and parameters: {'num_resblk': 20, 'batch_size': 512, 'learning_rate': 0.0002901070637982127, 'weight_decay': 9.698147702377016e-06, 'num_features': 192, 'num_groups': 4, 'reduction': 32, 'res_scale': 0.4, 'alpha_domain': 0.0008369379559699049, 'domain_hidden_dim': 32}. Best is trial 31 with value: 0.04341142625602056.
[I 2026-05-25 21:34:10,446] Trial 294 pruned. 
[I 2026-05-25 21:34:40,201] Trial 295 pruned. 
[I 2026-05-25 21:35:31,365] Trial 296 pruned. 
Early stopping trial 0297 at epoch 020; best epoch 010.
Trial 0297 comparable metric | normalized full-image target val MSE=0.0445237870
[I 2026-05-25 21:39:17,505] Trial 297 finished with value: 0.044523786983937094 and parameters: {'num_resblk': 20, 'batch_size': 512, 'learning_rate': 0.00029572540791674936, 'weight_decay': 5.4401946650279864e-06, 'num_features': 192, 'num_groups': 8, 'reduction': 16, 'res_scale': 0.2, 'alpha_domain': 0.0010710920895826285, 'domain_hidden_dim': 32}. Best is trial 31 with value: 0.04341142625602056.
[I 2026-05-25 21:40:07,722] Trial 298 pruned. 
[I 2026-05-25 21:41:03,404] Trial 299 pruned. 
Early stopping trial 0300 at epoch 028; best epoch 018.
Trial 0300 comparable metric | normalized full-image target val MSE=0.0452475071
[I 2026-05-25 21:46:30,705] Trial 300 finished with value: 0.04524750708759422 and parameters: {'num_resblk': 20, 'batch_size': 512, 'learning_rate': 0.0002992136183464328, 'weight_decay': 1.1210424534805945e-05, 'num_features': 192, 'num_groups': 8, 'reduction': 32, 'res_scale': 0.4, 'alpha_domain': 0.0005929769634182908, 'domain_hidden_dim': 64}. Best is trial 31 with value: 0.04341142625602056.
[I 2026-05-25 21:47:16,556] Trial 301 pruned. 
[I 2026-05-25 21:48:11,488] Trial 302 pruned. 
[I 2026-05-25 21:49:05,378] Trial 303 pruned. 
[I 2026-05-25 21:49:36,881] Trial 304 pruned. 
[I 2026-05-25 21:50:25,109] Trial 305 pruned. 
[I 2026-05-25 21:51:26,807] Trial 306 pruned. 
[I 2026-05-25 21:52:20,762] Trial 307 pruned. 
[I 2026-05-25 21:53:05,022] Trial 308 pruned. 
[I 2026-05-25 21:54:06,297] Trial 309 pruned. 
[I 2026-05-25 21:54:56,352] Trial 310 pruned. 
[I 2026-05-25 21:55:40,826] Trial 311 pruned. 
[I 2026-05-25 21:56:25,261] Trial 312 pruned. 
[I 2026-05-25 21:56:56,116] Trial 313 pruned. 
[I 2026-05-25 21:57:59,272] Trial 314 pruned. 
[I 2026-05-25 21:58:58,550] Trial 315 pruned. 
[I 2026-05-25 21:59:44,655] Trial 316 pruned. 
[I 2026-05-25 22:00:38,017] Trial 317 pruned. 
[I 2026-05-25 22:01:31,680] Trial 318 pruned. 
[I 2026-05-25 22:02:24,721] Trial 319 pruned. 
[I 2026-05-25 22:03:09,094] Trial 320 pruned. 
[I 2026-05-25 22:03:42,076] Trial 321 pruned. 
[I 2026-05-25 22:04:36,151] Trial 322 pruned. 
[I 2026-05-25 22:05:29,697] Trial 323 pruned. 
[I 2026-05-25 22:06:15,776] Trial 324 pruned. 
[I 2026-05-25 22:07:09,475] Trial 325 pruned. 
Early stopping trial 0326 at epoch 024; best epoch 014.
Trial 0326 comparable metric | normalized full-image target val MSE=0.0438804438
[I 2026-05-25 22:11:45,089] Trial 326 finished with value: 0.04388044381027634 and parameters: {'num_resblk': 20, 'batch_size': 512, 'learning_rate': 0.0002949074200002983, 'weight_decay': 0.00023048873353264057, 'num_features': 192, 'num_groups': 8, 'reduction': 16, 'res_scale': 0.4, 'alpha_domain': 0.002017614432231515, 'domain_hidden_dim': 64}. Best is trial 31 with value: 0.04341142625602056.
[I 2026-05-25 22:12:46,478] Trial 327 pruned. 
Early stopping trial 0328 at epoch 026; best epoch 016.
Trial 0328 comparable metric | normalized full-image target val MSE=0.0437817036
[I 2026-05-25 22:17:53,450] Trial 328 finished with value: 0.04378170360919716 and parameters: {'num_resblk': 20, 'batch_size': 512, 'learning_rate': 0.00029952575052645807, 'weight_decay': 0.0003940515541005556, 'num_features': 192, 'num_groups': 8, 'reduction': 16, 'res_scale': 0.4, 'alpha_domain': 0.001964605125462961, 'domain_hidden_dim': 32}. Best is trial 31 with value: 0.04341142625602056.
[I 2026-05-25 22:18:45,636] Trial 329 pruned. 
[I 2026-05-25 22:19:48,085] Trial 330 pruned. 
[I 2026-05-25 22:20:21,143] Trial 331 pruned. 
[I 2026-05-25 22:21:22,555] Trial 332 pruned. 
[I 2026-05-25 22:22:14,654] Trial 333 pruned. 
[I 2026-05-25 22:23:07,738] Trial 334 pruned. 
slurmstepd: error: *** JOB 7022105 ON d4052 CANCELLED AT 2026-05-25T22:26:04 DUE TO TIME LIMIT ***
