[I 2026-05-19 23:23:23,302] Trial 138 finished with value: 0.041305161147084955 and parameters: {'num_resblk': 12, 'batch_size': 256, 'learning_rate': 0.0002866988647054703, 'weight_decay': 4.487254829815067e-07, 'num_features': 192, 'num_groups': 1, 'reduction': 16, 'res_scale': 0.4, 'alpha_domain': 2.2884798608941804e-05, 'domain_hidden_dim': 64}. Best is trial 2 with value: 0.040841504102019956.
Early stopping trial 0139 at epoch 052; best epoch 022.
[I 2026-05-19 23:32:25,910] Trial 139 finished with value: 0.041815974911053974 and parameters: {'num_resblk': 14, 'batch_size': 256, 'learning_rate': 0.0002654950960164334, 'weight_decay': 4.340559651105577e-07, 'num_features': 192, 'num_groups': 1, 'reduction': 16, 'res_scale': 0.4, 'alpha_domain': 2.4332312643252118e-05, 'domain_hidden_dim': 64}. Best is trial 2 with value: 0.040841504102019956.
[I 2026-05-19 23:33:25,452] Trial 140 pruned. 
[I 2026-05-19 23:34:27,282] Trial 141 pruned. 
Early stopping trial 0142 at epoch 040; best epoch 010.
[I 2026-05-19 23:40:54,975] Trial 142 finished with value: 0.04126963422314761 and parameters: {'num_resblk': 12, 'batch_size': 256, 'learning_rate': 0.00029552986137178065, 'weight_decay': 5.184845916931092e-07, 'num_features': 192, 'num_groups': 1, 'reduction': 16, 'res_scale': 0.4, 'alpha_domain': 1.5100959536920422e-05, 'domain_hidden_dim': 64}. Best is trial 2 with value: 0.040841504102019956.
slurmstepd: error: *** JOB 6919342 ON d4053 CANCELLED AT 2026-05-19T23:46:55 DUE TO TIME LIMIT ***
