Using device: cuda
Experiment folder: /projects/sds-lab/Shuochen/downscaling/preprocessed/tas.CanESM2.RCA4.day.NAM-44i.raw.GCM_RCM
Loaded shapes:
LR GCM X : torch.Size([54750, 1, 13, 29])
HR RCM y : torch.Size([54750, 1, 52, 116])
HR mask  : torch.Size([54750, 1, 52, 116])
HR elev  : torch.Size([54750, 1, 52, 116])
HR aux   : torch.Size([54750, 2, 52, 116])
Domain split:
Source train years: 1951-2005
Target domain years: 2071-2099
Target validation uses the same years with labels for evaluation.
train_start_idx: 0
train_end_idx  : 20075
val_start_idx  : 43800
val_end_idx    : 54385
Split shapes:
X_source  : torch.Size([20075, 1, 13, 29])
y_source  : torch.Size([20075, 1, 52, 116])
aux_source: torch.Size([20075, 2, 52, 116])
X_target  : torch.Size([10585, 1, 13, 29])
y_target  : torch.Size([10585, 1, 52, 116])
aux_target: torch.Size([10585, 2, 52, 116])
mask_target: torch.Size([10585, 1, 52, 116])
Normalization:
X_mean: 7.1071882247924805
X_std : 11.00319766998291
y_mean: 5.909543037414551
y_std : 10.123307228088379
All trial outputs will be saved to: /projects/sds-lab/Shuochen/downscaling/preprocessed/tas.CanESM2.RCA4.day.NAM-44i.raw.GCM_RCM/trained_models/RCAN_HR_Aux_ShallowFusion_DANN/dann_2071_2099_bs512
[I 2026-05-20 10:59:43,535] A new study created in RDB with name: dann_2071_2099_bs512
Optuna study: dann_2071_2099_bs512
Optuna storage: sqlite:////projects/sds-lab/Shuochen/downscaling/preprocessed/tas.CanESM2.RCA4.day.NAM-44i.raw.GCM_RCM/trained_models/RCAN_HR_Aux_ShallowFusion_DANN/dann_2071_2099_bs512/optuna_study.db
DANN source domain: 1951-2005
DANN target domain: 2071-2099
/home/wang.shuoc/downscaling/train_dann.py:664: FutureWarning: `torch.cuda.amp.GradScaler(args...)` is deprecated. Please use `torch.amp.GradScaler('cuda', args...)` instead.
  scaler = torch.cuda.amp.GradScaler(enabled=use_amp)
/home/wang.shuoc/downscaling/train_dann.py:720: FutureWarning: `torch.cuda.amp.autocast(args...)` is deprecated. Please use `torch.amp.autocast('cuda', args...)` instead.
  with torch.cuda.amp.autocast(enabled=use_amp):
/home/wang.shuoc/downscaling/train_dann.py:585: FutureWarning: `torch.cuda.amp.autocast(args...)` is deprecated. Please use `torch.amp.autocast('cuda', args...)` instead.
  with torch.cuda.amp.autocast(enabled=use_amp):
Early stopping trial 0000 at epoch 040; best epoch 030.
[I 2026-05-20 11:04:07,147] Trial 0 finished with value: 0.044075254654625313 and parameters: {'num_resblk': 12, 'batch_size': 512, 'learning_rate': 0.0001597726732397027, 'weight_decay': 8.147265478703093e-05, 'num_features': 128, 'num_groups': 8, 'reduction': 16, 'res_scale': 0.3, 'alpha_domain': 2.1357686491086523e-05, 'domain_hidden_dim': 64}. Best is trial 0 with value: 0.044075254654625313.
Early stopping trial 0001 at epoch 024; best epoch 014.
[I 2026-05-20 11:06:28,326] Trial 1 finished with value: 0.046954394356084984 and parameters: {'num_resblk': 12, 'batch_size': 512, 'learning_rate': 0.00026212909916239926, 'weight_decay': 5.98216942029292e-07, 'num_features': 128, 'num_groups': 4, 'reduction': 32, 'res_scale': 0.2, 'alpha_domain': 0.007221265140987859, 'domain_hidden_dim': 64}. Best is trial 0 with value: 0.044075254654625313.
Early stopping trial 0002 at epoch 030; best epoch 020.
[I 2026-05-20 11:10:01,809] Trial 2 finished with value: 0.04836988726390608 and parameters: {'num_resblk': 20, 'batch_size': 512, 'learning_rate': 0.00012282268111103438, 'weight_decay': 2.004200750147996e-06, 'num_features': 128, 'num_groups': 2, 'reduction': 32, 'res_scale': 0.3, 'alpha_domain': 0.005665484711318667, 'domain_hidden_dim': 32}. Best is trial 0 with value: 0.044075254654625313.
Early stopping trial 0003 at epoch 035; best epoch 025.
[I 2026-05-20 11:14:24,331] Trial 3 finished with value: 0.04492509511876174 and parameters: {'num_resblk': 20, 'batch_size': 512, 'learning_rate': 0.00017140058478356485, 'weight_decay': 4.2752584411078463e-07, 'num_features': 128, 'num_groups': 8, 'reduction': 32, 'res_scale': 0.4, 'alpha_domain': 0.0009860188171981787, 'domain_hidden_dim': 64}. Best is trial 0 with value: 0.044075254654625313.
Early stopping trial 0004 at epoch 026; best epoch 016.
[I 2026-05-20 11:18:17,459] Trial 4 finished with value: 0.045292676301091475 and parameters: {'num_resblk': 12, 'batch_size': 512, 'learning_rate': 0.0002769257191807637, 'weight_decay': 9.439634242498325e-05, 'num_features': 160, 'num_groups': 2, 'reduction': 32, 'res_scale': 0.2, 'alpha_domain': 1.4325753786403022e-05, 'domain_hidden_dim': 32}. Best is trial 0 with value: 0.044075254654625313.
[I 2026-05-20 11:19:00,844] Trial 5 pruned. 
Early stopping trial 0006 at epoch 030; best epoch 020.
[I 2026-05-20 11:23:25,935] Trial 6 finished with value: 0.04473892102369059 and parameters: {'num_resblk': 12, 'batch_size': 512, 'learning_rate': 0.0002841024390018514, 'weight_decay': 3.2564408049906624e-05, 'num_features': 160, 'num_groups': 1, 'reduction': 32, 'res_scale': 0.3, 'alpha_domain': 0.00010570197640595537, 'domain_hidden_dim': 32}. Best is trial 0 with value: 0.044075254654625313.
[I 2026-05-20 11:24:05,827] Trial 7 pruned. 
[I 2026-05-20 11:25:30,495] Trial 8 pruned. 
