Using device: cuda
Experiment folder: /projects/sds-lab/Shuochen/downscaling/preprocessed/tas.CanESM2.RCA4.day.NAM-44i.raw.GCM_RCM
Loaded shapes:
LR GCM X : torch.Size([54750, 1, 13, 29])
HR RCM y : torch.Size([54750, 1, 52, 116])
HR mask  : torch.Size([54750, 1, 52, 116])
HR elev  : torch.Size([54750, 1, 52, 116])
HR aux   : torch.Size([54750, 2, 52, 116])
Domain split:
Source train years: 1951-2005
Target domain years: 2006-2040
Target validation uses the same years with labels for evaluation.
train_start_idx: 0
train_end_idx  : 20075
val_start_idx  : 20075
val_end_idx    : 32850
Split shapes:
X_source  : torch.Size([20075, 1, 13, 29])
y_source  : torch.Size([20075, 1, 52, 116])
aux_source: torch.Size([20075, 2, 52, 116])
X_target  : torch.Size([12775, 1, 13, 29])
y_target  : torch.Size([12775, 1, 52, 116])
aux_target: torch.Size([12775, 2, 52, 116])
mask_target: torch.Size([12775, 1, 52, 116])
Normalization:
X_mean: 7.1071882247924805
X_std : 11.00319766998291
y_mean: 5.909543037414551
y_std : 10.123307228088379
All trial outputs will be saved to: /projects/sds-lab/Shuochen/downscaling/preprocessed/tas.CanESM2.RCA4.day.NAM-44i.raw.GCM_RCM/trained_models/RCAN_HR_Aux_ShallowFusion_DANN/dann_2006_2040_bs512
[I 2026-05-20 10:37:39,193] A new study created in RDB with name: dann_2006_2040_bs512
Optuna study: dann_2006_2040_bs512
Optuna storage: sqlite:////projects/sds-lab/Shuochen/downscaling/preprocessed/tas.CanESM2.RCA4.day.NAM-44i.raw.GCM_RCM/trained_models/RCAN_HR_Aux_ShallowFusion_DANN/dann_2006_2040_bs512/optuna_study.db
DANN source domain: 1951-2005
DANN target domain: 2006-2040
/home/wang.shuoc/downscaling/train_dann.py:664: FutureWarning: `torch.cuda.amp.GradScaler(args...)` is deprecated. Please use `torch.amp.GradScaler('cuda', args...)` instead.
  scaler = torch.cuda.amp.GradScaler(enabled=use_amp)
/home/wang.shuoc/downscaling/train_dann.py:720: FutureWarning: `torch.cuda.amp.autocast(args...)` is deprecated. Please use `torch.amp.autocast('cuda', args...)` instead.
  with torch.cuda.amp.autocast(enabled=use_amp):
/home/wang.shuoc/downscaling/train_dann.py:585: FutureWarning: `torch.cuda.amp.autocast(args...)` is deprecated. Please use `torch.amp.autocast('cuda', args...)` instead.
  with torch.cuda.amp.autocast(enabled=use_amp):
Early stopping trial 0000 at epoch 066; best epoch 056.
[I 2026-05-20 10:48:26,435] Trial 0 finished with value: 0.0415436376450463 and parameters: {'num_resblk': 14, 'batch_size': 512, 'learning_rate': 0.00012426250381268418, 'weight_decay': 2.437782325570729e-07, 'num_features': 160, 'num_groups': 2, 'reduction': 16, 'res_scale': 0.3, 'alpha_domain': 0.00024989829192139084, 'domain_hidden_dim': 64}. Best is trial 0 with value: 0.0415436376450463.
Early stopping trial 0001 at epoch 080; best epoch 070.
[I 2026-05-20 11:01:39,107] Trial 1 finished with value: 0.04153708512185838 and parameters: {'num_resblk': 14, 'batch_size': 512, 'learning_rate': 0.00010525635325221545, 'weight_decay': 0.00010297039551708443, 'num_features': 192, 'num_groups': 2, 'reduction': 32, 'res_scale': 0.3, 'alpha_domain': 0.0007296852732411684, 'domain_hidden_dim': 64}. Best is trial 1 with value: 0.04153708512185838.
Early stopping trial 0002 at epoch 076; best epoch 066.
[I 2026-05-20 11:13:06,644] Trial 2 finished with value: 0.04111019960850652 and parameters: {'num_resblk': 12, 'batch_size': 512, 'learning_rate': 0.00017974383886079593, 'weight_decay': 2.2130032863820707e-05, 'num_features': 160, 'num_groups': 2, 'reduction': 32, 'res_scale': 0.2, 'alpha_domain': 0.000925627656934846, 'domain_hidden_dim': 32}. Best is trial 2 with value: 0.04111019960850652.
Early stopping trial 0003 at epoch 068; best epoch 058.
[I 2026-05-20 11:25:38,184] Trial 3 finished with value: 0.04149354958866674 and parameters: {'num_resblk': 16, 'batch_size': 512, 'learning_rate': 0.00010200487704568053, 'weight_decay': 5.377573273986505e-07, 'num_features': 160, 'num_groups': 8, 'reduction': 32, 'res_scale': 0.4, 'alpha_domain': 7.660514725290991e-05, 'domain_hidden_dim': 32}. Best is trial 2 with value: 0.04111019960850652.
Early stopping trial 0004 at epoch 042; best epoch 032.
[I 2026-05-20 11:33:31,075] Trial 4 finished with value: 0.04091179096856229 and parameters: {'num_resblk': 18, 'batch_size': 512, 'learning_rate': 0.0002795865949077126, 'weight_decay': 9.639500726119836e-07, 'num_features': 160, 'num_groups': 4, 'reduction': 16, 'res_scale': 0.4, 'alpha_domain': 9.345339781887158e-05, 'domain_hidden_dim': 64}. Best is trial 4 with value: 0.04091179096856229.
